2025-08-30 14:34:56,567 - INFO - Camera configuration has been adjusted!
2025-08-30 14:34:56,568 - INFO - Configuration successful!
2025-08-30 14:34:58,088 - INFO - Camera started
2025-08-30 14:34:58,225 - INFO - [86.94, -3.75, -3.25, 86.94, -3.75, -3.25, 86.94, -3.75, -3.25, 179.0, 44.0, 99.0, 43.0, 849.0, -25845.0, 0.0, 3.0, 0.0, 0.0]
2025-08-30 14:34:58,511 - INFO - [86.94, -3.75, -3.25, 86.94, -3.75, -3.25, 86.94, -3.75, -3.25, 178.0, 44.0, 99.0, 43.0, 849.0, -25845.0, 0.0, 3.0, 0.0, 0.0]
2025-08-30 14:34:58,798 - INFO - [87.0, -3.81, -3.25, 87.0, -3.81, -3.25, 87.0, -3.81, -3.25, 177.0, 44.0, 100.0, 43.0, 849.0, -25920.0, 0.0, 3.0, 0.0, 0.0]
2025-08-30 14:34:59,081 - INFO - [83.75, -3.81, -3.25, 83.75, -3.81, -3.25, 83.75, -3.81, -3.25, 164.0, 45.0, 106.0, 41.0, 849.0, -26107.0, 0.0, 3.0, 0.0, 0.0]
2025-08-30 14:34:59,230 - INFO - [81.44, -3.75, -3.38, 81.44, -3.75, -3.38, 81.44, -3.75, -3.38, 65.0, 47.0, 108.0, 39.0, 849.0, -26206.0, 0.0, 3.0, 0.0, 0.0]
2025-08-30 14:34:59,378 - INFO - [79.31, -3.63, -3.63, 79.31, -3.63, -3.63, 79.31, -3.63, -3.63, 60.0, 47.0, 110.0, 38.0, 849.0, -26311.0, 0.0, 3.0, 0.0, 0.0]
2025-08-30 14:34:59,527 - INFO - [77.44, -3.63, -3.63, 77.44, -3.63, -3.63, 77.44, -3.63, -3.63, 155.0, 51.0, 112.0, 36.0, 849.0, -26411.0, 0.0, 3.0, 0.0, 0.0]
2025-08-30 14:34:59,676 - INFO - [75.81, -3.38, -3.56, 75.81, -3.38, -3.56, 75.81, -3.38, -3.56, 162.0, 50.0, 114.0, 35.0, 849.0, -26496.0, 0.0, 3.0, 0.0, 0.0]
2025-08-30 14:34:59,824 - INFO - [74.13, -3.38, -3.75, 74.13, -3.38, -3.75, 74.13, -3.38, -3.75, 166.0, 53.0, 117.0, 35.0, 849.0, -26593.0, 0.0, 3.0, 0.0, 0.0]
2025-08-30 14:34:59,972 - INFO - [72.06, -3.38, -3.69, 72.06, -3.38, -3.69, 72.06, -3.38, -3.69, 158.0, 54.0, 120.0, 33.0, 849.0, -26693.0, 0.0, 3.0, 0.0, 0.0]
2025-08-30 14:35:00,120 - INFO - [69.94, -3.38, -3.69, 69.94, -3.38, -3.69, 69.94, -3.38, -3.69, 141.0, 57.0, 118.0, 31.0, 849.0, -26803.0, 0.0, 3.0, 0.0, 0.0]
2025-08-30 14:35:00,268 - INFO - [68.31, -3.19, -3.94, 68.31, -3.19, -3.94, 68.31, -3.19, -3.94, 111.0, 59.0, 121.0, 29.0, 849.0, -26922.0, 0.0, 3.0, 0.0, 0.0]
2025-08-30 14:35:00,417 - INFO - [66.44, -3.25, -3.88, 66.44, -3.25, -3.88, 66.44, -3.25, -3.88, 100.0, 61.0, 117.0, 27.0, 849.0, -27034.0, 0.0, 3.0, 0.0, 0.0]
2025-08-30 14:35:00,563 - INFO - [65.25, -3.13, -3.81, 65.25, -3.13, -3.81, 65.25, -3.13, -3.81, 88.0, 66.0, 110.0, 27.0, 849.0, -27132.0, 0.0, 3.0, 0.0, 0.0]
2025-08-30 14:35:00,712 - INFO - [64.06, -3.06, -3.94, 64.06, -3.06, -3.94, 64.06, -3.06, -3.94, 77.0, 67.0, 118.0, 24.0, 849.0, -27245.0, 0.0, 3.0, 0.0, 0.0]
2025-08-30 14:35:00,861 - INFO - [62.94, -3.25, -3.94, 62.94, -3.25, -3.94, 62.94, -3.25, -3.94, 68.0, 72.0, 111.0, 23.0, 849.0, -27370.0, 0.0, 3.0, 0.0, 0.0]
2025-08-30 14:35:01,010 - INFO - [62.13, -3.31, -3.94, 62.13, -3.31, -3.94, 62.13, -3.31, -3.94, 61.0, 0.0, 103.0, 21.0, 849.0, -27506.0, 0.0, 3.0, 0.0, 0.0]
2025-08-30 14:35:01,010 - WARNING - Close to the right wall!
2025-08-30 14:35:01,159 - INFO - [61.44, -3.25, -3.94, 61.44, -3.25, -3.94, 61.44, -3.25, -3.94, 56.0, 295.0, 104.0, 10.0, 849.0, -27640.0, 0.0, 3.0, 0.0, 0.0]
2025-08-30 14:35:01,307 - INFO - [61.56, -3.19, -3.88, 61.56, -3.19, -3.88, 61.56, -3.19, -3.88, 52.0, 298.0, 108.0, 12.0, 849.0, -27754.0, 0.0, 3.0, 0.0, 0.0]
2025-08-30 14:35:01,455 - INFO - [63.25, -3.25, -4.06, 63.25, -3.25, -4.06, 63.25, -3.25, -4.06, 55.0, 0.0, 107.0, 18.0, 849.0, -27882.0, 0.0, 3.0, 0.0, 0.0]
2025-08-30 14:35:01,455 - WARNING - Close to the right wall!
2025-08-30 14:35:01,603 - INFO - [66.81, -3.5, -3.81, 66.81, -3.5, -3.81, 66.81, -3.5, -3.81, 63.0, 267.0, 107.0, 13.0, 849.0, -28007.0, 0.0, 3.0, 0.0, 0.0]
2025-08-30 14:35:01,753 - INFO - [69.69, -3.81, -3.81, 69.69, -3.81, -3.81, 69.69, -3.81, -3.81, 73.0, 258.0, 107.0, 15.0, 849.0, -28125.0, 0.0, 3.0, 0.0, 0.0]
2025-08-30 14:35:01,902 - INFO - [71.63, -3.88, -3.75, 71.63, -3.88, -3.75, 71.63, -3.88, -3.75, 93.0, 13.0, 114.0, 18.0, 849.0, -28232.0, 0.0, 3.0, 0.0, 0.0]
2025-08-30 14:35:02,052 - INFO - [73.38, -3.94, -3.5, 73.38, -3.94, -3.5, 73.38, -3.94, -3.5, 109.0, 9.0, 110.0, 15.0, 849.0, -28313.0, 0.0, 3.0, 0.0, 0.0]
2025-08-30 14:35:02,052 - WARNING - Close to the right wall!
2025-08-30 14:35:02,201 - INFO - [75.88, -4.19, -3.56, 75.88, -4.19, -3.56, 75.88, -4.19, -3.56, 110.0, 9.0, 115.0, 15.0, 849.0, -28408.0, 0.0, 3.0, 0.0, 0.0]
2025-08-30 14:35:02,201 - WARNING - Close to the right wall!
2025-08-30 14:35:02,350 - INFO - [78.44, -4.25, -3.44, 78.44, -4.25, -3.44, 78.44, -4.25, -3.44, 100.0, 74.0, 120.0, 17.0, 849.0, -28513.0, 0.0, 3.0, 0.0, 0.0]
2025-08-30 14:35:02,499 - INFO - [81.56, -4.25, -3.31, 81.56, -4.25, -3.31, 81.56, -4.25, -3.31, 97.0, 272.0, 133.0, 16.0, 849.0, -28626.0, 0.0, 3.0, 0.0, 0.0]
2025-08-30 14:35:02,649 - INFO - [84.19, -4.44, -3.25, 84.19, -4.44, -3.25, 84.19, -4.44, -3.25, 93.0, 272.0, 142.0, 18.0, 849.0, -28739.0, 0.0, 3.0, 0.0, 0.0]
2025-08-30 14:35:02,799 - INFO - [86.25, -4.5, -3.13, 86.25, -4.5, -3.13, 86.25, -4.5, -3.13, 89.0, 271.0, 158.0, 21.0, 849.0, -28847.0, 0.0, 3.0, 0.0, 0.0]
2025-08-30 14:35:02,949 - INFO - [87.56, -4.5, -2.94, 87.56, -4.5, -2.94, 87.56, -4.5, -2.94, 87.0, 270.0, 160.0, 20.0, 849.0, -28938.0, 0.0, 3.0, 0.0, 0.0]
2025-08-30 14:35:03,099 - INFO - [88.69, -4.69, -3.06, 88.69, -4.69, -3.06, 88.69, -4.69, -3.06, 84.0, 271.0, 148.0, 18.0, 849.0, -29045.0, 0.0, 3.0, 0.0, 0.0]
2025-08-30 14:35:03,247 - INFO - [89.69, -4.63, -3.0, 89.69, -4.63, -3.0, 89.69, -4.63, -3.0, 79.0, 270.0, 145.0, 21.0, 849.0, -29168.0, 0.0, 3.0, 0.0, 0.0]
2025-08-30 14:35:03,262 - INFO - Camera stopped
2025-08-30 14:35:05,075 - INFO - Camera closed successfully.
