2025-08-30 17:07:38,390 - INFO - Camera configuration has been adjusted!
2025-08-30 17:07:38,391 - INFO - Configuration successful!
2025-08-30 17:07:39,909 - INFO - Camera started
2025-08-30 17:07:39,965 - INFO - [91.94, -3.81, -2.13, 91.94, -3.81, -2.13, 91.94, -3.81, -2.13, 197.0, 91.0, 79.0, 20.0, 6448.0, -101295.0, 0.0, 3.0, 0.0, 0.0]
2025-08-30 17:07:40,387 - INFO - [91.94, -3.81, -2.13, 91.94, -3.81, -2.13, 91.94, -3.81, -2.13, 197.0, 91.0, 80.0, 19.0, 6448.0, -101295.0, 0.0, 3.0, 0.0, 0.0]
2025-08-30 17:07:40,809 - INFO - [90.75, -3.75, -2.06, 90.75, -3.75, -2.06, 90.75, -3.75, -2.06, 193.0, 21.0, 84.0, 66.0, 6448.0, -101447.0, 0.0, 3.0, 0.0, 0.0]
2025-08-30 17:07:40,961 - INFO - [88.31, -3.63, -2.13, 88.31, -3.63, -2.13, 88.31, -3.63, -2.13, 191.0, 21.0, 86.0, 63.0, 6448.0, -101530.0, 0.0, 3.0, 0.0, 0.0]
2025-08-30 17:07:41,112 - INFO - [86.06, -3.5, -2.19, 86.06, -3.5, -2.19, 86.06, -3.5, -2.19, 189.0, 22.0, 89.0, 62.0, 6448.0, -101609.0, 0.0, 3.0, 0.0, 0.0]
2025-08-30 17:07:41,263 - INFO - [83.88, -3.5, -2.13, 83.88, -3.5, -2.13, 83.88, -3.5, -2.13, 189.0, 24.0, 91.0, 61.0, 6448.0, -101701.0, 0.0, 3.0, 0.0, 0.0]
2025-08-30 17:07:41,412 - INFO - [81.56, -3.44, -2.25, 81.56, -3.44, -2.25, 81.56, -3.44, -2.25, 191.0, 25.0, 95.0, 59.0, 6448.0, -101783.0, 0.0, 3.0, 0.0, 0.0]
2025-08-30 17:07:41,562 - INFO - [79.69, -3.31, -2.25, 79.69, -3.31, -2.25, 79.69, -3.31, -2.25, 189.0, 27.0, 97.0, 58.0, 6448.0, -101861.0, 0.0, 3.0, 0.0, 0.0]
2025-08-30 17:07:41,717 - INFO - [77.88, -3.38, -2.44, 77.88, -3.38, -2.44, 77.88, -3.38, -2.44, 187.0, 27.0, 99.0, 55.0, 6448.0, -101941.0, 0.0, 3.0, 0.0, 0.0]
2025-08-30 17:07:41,862 - INFO - [76.06, -3.31, -2.44, 76.06, -3.31, -2.44, 76.06, -3.31, -2.44, 81.0, 29.0, 100.0, 57.0, 6448.0, -102020.0, 0.0, 3.0, 0.0, 0.0]
2025-08-30 17:07:42,012 - INFO - [74.25, -3.19, -2.5, 74.25, -3.19, -2.5, 74.25, -3.19, -2.5, 72.0, 30.0, 102.0, 51.0, 6448.0, -102090.0, 0.0, 3.0, 0.0, 0.0]
2025-08-30 17:07:42,161 - INFO - [72.25, -3.19, -2.56, 72.25, -3.19, -2.56, 72.25, -3.19, -2.56, 78.0, 32.0, 106.0, 53.0, 6448.0, -102162.0, 0.0, 3.0, 0.0, 0.0]
2025-08-30 17:07:42,309 - INFO - [70.75, -3.25, -2.63, 70.75, -3.25, -2.63, 70.75, -3.25, -2.63, 160.0, 34.0, 96.0, 53.0, 6448.0, -102239.0, 0.0, 3.0, 0.0, 0.0]
2025-08-30 17:07:42,458 - INFO - [69.06, -3.25, -2.56, 69.06, -3.25, -2.56, 69.06, -3.25, -2.56, 162.0, 36.0, 76.0, 52.0, 6448.0, -102331.0, 0.0, 3.0, 0.0, 0.0]
2025-08-30 17:07:42,609 - INFO - [67.31, -3.13, -2.5, 67.31, -3.13, -2.5, 67.31, -3.13, -2.5, 148.0, 39.0, 78.0, 51.0, 6448.0, -102416.0, 0.0, 3.0, 0.0, 0.0]
2025-08-30 17:07:42,755 - INFO - [65.69, -3.06, -2.56, 65.69, -3.06, -2.56, 65.69, -3.06, -2.56, 127.0, 40.0, 82.0, 48.0, 6448.0, -102512.0, 0.0, 3.0, 0.0, 0.0]
2025-08-30 17:07:42,905 - INFO - [63.88, -3.0, -2.69, 63.88, -3.0, -2.69, 63.88, -3.0, -2.69, 116.0, 45.0, 102.0, 46.0, 6448.0, -102611.0, 0.0, 3.0, 0.0, 0.0]
2025-08-30 17:07:43,053 - INFO - [62.19, -3.0, -2.69, 62.19, -3.0, -2.69, 62.19, -3.0, -2.69, 112.0, 46.0, 106.0, 46.0, 6448.0, -102707.0, 0.0, 3.0, 0.0, 0.0]
2025-08-30 17:07:43,202 - INFO - [60.5, -3.0, -2.69, 60.5, -3.0, -2.69, 60.5, -3.0, -2.69, 93.0, 51.0, 106.0, 47.0, 6448.0, -102806.0, 0.0, 3.0, 0.0, 0.0]
2025-08-30 17:07:43,351 - INFO - [59.19, -2.94, -2.69, 59.19, -2.94, -2.69, 59.19, -2.94, -2.69, 85.0, 54.0, 113.0, 44.0, 6448.0, -102912.0, 0.0, 3.0, 0.0, 0.0]
2025-08-30 17:07:43,500 - INFO - [57.88, -2.88, -2.63, 57.88, -2.88, -2.63, 57.88, -2.88, -2.63, 77.0, 59.0, 115.0, 41.0, 6448.0, -103025.0, 0.0, 3.0, 0.0, 0.0]
2025-08-30 17:07:43,650 - INFO - [56.63, -3.0, -2.69, 56.63, -3.0, -2.69, 56.63, -3.0, -2.69, 71.0, 64.0, 120.0, 40.0, 6448.0, -103145.0, 0.0, 3.0, 0.0, 0.0]
2025-08-30 17:07:43,796 - INFO - [55.31, -3.0, -2.75, 55.31, -3.0, -2.75, 55.31, -3.0, -2.75, 63.0, 68.0, 109.0, 37.0, 6448.0, -103270.0, 0.0, 3.0, 0.0, 0.0]
2025-08-30 17:07:43,945 - INFO - [54.38, -2.94, -2.75, 54.38, -2.94, -2.75, 54.38, -2.94, -2.75, 56.0, 0.0, 109.0, 34.0, 6448.0, -103390.0, 0.0, 3.0, 0.0, 0.0]
2025-08-30 17:07:43,946 - WARNING - Close to the right wall!
2025-08-30 17:07:44,093 - INFO - [53.63, -2.81, -3.0, 53.63, -2.81, -3.0, 53.63, -2.81, -3.0, 51.0, 0.0, 127.0, 33.0, 6448.0, -103517.0, 0.0, 3.0, 0.0, 0.0]
2025-08-30 17:07:44,094 - WARNING - Close to the right wall!
2025-08-30 17:07:44,242 - INFO - [53.25, -2.88, -2.81, 53.25, -2.88, -2.81, 53.25, -2.88, -2.81, 47.0, 0.0, 126.0, 29.0, 6448.0, -103651.0, 0.0, 3.0, 0.0, 0.0]
2025-08-30 17:07:44,242 - WARNING - Close to the right wall!
2025-08-30 17:07:44,389 - INFO - [53.63, -3.06, -2.88, 53.63, -3.06, -2.88, 53.63, -3.06, -2.88, 43.0, 0.0, 124.0, 25.0, 6448.0, -103790.0, 0.0, 3.0, 0.0, 0.0]
2025-08-30 17:07:44,390 - WARNING - Close to the right wall!
2025-08-30 17:07:44,538 - INFO - [55.69, -3.06, -2.81, 55.69, -3.06, -2.81, 55.69, -3.06, -2.81, 42.0, 0.0, 121.0, 25.0, 6448.0, -103921.0, 0.0, 3.0, 0.0, 0.0]
2025-08-30 17:07:44,539 - WARNING - Close to the right wall!
2025-08-30 17:07:44,687 - INFO - [58.44, -3.19, -2.81, 58.44, -3.19, -2.81, 58.44, -3.19, -2.81, 42.0, 0.0, 114.0, 20.0, 6448.0, -104031.0, 0.0, 3.0, 0.0, 0.0]
2025-08-30 17:07:44,687 - WARNING - Close to the right wall!
2025-08-30 17:07:44,836 - INFO - [60.81, -3.25, -2.88, 60.81, -3.25, -2.88, 60.81, -3.25, -2.88, 45.0, 0.0, 107.0, 20.0, 6448.0, -104134.0, 0.0, 3.0, 0.0, 0.0]
2025-08-30 17:07:44,836 - WARNING - Close to the right wall!
2025-08-30 17:07:44,985 - INFO - [63.25, -3.44, -2.75, 63.25, -3.44, -2.75, 63.25, -3.44, -2.75, 47.0, 0.0, 125.0, 18.0, 6448.0, -104232.0, 0.0, 3.0, 0.0, 0.0]
2025-08-30 17:07:44,987 - WARNING - Close to the right wall!
2025-08-30 17:07:45,133 - INFO - [65.69, -3.5, -2.56, 65.69, -3.5, -2.56, 65.69, -3.5, -2.56, 52.0, 0.0, 69.0, 13.0, 6448.0, -104336.0, 0.0, 3.0, 0.0, 0.0]
2025-08-30 17:07:45,133 - WARNING - Close to the right wall!
2025-08-30 17:07:45,282 - INFO - [68.38, -3.63, -2.69, 68.38, -3.63, -2.69, 68.38, -3.63, -2.69, 58.0, 142.0, 70.0, 15.0, 6448.0, -104444.0, 0.0, 3.0, 0.0, 0.0]
2025-08-30 17:07:45,433 - INFO - [71.25, -3.75, -2.63, 71.25, -3.75, -2.63, 71.25, -3.75, -2.63, 65.0, 10.0, 88.0, 18.0, 6448.0, -104548.0, 0.0, 3.0, 0.0, 0.0]
2025-08-30 17:07:45,582 - INFO - [73.5, -3.88, -2.44, 73.5, -3.88, -2.44, 73.5, -3.88, -2.44, 75.0, 10.0, 103.0, 14.0, 6448.0, -104647.0, 0.0, 3.0, 0.0, 0.0]
2025-08-30 17:07:45,602 - INFO - Camera stopped
2025-08-30 17:07:47,414 - INFO - Camera closed successfully.
