2025-08-29 14:49:18,243 - INFO - Camera configuration has been adjusted!
2025-08-29 14:49:18,244 - INFO - Configuration successful!
2025-08-29 14:49:19,769 - INFO - Camera started
2025-08-29 14:49:19,854 - INFO - [92.19, -3.63, -2.81, 92.19, -3.63, -2.81, 92.19, -3.63, -2.81, 188.0, 75.0, 48228.0, 15.0, 328.0, -8143.0, 0.0, 3.0, 0.0, 1.0]
2025-08-29 14:49:20,208 - INFO - [92.19, -3.63, -2.81, 92.19, -3.63, -2.81, 92.19, -3.63, -2.81, 187.0, 75.0, 48228.0, 15.0, 328.0, -8143.0, 0.0, 3.0, 0.0, 1.0]
2025-08-29 14:49:20,447 - INFO - [92.19, -3.63, -2.88, 92.19, -3.63, -2.88, 92.19, -3.63, -2.88, 187.0, 76.0, 48228.0, 14.0, 328.0, -8191.0, 0.0, 3.0, 0.0, 1.0]
2025-08-29 14:49:20,688 - INFO - [95.75, -3.88, -2.81, 95.75, -3.88, -2.81, 95.75, -3.88, -2.81, 189.0, 73.0, 48228.0, 16.0, 328.0, -8326.0, 0.0, 3.0, 0.0, 1.0]
2025-08-29 14:49:20,814 - INFO - [97.56, -3.94, -2.63, 97.56, -3.94, -2.63, 97.56, -3.94, -2.63, 187.0, 73.0, 48228.0, 15.0, 328.0, -8371.0, 0.0, 3.0, 0.0, 1.0]
2025-08-29 14:49:20,941 - INFO - [99.88, -3.94, -2.56, 99.88, -3.94, -2.56, 99.88, -3.94, -2.56, 201.0, 73.0, 48228.0, 17.0, 328.0, -8429.0, 0.0, 3.0, 0.0, 1.0]
2025-08-29 14:49:21,066 - INFO - [103.13, -4.13, -2.69, 103.13, -4.13, -2.69, 103.13, -4.13, -2.69, 204.0, 251.0, 48228.0, 18.0, 328.0, -8513.0, 0.0, 3.0, 0.0, 1.0]
2025-08-29 14:49:21,191 - INFO - [107.0, -4.19, -2.44, 107.0, -4.19, -2.44, 107.0, -4.19, -2.44, 132.0, 0.0, 48228.0, 21.0, 328.0, -8602.0, 0.0, 3.0, 0.0, 1.0]
2025-08-29 14:49:21,191 - WARNING - Close to the right wall!
2025-08-29 14:49:21,316 - INFO - [110.56, -4.25, -2.25, 110.56, -4.25, -2.25, 110.56, -4.25, -2.25, 78.0, 0.0, 48228.0, 25.0, 328.0, -8694.0, 0.0, 3.0, 0.0, 1.0]
2025-08-29 14:49:21,316 - WARNING - Close to the right wall!
2025-08-29 14:49:21,439 - INFO - [114.13, -4.38, -2.13, 114.13, -4.38, -2.13, 114.13, -4.38, -2.13, 0.0, 0.0, 48228.0, 25.0, 328.0, -8784.0, 0.0, 3.0, 0.0, 1.0]
2025-08-29 14:49:21,440 - WARNING - Close to the right wall!
2025-08-29 14:49:21,565 - INFO - [116.69, -4.44, -2.0, 116.69, -4.44, -2.0, 116.69, -4.44, -2.0, 0.0, 0.0, 48228.0, 29.0, 328.0, -8867.0, 0.0, 3.0, 0.0, 1.0]
2025-08-29 14:49:21,565 - WARNING - Close to the right wall!
2025-08-29 14:49:21,691 - INFO - [119.38, -4.5, -1.81, 119.38, -4.5, -1.81, 119.38, -4.5, -1.81, 0.0, 0.0, 48228.0, 31.0, 328.0, -8940.0, 0.0, 3.0, 0.0, 1.0]
2025-08-29 14:49:21,691 - WARNING - Close to the right wall!
2025-08-29 14:49:21,815 - INFO - [121.38, -4.56, -1.56, 121.38, -4.56, -1.56, 121.38, -4.56, -1.56, 0.0, 0.0, 48228.0, 36.0, 328.0, -9002.0, 0.0, 3.0, 0.0, 1.0]
2025-08-29 14:49:21,815 - WARNING - Close to the right wall!
2025-08-29 14:49:21,939 - INFO - [123.44, -4.69, -1.63, 123.44, -4.69, -1.63, 123.44, -4.69, -1.63, 0.0, 0.0, 48228.0, 38.0, 328.0, -9078.0, 0.0, 3.0, 0.0, 1.0]
2025-08-29 14:49:21,939 - WARNING - Close to the right wall!
2025-08-29 14:49:22,063 - INFO - [125.69, -4.69, -1.69, 125.69, -4.69, -1.69, 125.69, -4.69, -1.69, 0.0, 0.0, 48228.0, 41.0, 6412.0, -9173.0, 0.0, 3.0, 0.0, 1.0]
2025-08-29 14:49:22,063 - WARNING - Close to the right wall!
2025-08-29 14:49:22,187 - INFO - [127.5, -4.75, -1.63, 127.5, -4.75, -1.63, 127.5, -4.75, -1.63, 0.0, 0.0, 48228.0, 41.0, 6412.0, -9275.0, 0.0, 3.0, 0.0, 1.0]
2025-08-29 14:49:22,187 - WARNING - Close to the right wall!
2025-08-29 14:49:22,312 - INFO - [129.31, -4.88, -1.56, 129.31, -4.88, -1.56, 129.31, -4.88, -1.56, 79.0, 0.0, 48228.0, 47.0, 6412.0, -9382.0, 0.0, 3.0, 0.0, 1.0]
2025-08-29 14:49:22,313 - WARNING - Close to the right wall!
2025-08-29 14:49:22,435 - INFO - [131.0, -4.94, -1.5, 131.0, -4.94, -1.5, 131.0, -4.94, -1.5, 76.0, 0.0, 48228.0, 54.0, 6412.0, -9487.0, 0.0, 3.0, 0.0, 1.0]
2025-08-29 14:49:22,435 - WARNING - Close to the right wall!
2025-08-29 14:49:22,561 - INFO - [132.38, -4.88, -1.38, 132.38, -4.88, -1.38, 132.38, -4.88, -1.38, 67.0, 0.0, 48228.0, 57.0, 6412.0, -9584.0, 0.0, 3.0, 0.0, 1.0]
2025-08-29 14:49:22,561 - WARNING - Close to the right wall!
2025-08-29 14:49:22,685 - INFO - [133.56, -4.88, -1.25, 133.56, -4.88, -1.25, 133.56, -4.88, -1.25, 62.0, 0.0, 48228.0, 65.0, 6412.0, -9681.0, 0.0, 3.0, 0.0, 1.0]
2025-08-29 14:49:22,686 - WARNING - Close to the right wall!
2025-08-29 14:49:22,809 - INFO - [134.31, -4.81, -1.5, 134.31, -4.81, -1.5, 134.31, -4.81, -1.5, 61.0, 59.0, 48228.0, 71.0, 6412.0, -9792.0, 0.0, 3.0, 0.0, 1.0]
2025-08-29 14:49:22,933 - INFO - [134.75, -4.69, -1.5, 134.75, -4.69, -1.5, 134.75, -4.69, -1.5, 55.0, 51.0, 48228.0, 73.0, 6412.0, -9912.0, 0.0, 3.0, 0.0, 1.0]
2025-08-29 14:49:23,058 - INFO - [135.13, -4.69, -1.5, 135.13, -4.69, -1.5, 135.13, -4.69, -1.5, 46.0, 52.0, 48228.0, 76.0, 6412.0, -10036.0, 0.0, 3.0, 0.0, 1.0]
2025-08-29 14:49:23,182 - INFO - [134.25, -4.63, -1.56, 134.25, -4.63, -1.56, 134.25, -4.63, -1.56, 44.0, 43.0, 48228.0, 74.0, 6412.0, -10161.0, 0.0, 3.0, 0.0, 1.0]
2025-08-29 14:49:23,307 - INFO - [132.13, -4.63, -1.63, 132.13, -4.63, -1.63, 132.13, -4.63, -1.63, 44.0, 39.0, 48228.0, 75.0, 6412.0, -10265.0, 0.0, 3.0, 0.0, 1.0]
2025-08-29 14:49:23,431 - INFO - [130.5, -4.75, -1.94, 130.5, -4.75, -1.94, 130.5, -4.75, -1.94, 42.0, 34.0, 48228.0, 78.0, 6412.0, -10378.0, 0.0, 3.0, 0.0, 1.0]
2025-08-29 14:49:23,557 - INFO - [129.56, -4.75, -1.94, 129.56, -4.75, -1.94, 129.56, -4.75, -1.94, 41.0, 30.0, 48228.0, 75.0, 6412.0, -10503.0, 1.0, 3.0, 0.0, 1.0]
2025-08-29 14:49:23,681 - INFO - [128.94, -4.81, -2.06, 128.94, -4.81, -2.06, 128.94, -4.81, -2.06, 37.0, 27.0, 48228.0, 76.0, 6412.0, -10631.0, 1.0, 3.0, 0.0, 1.0]
2025-08-29 14:49:23,806 - INFO - [128.44, -4.75, -2.06, 128.44, -4.75, -2.06, 128.44, -4.75, -2.06, 34.0, 25.0, 48228.0, 84.0, 6412.0, -10757.0, 1.0, 3.0, 0.0, 1.0]
2025-08-29 14:49:23,930 - INFO - [128.0, -4.56, -1.88, 128.0, -4.56, -1.88, 128.0, -4.56, -1.88, 30.0, 21.0, 48228.0, 86.0, 6412.0, -10864.0, 0.0, 3.0, 0.0, 1.0]
2025-08-29 14:49:24,054 - INFO - [126.94, -4.56, -2.0, 126.94, -4.56, -2.0, 126.94, -4.56, -2.0, 91.0, 21.0, 48228.0, 87.0, 6412.0, -10976.0, 0.0, 3.0, 0.0, 1.0]
2025-08-29 14:49:24,179 - INFO - [124.63, -4.5, -2.0, 124.63, -4.5, -2.0, 124.63, -4.5, -2.0, 139.0, 14.0, 48228.0, 58.0, 6412.0, -11088.0, 0.0, 3.0, 0.0, 1.0]
2025-08-29 14:49:24,303 - INFO - [121.88, -4.44, -2.13, 121.88, -4.44, -2.13, 121.88, -4.44, -2.13, 159.0, 12.0, 48228.0, 21.0, 6412.0, -11196.0, 1.0, 3.0, 0.0, 1.0]
2025-08-29 14:49:24,428 - INFO - [119.88, -4.31, -2.38, 119.88, -4.31, -2.38, 119.88, -4.31, -2.38, 128.0, 11.0, 48228.0, 19.0, 6412.0, -11302.0, 1.0, 3.0, 0.0, 1.0]
2025-08-29 14:49:24,554 - INFO - [118.06, -4.25, -2.38, 118.06, -4.25, -2.38, 118.06, -4.25, -2.38, 125.0, 3.0, 48228.0, 20.0, 6412.0, -11400.0, 2.0, 3.0, 0.0, 1.0]
2025-08-29 14:49:24,555 - WARNING - Close to the right wall!
2025-08-29 14:49:24,676 - INFO - [116.0, -4.13, -2.31, 116.0, -4.13, -2.31, 116.0, -4.13, -2.31, 126.0, 7.0, 48228.0, 59.0, 6412.0, -11484.0, 2.0, 3.0, 0.0, 1.0]
2025-08-29 14:49:24,676 - WARNING - Close to the right wall!
2025-08-29 14:49:24,800 - INFO - [114.25, -4.06, -2.63, 114.25, -4.06, -2.63, 114.25, -4.06, -2.63, 123.0, 5.0, 48228.0, 83.0, 6412.0, -11579.0, 2.0, 3.0, 0.0, 1.0]
2025-08-29 14:49:24,800 - WARNING - Close to the right wall!
2025-08-29 14:49:24,924 - INFO - [112.13, -4.06, -2.56, 112.13, -4.06, -2.56, 112.13, -4.06, -2.56, 114.0, 4.0, 48228.0, 83.0, 6412.0, -11677.0, 2.0, 3.0, 0.0, 1.0]
2025-08-29 14:49:24,924 - WARNING - Close to the right wall!
2025-08-29 14:49:25,048 - INFO - [109.81, -3.88, -2.63, 109.81, -3.88, -2.63, 109.81, -3.88, -2.63, 109.0, 7.0, 48228.0, 79.0, 6412.0, -11778.0, 2.0, 3.0, 0.0, 1.0]
2025-08-29 14:49:25,049 - WARNING - Close to the right wall!
2025-08-29 14:49:25,173 - INFO - [107.63, -3.81, -2.81, 107.63, -3.81, -2.81, 107.63, -3.81, -2.81, 100.0, 7.0, 48228.0, 82.0, 6412.0, -11880.0, 2.0, 3.0, 0.0, 1.0]
2025-08-29 14:49:25,173 - WARNING - Close to the right wall!
2025-08-29 14:49:25,298 - INFO - [105.75, -3.75, -2.81, 105.75, -3.75, -2.81, 105.75, -3.75, -2.81, 96.0, 21.0, 48228.0, 82.0, 6412.0, -11977.0, 2.0, 3.0, 0.0, 1.0]
2025-08-29 14:49:25,423 - INFO - [104.0, -3.5, -2.75, 104.0, -3.5, -2.75, 104.0, -3.5, -2.75, 93.0, 33.0, 48228.0, 81.0, 6412.0, -12062.0, 2.0, 3.0, 0.0, 1.0]
2025-08-29 14:49:25,442 - INFO - Camera stopped
2025-08-29 14:49:27,254 - INFO - Camera closed successfully.
