2025-08-30 17:08:50,393 - INFO - Camera configuration has been adjusted!
2025-08-30 17:08:50,395 - INFO - Configuration successful!
2025-08-30 17:08:51,912 - INFO - Camera started
2025-08-30 17:08:51,937 - INFO - [351.5, -3.69, -2.5, 351.5, -3.69, -2.5, 351.5, -3.69, -2.5, 100.0, 10.0, 88.0, 16.0, 0.0, 0.0, 0.0, 3.0, 0.0, 0.0]
2025-08-30 17:08:52,357 - INFO - [351.5, -3.69, -2.63, 351.5, -3.69, -2.63, 351.5, -3.69, -2.63, 98.0, 10.0, 87.0, 15.0, 0.0, 0.0, 0.0, 3.0, 0.0, 0.0]
2025-08-30 17:08:52,778 - INFO - [350.56, -3.63, -2.81, 350.56, -3.63, -2.81, 350.56, -3.63, -2.81, 101.0, 293.0, 90.0, 15.0, 0.0, -152.0, 0.0, 3.0, 0.0, 0.0]
2025-08-30 17:08:52,927 - INFO - [348.13, -3.5, -2.88, 348.13, -3.5, -2.88, 348.13, -3.5, -2.88, 94.0, 0.0, 82.0, 12.0, 0.0, -251.0, 0.0, 3.0, 0.0, 0.0]
2025-08-30 17:08:52,928 - WARNING - Close to the right wall!
2025-08-30 17:08:53,075 - INFO - [346.0, -3.38, -2.88, 346.0, -3.38, -2.88, 346.0, -3.38, -2.88, 69.0, 180.0, 88.0, 8.0, 0.0, -352.0, 0.0, 3.0, 0.0, 0.0]
2025-08-30 17:08:53,076 - WARNING - Close to the left wall!
2025-08-30 17:08:53,225 - INFO - [343.63, -3.44, -2.94, 343.63, -3.44, -2.94, 343.63, -3.44, -2.94, 47.0, 81.0, 75.0, 11.0, 0.0, -456.0, 0.0, 3.0, 0.0, 0.0]
2025-08-30 17:08:53,374 - INFO - [341.56, -3.44, -3.0, 341.56, -3.44, -3.0, 341.56, -3.44, -3.0, 36.0, 170.0, 75.0, 9.0, 0.0, -555.0, 0.0, 3.0, 0.0, 0.0]
2025-08-30 17:08:53,375 - WARNING - Close to the left wall!
2025-08-30 17:08:53,524 - INFO - [339.88, -3.25, -2.88, 339.88, -3.25, -2.88, 339.88, -3.25, -2.88, 29.0, 0.0, 77.0, 0.0, 0.0, -643.0, 0.0, 3.0, 0.0, 0.0]
2025-08-30 17:08:53,525 - WARNING - Close to the left wall!
2025-08-30 17:08:53,672 - INFO - [338.13, -3.25, -3.0, 338.13, -3.25, -3.0, 338.13, -3.25, -3.0, 0.0, 0.0, 77.0, 5.0, 0.0, -734.0, 0.0, 3.0, 0.0, 0.0]
2025-08-30 17:08:53,673 - WARNING - Close to the left wall!
2025-08-30 17:08:53,819 - INFO - [336.25, -3.13, -3.06, 336.25, -3.13, -3.06, 336.25, -3.13, -3.06, 22.0, 0.0, 81.0, 0.0, 0.0, -830.0, 0.0, 3.0, 0.0, 0.0]
2025-08-30 17:08:53,820 - WARNING - Close to the left wall!
2025-08-30 17:08:53,968 - INFO - [334.63, -3.13, -3.0, 334.63, -3.13, -3.0, 334.63, -3.13, -3.0, 9.0, 184.0, 104.0, 0.0, 0.0, -937.0, 0.0, 3.0, 0.0, 0.0]
2025-08-30 17:08:53,969 - WARNING - Close to the left wall!
2025-08-30 17:08:54,118 - INFO - [333.75, -3.25, -2.88, 333.75, -3.25, -2.88, 333.75, -3.25, -2.88, 8.0, 0.0, 105.0, 0.0, 0.0, -1019.0, 0.0, 3.0, 0.0, 0.0]
2025-08-30 17:08:54,119 - WARNING - Close to the left wall!
2025-08-30 17:08:54,270 - INFO - [333.5, -3.25, -2.88, 333.5, -3.25, -2.88, 333.5, -3.25, -2.88, 10.0, 0.0, 106.0, 0.0, 0.0, -1031.0, 0.0, 3.0, 0.0, 0.0]
2025-08-30 17:08:54,271 - WARNING - Close to the left wall!
2025-08-30 17:08:54,415 - INFO - [333.56, -3.25, -2.88, 333.56, -3.25, -2.88, 333.56, -3.25, -2.88, 12.0, 0.0, 106.0, 0.0, 0.0, -1072.0, 0.0, 3.0, 0.0, 0.0]
2025-08-30 17:08:54,415 - WARNING - Close to the left wall!
2025-08-30 17:08:54,563 - INFO - [333.5, -3.25, -2.88, 333.5, -3.25, -2.88, 333.5, -3.25, -2.88, 309.0, 0.0, 105.0, 0.0, 0.0, -1113.0, 0.0, 3.0, 0.0, 0.0]
2025-08-30 17:08:54,564 - WARNING - Close to the left wall!
2025-08-30 17:08:54,713 - INFO - [333.5, -3.25, -2.88, 333.5, -3.25, -2.88, 333.5, -3.25, -2.88, 11.0, 0.0, 105.0, 0.0, 0.0, -1170.0, 0.0, 3.0, 0.0, 0.0]
2025-08-30 17:08:54,713 - WARNING - Close to the left wall!
2025-08-30 17:08:54,861 - INFO - [333.56, -3.31, -2.88, 333.56, -3.31, -2.88, 333.56, -3.31, -2.88, 0.0, 0.0, 105.0, 0.0, 0.0, -1221.0, 0.0, 3.0, 0.0, 0.0]
2025-08-30 17:08:54,861 - WARNING - Close to the left wall!
2025-08-30 17:08:55,007 - INFO - [333.56, -3.38, -2.88, 333.56, -3.38, -2.88, 333.56, -3.38, -2.88, 8.0, 0.0, 106.0, 0.0, 0.0, -1257.0, 0.0, 3.0, 0.0, 0.0]
2025-08-30 17:08:55,009 - WARNING - Close to the left wall!
2025-08-30 17:08:55,155 - INFO - [333.5, -3.38, -2.88, 333.5, -3.38, -2.88, 333.5, -3.38, -2.88, 0.0, 0.0, 120.0, 0.0, 0.0, -1288.0, 0.0, 3.0, 0.0, 0.0]
2025-08-30 17:08:55,156 - WARNING - Close to the left wall!
2025-08-30 17:08:55,305 - INFO - [333.56, -3.5, -2.81, 333.56, -3.5, -2.81, 333.56, -3.5, -2.81, 0.0, 0.0, 121.0, 0.0, 0.0, -1312.0, 0.0, 3.0, 0.0, 0.0]
2025-08-30 17:08:55,305 - WARNING - Close to the left wall!
2025-08-30 17:08:55,454 - INFO - [333.56, -3.5, -2.75, 333.56, -3.5, -2.75, 333.56, -3.5, -2.75, 0.0, 0.0, 123.0, 0.0, 0.0, -1317.0, 0.0, 3.0, 0.0, 0.0]
2025-08-30 17:08:55,454 - WARNING - Close to the left wall!
2025-08-30 17:08:55,602 - INFO - [333.56, -3.56, -2.75, 333.56, -3.56, -2.75, 333.56, -3.56, -2.75, 7.0, 0.0, 125.0, 0.0, 0.0, -1317.0, 0.0, 3.0, 0.0, 0.0]
2025-08-30 17:08:55,603 - WARNING - Close to the left wall!
2025-08-30 17:08:55,755 - INFO - [333.56, -3.56, -2.75, 333.56, -3.56, -2.75, 333.56, -3.56, -2.75, 6.0, 0.0, 121.0, 0.0, 0.0, -1317.0, 0.0, 3.0, 0.0, 0.0]
2025-08-30 17:08:55,757 - WARNING - Close to the left wall!
2025-08-30 17:08:55,900 - INFO - [333.56, -3.56, -2.69, 333.56, -3.56, -2.69, 333.56, -3.56, -2.69, 10.0, 0.0, 111.0, 0.0, 0.0, -1317.0, 0.0, 3.0, 0.0, 0.0]
2025-08-30 17:08:55,902 - WARNING - Close to the left wall!
2025-08-30 17:08:56,047 - INFO - [333.56, -3.56, -2.69, 333.56, -3.56, -2.69, 333.56, -3.56, -2.69, 0.0, 0.0, 105.0, 0.0, 0.0, -1317.0, 0.0, 3.0, 0.0, 0.0]
2025-08-30 17:08:56,048 - WARNING - Close to the left wall!
2025-08-30 17:08:56,193 - INFO - [333.56, -3.63, -2.69, 333.56, -3.63, -2.69, 333.56, -3.63, -2.69, 39.0, 0.0, 102.0, 0.0, 0.0, -1317.0, 0.0, 3.0, 0.0, 0.0]
2025-08-30 17:08:56,194 - WARNING - Close to the left wall!
2025-08-30 17:08:56,341 - INFO - [333.63, -3.63, -2.69, 333.63, -3.63, -2.69, 333.63, -3.63, -2.69, 0.0, 0.0, 99.0, 0.0, 0.0, -1326.0, 0.0, 3.0, 0.0, 0.0]
2025-08-30 17:08:56,341 - WARNING - Close to the left wall!
2025-08-30 17:08:56,490 - INFO - [333.63, -3.63, -2.63, 333.63, -3.63, -2.63, 333.63, -3.63, -2.63, 0.0, 0.0, 98.0, 0.0, 0.0, -1337.0, 0.0, 3.0, 0.0, 0.0]
2025-08-30 17:08:56,491 - WARNING - Close to the left wall!
2025-08-30 17:08:56,637 - INFO - [333.63, -3.63, -2.63, 333.63, -3.63, -2.63, 333.63, -3.63, -2.63, 0.0, 0.0, 98.0, 0.0, 0.0, -1337.0, 0.0, 3.0, 0.0, 0.0]
2025-08-30 17:08:56,638 - WARNING - Close to the left wall!
2025-08-30 17:08:56,674 - INFO - Camera stopped
2025-08-30 17:08:58,484 - INFO - Camera closed successfully.
