2025-08-30 16:09:27,850 - INFO - Camera configuration has been adjusted!
2025-08-30 16:09:27,851 - INFO - Configuration successful!
2025-08-30 16:09:29,369 - INFO - Camera started
2025-08-30 16:09:29,487 - INFO - [97.81, -4.19, -2.81, 97.81, -4.19, -2.81, 97.81, -4.19, -2.81, 199.0, 17.0, 85.0, 70.0, 6448.0, -8838.0, 0.0, 3.0, 0.0, 0.0]
2025-08-30 16:09:29,770 - INFO - [97.81, -4.19, -2.81, 97.81, -4.19, -2.81, 97.81, -4.19, -2.81, 195.0, 15.0, 84.0, 70.0, 6448.0, -8838.0, 0.0, 3.0, 0.0, 0.0]
2025-08-30 16:09:30,189 - INFO - [96.81, -4.94, -2.63, 96.81, -4.94, -2.63, 96.81, -4.94, -2.63, 194.0, 16.0, 88.0, 69.0, 6448.0, -8983.0, 0.0, 3.0, 0.0, 0.0]
2025-08-30 16:09:30,338 - INFO - [94.25, -4.81, -2.94, 94.25, -4.81, -2.94, 94.25, -4.81, -2.94, 188.0, 16.0, 90.0, 70.0, 6448.0, -9065.0, 0.0, 3.0, 0.0, 0.0]
2025-08-30 16:09:30,488 - INFO - [91.81, -4.63, -2.94, 91.81, -4.63, -2.94, 91.81, -4.63, -2.94, 184.0, 17.0, 93.0, 70.0, 6448.0, -9134.0, 0.0, 3.0, 0.0, 0.0]
2025-08-30 16:09:30,637 - INFO - [89.81, -4.5, -2.94, 89.81, -4.5, -2.94, 89.81, -4.5, -2.94, 182.0, 18.0, 95.0, 70.0, 6448.0, -9198.0, 0.0, 3.0, 0.0, 0.0]
2025-08-30 16:09:30,786 - INFO - [87.88, -4.38, -3.06, 87.88, -4.38, -3.06, 87.88, -4.38, -3.06, 180.0, 19.0, 97.0, 69.0, 6448.0, -9256.0, 0.0, 3.0, 0.0, 0.0]
2025-08-30 16:09:30,935 - INFO - [86.13, -4.31, -3.19, 86.13, -4.31, -3.19, 86.13, -4.31, -3.19, 179.0, 20.0, 99.0, 66.0, 6448.0, -9319.0, 0.0, 3.0, 0.0, 0.0]
2025-08-30 16:09:31,082 - INFO - [84.0, -4.31, -3.38, 84.0, -4.31, -3.38, 84.0, -4.31, -3.38, 178.0, 20.0, 100.0, 65.0, 6448.0, -9392.0, 0.0, 3.0, 0.0, 0.0]
2025-08-30 16:09:31,231 - INFO - [81.94, -4.31, -3.44, 81.94, -4.31, -3.44, 81.94, -4.31, -3.44, 176.0, 21.0, 102.0, 64.0, 6448.0, -9468.0, 0.0, 3.0, 0.0, 0.0]
2025-08-30 16:09:31,381 - INFO - [80.44, -4.13, -3.44, 80.44, -4.13, -3.44, 80.44, -4.13, -3.44, 178.0, 23.0, 105.0, 62.0, 6448.0, -9532.0, 0.0, 3.0, 0.0, 0.0]
2025-08-30 16:09:31,531 - INFO - [79.06, -4.06, -3.44, 79.06, -4.06, -3.44, 79.06, -4.06, -3.44, 172.0, 25.0, 106.0, 61.0, 6448.0, -9597.0, 0.0, 3.0, 0.0, 0.0]
2025-08-30 16:09:31,680 - INFO - [76.94, -3.88, -3.69, 76.94, -3.88, -3.69, 76.94, -3.88, -3.69, 187.0, 25.0, 109.0, 58.0, 6448.0, -9670.0, 0.0, 3.0, 0.0, 0.0]
2025-08-30 16:09:31,829 - INFO - [74.75, -3.69, -3.63, 74.75, -3.69, -3.63, 74.75, -3.69, -3.63, 168.0, 26.0, 110.0, 60.0, 6448.0, -9738.0, 0.0, 3.0, 0.0, 0.0]
2025-08-30 16:09:31,978 - INFO - [72.5, -3.5, -3.63, 72.5, -3.5, -3.63, 72.5, -3.5, -3.63, 179.0, 27.0, 77.0, 55.0, 6448.0, -9806.0, 0.0, 3.0, 0.0, 0.0]
2025-08-30 16:09:32,125 - INFO - [70.44, -3.5, -3.56, 70.44, -3.5, -3.56, 70.44, -3.5, -3.56, 64.0, 29.0, 78.0, 54.0, 6448.0, -9874.0, 0.0, 3.0, 0.0, 0.0]
2025-08-30 16:09:32,274 - INFO - [68.69, -3.44, -3.75, 68.69, -3.44, -3.75, 68.69, -3.44, -3.75, 60.0, 31.0, 82.0, 56.0, 6448.0, -9950.0, 0.0, 3.0, 0.0, 0.0]
2025-08-30 16:09:32,423 - INFO - [66.69, -3.38, -3.88, 66.69, -3.38, -3.88, 66.69, -3.38, -3.88, 58.0, 34.0, 106.0, 50.0, 6448.0, -10034.0, 0.0, 3.0, 0.0, 0.0]
2025-08-30 16:09:32,572 - INFO - [64.94, -3.38, -3.88, 64.94, -3.38, -3.88, 64.94, -3.38, -3.88, 117.0, 36.0, 110.0, 53.0, 6448.0, -10119.0, 0.0, 3.0, 0.0, 0.0]
2025-08-30 16:09:32,720 - INFO - [63.38, -3.25, -3.75, 63.38, -3.25, -3.75, 63.38, -3.25, -3.75, 135.0, 39.0, 112.0, 53.0, 6448.0, -10198.0, 0.0, 3.0, 0.0, 0.0]
2025-08-30 16:09:32,868 - INFO - [61.31, -3.31, -3.88, 61.31, -3.31, -3.88, 61.31, -3.31, -3.88, 114.0, 41.0, 114.0, 52.0, 6448.0, -10289.0, 0.0, 3.0, 0.0, 0.0]
2025-08-30 16:09:33,017 - INFO - [59.19, -3.19, -3.75, 59.19, -3.19, -3.75, 59.19, -3.19, -3.75, 102.0, 46.0, 122.0, 49.0, 6448.0, -10379.0, 0.0, 3.0, 0.0, 0.0]
2025-08-30 16:09:33,165 - INFO - [57.19, -3.13, -3.69, 57.19, -3.13, -3.69, 57.19, -3.13, -3.69, 94.0, 47.0, 122.0, 42.0, 6448.0, -10473.0, 0.0, 3.0, 0.0, 0.0]
2025-08-30 16:09:33,315 - INFO - [55.69, -3.31, -3.69, 55.69, -3.31, -3.69, 55.69, -3.31, -3.69, 88.0, 53.0, 132.0, 47.0, 6448.0, -10577.0, 0.0, 3.0, 0.0, 0.0]
2025-08-30 16:09:33,464 - INFO - [53.94, -3.31, -3.63, 53.94, -3.31, -3.63, 53.94, -3.31, -3.63, 77.0, 58.0, 143.0, 44.0, 6448.0, -10692.0, 0.0, 3.0, 0.0, 0.0]
2025-08-30 16:09:33,611 - INFO - [52.5, -3.13, -3.5, 52.5, -3.13, -3.5, 52.5, -3.13, -3.5, 73.0, 70.0, 138.0, 40.0, 6448.0, -10797.0, 0.0, 3.0, 0.0, 0.0]
2025-08-30 16:09:33,760 - INFO - [51.31, -3.31, -3.75, 51.31, -3.31, -3.75, 51.31, -3.31, -3.75, 66.0, 0.0, 129.0, 41.0, 6448.0, -10908.0, 0.0, 3.0, 0.0, 0.0]
2025-08-30 16:09:33,760 - WARNING - Close to the right wall!
2025-08-30 16:09:33,911 - INFO - [50.06, -3.0, -3.75, 50.06, -3.0, -3.75, 50.06, -3.0, -3.75, 58.0, 0.0, 130.0, 42.0, 6448.0, -11025.0, 0.0, 3.0, 0.0, 0.0]
2025-08-30 16:09:33,912 - WARNING - Close to the right wall!
2025-08-30 16:09:34,057 - INFO - [49.13, -3.06, -3.63, 49.13, -3.06, -3.63, 49.13, -3.06, -3.63, 53.0, 0.0, 125.0, 36.0, 6448.0, -11146.0, 0.0, 3.0, 0.0, 0.0]
2025-08-30 16:09:34,058 - WARNING - Close to the right wall!
2025-08-30 16:09:34,206 - INFO - [48.69, -3.06, -3.81, 48.69, -3.06, -3.81, 48.69, -3.06, -3.81, 48.0, 0.0, 123.0, 31.0, 6448.0, -11280.0, 0.0, 3.0, 0.0, 0.0]
2025-08-30 16:09:34,206 - WARNING - Close to the right wall!
2025-08-30 16:09:34,355 - INFO - [48.63, -2.94, -3.75, 48.63, -2.94, -3.75, 48.63, -2.94, -3.75, 43.0, 0.0, 133.0, 30.0, 6448.0, -11406.0, 0.0, 3.0, 0.0, 0.0]
2025-08-30 16:09:34,356 - WARNING - Close to the right wall!
2025-08-30 16:09:34,503 - INFO - [50.56, -3.13, -3.88, 50.56, -3.13, -3.88, 50.56, -3.13, -3.88, 41.0, 0.0, 145.0, 29.0, 6448.0, -11531.0, 0.0, 3.0, 0.0, 0.0]
2025-08-30 16:09:34,507 - WARNING - Close to the right wall!
2025-08-30 16:09:34,651 - INFO - [53.94, -3.19, -3.69, 53.94, -3.19, -3.69, 53.94, -3.19, -3.69, 45.0, 0.0, 145.0, 24.0, 6448.0, -11646.0, 0.0, 3.0, 0.0, 0.0]
2025-08-30 16:09:34,652 - WARNING - Close to the right wall!
2025-08-30 16:09:34,799 - INFO - [57.06, -3.38, -3.56, 57.06, -3.38, -3.56, 57.06, -3.38, -3.56, 45.0, 0.0, 137.0, 18.0, 6448.0, -11751.0, 0.0, 3.0, 0.0, 0.0]
2025-08-30 16:09:34,800 - WARNING - Close to the right wall!
2025-08-30 16:09:34,947 - INFO - [59.56, -3.56, -3.56, 59.56, -3.56, -3.56, 59.56, -3.56, -3.56, 49.0, 31.0, 110.0, 14.0, 6448.0, -11852.0, 0.0, 3.0, 0.0, 0.0]
2025-08-30 16:09:35,096 - INFO - [61.69, -3.69, -3.5, 61.69, -3.69, -3.5, 61.69, -3.69, -3.5, 50.0, 8.0, 115.0, 20.0, 6448.0, -11950.0, 0.0, 3.0, 0.0, 0.0]
2025-08-30 16:09:35,097 - WARNING - Close to the right wall!
2025-08-30 16:09:35,243 - INFO - [63.88, -3.81, -3.31, 63.88, -3.81, -3.31, 63.88, -3.81, -3.31, 55.0, 8.0, 132.0, 25.0, 6448.0, -12035.0, 0.0, 3.0, 0.0, 0.0]
2025-08-30 16:09:35,244 - WARNING - Close to the right wall!
2025-08-30 16:09:35,391 - INFO - [66.19, -3.94, -3.38, 66.19, -3.94, -3.38, 66.19, -3.94, -3.38, 58.0, 8.0, 116.0, 24.0, 6448.0, -12134.0, 0.0, 3.0, 0.0, 0.0]
2025-08-30 16:09:35,391 - WARNING - Close to the right wall!
2025-08-30 16:09:35,409 - INFO - Camera stopped
2025-08-30 16:09:37,223 - INFO - Camera closed successfully.
