2025-08-30 14:31:30,112 - INFO - Camera configuration has been adjusted!
2025-08-30 14:31:30,113 - INFO - Configuration successful!
2025-08-30 14:31:31,644 - INFO - Camera started
2025-08-30 14:31:31,678 - INFO - [86.44, -3.75, -2.94, 86.44, -3.75, -2.94, 86.44, -3.75, -2.94, 185.0, 78.0, 92.0, 12.0, 0.0, -12079.0, 0.0, 3.0, 0.0, 0.0]
2025-08-30 14:31:32,099 - INFO - [86.44, -3.75, -2.94, 86.44, -3.75, -2.94, 86.44, -3.75, -2.94, 185.0, 78.0, 92.0, 12.0, 0.0, -12079.0, 0.0, 3.0, 0.0, 0.0]
2025-08-30 14:31:32,382 - INFO - [86.5, -3.75, -2.88, 86.5, -3.75, -2.88, 86.5, -3.75, -2.88, 184.0, 79.0, 93.0, 11.0, 0.0, -12151.0, 0.0, 3.0, 0.0, 0.0]
2025-08-30 14:31:32,669 - INFO - [83.81, -4.25, -2.94, 83.81, -4.25, -2.94, 83.81, -4.25, -2.94, 181.0, 80.0, 99.0, 9.0, 0.0, -12335.0, 0.0, 3.0, 0.0, 0.0]
2025-08-30 14:31:32,670 - WARNING - Close to the left wall!
2025-08-30 14:31:32,816 - INFO - [83.88, -4.25, -3.0, 83.88, -4.25, -3.0, 83.88, -4.25, -3.0, 176.0, 79.0, 102.0, 11.0, 0.0, -12442.0, 0.0, 3.0, 0.0, 0.0]
2025-08-30 14:31:32,964 - INFO - [87.56, -4.31, -2.94, 87.56, -4.31, -2.94, 87.56, -4.31, -2.94, 171.0, 78.0, 105.0, 12.0, 0.0, -12556.0, 0.0, 3.0, 0.0, 0.0]
2025-08-30 14:31:33,112 - INFO - [92.19, -4.5, -2.75, 92.19, -4.5, -2.75, 92.19, -4.5, -2.75, 169.0, 76.0, 107.0, 13.0, 0.0, -12662.0, 0.0, 3.0, 0.0, 0.0]
2025-08-30 14:31:33,263 - INFO - [96.19, -4.56, -2.69, 96.19, -4.56, -2.69, 96.19, -4.56, -2.69, 168.0, 75.0, 110.0, 14.0, 0.0, -12765.0, 0.0, 3.0, 0.0, 0.0]
2025-08-30 14:31:33,408 - INFO - [99.25, -4.69, -2.44, 99.25, -4.69, -2.44, 99.25, -4.69, -2.44, 163.0, 74.0, 77.0, 16.0, 0.0, -12859.0, 0.0, 3.0, 0.0, 0.0]
2025-08-30 14:31:33,556 - INFO - [101.69, -4.75, -2.38, 101.69, -4.75, -2.38, 101.69, -4.75, -2.38, 169.0, 73.0, 66.0, 13.0, 0.0, -12923.0, 0.0, 3.0, 0.0, 0.0]
2025-08-30 14:31:33,704 - INFO - [103.94, -4.81, -2.13, 103.94, -4.81, -2.13, 103.94, -4.81, -2.13, 171.0, 74.0, 56.0, 14.0, 0.0, -12983.0, 0.0, 3.0, 0.0, 0.0]
2025-08-30 14:31:33,853 - INFO - [107.06, -5.13, -2.5, 107.06, -5.13, -2.5, 107.06, -5.13, -2.5, 0.0, 74.0, 48.0, 9.0, 0.0, -13069.0, 0.0, 3.0, 0.0, 0.0]
2025-08-30 14:31:33,853 - WARNING - Close to the left wall!
2025-08-30 14:31:34,000 - INFO - [110.44, -5.19, -2.25, 110.44, -5.19, -2.25, 110.44, -5.19, -2.25, 0.0, 74.0, 42.0, 23.0, 0.0, -13158.0, 0.0, 3.0, 0.0, 0.0]
2025-08-30 14:31:34,001 - WARNING - Might crash, too close
2025-08-30 14:31:34,149 - INFO - [114.0, -5.25, -2.0, 114.0, -5.25, -2.0, 114.0, -5.25, -2.0, 56.0, 75.0, 39.0, 21.0, 0.0, -13257.0, 0.0, 3.0, 0.0, 0.0]
2025-08-30 14:31:34,300 - INFO - [117.81, -5.31, -1.94, 117.81, -5.31, -1.94, 117.81, -5.31, -1.94, 55.0, 74.0, 35.0, 24.0, 0.0, -13357.0, 0.0, 3.0, 0.0, 0.0]
2025-08-30 14:31:34,448 - INFO - [120.69, -5.31, -1.81, 120.69, -5.31, -1.81, 120.69, -5.31, -1.81, 0.0, 72.0, 32.0, 32.0, 0.0, -13449.0, 0.0, 3.0, 0.0, 0.0]
2025-08-30 14:31:34,449 - WARNING - Might crash, too close
2025-08-30 14:31:34,597 - INFO - [123.38, -5.44, -1.56, 123.38, -5.44, -1.56, 123.38, -5.44, -1.56, 0.0, 75.0, 33.0, 34.0, 0.0, -13526.0, 0.0, 3.0, 0.0, 0.0]
2025-08-30 14:31:34,598 - WARNING - Might crash, too close
2025-08-30 14:31:34,745 - INFO - [125.31, -5.25, -1.5, 125.31, -5.25, -1.5, 125.31, -5.25, -1.5, 0.0, 74.0, 34.0, 37.0, 0.0, -13589.0, 0.0, 3.0, 0.0, 0.0]
2025-08-30 14:31:34,746 - WARNING - Might crash, too close
2025-08-30 14:31:34,893 - INFO - [127.75, -5.38, -1.56, 127.75, -5.38, -1.56, 127.75, -5.38, -1.56, 0.0, 82.0, 34.0, 42.0, 0.0, -13676.0, 0.0, 3.0, 0.0, 0.0]
2025-08-30 14:31:34,893 - WARNING - Might crash, too close
2025-08-30 14:31:35,043 - INFO - [130.19, -5.38, -1.44, 130.19, -5.38, -1.44, 130.19, -5.38, -1.44, 0.0, 182.0, 34.0, 47.0, 0.0, -13770.0, 0.0, 3.0, 0.0, 0.0]
2025-08-30 14:31:35,043 - WARNING - Might crash, too close
2025-08-30 14:31:35,193 - INFO - [132.44, -5.38, -1.31, 132.44, -5.38, -1.31, 132.44, -5.38, -1.31, 0.0, 74.0, 39.0, 52.0, 0.0, -13878.0, 0.0, 3.0, 0.0, 0.0]
2025-08-30 14:31:35,194 - WARNING - Might crash, too close
2025-08-30 14:31:35,341 - INFO - [134.44, -5.44, -1.44, 134.44, -5.44, -1.44, 134.44, -5.44, -1.44, 0.0, 74.0, 39.0, 62.0, 0.0, -13994.0, 0.0, 3.0, 0.0, 0.0]
2025-08-30 14:31:35,341 - WARNING - Might crash, too close
2025-08-30 14:31:35,488 - INFO - [135.94, -5.38, -1.75, 135.94, -5.38, -1.75, 135.94, -5.38, -1.75, 114.0, 68.0, 40.0, 68.0, 0.0, -14116.0, 0.0, 3.0, 0.0, 0.0]
2025-08-30 14:31:35,637 - INFO - [137.06, -5.31, -1.5, 137.06, -5.31, -1.5, 137.06, -5.31, -1.5, 53.0, 66.0, 44.0, 75.0, 0.0, -14223.0, 0.0, 3.0, 0.0, 0.0]
2025-08-30 14:31:35,787 - INFO - [138.13, -5.38, -1.63, 138.13, -5.38, -1.63, 138.13, -5.38, -1.63, 50.0, 59.0, 43.0, 77.0, 0.0, -14340.0, 0.0, 3.0, 0.0, 0.0]
2025-08-30 14:31:35,935 - INFO - [138.5, -5.5, -1.63, 138.5, -5.5, -1.63, 138.5, -5.5, -1.63, 45.0, 55.0, 44.0, 82.0, 0.0, -14467.0, 0.0, 3.0, 0.0, 0.0]
2025-08-30 14:31:36,084 - INFO - [138.56, -5.38, -1.56, 138.56, -5.38, -1.56, 138.56, -5.38, -1.56, 39.0, 50.0, 55.0, 91.0, 0.0, -14611.0, 0.0, 3.0, 0.0, 0.0]
2025-08-30 14:31:36,232 - INFO - [136.69, -5.19, -1.69, 136.69, -5.19, -1.69, 136.69, -5.19, -1.69, 36.0, 43.0, 60.0, 90.0, 0.0, -14747.0, 0.0, 3.0, 0.0, 0.0]
2025-08-30 14:31:36,380 - INFO - [134.5, -5.0, -1.56, 134.5, -5.0, -1.56, 134.5, -5.0, -1.56, 0.0, 37.0, 67.0, 88.0, 0.0, -14859.0, 0.0, 3.0, 0.0, 0.0]
2025-08-30 14:31:36,380 - WARNING - Might crash, too close
2025-08-30 14:31:36,527 - INFO - [132.5, -5.0, -2.13, 132.5, -5.0, -2.13, 132.5, -5.0, -2.13, 0.0, 31.0, 73.0, 73.0, 0.0, -14966.0, 0.0, 3.0, 0.0, 0.0]
2025-08-30 14:31:36,528 - WARNING - Might crash, too close
2025-08-30 14:31:36,676 - INFO - [129.81, -4.88, -2.31, 129.81, -4.88, -2.31, 129.81, -4.88, -2.31, 0.0, 26.0, 80.0, 16.0, 0.0, -15067.0, 0.0, 3.0, 0.0, 0.0]
2025-08-30 14:31:36,676 - WARNING - Might crash, too close
2025-08-30 14:31:36,822 - INFO - [127.56, -4.94, -2.44, 127.56, -4.94, -2.44, 127.56, -4.94, -2.44, 145.0, 23.0, 85.0, 13.0, 0.0, -15173.0, 0.0, 3.0, 0.0, 0.0]
2025-08-30 14:31:36,971 - INFO - [125.75, -4.94, -2.56, 125.75, -4.94, -2.56, 125.75, -4.94, -2.56, 152.0, 21.0, 90.0, 14.0, 0.0, -15283.0, 0.0, 3.0, 0.0, 0.0]
2025-08-30 14:31:37,119 - INFO - [123.81, -4.69, -2.69, 123.81, -4.69, -2.69, 123.81, -4.69, -2.69, 140.0, 20.0, 95.0, 49.0, 0.0, -15382.0, 0.0, 3.0, 0.0, 0.0]
2025-08-30 14:31:37,267 - INFO - [122.38, -4.56, -2.69, 122.38, -4.56, -2.69, 122.38, -4.56, -2.69, 132.0, 13.0, 98.0, 84.0, 0.0, -15471.0, 0.0, 3.0, 0.0, 0.0]
2025-08-30 14:31:37,415 - INFO - [120.63, -4.44, -2.94, 120.63, -4.44, -2.94, 120.63, -4.44, -2.94, 0.0, 15.0, 100.0, 87.0, 0.0, -15565.0, 0.0, 3.0, 0.0, 0.0]
2025-08-30 14:31:37,415 - WARNING - Might crash, too close
2025-08-30 14:31:37,563 - INFO - [118.38, -4.31, -3.06, 118.38, -4.31, -3.06, 118.38, -4.31, -3.06, 112.0, 11.0, 107.0, 80.0, 0.0, -15656.0, 0.0, 3.0, 0.0, 0.0]
2025-08-30 14:31:37,580 - INFO - Camera stopped
2025-08-30 14:31:39,394 - INFO - Camera closed successfully.
