2025-08-29 11:18:31,088 - INFO - Camera configuration has been adjusted!
2025-08-29 11:18:31,089 - INFO - Configuration successful!
2025-08-29 11:18:32,606 - INFO - Camera started
2025-08-29 11:18:32,664 - INFO - [67.38, -3.88, -2.81, 67.38, -3.88, -2.81, 67.38, -3.88, -2.81, 86.0, 20.0, 48228.0, 67.0, 0.0, -5524.0, 0.0, 3.0, 0.0, 0.0]
2025-08-29 11:18:32,961 - INFO - [67.38, -3.88, -2.81, 67.38, -3.88, -2.81, 67.38, -3.88, -2.81, 86.0, 20.0, 48228.0, 72.0, 0.0, -5524.0, 0.0, 3.0, 0.0, 0.0]
2025-08-29 11:18:33,209 - INFO - [67.44, -3.81, -2.81, 67.44, -3.81, -2.81, 67.44, -3.81, -2.81, 83.0, 18.0, 48228.0, 66.0, 0.0, -5611.0, 0.0, 3.0, 0.0, 0.0]
2025-08-29 11:18:33,363 - INFO - [66.06, -4.0, -2.88, 66.06, -4.0, -2.88, 66.06, -4.0, -2.88, 75.0, 24.0, 48228.0, 67.0, 0.0, -5724.0, 0.0, 3.0, 0.0, 0.0]
2025-08-29 11:18:33,468 - INFO - [64.5, -3.94, -3.06, 64.5, -3.94, -3.06, 64.5, -3.94, -3.06, 77.0, 25.0, 48228.0, 63.0, 0.0, -5801.0, 0.0, 3.0, 0.0, 0.0]
2025-08-29 11:18:33,574 - INFO - [63.0, -3.81, -3.06, 63.0, -3.81, -3.06, 63.0, -3.81, -3.06, 272.0, 27.0, 48228.0, 60.0, 0.0, -5876.0, 0.0, 3.0, 0.0, 0.0]
2025-08-29 11:18:33,632 - INFO - [62.13, -3.69, -3.19, 62.13, -3.69, -3.19, 62.13, -3.69, -3.19, 262.0, 28.0, 48228.0, 59.0, 0.0, -5917.0, 0.0, 3.0, 0.0, 0.0]
2025-08-29 11:18:33,738 - INFO - [60.56, -3.56, -3.31, 60.56, -3.56, -3.31, 60.56, -3.56, -3.31, 197.0, 30.0, 48228.0, 61.0, 0.0, -5998.0, 0.0, 3.0, 0.0, 0.0]
2025-08-29 11:18:33,795 - INFO - [59.63, -3.69, -3.19, 59.63, -3.69, -3.19, 59.63, -3.69, -3.19, 141.0, 32.0, 48228.0, 60.0, 0.0, -6045.0, 0.0, 3.0, 0.0, 0.0]
2025-08-29 11:18:33,853 - INFO - [58.81, -3.63, -3.13, 58.81, -3.63, -3.13, 58.81, -3.63, -3.13, 126.0, 35.0, 48228.0, 61.0, 0.0, -6091.0, 0.0, 3.0, 0.0, 0.0]
2025-08-29 11:18:33,911 - INFO - [58.0, -3.56, -3.13, 58.0, -3.56, -3.13, 58.0, -3.56, -3.13, 118.0, 35.0, 48228.0, 60.0, 0.0, -6140.0, 0.0, 3.0, 0.0, 0.0]
2025-08-29 11:18:33,970 - INFO - [57.19, -3.5, -3.13, 57.19, -3.5, -3.13, 57.19, -3.5, -3.13, 113.0, 37.0, 48228.0, 59.0, 0.0, -6189.0, 0.0, 3.0, 0.0, 0.0]
2025-08-29 11:18:34,025 - INFO - [56.38, -3.44, -3.19, 56.38, -3.44, -3.19, 56.38, -3.44, -3.19, 113.0, 39.0, 48228.0, 57.0, 0.0, -6238.0, 0.0, 3.0, 0.0, 0.0]
2025-08-29 11:18:34,083 - INFO - [55.63, -3.44, -3.25, 55.63, -3.44, -3.25, 55.63, -3.44, -3.25, 109.0, 40.0, 48228.0, 57.0, 0.0, -6288.0, 0.0, 3.0, 0.0, 0.0]
2025-08-29 11:18:34,140 - INFO - [54.88, -3.44, -3.25, 54.88, -3.44, -3.25, 54.88, -3.44, -3.25, 108.0, 43.0, 48228.0, 53.0, 0.0, -6338.0, 0.0, 3.0, 0.0, 0.0]
2025-08-29 11:18:34,200 - INFO - [54.25, -3.5, -3.25, 54.25, -3.5, -3.25, 54.25, -3.5, -3.25, 96.0, 44.0, 48228.0, 56.0, 0.0, -6387.0, 0.0, 3.0, 0.0, 0.0]
2025-08-29 11:18:34,259 - INFO - [53.56, -3.5, -3.31, 53.56, -3.5, -3.31, 53.56, -3.5, -3.31, 90.0, 45.0, 48228.0, 53.0, 0.0, -6436.0, 0.0, 3.0, 0.0, 0.0]
2025-08-29 11:18:34,365 - INFO - [52.31, -3.25, -3.38, 52.31, -3.25, -3.38, 52.31, -3.25, -3.38, 84.0, 48.0, 48228.0, 50.0, 0.0, -6526.0, 0.0, 3.0, 0.0, 0.0]
2025-08-29 11:18:34,471 - INFO - [51.06, -3.25, -3.44, 51.06, -3.25, -3.44, 51.06, -3.25, -3.44, 76.0, 52.0, 48228.0, 51.0, 0.0, -6620.0, 0.0, 3.0, 0.0, 0.0]
2025-08-29 11:18:34,575 - INFO - [49.81, -3.31, -3.25, 49.81, -3.31, -3.25, 49.81, -3.31, -3.25, 79.0, 58.0, 48228.0, 48.0, 0.0, -6719.0, 0.0, 3.0, 0.0, 0.0]
2025-08-29 11:18:34,633 - INFO - [49.31, -3.38, -3.19, 49.31, -3.38, -3.19, 49.31, -3.38, -3.19, 71.0, 60.0, 48228.0, 46.0, 0.0, -6775.0, 0.0, 3.0, 0.0, 0.0]
2025-08-29 11:18:35,687 - INFO - []
2025-08-29 11:18:36,689 - INFO - []
2025-08-29 11:18:36,698 - INFO - Camera stopped
2025-08-29 11:18:36,902 - INFO - Camera closed successfully.
