2025-08-30 16:31:43,426 - INFO - Camera configuration has been adjusted!
2025-08-30 16:31:43,428 - INFO - Configuration successful!
2025-08-30 16:31:44,949 - INFO - Camera started
2025-08-30 16:31:45,063 - INFO - [78.31, -3.94, -1.94, 78.31, -3.94, -1.94, 78.31, -3.94, -1.94, 120.0, 71.0, 81.0, 15.0, 6448.0, -47360.0, 0.0, 3.0, 0.0, 0.0]
2025-08-30 16:31:45,348 - INFO - [78.31, -3.94, -1.94, 78.31, -3.94, -1.94, 78.31, -3.94, -1.94, 127.0, 70.0, 81.0, 13.0, 6448.0, -47360.0, 0.0, 3.0, 0.0, 0.0]
2025-08-30 16:31:45,635 - INFO - [78.31, -3.94, -1.94, 78.31, -3.94, -1.94, 78.31, -3.94, -1.94, 119.0, 72.0, 82.0, 14.0, 6448.0, -47440.0, 0.0, 3.0, 0.0, 0.0]
2025-08-30 16:31:45,784 - INFO - [77.38, -3.81, -2.06, 77.38, -3.81, -2.06, 77.38, -3.81, -2.06, 98.0, 73.0, 85.0, 15.0, 6448.0, -47543.0, 0.0, 3.0, 0.0, 0.0]
2025-08-30 16:31:45,933 - INFO - [75.63, -3.75, -2.19, 75.63, -3.75, -2.19, 75.63, -3.75, -2.19, 79.0, 75.0, 88.0, 16.0, 6448.0, -47647.0, 0.0, 3.0, 0.0, 0.0]
2025-08-30 16:31:46,083 - INFO - [76.56, -3.75, -2.19, 76.56, -3.75, -2.19, 76.56, -3.75, -2.19, 91.0, 76.0, 92.0, 13.0, 6448.0, -47764.0, 0.0, 3.0, 0.0, 0.0]
2025-08-30 16:31:46,229 - INFO - [80.0, -3.94, -2.19, 80.0, -3.94, -2.19, 80.0, -3.94, -2.19, 145.0, 74.0, 94.0, 14.0, 6448.0, -47867.0, 0.0, 3.0, 0.0, 0.0]
2025-08-30 16:31:46,378 - INFO - [82.69, -3.94, -2.06, 82.69, -3.94, -2.06, 82.69, -3.94, -2.06, 183.0, 73.0, 95.0, 15.0, 6448.0, -47946.0, 0.0, 3.0, 0.0, 0.0]
2025-08-30 16:31:46,526 - INFO - [84.94, -3.94, -1.88, 84.94, -3.94, -1.88, 84.94, -3.94, -1.88, 181.0, 71.0, 97.0, 16.0, 6448.0, -48017.0, 0.0, 3.0, 0.0, 0.0]
2025-08-30 16:31:46,673 - INFO - [88.06, -4.06, -1.94, 88.06, -4.06, -1.94, 88.06, -4.06, -1.94, 177.0, 70.0, 100.0, 17.0, 6448.0, -48110.0, 0.0, 3.0, 0.0, 0.0]
2025-08-30 16:31:46,821 - INFO - [91.88, -4.13, -1.75, 91.88, -4.13, -1.75, 91.88, -4.13, -1.75, 174.0, 69.0, 102.0, 18.0, 6448.0, -48203.0, 0.0, 3.0, 0.0, 0.0]
2025-08-30 16:31:46,970 - INFO - [95.56, -4.13, -1.69, 95.56, -4.13, -1.69, 95.56, -4.13, -1.69, 173.0, 68.0, 105.0, 19.0, 6448.0, -48301.0, 0.0, 3.0, 0.0, 0.0]
2025-08-30 16:31:47,117 - INFO - [99.19, -4.19, -1.5, 99.19, -4.19, -1.5, 99.19, -4.19, -1.5, 174.0, 67.0, 107.0, 20.0, 6448.0, -48395.0, 0.0, 3.0, 0.0, 0.0]
2025-08-30 16:31:47,266 - INFO - [101.88, -4.25, -1.38, 101.88, -4.25, -1.38, 101.88, -4.25, -1.38, 178.0, 67.0, 105.0, 23.0, 6448.0, -48478.0, 0.0, 3.0, 0.0, 0.0]
2025-08-30 16:31:47,417 - INFO - [104.69, -4.25, -1.31, 104.69, -4.25, -1.31, 104.69, -4.25, -1.31, 173.0, 66.0, 89.0, 22.0, 6448.0, -48550.0, 0.0, 3.0, 0.0, 0.0]
2025-08-30 16:31:47,566 - INFO - [106.69, -4.31, -1.13, 106.69, -4.31, -1.13, 106.69, -4.31, -1.13, 165.0, 65.0, 78.0, 24.0, 6448.0, -48611.0, 0.0, 3.0, 0.0, 0.0]
2025-08-30 16:31:47,715 - INFO - [109.38, -4.44, -1.25, 109.38, -4.44, -1.25, 109.38, -4.44, -1.25, 92.0, 67.0, 71.0, 25.0, 6448.0, -48697.0, 0.0, 3.0, 0.0, 0.0]
2025-08-30 16:31:47,865 - INFO - [112.69, -4.44, -1.19, 112.69, -4.44, -1.19, 112.69, -4.44, -1.19, 60.0, 65.0, 58.0, 29.0, 6448.0, -48790.0, 0.0, 3.0, 0.0, 0.0]
2025-08-30 16:31:48,015 - INFO - [116.44, -4.38, -1.06, 116.44, -4.38, -1.06, 116.44, -4.38, -1.06, 0.0, 63.0, 51.0, 33.0, 6448.0, -48885.0, 0.0, 3.0, 0.0, 0.0]
2025-08-30 16:31:48,016 - WARNING - Might crash, too close
2025-08-30 16:31:48,165 - INFO - [119.88, -4.44, -0.94, 119.88, -4.44, -0.94, 119.88, -4.44, -0.94, 0.0, 64.0, 47.0, 36.0, 6448.0, -48980.0, 0.0, 3.0, 0.0, 0.0]
2025-08-30 16:31:48,165 - WARNING - Might crash, too close
2025-08-30 16:31:48,314 - INFO - [122.5, -4.31, -1.38, 122.5, -4.31, -1.38, 122.5, -4.31, -1.38, 0.0, 62.0, 50.0, 37.0, 6448.0, -49071.0, 0.0, 3.0, 0.0, 0.0]
2025-08-30 16:31:48,315 - WARNING - Might crash, too close
2025-08-30 16:31:48,465 - INFO - [124.5, -4.31, -1.19, 124.5, -4.31, -1.19, 124.5, -4.31, -1.19, 0.0, 64.0, 41.0, 43.0, 6448.0, -49161.0, 0.0, 3.0, 0.0, 0.0]
2025-08-30 16:31:48,465 - WARNING - Might crash, too close
2025-08-30 16:31:48,615 - INFO - [126.5, -4.31, -1.0, 126.5, -4.31, -1.0, 126.5, -4.31, -1.0, 0.0, 60.0, 44.0, 47.0, 6448.0, -49246.0, 0.0, 3.0, 0.0, 0.0]
2025-08-30 16:31:48,619 - WARNING - Might crash, too close
2025-08-30 16:31:48,764 - INFO - [128.81, -4.5, -1.31, 128.81, -4.5, -1.31, 128.81, -4.5, -1.31, 0.0, 57.0, 48.0, 50.0, 6448.0, -49348.0, 0.0, 3.0, 0.0, 0.0]
2025-08-30 16:31:48,765 - WARNING - Might crash, too close
2025-08-30 16:31:48,917 - INFO - [130.81, -4.63, -1.13, 130.81, -4.63, -1.13, 130.81, -4.63, -1.13, 0.0, 58.0, 51.0, 56.0, 6448.0, -49454.0, 0.0, 3.0, 0.0, 0.0]
2025-08-30 16:31:48,918 - WARNING - Might crash, too close
2025-08-30 16:31:49,061 - INFO - [132.31, -4.44, -1.06, 132.31, -4.44, -1.06, 132.31, -4.44, -1.06, 0.0, 57.0, 54.0, 63.0, 6448.0, -49565.0, 0.0, 3.0, 0.0, 0.0]
2025-08-30 16:31:49,061 - WARNING - Might crash, too close
2025-08-30 16:31:49,210 - INFO - [133.5, -4.56, -1.06, 133.5, -4.56, -1.06, 133.5, -4.56, -1.06, 71.0, 53.0, 47.0, 62.0, 6448.0, -49681.0, 0.0, 3.0, 0.0, 0.0]
2025-08-30 16:31:49,359 - INFO - [134.75, -4.75, -0.88, 134.75, -4.75, -0.88, 134.75, -4.75, -0.88, 51.0, 50.0, 56.0, 73.0, 6448.0, -49805.0, 0.0, 3.0, 0.0, 0.0]
2025-08-30 16:31:49,509 - INFO - [135.56, -4.63, -0.94, 135.56, -4.63, -0.94, 135.56, -4.63, -0.94, 46.0, 44.0, 59.0, 78.0, 6448.0, -49937.0, 0.0, 3.0, 0.0, 0.0]
2025-08-30 16:31:49,657 - INFO - [135.63, -4.69, -1.06, 135.63, -4.69, -1.06, 135.63, -4.69, -1.06, 40.0, 41.0, 65.0, 78.0, 6448.0, -50073.0, 0.0, 3.0, 0.0, 0.0]
2025-08-30 16:31:49,805 - INFO - [133.94, -4.5, -0.94, 133.94, -4.5, -0.94, 133.94, -4.5, -0.94, 40.0, 36.0, 74.0, 82.0, 6448.0, -50199.0, 0.0, 3.0, 0.0, 0.0]
2025-08-30 16:31:49,954 - INFO - [132.0, -4.44, -1.06, 132.0, -4.44, -1.06, 132.0, -4.44, -1.06, 0.0, 32.0, 76.0, 79.0, 6448.0, -50312.0, 0.0, 3.0, 0.0, 0.0]
2025-08-30 16:31:49,954 - WARNING - Might crash, too close
2025-08-30 16:31:50,103 - INFO - [129.94, -4.44, -1.25, 129.94, -4.44, -1.25, 129.94, -4.44, -1.25, 174.0, 28.0, 83.0, 80.0, 6448.0, -50419.0, 0.0, 3.0, 0.0, 0.0]
2025-08-30 16:31:50,251 - INFO - [128.44, -4.25, -1.25, 128.44, -4.25, -1.25, 128.44, -4.25, -1.25, 164.0, 25.0, 84.0, 78.0, 6448.0, -50523.0, 0.0, 3.0, 0.0, 0.0]
2025-08-30 16:31:50,400 - INFO - [126.31, -4.25, -1.5, 126.31, -4.25, -1.5, 126.31, -4.25, -1.5, 158.0, 23.0, 90.0, 64.0, 6448.0, -50626.0, 0.0, 3.0, 0.0, 0.0]
2025-08-30 16:31:50,548 - INFO - [124.13, -4.25, -1.56, 124.13, -4.25, -1.56, 124.13, -4.25, -1.56, 145.0, 23.0, 94.0, 15.0, 6448.0, -50722.0, 0.0, 3.0, 0.0, 0.0]
2025-08-30 16:31:50,696 - INFO - [122.44, -4.31, -1.56, 122.44, -4.31, -1.56, 122.44, -4.31, -1.56, 0.0, 15.0, 96.0, 12.0, 6448.0, -50814.0, 0.0, 3.0, 0.0, 0.0]
2025-08-30 16:31:50,697 - WARNING - Might crash, too close
2025-08-30 16:31:50,847 - INFO - [120.63, -4.25, -1.81, 120.63, -4.25, -1.81, 120.63, -4.25, -1.81, 0.0, 15.0, 98.0, 13.0, 6448.0, -50910.0, 0.0, 3.0, 0.0, 0.0]
2025-08-30 16:31:50,847 - WARNING - Might crash, too close
2025-08-30 16:31:50,882 - INFO - Camera stopped
2025-08-30 16:31:52,697 - INFO - Camera closed successfully.
