2025-08-30 17:08:12,953 - INFO - Camera configuration has been adjusted!
2025-08-30 17:08:12,954 - INFO - Configuration successful!
2025-08-30 17:08:14,474 - INFO - Camera started
2025-08-30 17:08:14,527 - INFO - [348.25, -3.44, -2.5, 348.25, -3.44, -2.5, 348.25, -3.44, -2.5, 105.0, 12.0, 103.0, 13.0, 0.0, -104749.0, 0.0, 3.0, 0.0, 1.0]
2025-08-30 17:08:14,951 - INFO - [348.25, -3.44, -2.5, 348.25, -3.44, -2.5, 348.25, -3.44, -2.5, 105.0, 12.0, 102.0, 13.0, 0.0, -104749.0, 0.0, 3.0, 0.0, 1.0]
2025-08-30 17:08:15,375 - INFO - [347.25, -3.31, -2.44, 347.25, -3.31, -2.44, 347.25, -3.31, -2.44, 96.0, 291.0, 107.0, 13.0, 0.0, -104898.0, 0.0, 3.0, 0.0, 1.0]
2025-08-30 17:08:15,526 - INFO - [345.38, -3.38, -2.56, 345.38, -3.38, -2.56, 345.38, -3.38, -2.56, 82.0, 0.0, 108.0, 11.0, 0.0, -104992.0, 0.0, 3.0, 0.0, 1.0]
2025-08-30 17:08:15,530 - WARNING - Close to the right wall!
2025-08-30 17:08:15,675 - INFO - [343.25, -3.25, -2.63, 343.25, -3.25, -2.63, 343.25, -3.25, -2.63, 55.0, 185.0, 113.0, 11.0, 0.0, -105077.0, 0.0, 3.0, 0.0, 1.0]
2025-08-30 17:08:15,824 - INFO - [340.88, -3.06, -2.69, 340.88, -3.06, -2.69, 340.88, -3.06, -2.69, 44.0, 86.0, 122.0, 12.0, 0.0, -105149.0, 0.0, 3.0, 0.0, 1.0]
2025-08-30 17:08:15,974 - INFO - [339.06, -3.06, -2.75, 339.06, -3.06, -2.75, 339.06, -3.06, -2.75, 36.0, 84.0, 123.0, 3.0, 0.0, -105221.0, 0.0, 3.0, 0.0, 1.0]
2025-08-30 17:08:15,975 - WARNING - Close to the left wall!
2025-08-30 17:08:16,124 - INFO - [337.69, -3.06, -2.81, 337.69, -3.06, -2.81, 337.69, -3.06, -2.81, 29.0, 0.0, 123.0, 0.0, 0.0, -105296.0, 0.0, 3.0, 0.0, 1.0]
2025-08-30 17:08:16,124 - WARNING - Close to the left wall!
2025-08-30 17:08:16,273 - INFO - [335.94, -3.13, -2.88, 335.94, -3.13, -2.88, 335.94, -3.13, -2.88, 21.0, 0.0, 119.0, 0.0, 0.0, -105387.0, 0.0, 3.0, 0.0, 1.0]
2025-08-30 17:08:16,273 - WARNING - Close to the left wall!
2025-08-30 17:08:16,423 - INFO - [334.19, -3.06, -2.94, 334.19, -3.06, -2.94, 334.19, -3.06, -2.94, 0.0, 199.0, 125.0, 0.0, 0.0, -105476.0, 0.0, 3.0, 0.0, 1.0]
2025-08-30 17:08:16,424 - WARNING - Close to the left wall!
2025-08-30 17:08:16,571 - INFO - [332.5, -3.13, -2.88, 332.5, -3.13, -2.88, 332.5, -3.13, -2.88, 8.0, 0.0, 128.0, 0.0, 0.0, -105570.0, 0.0, 3.0, 0.0, 1.0]
2025-08-30 17:08:16,571 - WARNING - Close to the left wall!
2025-08-30 17:08:16,720 - INFO - [331.63, -3.19, -2.88, 331.63, -3.19, -2.88, 331.63, -3.19, -2.88, 11.0, 0.0, 127.0, 0.0, 0.0, -105627.0, 0.0, 3.0, 0.0, 1.0]
2025-08-30 17:08:16,720 - WARNING - Close to the left wall!
2025-08-30 17:08:16,869 - INFO - [331.69, -3.13, -3.0, 331.69, -3.13, -3.0, 331.69, -3.13, -3.0, 8.0, 0.0, 127.0, 0.0, 0.0, -105653.0, 0.0, 3.0, 0.0, 1.0]
2025-08-30 17:08:16,870 - WARNING - Close to the left wall!
2025-08-30 17:08:17,018 - INFO - [331.75, -3.06, -3.0, 331.75, -3.06, -3.0, 331.75, -3.06, -3.0, 8.0, 0.0, 127.0, 0.0, 0.0, -105683.0, 0.0, 3.0, 0.0, 1.0]
2025-08-30 17:08:17,018 - WARNING - Close to the left wall!
2025-08-30 17:08:17,166 - INFO - [331.69, -3.06, -3.0, 331.69, -3.06, -3.0, 331.69, -3.06, -3.0, 8.0, 0.0, 128.0, 0.0, 0.0, -105715.0, 0.0, 3.0, 0.0, 1.0]
2025-08-30 17:08:17,166 - WARNING - Close to the left wall!
2025-08-30 17:08:17,315 - INFO - [331.69, -3.25, -3.0, 331.69, -3.25, -3.0, 331.69, -3.25, -3.0, 16.0, 0.0, 98.0, 0.0, 0.0, -105749.0, 0.0, 3.0, 0.0, 1.0]
2025-08-30 17:08:17,316 - WARNING - Close to the left wall!
2025-08-30 17:08:17,464 - INFO - [331.69, -3.25, -3.0, 331.69, -3.25, -3.0, 331.69, -3.25, -3.0, 21.0, 0.0, 90.0, 0.0, 0.0, -105773.0, 0.0, 3.0, 0.0, 1.0]
2025-08-30 17:08:17,464 - WARNING - Close to the left wall!
2025-08-30 17:08:17,612 - INFO - [331.69, -3.31, -3.0, 331.69, -3.31, -3.0, 331.69, -3.31, -3.0, 17.0, 0.0, 88.0, 0.0, 0.0, -105780.0, 0.0, 3.0, 0.0, 1.0]
2025-08-30 17:08:17,612 - WARNING - Close to the left wall!
2025-08-30 17:08:17,760 - INFO - [331.69, -3.31, -3.0, 331.69, -3.31, -3.0, 331.69, -3.31, -3.0, 11.0, 0.0, 88.0, 0.0, 0.0, -105780.0, 0.0, 3.0, 0.0, 1.0]
2025-08-30 17:08:17,760 - WARNING - Close to the left wall!
2025-08-30 17:08:17,908 - INFO - [331.69, -3.38, -2.94, 331.69, -3.38, -2.94, 331.69, -3.38, -2.94, 11.0, 0.0, 88.0, 0.0, 0.0, -105780.0, 0.0, 3.0, 0.0, 1.0]
2025-08-30 17:08:17,908 - WARNING - Close to the left wall!
2025-08-30 17:08:18,058 - INFO - [331.69, -3.38, -2.94, 331.69, -3.38, -2.94, 331.69, -3.38, -2.94, 8.0, 0.0, 88.0, 0.0, 0.0, -105780.0, 0.0, 3.0, 0.0, 1.0]
2025-08-30 17:08:18,058 - WARNING - Close to the left wall!
2025-08-30 17:08:18,206 - INFO - [331.63, -3.44, -2.94, 331.63, -3.44, -2.94, 331.63, -3.44, -2.94, 4.0, 0.0, 88.0, 0.0, 0.0, -105780.0, 0.0, 3.0, 0.0, 1.0]
2025-08-30 17:08:18,206 - WARNING - Close to the left wall!
2025-08-30 17:08:18,355 - INFO - [331.69, -3.5, -2.94, 331.69, -3.5, -2.94, 331.69, -3.5, -2.94, 10.0, 0.0, 88.0, 0.0, 0.0, -105786.0, 0.0, 3.0, 0.0, 1.0]
2025-08-30 17:08:18,355 - WARNING - Close to the left wall!
2025-08-30 17:08:18,504 - INFO - [331.63, -3.5, -2.94, 331.63, -3.5, -2.94, 331.63, -3.5, -2.94, 12.0, 0.0, 88.0, 0.0, 0.0, -105800.0, 0.0, 3.0, 0.0, 1.0]
2025-08-30 17:08:18,505 - WARNING - Close to the left wall!
2025-08-30 17:08:18,655 - INFO - [332.06, -3.88, -2.94, 332.06, -3.88, -2.94, 332.06, -3.88, -2.94, 4.0, 0.0, 79.0, 0.0, 0.0, -105812.0, 0.0, 3.0, 0.0, 1.0]
2025-08-30 17:08:18,656 - WARNING - Close to the left wall!
2025-08-30 17:08:18,803 - INFO - [333.31, -10.88, -2.63, 333.31, -10.88, -2.63, 333.31, -10.88, -2.63, 0.0, 0.0, 23.0, 0.0, 0.0, -105866.0, 0.0, 3.0, 0.0, 1.0]
2025-08-30 17:08:18,803 - WARNING - Close to the left wall!
2025-08-30 17:08:18,951 - INFO - [334.5, -12.38, -2.25, 334.5, -12.38, -2.25, 334.5, -12.38, -2.25, 11.0, 0.0, 17.0, 0.0, 0.0, -105918.0, 0.0, 3.0, 0.0, 1.0]
2025-08-30 17:08:18,952 - WARNING - Close to the left wall!
2025-08-30 17:08:19,100 - INFO - [335.69, -18.13, -2.13, 335.69, -18.13, -2.13, 335.69, -18.13, -2.13, 725.0, 0.0, 11.0, 0.0, 0.0, -105944.0, 0.0, 3.0, 0.0, 1.0]
2025-08-30 17:08:19,100 - WARNING - Close to the left wall!
2025-08-30 17:08:19,249 - INFO - [334.94, -18.31, -2.38, 334.94, -18.31, -2.38, 334.94, -18.31, -2.38, 644.0, 0.0, 13.0, 0.0, 0.0, -105966.0, 0.0, 3.0, 0.0, 1.0]
2025-08-30 17:08:19,250 - WARNING - Close to the left wall!
2025-08-30 17:08:19,400 - INFO - [335.75, -16.06, -2.44, 335.75, -16.06, -2.44, 335.75, -16.06, -2.44, 6.0, 0.0, 14.0, 0.0, 0.0, -105998.0, 0.0, 3.0, 0.0, 1.0]
2025-08-30 17:08:19,400 - WARNING - Close to the left wall!
2025-08-30 17:08:19,549 - INFO - [339.13, -9.56, -2.25, 339.13, -9.56, -2.25, 339.13, -9.56, -2.25, 2.0, 0.0, 32.0, 0.0, 0.0, -106014.0, 0.0, 3.0, 0.0, 1.0]
2025-08-30 17:08:19,549 - WARNING - Close to the left wall!
2025-08-30 17:08:19,698 - INFO - [339.88, -11.63, -2.13, 339.88, -11.63, -2.13, 339.88, -11.63, -2.13, 4.0, 0.0, 21.0, 0.0, 0.0, -106038.0, 0.0, 3.0, 0.0, 1.0]
2025-08-30 17:08:19,698 - WARNING - Close to the left wall!
2025-08-30 17:08:19,846 - INFO - [343.81, -11.44, -2.13, 343.81, -11.44, -2.13, 343.81, -11.44, -2.13, 6.0, 297.0, 28.0, 0.0, 0.0, -106098.0, 0.0, 3.0, 0.0, 1.0]
2025-08-30 17:08:19,846 - WARNING - Close to the left wall!
2025-08-30 17:08:19,995 - INFO - [349.63, -5.88, -2.31, 349.63, -5.88, -2.31, 349.63, -5.88, -2.31, 10.0, 183.0, 98.0, 0.0, 0.0, -106173.0, 0.0, 3.0, 0.0, 1.0]
2025-08-30 17:08:19,995 - WARNING - Close to the left wall!
2025-08-30 17:08:20,143 - INFO - [351.19, -4.06, -2.38, 351.19, -4.06, -2.38, 351.19, -4.06, -2.38, 5.0, 198.0, 80.0, 0.0, 0.0, -106256.0, 0.0, 3.0, 0.0, 1.0]
2025-08-30 17:08:20,143 - WARNING - Close to the left wall!
2025-08-30 17:08:20,293 - INFO - [353.13, -4.06, -2.31, 353.13, -4.06, -2.31, 353.13, -4.06, -2.31, 61.0, 261.0, 79.0, 2.0, 0.0, -106338.0, 0.0, 3.0, 0.0, 1.0]
2025-08-30 17:08:20,294 - WARNING - Close to the left wall!
2025-08-30 17:08:20,442 - INFO - [355.25, -4.25, -2.25, 355.25, -4.25, -2.25, 355.25, -4.25, -2.25, 57.0, 254.0, 82.0, 4.0, 0.0, -106428.0, 0.0, 3.0, 0.0, 1.0]
2025-08-30 17:08:20,442 - WARNING - Close to the left wall!
2025-08-30 17:08:20,590 - INFO - [357.75, -4.38, -2.25, 357.75, -4.38, -2.25, 357.75, -4.38, -2.25, 54.0, 243.0, 84.0, 3.0, 0.0, -106529.0, 0.0, 3.0, 0.0, 1.0]
2025-08-30 17:08:20,590 - WARNING - Close to the left wall!
2025-08-30 17:08:20,739 - INFO - [0.31, -4.44, -2.31, 0.31, -4.44, -2.31, 0.31, -4.44, -2.31, 52.0, 89.0, 88.0, 8.0, 0.0, -106635.0, 0.0, 3.0, 0.0, 1.0]
2025-08-30 17:08:20,740 - WARNING - Close to the left wall!
2025-08-30 17:08:20,887 - INFO - [3.31, -4.56, -2.06, 3.31, -4.56, -2.06, 3.31, -4.56, -2.06, 49.0, 80.0, 92.0, 9.0, 0.0, -106747.0, 0.0, 3.0, 0.0, 1.0]
2025-08-30 17:08:20,887 - WARNING - Close to the left wall!
2025-08-30 17:08:21,035 - INFO - [5.69, -4.5, -1.88, 5.69, -4.5, -1.88, 5.69, -4.5, -1.88, 44.0, 79.0, 95.0, 9.0, 0.0, -106854.0, 0.0, 3.0, 0.0, 1.0]
2025-08-30 17:08:21,035 - WARNING - Close to the left wall!
2025-08-30 17:08:21,182 - INFO - [7.81, -4.31, -1.81, 7.81, -4.31, -1.81, 7.81, -4.31, -1.81, 40.0, 78.0, 93.0, 10.0, 0.0, -106944.0, 0.0, 3.0, 0.0, 1.0]
2025-08-30 17:08:21,331 - INFO - [10.13, -4.31, -1.63, 10.13, -4.31, -1.63, 10.13, -4.31, -1.63, 38.0, 78.0, 64.0, 9.0, 0.0, -107038.0, 0.0, 3.0, 0.0, 1.0]
2025-08-30 17:08:21,331 - WARNING - Close to the left wall!
2025-08-30 17:08:21,479 - INFO - [12.63, -4.44, -1.63, 12.63, -4.44, -1.63, 12.63, -4.44, -1.63, 36.0, 77.0, 50.0, 13.0, 0.0, -107138.0, 0.0, 3.0, 0.0, 1.0]
2025-08-30 17:08:21,627 - INFO - [15.31, -4.56, -1.56, 15.31, -4.56, -1.56, 15.31, -4.56, -1.56, 33.0, 76.0, 41.0, 15.0, 0.0, -107245.0, 0.0, 3.0, 0.0, 1.0]
2025-08-30 17:08:21,775 - INFO - [18.0, -4.75, -1.38, 18.0, -4.75, -1.38, 18.0, -4.75, -1.38, 30.0, 75.0, 39.0, 11.0, 0.0, -107359.0, 0.0, 3.0, 0.0, 1.0]
2025-08-30 17:08:21,924 - INFO - [20.31, -4.75, -1.38, 20.31, -4.75, -1.38, 20.31, -4.75, -1.38, 29.0, 75.0, 38.0, 16.0, 0.0, -107467.0, 0.0, 3.0, 0.0, 1.0]
2025-08-30 17:08:22,074 - INFO - [22.69, -4.81, -1.31, 22.69, -4.81, -1.31, 22.69, -4.81, -1.31, 25.0, 74.0, 39.0, 13.0, 0.0, -107559.0, 0.0, 3.0, 0.0, 1.0]
2025-08-30 17:08:22,221 - INFO - [25.38, -4.75, -1.13, 25.38, -4.75, -1.13, 25.38, -4.75, -1.13, 24.0, 73.0, 35.0, 22.0, 0.0, -107657.0, 0.0, 3.0, 0.0, 1.0]
2025-08-30 17:08:22,370 - INFO - [28.19, -4.75, -1.13, 28.19, -4.75, -1.13, 28.19, -4.75, -1.13, 22.0, 73.0, 35.0, 24.0, 0.0, -107760.0, 0.0, 3.0, 0.0, 1.0]
2025-08-30 17:08:22,518 - INFO - [31.13, -4.81, -1.13, 31.13, -4.81, -1.13, 31.13, -4.81, -1.13, 12.0, 76.0, 34.0, 28.0, 0.0, -107869.0, 0.0, 3.0, 0.0, 1.0]
2025-08-30 17:08:22,518 - WARNING - Might crash, too close
2025-08-30 17:08:22,668 - INFO - [33.5, -4.88, -0.94, 33.5, -4.88, -0.94, 33.5, -4.88, -0.94, 21.0, 71.0, 34.0, 12.0, 0.0, -107982.0, 0.0, 3.0, 0.0, 1.0]
2025-08-30 17:08:22,818 - INFO - [35.56, -4.88, -0.88, 35.56, -4.88, -0.88, 35.56, -4.88, -0.88, 0.0, 69.0, 36.0, 5.0, 0.0, -108089.0, 0.0, 3.0, 0.0, 1.0]
2025-08-30 17:08:22,818 - WARNING - Close to the left wall!
2025-08-30 17:08:22,837 - INFO - Camera stopped
2025-08-30 17:08:24,648 - INFO - Camera closed successfully.
