2025-08-30 14:34:21,508 - INFO - Camera configuration has been adjusted!
2025-08-30 14:34:21,510 - INFO - Configuration successful!
2025-08-30 14:34:23,033 - INFO - Camera started
2025-08-30 14:34:23,106 - INFO - [85.88, -3.81, -2.63, 85.88, -3.81, -2.63, 85.88, -3.81, -2.63, 175.0, 44.0, 101.0, 42.0, 0.0, -22371.0, 0.0, 3.0, 0.0, 0.0]
2025-08-30 14:34:23,391 - INFO - [85.88, -3.81, -2.63, 85.88, -3.81, -2.63, 85.88, -3.81, -2.63, 175.0, 44.0, 101.0, 42.0, 0.0, -22371.0, 0.0, 3.0, 0.0, 0.0]
2025-08-30 14:34:23,677 - INFO - [86.0, -3.88, -2.63, 86.0, -3.88, -2.63, 86.0, -3.88, -2.63, 174.0, 44.0, 102.0, 42.0, 0.0, -22435.0, 0.0, 3.0, 0.0, 0.0]
2025-08-30 14:34:23,825 - INFO - [87.94, -4.13, -2.75, 87.94, -4.13, -2.75, 87.94, -4.13, -2.75, 171.0, 44.0, 105.0, 43.0, 0.0, -22532.0, 0.0, 3.0, 0.0, 0.0]
2025-08-30 14:34:23,973 - INFO - [91.0, -4.25, -2.75, 91.0, -4.25, -2.75, 91.0, -4.25, -2.75, 135.0, 43.0, 107.0, 44.0, 0.0, -22630.0, 0.0, 3.0, 0.0, 0.0]
2025-08-30 14:34:24,121 - INFO - [93.63, -4.38, -2.56, 93.63, -4.38, -2.56, 93.63, -4.38, -2.56, 62.0, 42.0, 109.0, 45.0, 0.0, -22718.0, 0.0, 3.0, 0.0, 0.0]
2025-08-30 14:34:24,271 - INFO - [95.5, -4.38, -2.38, 95.5, -4.38, -2.38, 95.5, -4.38, -2.38, 83.0, 40.0, 109.0, 44.0, 0.0, -22781.0, 0.0, 3.0, 0.0, 0.0]
2025-08-30 14:34:24,420 - INFO - [98.06, -4.44, -2.38, 98.06, -4.44, -2.38, 98.06, -4.44, -2.38, 169.0, 40.0, 112.0, 45.0, 0.0, -22865.0, 0.0, 3.0, 0.0, 0.0]
2025-08-30 14:34:24,568 - INFO - [101.44, -4.56, -2.31, 101.44, -4.56, -2.31, 101.44, -4.56, -2.31, 170.0, 39.0, 112.0, 48.0, 0.0, -22959.0, 0.0, 3.0, 0.0, 0.0]
2025-08-30 14:34:24,716 - INFO - [104.88, -4.69, -2.19, 104.88, -4.69, -2.19, 104.88, -4.69, -2.19, 0.0, 37.0, 114.0, 50.0, 0.0, -23064.0, 0.0, 3.0, 0.0, 0.0]
2025-08-30 14:34:24,717 - WARNING - Might crash, too close
2025-08-30 14:34:24,865 - INFO - [107.81, -4.81, -2.0, 107.81, -4.81, -2.0, 107.81, -4.81, -2.0, 0.0, 36.0, 128.0, 53.0, 0.0, -23172.0, 0.0, 3.0, 0.0, 0.0]
2025-08-30 14:34:24,867 - WARNING - Might crash, too close
2025-08-30 14:34:25,014 - INFO - [110.13, -4.81, -1.94, 110.13, -4.81, -1.94, 110.13, -4.81, -1.94, 0.0, 34.0, 110.0, 55.0, 0.0, -23279.0, 0.0, 3.0, 0.0, 0.0]
2025-08-30 14:34:25,015 - WARNING - Might crash, too close
2025-08-30 14:34:25,163 - INFO - [111.94, -5.0, -1.81, 111.94, -5.0, -1.81, 111.94, -5.0, -1.81, 0.0, 33.0, 100.0, 59.0, 0.0, -23370.0, 0.0, 3.0, 0.0, 0.0]
2025-08-30 14:34:25,163 - WARNING - Might crash, too close
2025-08-30 14:34:25,312 - INFO - [113.5, -5.13, -1.69, 113.5, -5.13, -1.69, 113.5, -5.13, -1.69, 0.0, 31.0, 98.0, 61.0, 0.0, -23462.0, 0.0, 3.0, 0.0, 0.0]
2025-08-30 14:34:25,313 - WARNING - Might crash, too close
2025-08-30 14:34:25,461 - INFO - [114.88, -5.13, -1.94, 114.88, -5.13, -1.94, 114.88, -5.13, -1.94, 0.0, 30.0, 98.0, 64.0, 0.0, -23572.0, 0.0, 3.0, 0.0, 0.0]
2025-08-30 14:34:25,462 - WARNING - Might crash, too close
2025-08-30 14:34:25,608 - INFO - [116.06, -5.06, -1.94, 116.06, -5.06, -1.94, 116.06, -5.06, -1.94, 170.0, 27.0, 102.0, 68.0, 0.0, -23695.0, 0.0, 3.0, 0.0, 0.0]
2025-08-30 14:34:25,756 - INFO - [117.13, -5.19, -1.94, 117.13, -5.19, -1.94, 117.13, -5.19, -1.94, 0.0, 25.0, 105.0, 71.0, 0.0, -23829.0, 0.0, 3.0, 0.0, 0.0]
2025-08-30 14:34:25,757 - WARNING - Might crash, too close
2025-08-30 14:34:25,904 - INFO - [117.44, -5.06, -2.06, 117.44, -5.06, -2.06, 117.44, -5.06, -2.06, 0.0, 23.0, 104.0, 73.0, 0.0, -23963.0, 0.0, 3.0, 0.0, 0.0]
2025-08-30 14:34:25,905 - WARNING - Might crash, too close
2025-08-30 14:34:26,059 - INFO - [116.31, -5.06, -2.06, 116.31, -5.06, -2.06, 116.31, -5.06, -2.06, 156.0, 20.0, 106.0, 76.0, 0.0, -24079.0, 0.0, 3.0, 0.0, 0.0]
2025-08-30 14:34:26,200 - INFO - [113.88, -4.75, -2.44, 113.88, -4.75, -2.44, 113.88, -4.75, -2.44, 0.0, 16.0, 114.0, 74.0, 0.0, -24188.0, 0.0, 3.0, 0.0, 0.0]
2025-08-30 14:34:26,200 - WARNING - Might crash, too close
2025-08-30 14:34:26,349 - INFO - [111.06, -4.63, -2.56, 111.06, -4.63, -2.56, 111.06, -4.63, -2.56, 0.0, 19.0, 127.0, 72.0, 0.0, -24294.0, 0.0, 3.0, 0.0, 0.0]
2025-08-30 14:34:26,349 - WARNING - Might crash, too close
2025-08-30 14:34:26,498 - INFO - [108.88, -4.5, -2.63, 108.88, -4.5, -2.63, 108.88, -4.5, -2.63, 121.0, 15.0, 119.0, 75.0, 0.0, -24402.0, 0.0, 3.0, 0.0, 0.0]
2025-08-30 14:34:26,645 - INFO - [106.94, -4.56, -2.63, 106.94, -4.56, -2.63, 106.94, -4.56, -2.63, 121.0, 15.0, 115.0, 74.0, 0.0, -24515.0, 0.0, 3.0, 0.0, 0.0]
2025-08-30 14:34:26,795 - INFO - [104.88, -4.31, -2.81, 104.88, -4.31, -2.81, 104.88, -4.31, -2.81, 120.0, 18.0, 115.0, 72.0, 0.0, -24608.0, 0.0, 3.0, 0.0, 0.0]
2025-08-30 14:34:26,945 - INFO - [103.19, -4.38, -2.88, 103.19, -4.38, -2.88, 103.19, -4.38, -2.88, 118.0, 14.0, 110.0, 69.0, 0.0, -24701.0, 0.0, 3.0, 0.0, 0.0]
2025-08-30 14:34:27,094 - INFO - [101.13, -4.25, -3.06, 101.13, -4.25, -3.06, 101.13, -4.25, -3.06, 112.0, 15.0, 113.0, 13.0, 0.0, -24794.0, 0.0, 3.0, 0.0, 0.0]
2025-08-30 14:34:27,246 - INFO - [98.63, -4.13, -3.13, 98.63, -4.13, -3.13, 98.63, -4.13, -3.13, 106.0, 14.0, 119.0, 12.0, 0.0, -24889.0, 0.0, 3.0, 0.0, 0.0]
2025-08-30 14:34:27,396 - INFO - [96.56, -4.13, -3.19, 96.56, -4.13, -3.19, 96.56, -4.13, -3.19, 101.0, 14.0, 121.0, 12.0, 0.0, -24996.0, 0.0, 3.0, 0.0, 0.0]
2025-08-30 14:34:27,546 - INFO - [95.0, -4.06, -3.31, 95.0, -4.06, -3.31, 95.0, -4.06, -3.31, 98.0, 15.0, 115.0, 72.0, 0.0, -25111.0, 0.0, 3.0, 0.0, 0.0]
2025-08-30 14:34:27,694 - INFO - [93.56, -4.0, -3.38, 93.56, -4.0, -3.38, 93.56, -4.0, -3.38, 94.0, 41.0, 117.0, 72.0, 0.0, -25215.0, 0.0, 3.0, 0.0, 0.0]
2025-08-30 14:34:27,842 - INFO - [92.44, -4.0, -3.38, 92.44, -4.0, -3.38, 92.44, -4.0, -3.38, 90.0, 77.0, 125.0, 72.0, 0.0, -25320.0, 0.0, 3.0, 0.0, 0.0]
2025-08-30 14:34:27,991 - INFO - [91.5, -3.88, -3.56, 91.5, -3.88, -3.56, 91.5, -3.88, -3.56, 86.0, 203.0, 131.0, 71.0, 0.0, -25434.0, 0.0, 3.0, 0.0, 0.0]
2025-08-30 14:34:28,140 - INFO - [90.63, -3.88, -3.56, 90.63, -3.88, -3.56, 90.63, -3.88, -3.56, 82.0, 217.0, 134.0, 71.0, 0.0, -25561.0, 0.0, 3.0, 0.0, 0.0]
2025-08-30 14:34:28,289 - INFO - [90.06, -3.81, -3.69, 90.06, -3.81, -3.69, 90.06, -3.81, -3.69, 79.0, 217.0, 136.0, 71.0, 0.0, -25701.0, 0.0, 3.0, 0.0, 0.0]
2025-08-30 14:34:28,301 - INFO - Camera stopped
2025-08-30 14:34:30,114 - INFO - Camera closed successfully.
