2025-08-30 14:30:36,178 - INFO - Camera configuration has been adjusted!
2025-08-30 14:30:36,179 - INFO - Configuration successful!
2025-08-30 14:30:37,702 - INFO - Camera started
2025-08-30 14:30:37,797 - INFO - [359.94, -3.19, -3.69, 359.94, -3.19, -3.69, 359.94, -3.19, -3.69, 102.0, 14.0, 28.0, 51.0, 6448.0, -4920.0, 0.0, 3.0, 0.0, 0.0]
2025-08-30 14:30:38,082 - INFO - [359.94, -3.19, -3.69, 359.94, -3.19, -3.69, 359.94, -3.19, -3.69, 102.0, 14.0, 28.0, 51.0, 6448.0, -4920.0, 0.0, 3.0, 0.0, 0.0]
2025-08-30 14:30:38,367 - INFO - [359.88, -3.19, -3.63, 359.88, -3.19, -3.63, 359.88, -3.19, -3.63, 101.0, 14.0, 29.0, 11.0, 6448.0, -4987.0, 0.0, 3.0, 0.0, 0.0]
2025-08-30 14:30:38,655 - INFO - [358.44, -3.06, -3.63, 358.44, -3.06, -3.63, 358.44, -3.06, -3.63, 94.0, 217.0, 35.0, 70.0, 6448.0, -5189.0, 0.0, 3.0, 0.0, 0.0]
2025-08-30 14:30:38,802 - INFO - [357.25, -3.13, -3.75, 357.25, -3.13, -3.75, 357.25, -3.13, -3.75, 90.0, 218.0, 39.0, 71.0, 6448.0, -5311.0, 0.0, 3.0, 0.0, 0.0]
2025-08-30 14:30:38,951 - INFO - [355.81, -3.19, -3.63, 355.81, -3.19, -3.63, 355.81, -3.19, -3.63, 85.0, 218.0, 42.0, 71.0, 6448.0, -5436.0, 0.0, 3.0, 0.0, 0.0]
2025-08-30 14:30:39,101 - INFO - [354.88, -3.13, -3.63, 354.88, -3.13, -3.63, 354.88, -3.13, -3.63, 81.0, 220.0, 45.0, 69.0, 6448.0, -5560.0, 0.0, 3.0, 0.0, 0.0]
2025-08-30 14:30:39,250 - INFO - [353.88, -2.88, -3.63, 353.88, -2.88, -3.63, 353.88, -2.88, -3.63, 77.0, 220.0, 50.0, 69.0, 6448.0, -5691.0, 0.0, 3.0, 0.0, 0.0]
2025-08-30 14:30:39,399 - INFO - [353.0, -2.88, -3.63, 353.0, -2.88, -3.63, 353.0, -2.88, -3.63, 73.0, 142.0, 53.0, 69.0, 6448.0, -5819.0, 0.0, 3.0, 0.0, 0.0]
2025-08-30 14:30:39,548 - INFO - [352.44, -3.0, -3.69, 352.44, -3.0, -3.69, 352.44, -3.0, -3.69, 68.0, 118.0, 57.0, 68.0, 6448.0, -5956.0, 0.0, 3.0, 0.0, 0.0]
2025-08-30 14:30:39,697 - INFO - [352.0, -3.0, -3.44, 352.0, -3.0, -3.44, 352.0, -3.0, -3.44, 64.0, 215.0, 62.0, 68.0, 6448.0, -6087.0, 0.0, 3.0, 0.0, 0.0]
2025-08-30 14:30:39,846 - INFO - [351.94, -3.19, -3.5, 351.94, -3.19, -3.5, 351.94, -3.19, -3.5, 59.0, 223.0, 66.0, 66.0, 6448.0, -6224.0, 0.0, 3.0, 0.0, 0.0]
2025-08-30 14:30:39,993 - INFO - [352.19, -3.0, -3.5, 352.19, -3.0, -3.5, 352.19, -3.0, -3.5, 55.0, 223.0, 71.0, 66.0, 6448.0, -6362.0, 0.0, 3.0, 0.0, 0.0]
2025-08-30 14:30:40,142 - INFO - [354.38, -3.38, -3.44, 354.38, -3.38, -3.44, 354.38, -3.38, -3.44, 51.0, 223.0, 86.0, 67.0, 6448.0, -6493.0, 0.0, 3.0, 0.0, 0.0]
2025-08-30 14:30:40,291 - INFO - [356.94, -3.44, -3.38, 356.94, -3.44, -3.38, 356.94, -3.44, -3.38, 47.0, 222.0, 126.0, 67.0, 6448.0, -6610.0, 0.0, 3.0, 0.0, 0.0]
2025-08-30 14:30:40,443 - INFO - [359.0, -3.63, -3.19, 359.0, -3.63, -3.19, 359.0, -3.63, -3.19, 45.0, 221.0, 136.0, 69.0, 6448.0, -6702.0, 0.0, 3.0, 0.0, 0.0]
2025-08-30 14:30:40,588 - INFO - [1.31, -4.0, -3.25, 1.31, -4.0, -3.25, 1.31, -4.0, -3.25, 43.0, 220.0, 116.0, 70.0, 6448.0, -6802.0, 0.0, 3.0, 0.0, 0.0]
2025-08-30 14:30:40,738 - INFO - [3.88, -4.0, -3.25, 3.88, -4.0, -3.25, 3.88, -4.0, -3.25, 40.0, 189.0, 132.0, 70.0, 6448.0, -6903.0, 0.0, 3.0, 0.0, 0.0]
2025-08-30 14:30:40,885 - INFO - [6.69, -4.19, -3.19, 6.69, -4.19, -3.19, 6.69, -4.19, -3.19, 35.0, 12.0, 110.0, 72.0, 6448.0, -7008.0, 0.0, 3.0, 0.0, 0.0]
2025-08-30 14:30:41,034 - INFO - [9.25, -4.31, -3.0, 9.25, -4.31, -3.0, 9.25, -4.31, -3.0, 33.0, 11.0, 108.0, 73.0, 6448.0, -7110.0, 0.0, 3.0, 0.0, 0.0]
2025-08-30 14:30:41,182 - INFO - [11.63, -4.31, -2.94, 11.63, -4.31, -2.94, 11.63, -4.31, -2.94, 29.0, 14.0, 116.0, 74.0, 6448.0, -7211.0, 0.0, 3.0, 0.0, 0.0]
2025-08-30 14:30:41,330 - INFO - [13.75, -4.38, -2.75, 13.75, -4.38, -2.75, 13.75, -4.38, -2.75, 27.0, 113.0, 150.0, 77.0, 6448.0, -7296.0, 0.0, 3.0, 0.0, 0.0]
2025-08-30 14:30:41,479 - INFO - [15.81, -4.44, -2.75, 15.81, -4.44, -2.75, 15.81, -4.44, -2.75, 24.0, 145.0, 50.0, 82.0, 6448.0, -7392.0, 0.0, 3.0, 0.0, 0.0]
2025-08-30 14:30:41,626 - INFO - [18.38, -4.56, -2.69, 18.38, -4.56, -2.69, 18.38, -4.56, -2.69, 22.0, 0.0, 53.0, 64.0, 6448.0, -7492.0, 0.0, 3.0, 0.0, 0.0]
2025-08-30 14:30:41,627 - WARNING - Close to the right wall!
2025-08-30 14:30:41,774 - INFO - [21.13, -4.56, -2.63, 21.13, -4.56, -2.63, 21.13, -4.56, -2.63, 20.0, 0.0, 60.0, 46.0, 6448.0, -7596.0, 0.0, 3.0, 0.0, 0.0]
2025-08-30 14:30:41,775 - WARNING - Close to the right wall!
2025-08-30 14:30:41,924 - INFO - [23.81, -4.75, -2.5, 23.81, -4.75, -2.5, 23.81, -4.75, -2.5, 20.0, 0.0, 163.0, 36.0, 6448.0, -7699.0, 0.0, 3.0, 0.0, 0.0]
2025-08-30 14:30:41,924 - WARNING - Close to the right wall!
2025-08-30 14:30:42,070 - INFO - [25.88, -4.81, -2.25, 25.88, -4.81, -2.25, 25.88, -4.81, -2.25, 12.0, 0.0, 140.0, 27.0, 6448.0, -7804.0, 0.0, 3.0, 0.0, 0.0]
2025-08-30 14:30:42,071 - WARNING - Close to the right wall!
2025-08-30 14:30:42,219 - INFO - [25.69, -4.63, -2.25, 25.69, -4.63, -2.25, 25.69, -4.63, -2.25, 13.0, 0.0, 162.0, 17.0, 6448.0, -7922.0, 0.0, 3.0, 0.0, 0.0]
2025-08-30 14:30:42,219 - WARNING - Close to the right wall!
2025-08-30 14:30:42,366 - INFO - [25.06, -4.75, -2.5, 25.06, -4.75, -2.5, 25.06, -4.75, -2.5, 14.0, 108.0, 175.0, 10.0, 6448.0, -8050.0, 0.0, 3.0, 0.0, 0.0]
2025-08-30 14:30:42,366 - WARNING - Might crash, too close
2025-08-30 14:30:42,515 - INFO - [26.56, -4.75, -2.31, 26.56, -4.75, -2.31, 26.56, -4.75, -2.31, 2.0, 107.0, 145.0, 277.0, 6448.0, -8177.0, 0.0, 3.0, 0.0, 0.0]
2025-08-30 14:30:42,516 - WARNING - Might crash, too close
2025-08-30 14:30:42,665 - INFO - [29.63, -4.75, -2.25, 29.63, -4.75, -2.25, 29.63, -4.75, -2.25, 0.0, 132.0, 97.0, 0.0, 6448.0, -8292.0, 0.0, 3.0, 0.0, 0.0]
2025-08-30 14:30:42,665 - WARNING - Close to the left wall!
2025-08-30 14:30:42,705 - INFO - Camera stopped
2025-08-30 14:30:44,541 - INFO - Camera closed successfully.
