2025-08-30 16:19:28,488 - INFO - Camera configuration has been adjusted!
2025-08-30 16:19:28,491 - INFO - Configuration successful!
2025-08-30 16:19:30,008 - INFO - Camera started
2025-08-30 16:19:30,072 - INFO - [77.81, -4.13, -2.0, 77.81, -4.13, -2.0, 77.81, -4.13, -2.0, 105.0, 74.0, 94.0, 14.0, 6448.0, -16876.0, 0.0, 3.0, 0.0, 0.0]
2025-08-30 16:19:30,357 - INFO - [77.81, -4.13, -2.0, 77.81, -4.13, -2.0, 77.81, -4.13, -2.0, 103.0, 74.0, 95.0, 13.0, 6448.0, -16876.0, 0.0, 3.0, 0.0, 0.0]
2025-08-30 16:19:30,777 - INFO - [79.31, -4.19, -2.06, 79.31, -4.19, -2.06, 79.31, -4.19, -2.06, 132.0, 73.0, 95.0, 15.0, 6448.0, -17000.0, 0.0, 3.0, 0.0, 0.0]
2025-08-30 16:19:30,925 - INFO - [81.94, -4.25, -1.88, 81.94, -4.25, -1.88, 81.94, -4.25, -1.88, 180.0, 73.0, 97.0, 16.0, 6448.0, -17070.0, 0.0, 3.0, 0.0, 0.0]
2025-08-30 16:19:31,074 - INFO - [85.5, -4.44, -1.94, 85.5, -4.44, -1.94, 85.5, -4.44, -1.94, 178.0, 71.0, 100.0, 17.0, 6448.0, -17160.0, 0.0, 3.0, 0.0, 0.0]
2025-08-30 16:19:31,222 - INFO - [89.56, -4.56, -1.75, 89.56, -4.56, -1.75, 89.56, -4.56, -1.75, 174.0, 69.0, 103.0, 16.0, 6448.0, -17258.0, 0.0, 3.0, 0.0, 0.0]
2025-08-30 16:19:31,370 - INFO - [93.69, -4.56, -1.63, 93.69, -4.56, -1.63, 93.69, -4.56, -1.63, 172.0, 68.0, 105.0, 20.0, 6448.0, -17360.0, 0.0, 3.0, 0.0, 0.0]
2025-08-30 16:19:31,519 - INFO - [96.75, -4.56, -1.63, 96.75, -4.56, -1.63, 96.75, -4.56, -1.63, 170.0, 67.0, 106.0, 21.0, 6448.0, -17460.0, 0.0, 3.0, 0.0, 0.0]
2025-08-30 16:19:31,668 - INFO - [99.44, -4.69, -1.44, 99.44, -4.69, -1.44, 99.44, -4.69, -1.44, 168.0, 66.0, 111.0, 22.0, 6448.0, -17554.0, 0.0, 3.0, 0.0, 0.0]
2025-08-30 16:19:31,816 - INFO - [102.0, -4.69, -1.31, 102.0, -4.69, -1.31, 102.0, -4.69, -1.31, 175.0, 65.0, 106.0, 25.0, 6448.0, -17617.0, 0.0, 3.0, 0.0, 0.0]
2025-08-30 16:19:31,966 - INFO - [104.56, -4.75, -1.13, 104.56, -4.75, -1.13, 104.56, -4.75, -1.13, 167.0, 66.0, 89.0, 23.0, 6448.0, -17686.0, 0.0, 3.0, 0.0, 0.0]
2025-08-30 16:19:32,115 - INFO - [108.13, -4.88, -1.19, 108.13, -4.88, -1.19, 108.13, -4.88, -1.19, 139.0, 65.0, 75.0, 24.0, 6448.0, -17777.0, 0.0, 3.0, 0.0, 0.0]
2025-08-30 16:19:32,263 - INFO - [112.06, -4.75, -1.06, 112.06, -4.75, -1.06, 112.06, -4.75, -1.06, 59.0, 67.0, 60.0, 29.0, 6448.0, -17876.0, 0.0, 3.0, 0.0, 0.0]
2025-08-30 16:19:32,412 - INFO - [116.06, -4.81, -0.81, 116.06, -4.81, -0.81, 116.06, -4.81, -0.81, 0.0, 63.0, 55.0, 31.0, 6448.0, -17976.0, 0.0, 3.0, 0.0, 0.0]
2025-08-30 16:19:32,412 - WARNING - Might crash, too close
2025-08-30 16:19:32,561 - INFO - [119.63, -4.75, -0.94, 119.63, -4.75, -0.94, 119.63, -4.75, -0.94, 0.0, 63.0, 52.0, 35.0, 6448.0, -18074.0, 0.0, 3.0, 0.0, 0.0]
2025-08-30 16:19:32,561 - WARNING - Might crash, too close
2025-08-30 16:19:32,709 - INFO - [121.88, -4.75, -0.94, 121.88, -4.75, -0.94, 121.88, -4.75, -0.94, 0.0, 63.0, 51.0, 38.0, 6448.0, -18167.0, 0.0, 3.0, 0.0, 0.0]
2025-08-30 16:19:32,710 - WARNING - Might crash, too close
2025-08-30 16:19:32,858 - INFO - [123.63, -4.69, -0.88, 123.63, -4.69, -0.88, 123.63, -4.69, -0.88, 0.0, 63.0, 52.0, 42.0, 6448.0, -18238.0, 0.0, 3.0, 0.0, 0.0]
2025-08-30 16:19:32,859 - WARNING - Might crash, too close
2025-08-30 16:19:33,011 - INFO - [125.56, -4.69, -0.75, 125.56, -4.69, -0.75, 125.56, -4.69, -0.75, 0.0, 60.0, 54.0, 46.0, 6448.0, -18321.0, 0.0, 3.0, 0.0, 0.0]
2025-08-30 16:19:33,011 - WARNING - Might crash, too close
2025-08-30 16:19:33,156 - INFO - [127.69, -4.69, -0.88, 127.69, -4.69, -0.88, 127.69, -4.69, -0.88, 0.0, 58.0, 50.0, 51.0, 6448.0, -18420.0, 0.0, 3.0, 0.0, 0.0]
2025-08-30 16:19:33,157 - WARNING - Might crash, too close
2025-08-30 16:19:33,306 - INFO - [130.19, -4.63, -1.06, 130.19, -4.63, -1.06, 130.19, -4.63, -1.06, 0.0, 59.0, 49.0, 57.0, 6448.0, -18532.0, 0.0, 3.0, 0.0, 0.0]
2025-08-30 16:19:33,306 - WARNING - Might crash, too close
2025-08-30 16:19:33,454 - INFO - [132.25, -4.75, -0.94, 132.25, -4.75, -0.94, 132.25, -4.75, -0.94, 0.0, 59.0, 46.0, 64.0, 6448.0, -18652.0, 0.0, 3.0, 0.0, 0.0]
2025-08-30 16:19:33,454 - WARNING - Might crash, too close
2025-08-30 16:19:33,603 - INFO - [133.75, -4.81, -1.0, 133.75, -4.81, -1.0, 133.75, -4.81, -1.0, 68.0, 53.0, 60.0, 68.0, 6448.0, -18776.0, 0.0, 3.0, 0.0, 0.0]
2025-08-30 16:19:33,751 - INFO - [134.69, -5.0, -0.75, 134.69, -5.0, -0.75, 134.69, -5.0, -0.75, 52.0, 52.0, 57.0, 74.0, 6448.0, -18886.0, 0.0, 3.0, 0.0, 0.0]
2025-08-30 16:19:33,899 - INFO - [135.44, -5.06, -0.94, 135.44, -5.06, -0.94, 135.44, -5.06, -0.94, 45.0, 47.0, 53.0, 80.0, 6448.0, -19006.0, 0.0, 3.0, 0.0, 0.0]
2025-08-30 16:19:34,046 - INFO - [135.44, -4.88, -1.06, 135.44, -4.88, -1.06, 135.44, -4.88, -1.06, 43.0, 40.0, 59.0, 86.0, 6448.0, -19140.0, 0.0, 3.0, 0.0, 0.0]
2025-08-30 16:19:34,194 - INFO - [133.81, -4.75, -0.88, 133.81, -4.75, -0.88, 133.81, -4.75, -0.88, 0.0, 37.0, 73.0, 82.0, 6448.0, -19275.0, 0.0, 3.0, 0.0, 0.0]
2025-08-30 16:19:34,194 - WARNING - Might crash, too close
2025-08-30 16:19:34,347 - INFO - [131.38, -4.88, -1.0, 131.38, -4.88, -1.0, 131.38, -4.88, -1.0, 0.0, 32.0, 69.0, 82.0, 6448.0, -19398.0, 0.0, 3.0, 0.0, 0.0]
2025-08-30 16:19:34,347 - WARNING - Might crash, too close
2025-08-30 16:19:34,490 - INFO - [129.31, -4.81, -1.13, 129.31, -4.81, -1.13, 129.31, -4.81, -1.13, 153.0, 29.0, 82.0, 85.0, 6448.0, -19494.0, 0.0, 3.0, 0.0, 0.0]
2025-08-30 16:19:34,638 - INFO - [127.75, -4.75, -1.38, 127.75, -4.75, -1.38, 127.75, -4.75, -1.38, 155.0, 26.0, 83.0, 84.0, 6448.0, -19589.0, 0.0, 3.0, 0.0, 0.0]
2025-08-30 16:19:34,785 - INFO - [125.69, -4.63, -1.56, 125.69, -4.63, -1.56, 125.69, -4.63, -1.56, 157.0, 23.0, 90.0, 68.0, 6448.0, -19681.0, 0.0, 3.0, 0.0, 0.0]
2025-08-30 16:19:34,934 - INFO - [123.56, -4.5, -1.69, 123.56, -4.5, -1.69, 123.56, -4.5, -1.69, 143.0, 20.0, 94.0, 15.0, 6448.0, -19778.0, 0.0, 3.0, 0.0, 0.0]
2025-08-30 16:19:35,083 - INFO - [121.75, -4.56, -1.69, 121.75, -4.56, -1.69, 121.75, -4.56, -1.69, 0.0, 19.0, 102.0, 12.0, 6448.0, -19881.0, 0.0, 3.0, 0.0, 0.0]
2025-08-30 16:19:35,083 - WARNING - Might crash, too close
2025-08-30 16:19:35,233 - INFO - [119.75, -4.63, -1.75, 119.75, -4.63, -1.75, 119.75, -4.63, -1.75, 147.0, 16.0, 97.0, 13.0, 6448.0, -19988.0, 0.0, 3.0, 0.0, 0.0]
2025-08-30 16:19:35,381 - INFO - [117.88, -4.5, -1.94, 117.88, -4.5, -1.94, 117.88, -4.5, -1.94, 127.0, 10.0, 99.0, 61.0, 6448.0, -20078.0, 0.0, 3.0, 0.0, 0.0]
2025-08-30 16:19:35,529 - INFO - [116.38, -4.44, -1.94, 116.38, -4.44, -1.94, 116.38, -4.44, -1.94, 0.0, 14.0, 96.0, 77.0, 6448.0, -20164.0, 0.0, 3.0, 0.0, 0.0]
2025-08-30 16:19:35,530 - WARNING - Might crash, too close
2025-08-30 16:19:35,676 - INFO - [114.69, -4.31, -2.19, 114.69, -4.31, -2.19, 114.69, -4.31, -2.19, 105.0, 12.0, 98.0, 78.0, 6448.0, -20254.0, 0.0, 3.0, 0.0, 0.0]
2025-08-30 16:19:35,710 - INFO - Camera stopped
2025-08-30 16:19:37,521 - INFO - Camera closed successfully.
