2025-08-29 14:46:17,368 - INFO - Camera configuration has been adjusted!
2025-08-29 14:46:17,370 - INFO - Configuration successful!
2025-08-29 14:46:18,892 - INFO - Camera started
2025-08-29 14:46:19,011 - INFO - [92.69, -3.31, -3.19, 92.69, -3.31, -3.19, 92.69, -3.31, -3.19, 175.0, 74.0, 48228.0, 15.0, 328.0, -10091.0, 0.0, 3.0, 0.0, 0.0]
2025-08-29 14:46:19,253 - INFO - [92.69, -3.31, -3.19, 92.69, -3.31, -3.19, 92.69, -3.31, -3.19, 175.0, 75.0, 48228.0, 15.0, 328.0, -10091.0, 0.0, 3.0, 0.0, 0.0]
2025-08-29 14:46:19,494 - INFO - [92.75, -3.38, -3.19, 92.75, -3.38, -3.19, 92.75, -3.38, -3.19, 174.0, 74.0, 48228.0, 15.0, 328.0, -10137.0, 0.0, 3.0, 0.0, 0.0]
2025-08-29 14:46:19,734 - INFO - [97.5, -3.56, -3.13, 97.5, -3.56, -3.13, 97.5, -3.56, -3.13, 175.0, 72.0, 48228.0, 16.0, 328.0, -10303.0, 0.0, 3.0, 0.0, 0.0]
2025-08-29 14:46:19,860 - INFO - [101.38, -3.75, -2.94, 101.38, -3.75, -2.94, 101.38, -3.75, -2.94, 178.0, 70.0, 48228.0, 18.0, 328.0, -10400.0, 0.0, 3.0, 0.0, 0.0]
2025-08-29 14:46:19,985 - INFO - [105.06, -3.94, -2.88, 105.06, -3.94, -2.88, 105.06, -3.94, -2.88, 187.0, 72.0, 48228.0, 22.0, 328.0, -10488.0, 0.0, 3.0, 0.0, 0.0]
2025-08-29 14:46:20,112 - INFO - [108.06, -4.06, -2.69, 108.06, -4.06, -2.69, 108.06, -4.06, -2.69, 0.0, 68.0, 48228.0, 23.0, 328.0, -10563.0, 0.0, 3.0, 0.0, 0.0]
2025-08-29 14:46:20,113 - WARNING - Might crash, too close
2025-08-29 14:46:20,235 - INFO - [110.25, -4.0, -2.5, 110.25, -4.0, -2.5, 110.25, -4.0, -2.5, 133.0, 69.0, 48228.0, 22.0, 328.0, -10619.0, 0.0, 3.0, 0.0, 0.0]
2025-08-29 14:46:20,360 - INFO - [112.31, -4.19, -2.44, 112.31, -4.19, -2.44, 112.31, -4.19, -2.44, 65.0, 71.0, 48228.0, 23.0, 328.0, -10685.0, 0.0, 3.0, 0.0, 0.0]
2025-08-29 14:46:20,486 - INFO - [114.94, -4.5, -2.69, 114.94, -4.5, -2.69, 114.94, -4.5, -2.69, 62.0, 68.0, 48228.0, 22.0, 328.0, -10771.0, 0.0, 3.0, 0.0, 0.0]
2025-08-29 14:46:20,612 - INFO - [117.81, -4.63, -2.56, 117.81, -4.63, -2.56, 117.81, -4.63, -2.56, 0.0, 68.0, 48228.0, 27.0, 328.0, -10862.0, 0.0, 3.0, 0.0, 0.0]
2025-08-29 14:46:20,613 - WARNING - Might crash, too close
2025-08-29 14:46:20,736 - INFO - [120.94, -4.69, -2.38, 120.94, -4.69, -2.38, 120.94, -4.69, -2.38, 0.0, 68.0, 48228.0, 33.0, 328.0, -10961.0, 0.0, 3.0, 0.0, 0.0]
2025-08-29 14:46:20,736 - WARNING - Might crash, too close
2025-08-29 14:46:20,860 - INFO - [123.63, -4.75, -2.38, 123.63, -4.75, -2.38, 123.63, -4.75, -2.38, 0.0, 70.0, 48228.0, 38.0, 328.0, -11056.0, 0.0, 3.0, 0.0, 0.0]
2025-08-29 14:46:20,861 - WARNING - Might crash, too close
2025-08-29 14:46:20,986 - INFO - [125.88, -4.88, -2.19, 125.88, -4.88, -2.19, 125.88, -4.88, -2.19, 0.0, 68.0, 48228.0, 40.0, 328.0, -11148.0, 0.0, 3.0, 0.0, 0.0]
2025-08-29 14:46:20,986 - WARNING - Might crash, too close
2025-08-29 14:46:21,111 - INFO - [127.94, -4.75, -2.13, 127.94, -4.75, -2.13, 127.94, -4.75, -2.13, 0.0, 66.0, 48228.0, 46.0, 328.0, -11223.0, 0.0, 3.0, 0.0, 0.0]
2025-08-29 14:46:21,111 - WARNING - Might crash, too close
2025-08-29 14:46:21,234 - INFO - [129.5, -4.81, -1.94, 129.5, -4.81, -1.94, 129.5, -4.81, -1.94, 0.0, 66.0, 48228.0, 46.0, 328.0, -11301.0, 0.0, 3.0, 0.0, 0.0]
2025-08-29 14:46:21,236 - WARNING - Might crash, too close
2025-08-29 14:46:21,359 - INFO - [131.13, -4.81, -2.13, 131.13, -4.81, -2.13, 131.13, -4.81, -2.13, 0.0, 63.0, 48228.0, 51.0, 328.0, -11397.0, 0.0, 3.0, 0.0, 0.0]
2025-08-29 14:46:21,360 - WARNING - Might crash, too close
2025-08-29 14:46:21,485 - INFO - [132.63, -4.81, -2.19, 132.63, -4.81, -2.19, 132.63, -4.81, -2.19, 0.0, 65.0, 48228.0, 54.0, 328.0, -11503.0, 0.0, 3.0, 0.0, 0.0]
2025-08-29 14:46:21,486 - WARNING - Might crash, too close
2025-08-29 14:46:21,610 - INFO - [134.0, -4.88, -2.06, 134.0, -4.88, -2.06, 134.0, -4.88, -2.06, 0.0, 55.0, 48228.0, 57.0, 328.0, -11618.0, 0.0, 3.0, 0.0, 0.0]
2025-08-29 14:46:21,611 - WARNING - Might crash, too close
2025-08-29 14:46:21,733 - INFO - [135.13, -4.88, -2.06, 135.13, -4.88, -2.06, 135.13, -4.88, -2.06, 56.0, 59.0, 48228.0, 67.0, 328.0, -11732.0, 0.0, 3.0, 0.0, 0.0]
2025-08-29 14:46:21,859 - INFO - [135.94, -4.94, -1.94, 135.94, -4.94, -1.94, 135.94, -4.94, -1.94, 53.0, 53.0, 48228.0, 69.0, 328.0, -11841.0, 0.0, 3.0, 0.0, 0.0]
2025-08-29 14:46:21,984 - INFO - [136.63, -5.0, -1.94, 136.63, -5.0, -1.94, 136.63, -5.0, -1.94, 48.0, 47.0, 48228.0, 70.0, 328.0, -11955.0, 0.0, 3.0, 0.0, 0.0]
2025-08-29 14:46:22,109 - INFO - [136.81, -5.13, -1.88, 136.81, -5.13, -1.88, 136.81, -5.13, -1.88, 44.0, 48.0, 48228.0, 79.0, 328.0, -12079.0, 0.0, 3.0, 0.0, 0.0]
2025-08-29 14:46:22,232 - INFO - [135.94, -5.25, -1.81, 135.94, -5.25, -1.81, 135.94, -5.25, -1.81, 41.0, 39.0, 48228.0, 83.0, 328.0, -12207.0, 0.0, 3.0, 0.0, 0.0]
2025-08-29 14:46:22,358 - INFO - [134.75, -5.0, -2.13, 134.75, -5.0, -2.13, 134.75, -5.0, -2.13, 0.0, 37.0, 48228.0, 88.0, 328.0, -12331.0, 0.0, 3.0, 0.0, 0.0]
2025-08-29 14:46:22,359 - WARNING - Might crash, too close
2025-08-29 14:46:22,483 - INFO - [133.25, -5.0, -2.06, 133.25, -5.0, -2.06, 133.25, -5.0, -2.06, 176.0, 32.0, 48228.0, 79.0, 328.0, -12443.0, 0.0, 3.0, 0.0, 0.0]
2025-08-29 14:46:22,606 - INFO - [131.25, -4.81, -2.19, 131.25, -4.81, -2.19, 131.25, -4.81, -2.19, 172.0, 27.0, 48228.0, 81.0, 328.0, -12543.0, 1.0, 3.0, 0.0, 0.0]
2025-08-29 14:46:22,732 - INFO - [129.38, -4.69, -2.38, 129.38, -4.69, -2.38, 129.38, -4.69, -2.38, 174.0, 24.0, 48228.0, 67.0, 328.0, -12644.0, 1.0, 3.0, 0.0, 0.0]
2025-08-29 14:46:22,856 - INFO - [126.75, -4.63, -2.5, 126.75, -4.63, -2.5, 126.75, -4.63, -2.5, 0.0, 22.0, 48228.0, 18.0, 328.0, -12747.0, 2.0, 3.0, 0.0, 0.0]
2025-08-29 14:46:22,856 - WARNING - Might crash, too close
2025-08-29 14:46:22,980 - INFO - [124.44, -4.5, -2.5, 124.44, -4.5, -2.5, 124.44, -4.5, -2.5, 151.0, 12.0, 48228.0, 14.0, 328.0, -12851.0, 2.0, 3.0, 0.0, 0.0]
2025-08-29 14:46:23,104 - INFO - [122.19, -4.31, -2.63, 122.19, -4.31, -2.63, 122.19, -4.31, -2.63, 126.0, 10.0, 48228.0, 14.0, 328.0, -12951.0, 2.0, 3.0, 0.0, 0.0]
2025-08-29 14:46:23,228 - INFO - [120.06, -4.31, -2.56, 120.06, -4.31, -2.56, 120.06, -4.31, -2.56, 134.0, 9.0, 48228.0, 21.0, 328.0, -13043.0, 2.0, 3.0, 0.0, 0.0]
2025-08-29 14:46:23,229 - WARNING - Close to the right wall!
2025-08-29 14:46:23,352 - INFO - [118.31, -4.19, -2.5, 118.31, -4.19, -2.5, 118.31, -4.19, -2.5, 107.0, 14.0, 48228.0, 85.0, 328.0, -13124.0, 2.0, 3.0, 0.0, 0.0]
2025-08-29 14:46:23,477 - INFO - [116.75, -4.19, -2.81, 116.75, -4.19, -2.81, 116.75, -4.19, -2.81, 110.0, 11.0, 48228.0, 79.0, 328.0, -13217.0, 3.0, 3.0, 0.0, 0.0]
2025-08-29 14:46:23,602 - INFO - [114.31, -4.0, -2.88, 114.31, -4.0, -2.88, 114.31, -4.0, -2.88, 108.0, 14.0, 48228.0, 81.0, 328.0, -13313.0, 3.0, 3.0, 0.0, 0.0]
2025-08-29 14:46:23,726 - INFO - [112.13, -3.88, -2.88, 112.13, -3.88, -2.88, 112.13, -3.88, -2.88, 100.0, 13.0, 48228.0, 78.0, 328.0, -13415.0, 3.0, 3.0, 0.0, 0.0]
2025-08-29 14:46:23,850 - INFO - [109.75, -3.75, -3.06, 109.75, -3.75, -3.06, 109.75, -3.75, -3.06, 90.0, 14.0, 48228.0, 77.0, 6412.0, -13517.0, 3.0, 3.0, 0.0, 0.0]
2025-08-29 14:46:23,975 - INFO - [107.75, -3.69, -3.0, 107.75, -3.69, -3.0, 107.75, -3.69, -3.0, 93.0, 27.0, 48228.0, 78.0, 6412.0, -13615.0, 3.0, 3.0, 0.0, 0.0]
2025-08-29 14:46:24,102 - INFO - [105.94, -3.56, -3.0, 105.94, -3.56, -3.0, 105.94, -3.56, -3.0, 86.0, 42.0, 48228.0, 78.0, 6412.0, -13696.0, 3.0, 3.0, 0.0, 0.0]
2025-08-29 14:46:24,227 - INFO - [104.31, -3.5, -3.13, 104.31, -3.5, -3.13, 104.31, -3.5, -3.13, 82.0, 58.0, 48228.0, 78.0, 6412.0, -13783.0, 3.0, 3.0, 0.0, 0.0]
2025-08-29 14:46:24,355 - INFO - [102.44, -3.56, -3.13, 102.44, -3.56, -3.13, 102.44, -3.56, -3.13, 79.0, 81.0, 48228.0, 78.0, 6412.0, -13879.0, 2.0, 3.0, 0.0, 0.0]
2025-08-29 14:46:24,480 - INFO - [100.31, -3.31, -3.19, 100.31, -3.31, -3.19, 100.31, -3.31, -3.19, 74.0, 199.0, 48228.0, 77.0, 6412.0, -13976.0, 2.0, 3.0, 0.0, 0.0]
2025-08-29 14:46:24,496 - INFO - Camera stopped
2025-08-29 14:46:26,109 - INFO - Camera closed successfully.
