2025-08-30 14:29:15,771 - INFO - Camera configuration has been adjusted!
2025-08-30 14:29:15,772 - INFO - Configuration successful!
2025-08-30 14:29:17,289 - INFO - Camera started
2025-08-30 14:29:17,341 - INFO - [71.44, -3.75, -3.13, 71.44, -3.75, -3.13, 71.44, -3.75, -3.13, 0.0, 22.0, 54.0, 64.0, 0.0, -1527.0, 0.0, 3.0, 0.0, 0.0]
2025-08-30 14:29:17,341 - WARNING - Might crash, too close
2025-08-30 14:29:17,761 - INFO - [71.44, -3.75, -3.13, 71.44, -3.75, -3.13, 71.44, -3.75, -3.13, 0.0, 22.0, 54.0, 61.0, 0.0, -1527.0, 0.0, 3.0, 0.0, 0.0]
2025-08-30 14:29:17,762 - WARNING - Might crash, too close
2025-08-30 14:29:18,045 - INFO - [71.5, -3.81, -3.13, 71.5, -3.81, -3.13, 71.5, -3.81, -3.13, 0.0, 20.0, 55.0, 64.0, 0.0, -1589.0, 0.0, 3.0, 0.0, 0.0]
2025-08-30 14:29:18,046 - WARNING - Might crash, too close
2025-08-30 14:29:18,193 - INFO - [70.63, -4.06, -3.0, 70.63, -4.06, -3.0, 70.63, -4.06, -3.0, 0.0, 24.0, 59.0, 65.0, 0.0, -1689.0, 0.0, 3.0, 0.0, 0.0]
2025-08-30 14:29:18,194 - WARNING - Might crash, too close
2025-08-30 14:29:18,343 - INFO - [68.5, -3.88, -3.06, 68.5, -3.88, -3.06, 68.5, -3.88, -3.06, 76.0, 23.0, 64.0, 64.0, 0.0, -1784.0, 0.0, 3.0, 0.0, 0.0]
2025-08-30 14:29:18,490 - INFO - [66.69, -3.88, -3.19, 66.69, -3.88, -3.19, 66.69, -3.88, -3.19, 73.0, 26.0, 49.0, 58.0, 0.0, -1884.0, 0.0, 3.0, 0.0, 0.0]
2025-08-30 14:29:18,638 - INFO - [64.56, -3.69, -3.25, 64.56, -3.69, -3.25, 64.56, -3.69, -3.25, 143.0, 28.0, 51.0, 59.0, 0.0, -1981.0, 0.0, 3.0, 0.0, 0.0]
2025-08-30 14:29:18,786 - INFO - [62.63, -3.56, -3.25, 62.63, -3.56, -3.25, 62.63, -3.56, -3.25, 144.0, 31.0, 55.0, 57.0, 0.0, -2072.0, 0.0, 3.0, 0.0, 0.0]
2025-08-30 14:29:18,934 - INFO - [60.56, -3.5, -3.31, 60.56, -3.5, -3.31, 60.56, -3.5, -3.31, 135.0, 34.0, 59.0, 51.0, 0.0, -2166.0, 0.0, 3.0, 0.0, 0.0]
2025-08-30 14:29:19,083 - INFO - [58.69, -3.5, -3.44, 58.69, -3.5, -3.44, 58.69, -3.5, -3.44, 121.0, 38.0, 109.0, 52.0, 0.0, -2271.0, 0.0, 3.0, 0.0, 0.0]
2025-08-30 14:29:19,230 - INFO - [57.13, -3.44, -3.44, 57.13, -3.44, -3.44, 57.13, -3.44, -3.44, 102.0, 42.0, 119.0, 53.0, 0.0, -2372.0, 0.0, 3.0, 0.0, 0.0]
2025-08-30 14:29:19,379 - INFO - [55.75, -3.38, -3.44, 55.75, -3.38, -3.44, 55.75, -3.38, -3.44, 105.0, 44.0, 120.0, 55.0, 0.0, -2475.0, 0.0, 3.0, 0.0, 0.0]
2025-08-30 14:29:19,527 - INFO - [54.13, -3.25, -3.56, 54.13, -3.25, -3.56, 54.13, -3.25, -3.56, 89.0, 48.0, 144.0, 47.0, 0.0, -2584.0, 0.0, 3.0, 0.0, 0.0]
2025-08-30 14:29:19,674 - INFO - [52.56, -3.19, -3.5, 52.56, -3.19, -3.5, 52.56, -3.19, -3.5, 87.0, 54.0, 149.0, 54.0, 0.0, -2690.0, 0.0, 3.0, 0.0, 0.0]
2025-08-30 14:29:19,824 - INFO - [51.25, -3.25, -3.5, 51.25, -3.25, -3.5, 51.25, -3.25, -3.5, 75.0, 56.0, 148.0, 46.0, 0.0, -2801.0, 0.0, 3.0, 0.0, 0.0]
2025-08-30 14:29:19,972 - INFO - [49.94, -3.38, -3.56, 49.94, -3.38, -3.56, 49.94, -3.38, -3.56, 69.0, 62.0, 149.0, 39.0, 0.0, -2925.0, 0.0, 3.0, 0.0, 0.0]
2025-08-30 14:29:20,119 - INFO - [48.75, -3.13, -3.44, 48.75, -3.13, -3.44, 48.75, -3.13, -3.44, 65.0, 0.0, 149.0, 46.0, 0.0, -3035.0, 0.0, 3.0, 0.0, 0.0]
2025-08-30 14:29:20,120 - WARNING - Close to the right wall!
2025-08-30 14:29:20,267 - INFO - [48.0, -3.19, -3.75, 48.0, -3.19, -3.75, 48.0, -3.19, -3.75, 58.0, 0.0, 136.0, 42.0, 0.0, -3157.0, 0.0, 3.0, 0.0, 0.0]
2025-08-30 14:29:20,268 - WARNING - Close to the right wall!
2025-08-30 14:29:20,415 - INFO - [47.19, -3.13, -3.63, 47.19, -3.13, -3.63, 47.19, -3.13, -3.63, 51.0, 0.0, 131.0, 39.0, 0.0, -3281.0, 0.0, 3.0, 0.0, 0.0]
2025-08-30 14:29:20,416 - WARNING - Close to the right wall!
2025-08-30 14:29:20,564 - INFO - [46.88, -3.31, -3.63, 46.88, -3.31, -3.63, 46.88, -3.31, -3.63, 46.0, 0.0, 127.0, 35.0, 0.0, -3409.0, 0.0, 3.0, 0.0, 0.0]
2025-08-30 14:29:20,564 - WARNING - Close to the right wall!
2025-08-30 14:29:20,710 - INFO - [47.13, -3.63, -3.63, 47.13, -3.63, -3.63, 47.13, -3.63, -3.63, 43.0, 0.0, 122.0, 31.0, 6448.0, -3544.0, 0.0, 3.0, 0.0, 0.0]
2025-08-30 14:29:20,711 - WARNING - Close to the right wall!
2025-08-30 14:29:20,858 - INFO - [48.63, -3.56, -3.5, 48.63, -3.56, -3.5, 48.63, -3.56, -3.5, 43.0, 0.0, 162.0, 24.0, 6448.0, -3657.0, 0.0, 3.0, 0.0, 0.0]
2025-08-30 14:29:20,859 - WARNING - Close to the right wall!
2025-08-30 14:29:21,010 - INFO - [51.44, -3.69, -3.69, 51.44, -3.69, -3.69, 51.44, -3.69, -3.69, 41.0, 0.0, 176.0, 22.0, 6448.0, -3769.0, 0.0, 3.0, 0.0, 0.0]
2025-08-30 14:29:21,010 - WARNING - Close to the right wall!
2025-08-30 14:29:21,155 - INFO - [54.38, -3.81, -3.63, 54.38, -3.81, -3.63, 54.38, -3.81, -3.63, 43.0, 0.0, 132.0, 23.0, 6448.0, -3877.0, 0.0, 3.0, 0.0, 0.0]
2025-08-30 14:29:21,155 - WARNING - Close to the right wall!
2025-08-30 14:29:21,304 - INFO - [57.31, -3.94, -3.56, 57.31, -3.94, -3.56, 57.31, -3.94, -3.56, 48.0, 0.0, 113.0, 19.0, 6448.0, -3978.0, 0.0, 3.0, 0.0, 0.0]
2025-08-30 14:29:21,306 - WARNING - Close to the right wall!
2025-08-30 14:29:21,452 - INFO - [59.31, -4.0, -3.56, 59.31, -4.0, -3.56, 59.31, -4.0, -3.56, 49.0, 0.0, 119.0, 10.0, 6448.0, -4078.0, 0.0, 3.0, 0.0, 0.0]
2025-08-30 14:29:21,452 - WARNING - Close to the right wall!
2025-08-30 14:29:21,599 - INFO - [61.81, -4.19, -3.31, 61.81, -4.19, -3.31, 61.81, -4.19, -3.31, 51.0, 0.0, 131.0, 18.0, 6448.0, -4173.0, 0.0, 3.0, 0.0, 0.0]
2025-08-30 14:29:21,600 - WARNING - Close to the right wall!
2025-08-30 14:29:21,747 - INFO - [63.81, -4.25, -3.19, 63.81, -4.25, -3.19, 63.81, -4.25, -3.19, 57.0, 216.0, 113.0, 15.0, 6448.0, -4255.0, 0.0, 3.0, 0.0, 0.0]
2025-08-30 14:29:21,895 - INFO - [66.13, -4.56, -3.19, 66.13, -4.56, -3.19, 66.13, -4.56, -3.19, 58.0, 12.0, 72.0, 12.0, 6448.0, -4351.0, 0.0, 3.0, 0.0, 0.0]
2025-08-30 14:29:22,043 - INFO - [68.69, -4.56, -3.13, 68.69, -4.56, -3.13, 68.69, -4.56, -3.13, 67.0, 8.0, 74.0, 12.0, 6448.0, -4452.0, 0.0, 3.0, 0.0, 0.0]
2025-08-30 14:29:22,045 - WARNING - Close to the right wall!
2025-08-30 14:29:22,191 - INFO - [71.44, -4.63, -3.0, 71.44, -4.63, -3.0, 71.44, -4.63, -3.0, 85.0, 8.0, 111.0, 11.0, 6448.0, -4555.0, 0.0, 3.0, 0.0, 0.0]
2025-08-30 14:29:22,191 - WARNING - Close to the right wall!
2025-08-30 14:29:22,337 - INFO - [74.06, -4.88, -2.94, 74.06, -4.88, -2.94, 74.06, -4.88, -2.94, 104.0, 153.0, 116.0, 16.0, 6448.0, -4653.0, 0.0, 3.0, 0.0, 0.0]
2025-08-30 14:29:22,487 - INFO - [76.06, -4.81, -2.81, 76.06, -4.81, -2.81, 76.06, -4.81, -2.81, 106.0, 266.0, 125.0, 16.0, 6448.0, -4754.0, 0.0, 3.0, 0.0, 0.0]
2025-08-30 14:29:22,636 - INFO - [78.19, -4.81, -2.69, 78.19, -4.81, -2.69, 78.19, -4.81, -2.69, 99.0, 276.0, 129.0, 16.0, 6448.0, -4839.0, 0.0, 3.0, 0.0, 0.0]
2025-08-30 14:29:22,659 - INFO - Camera stopped
2025-08-30 14:29:24,473 - INFO - Camera closed successfully.
