2025-08-29 14:48:20,619 - INFO - Camera configuration has been adjusted!
2025-08-29 14:48:20,622 - INFO - Configuration successful!
2025-08-29 14:48:22,165 - INFO - Camera started
2025-08-29 14:48:22,247 - INFO - [84.63, -3.44, -2.56, 84.63, -3.44, -2.56, 84.63, -3.44, -2.56, 190.0, 77.0, 48228.0, 13.0, 6412.0, -3899.0, 0.0, 3.0, 0.0, 0.0]
2025-08-29 14:48:22,601 - INFO - [84.63, -3.44, -2.56, 84.63, -3.44, -2.56, 84.63, -3.44, -2.56, 190.0, 77.0, 48228.0, 12.0, 6412.0, -3899.0, 0.0, 3.0, 0.0, 0.0]
2025-08-29 14:48:23,067 - INFO - [87.5, -3.63, -2.44, 87.5, -3.63, -2.44, 87.5, -3.63, -2.44, 185.0, 76.0, 48228.0, 13.0, 6412.0, -4064.0, 0.0, 3.0, 0.0, 0.0]
2025-08-29 14:48:23,190 - INFO - [89.75, -3.63, -2.31, 89.75, -3.63, -2.31, 89.75, -3.63, -2.31, 184.0, 75.0, 48228.0, 14.0, 6412.0, -4116.0, 0.0, 3.0, 0.0, 0.0]
2025-08-29 14:48:23,316 - INFO - [92.63, -3.69, -2.31, 92.63, -3.69, -2.31, 92.63, -3.69, -2.31, 184.0, 75.0, 48228.0, 14.0, 6412.0, -4190.0, 0.0, 3.0, 0.0, 0.0]
2025-08-29 14:48:23,441 - INFO - [96.69, -3.81, -2.25, 96.69, -3.81, -2.25, 96.69, -3.81, -2.25, 189.0, 73.0, 48228.0, 16.0, 6412.0, -4277.0, 0.0, 3.0, 0.0, 0.0]
2025-08-29 14:48:23,568 - INFO - [100.44, -3.75, -2.13, 100.44, -3.75, -2.13, 100.44, -3.75, -2.13, 189.0, 74.0, 48228.0, 17.0, 6412.0, -4370.0, 1.0, 3.0, 0.0, 0.0]
2025-08-29 14:48:23,693 - INFO - [104.38, -3.88, -1.88, 104.38, -3.88, -1.88, 104.38, -3.88, -1.88, 188.0, 0.0, 48228.0, 20.0, 6412.0, -4457.0, 1.0, 3.0, 0.0, 0.0]
2025-08-29 14:48:23,693 - WARNING - Close to the right wall!
2025-08-29 14:48:23,818 - INFO - [107.06, -4.06, -1.81, 107.06, -4.06, -1.81, 107.06, -4.06, -1.81, 137.0, 0.0, 48228.0, 19.0, 6412.0, -4533.0, 1.0, 3.0, 0.0, 0.0]
2025-08-29 14:48:23,818 - WARNING - Close to the right wall!
2025-08-29 14:48:23,942 - INFO - [109.38, -4.19, -1.63, 109.38, -4.19, -1.63, 109.38, -4.19, -1.63, 75.0, 0.0, 48228.0, 25.0, 6412.0, -4606.0, 1.0, 3.0, 0.0, 0.0]
2025-08-29 14:48:23,942 - WARNING - Close to the right wall!
2025-08-29 14:48:24,067 - INFO - [111.56, -4.25, -1.56, 111.56, -4.25, -1.56, 111.56, -4.25, -1.56, 75.0, 0.0, 48228.0, 24.0, 6412.0, -4671.0, 1.0, 3.0, 0.0, 0.0]
2025-08-29 14:48:24,067 - WARNING - Close to the right wall!
2025-08-29 14:48:24,191 - INFO - [113.38, -4.13, -1.38, 113.38, -4.13, -1.38, 113.38, -4.13, -1.38, 145.0, 300.0, 48228.0, 26.0, 6412.0, -4727.0, 1.0, 3.0, 0.0, 0.0]
2025-08-29 14:48:24,321 - INFO - [115.38, -4.31, -1.31, 115.38, -4.31, -1.31, 115.38, -4.31, -1.31, 0.0, 0.0, 48228.0, 28.0, 6412.0, -4804.0, 1.0, 3.0, 0.0, 0.0]
2025-08-29 14:48:24,322 - WARNING - Close to the right wall!
2025-08-29 14:48:24,444 - INFO - [118.06, -4.25, -1.56, 118.06, -4.25, -1.56, 118.06, -4.25, -1.56, 0.0, 0.0, 48228.0, 29.0, 6412.0, -4894.0, 1.0, 3.0, 0.0, 0.0]
2025-08-29 14:48:24,445 - WARNING - Close to the right wall!
2025-08-29 14:48:24,571 - INFO - [120.81, -4.31, -1.38, 120.81, -4.31, -1.38, 120.81, -4.31, -1.38, 0.0, 0.0, 48228.0, 37.0, 6412.0, -4994.0, 1.0, 3.0, 0.0, 0.0]
2025-08-29 14:48:24,572 - WARNING - Close to the right wall!
2025-08-29 14:48:24,693 - INFO - [123.5, -4.31, -1.25, 123.5, -4.31, -1.25, 123.5, -4.31, -1.25, 0.0, 0.0, 48228.0, 37.0, 6412.0, -5096.0, 1.0, 3.0, 0.0, 0.0]
2025-08-29 14:48:24,694 - WARNING - Close to the right wall!
2025-08-29 14:48:24,819 - INFO - [125.38, -4.31, -1.25, 125.38, -4.31, -1.25, 125.38, -4.31, -1.25, 0.0, 0.0, 48228.0, 39.0, 6412.0, -5192.0, 1.0, 3.0, 0.0, 0.0]
2025-08-29 14:48:24,820 - WARNING - Close to the right wall!
2025-08-29 14:48:24,944 - INFO - [127.25, -4.44, -1.13, 127.25, -4.44, -1.13, 127.25, -4.44, -1.13, 0.0, 0.0, 48228.0, 47.0, 6412.0, -5285.0, 1.0, 3.0, 0.0, 0.0]
2025-08-29 14:48:24,944 - WARNING - Close to the right wall!
2025-08-29 14:48:25,068 - INFO - [128.69, -4.38, -1.0, 128.69, -4.38, -1.0, 128.69, -4.38, -1.0, 123.0, 0.0, 48228.0, 50.0, 6412.0, -5372.0, 1.0, 3.0, 0.0, 0.0]
2025-08-29 14:48:25,068 - WARNING - Close to the right wall!
2025-08-29 14:48:25,193 - INFO - [129.75, -4.44, -1.13, 129.75, -4.44, -1.13, 129.75, -4.44, -1.13, 73.0, 0.0, 48228.0, 54.0, 6412.0, -5473.0, 1.0, 3.0, 0.0, 0.0]
2025-08-29 14:48:25,194 - WARNING - Close to the right wall!
2025-08-29 14:48:25,319 - INFO - [130.94, -4.38, -1.31, 130.94, -4.38, -1.31, 130.94, -4.38, -1.31, 68.0, 64.0, 48228.0, 54.0, 6412.0, -5584.0, 1.0, 3.0, 0.0, 0.0]
2025-08-29 14:48:25,446 - INFO - [132.06, -4.38, -1.19, 132.06, -4.38, -1.19, 132.06, -4.38, -1.19, 57.0, 57.0, 48228.0, 60.0, 6412.0, -5704.0, 1.0, 3.0, 0.0, 0.0]
2025-08-29 14:48:25,569 - INFO - [132.94, -4.25, -1.19, 132.94, -4.25, -1.19, 132.94, -4.25, -1.19, 51.0, 51.0, 48228.0, 70.0, 6412.0, -5822.0, 1.0, 3.0, 0.0, 0.0]
2025-08-29 14:48:25,694 - INFO - [133.75, -4.25, -1.13, 133.75, -4.25, -1.13, 133.75, -4.25, -1.13, 50.0, 47.0, 48228.0, 73.0, 6412.0, -5932.0, 1.0, 3.0, 0.0, 0.0]
2025-08-29 14:48:25,818 - INFO - [134.13, -4.31, -1.25, 134.13, -4.31, -1.25, 134.13, -4.31, -1.25, 45.0, 48.0, 48228.0, 77.0, 6412.0, -6043.0, 1.0, 3.0, 0.0, 0.0]
2025-08-29 14:48:25,944 - INFO - [133.31, -4.5, -1.25, 133.31, -4.5, -1.25, 133.31, -4.5, -1.25, 41.0, 40.0, 48228.0, 74.0, 6412.0, -6167.0, 1.0, 3.0, 0.0, 0.0]
2025-08-29 14:48:26,069 - INFO - [132.0, -4.44, -1.44, 132.0, -4.44, -1.44, 132.0, -4.44, -1.44, 40.0, 38.0, 48228.0, 73.0, 6412.0, -6293.0, 2.0, 3.0, 0.0, 0.0]
2025-08-29 14:48:26,194 - INFO - [131.13, -4.44, -1.63, 131.13, -4.44, -1.63, 131.13, -4.44, -1.63, 38.0, 33.0, 48228.0, 78.0, 6412.0, -6421.0, 2.0, 3.0, 0.0, 0.0]
2025-08-29 14:48:26,318 - INFO - [130.44, -4.44, -1.56, 130.44, -4.44, -1.56, 130.44, -4.44, -1.56, 36.0, 30.0, 48228.0, 81.0, 6412.0, -6535.0, 2.0, 3.0, 0.0, 0.0]
2025-08-29 14:48:26,444 - INFO - [130.06, -4.56, -1.69, 130.06, -4.56, -1.69, 130.06, -4.56, -1.69, 32.0, 25.0, 48228.0, 90.0, 6412.0, -6647.0, 2.0, 3.0, 0.0, 0.0]
2025-08-29 14:48:26,568 - INFO - [129.75, -4.56, -1.75, 129.75, -4.56, -1.75, 129.75, -4.56, -1.75, 29.0, 22.0, 48228.0, 82.0, 6412.0, -6770.0, 2.0, 3.0, 0.0, 0.0]
2025-08-29 14:48:26,692 - INFO - [129.56, -4.38, -1.69, 129.56, -4.38, -1.69, 129.56, -4.38, -1.69, 25.0, 8.0, 48228.0, 36.0, 6412.0, -6900.0, 2.0, 3.0, 0.0, 0.0]
2025-08-29 14:48:26,692 - WARNING - Close to the right wall!
2025-08-29 14:48:26,815 - INFO - [128.5, -4.31, -1.81, 128.5, -4.31, -1.81, 128.5, -4.31, -1.81, 22.0, 12.0, 48228.0, 23.0, 6412.0, -7024.0, 2.0, 3.0, 0.0, 0.0]
2025-08-29 14:48:26,940 - INFO - [126.44, -4.31, -1.75, 126.44, -4.31, -1.75, 126.44, -4.31, -1.75, 131.0, 14.0, 48228.0, 23.0, 6412.0, -7133.0, 2.0, 3.0, 0.0, 0.0]
2025-08-29 14:48:27,064 - INFO - [124.06, -4.25, -1.81, 124.06, -4.25, -1.81, 124.06, -4.25, -1.81, 137.0, 4.0, 48228.0, 23.0, 6412.0, -7228.0, 2.0, 3.0, 0.0, 0.0]
2025-08-29 14:48:27,065 - WARNING - Close to the right wall!
2025-08-29 14:48:27,189 - INFO - [121.88, -4.19, -2.06, 121.88, -4.19, -2.06, 121.88, -4.19, -2.06, 136.0, 8.0, 48228.0, 79.0, 6412.0, -7328.0, 3.0, 3.0, 0.0, 0.0]
2025-08-29 14:48:27,190 - WARNING - Close to the right wall!
2025-08-29 14:48:27,313 - INFO - [119.25, -4.13, -2.13, 119.25, -4.13, -2.13, 119.25, -4.13, -2.13, 125.0, 1.0, 48228.0, 85.0, 6412.0, -7432.0, 3.0, 3.0, 0.0, 0.0]
2025-08-29 14:48:27,313 - WARNING - Close to the right wall!
2025-08-29 14:48:27,437 - INFO - [116.81, -4.0, -2.06, 116.81, -4.0, -2.06, 116.81, -4.0, -2.06, 123.0, 4.0, 48228.0, 88.0, 6412.0, -7538.0, 3.0, 3.0, 0.0, 0.0]
2025-08-29 14:48:27,437 - WARNING - Close to the right wall!
2025-08-29 14:48:27,561 - INFO - [114.88, -3.81, -2.31, 114.88, -3.81, -2.31, 114.88, -3.81, -2.31, 117.0, 2.0, 48228.0, 89.0, 6412.0, -7639.0, 3.0, 3.0, 0.0, 0.0]
2025-08-29 14:48:27,562 - WARNING - Close to the right wall!
2025-08-29 14:48:27,685 - INFO - [113.06, -3.81, -2.31, 113.06, -3.81, -2.31, 113.06, -3.81, -2.31, 107.0, 1.0, 48228.0, 88.0, 6412.0, -7735.0, 3.0, 3.0, 0.0, 0.0]
2025-08-29 14:48:27,685 - WARNING - Close to the right wall!
2025-08-29 14:48:27,809 - INFO - [111.13, -3.69, -2.25, 111.13, -3.69, -2.25, 111.13, -3.69, -2.25, 100.0, 13.0, 48228.0, 86.0, 6412.0, -7817.0, 3.0, 3.0, 0.0, 0.0]
2025-08-29 14:48:27,934 - INFO - [109.44, -3.69, -2.5, 109.44, -3.69, -2.5, 109.44, -3.69, -2.5, 97.0, 16.0, 48228.0, 84.0, 6412.0, -7911.0, 3.0, 3.0, 0.0, 0.0]
2025-08-29 14:48:28,056 - INFO - [107.19, -3.63, -2.44, 107.19, -3.63, -2.44, 107.19, -3.63, -2.44, 88.0, 26.0, 48228.0, 87.0, 6412.0, -8009.0, 3.0, 3.0, 0.0, 0.0]
2025-08-29 14:48:28,103 - INFO - Camera stopped
2025-08-29 14:48:29,913 - INFO - Camera closed successfully.
