2025-08-28 15:37:55,291 - INFO - Camera configuration has been adjusted!
2025-08-28 15:37:55,292 - INFO - Configuration successful!
2025-08-28 15:37:56,814 - INFO - Camera started
2025-08-28 15:37:56,840 - INFO - ['18.31', '-4.00', '-2.13', '18.31', '-4.00', '-2.13', '18.31', '-4.00', '-2.13', '25', '115', '48228', '39', '6412', '150', '0', '3', '0', '0', '']
2025-08-28 15:37:57,182 - INFO - ['18.38', '-3.94', '-2.25', '18.38', '-3.94', '-2.25', '18.38', '-3.94', '-2.25', '25', '142', '48228', '40', '6412', '150', '0', '3', '0', '0', '']
2025-08-28 15:37:57,529 - INFO - ['18.31', '-3.94', '-2.19', '18.31', '-3.94', '-2.19', '18.31', '-3.94', '-2.19', '25', '184', '48228', '39', '6412', '150', '0', '3', '0', '0', '']
2025-08-28 15:37:57,636 - INFO - ['18.31', '-3.94', '-2.19', '18.31', '-3.94', '-2.19', '18.31', '-3.94', '-2.19', '25', '191', '48228', '39', '6412', '150', '0', '3', '0', '0', '']
2025-08-28 15:37:57,694 - INFO - ['18.31', '-3.94', '-2.19', '18.31', '-3.94', '-2.19', '18.31', '-3.94', '-2.19', '25', '185', '48228', '40', '6412', '150', '0', '3', '0', '0', '']
2025-08-28 15:37:57,753 - INFO - ['18.31', '-3.94', '-2.19', '18.31', '-3.94', '-2.19', '18.31', '-3.94', '-2.19', '25', '199', '48228', '39', '6412', '150', '0', '3', '0', '0', '']
2025-08-28 15:37:57,862 - INFO - ['18.31', '-3.94', '-2.19', '18.31', '-3.94', '-2.19', '18.31', '-3.94', '-2.19', '25', '184', '48228', '39', '6412', '150', '0', '3', '0', '0', '']
2025-08-28 15:37:57,968 - INFO - ['18.31', '-3.94', '-2.19', '18.31', '-3.94', '-2.19', '18.31', '-3.94', '-2.19', '25', '206', '48228', '39', '328', '150', '0', '3', '0', '0', '']
2025-08-28 15:37:58,073 - INFO - ['18.31', '-3.94', '-2.19', '18.31', '-3.94', '-2.19', '18.31', '-3.94', '-2.19', '25', '193', '48228', '39', '328', '150', '0', '3', '0', '0', '']
2025-08-28 15:37:58,132 - INFO - ['18.31', '-3.94', '-2.19', '18.31', '-3.94', '-2.19', '18.31', '-3.94', '-2.19', '25', '192', '48228', '40', '328', '150', '0', '3', '0', '0', '']
2025-08-28 15:37:58,191 - INFO - ['18.31', '-3.94', '-2.19', '18.31', '-3.94', '-2.19', '18.31', '-3.94', '-2.19', '25', '187', '48228', '40', '328', '150', '0', '3', '0', '0', '']
2025-08-28 15:37:58,249 - INFO - ['18.31', '-3.94', '-2.19', '18.31', '-3.94', '-2.19', '18.31', '-3.94', '-2.19', '26', '192', '48228', '39', '328', '150', '0', '3', '0', '0', '']
2025-08-28 15:37:58,311 - INFO - ['18.31', '-3.94', '-2.19', '18.31', '-3.94', '-2.19', '18.31', '-3.94', '-2.19', '25', '202', '48228', '39', '328', '150', '0', '3', '0', '0', '']
2025-08-28 15:37:58,366 - INFO - ['18.31', '-3.94', '-2.19', '18.31', '-3.94', '-2.19', '18.31', '-3.94', '-2.19', '25', '184', '48228', '39', '328', '150', '0', '3', '0', '0', '']
2025-08-28 15:37:58,426 - INFO - ['18.31', '-3.94', '-2.19', '18.31', '-3.94', '-2.19', '18.31', '-3.94', '-2.19', '24', '192', '48228', '40', '328', '150', '0', '3', '0', '0', '']
2025-08-28 15:37:58,485 - INFO - ['18.31', '-3.94', '-2.19', '18.31', '-3.94', '-2.19', '18.31', '-3.94', '-2.19', '24', '192', '48228', '40', '328', '150', '0', '3', '0', '0', '']
2025-08-28 15:37:58,544 - INFO - ['18.31', '-3.94', '-2.19', '18.31', '-3.94', '-2.19', '18.31', '-3.94', '-2.19', '25', '202', '48228', '40', '328', '150', '0', '3', '0', '0', '']
2025-08-28 15:37:58,603 - INFO - ['18.31', '-3.94', '-2.19', '18.31', '-3.94', '-2.19', '18.31', '-3.94', '-2.19', '25', '183', '48228', '39', '328', '150', '0', '3', '0', '0', '']
2025-08-28 15:37:58,662 - INFO - ['18.31', '-3.94', '-2.19', '18.31', '-3.94', '-2.19', '18.31', '-3.94', '-2.19', '25', '188', '48228', '39', '328', '150', '0', '3', '0', '0', '']
2025-08-28 15:37:58,720 - INFO - ['18.31', '-3.94', '-2.19', '18.31', '-3.94', '-2.19', '18.31', '-3.94', '-2.19', '25', '189', '48228', '39', '328', '150', '0', '3', '0', '0', '']
2025-08-28 15:37:58,779 - INFO - ['18.31', '-3.94', '-2.19', '18.31', '-3.94', '-2.19', '18.31', '-3.94', '-2.19', '25', '194', '48228', '39', '328', '150', '0', '3', '0', '0', '']
2025-08-28 15:37:58,837 - INFO - ['18.31', '-3.94', '-2.19', '18.31', '-3.94', '-2.19', '18.31', '-3.94', '-2.19', '25', '201', '48228', '40', '328', '150', '0', '3', '0', '0', '']
2025-08-28 15:37:58,897 - INFO - ['18.31', '-3.94', '-2.19', '18.31', '-3.94', '-2.19', '18.31', '-3.94', '-2.19', '24', '191', '48228', '39', '328', '150', '0', '3', '0', '0', '']
2025-08-28 15:37:58,956 - INFO - ['18.31', '-3.94', '-2.19', '18.31', '-3.94', '-2.19', '18.31', '-3.94', '-2.19', '25', '187', '48228', '39', '328', '150', '0', '3', '0', '0', '']
2025-08-28 15:37:59,014 - INFO - ['18.31', '-3.94', '-2.19', '18.31', '-3.94', '-2.19', '18.31', '-3.94', '-2.19', '25', '194', '48228', '39', '328', '150', '0', '3', '0', '0', '']
2025-08-28 15:37:59,073 - INFO - ['18.31', '-3.94', '-2.19', '18.31', '-3.94', '-2.19', '18.31', '-3.94', '-2.19', '25', '189', '48228', '40', '328', '150', '0', '3', '0', '0', '']
2025-08-28 15:37:59,132 - INFO - ['18.31', '-3.94', '-2.19', '18.31', '-3.94', '-2.19', '18.31', '-3.94', '-2.19', '26', '191', '48228', '40', '328', '150', '0', '3', '0', '0', '']
2025-08-28 15:37:59,239 - INFO - ['18.31', '-3.94', '-2.19', '18.31', '-3.94', '-2.19', '18.31', '-3.94', '-2.19', '24', '190', '48228', '39', '328', '150', '0', '3', '0', '0', '']
2025-08-28 15:37:59,347 - INFO - ['18.31', '-3.94', '-2.19', '18.31', '-3.94', '-2.19', '18.31', '-3.94', '-2.19', '25', '196', '48228', '39', '328', '150', '0', '3', '0', '0', '']
2025-08-28 15:37:59,452 - INFO - ['18.31', '-3.94', '-2.19', '18.31', '-3.94', '-2.19', '18.31', '-3.94', '-2.19', '25', '191', '48228', '39', '328', '150', '0', '3', '0', '0', '']
2025-08-28 15:37:59,511 - INFO - ['18.31', '-3.94', '-2.19', '18.31', '-3.94', '-2.19', '18.31', '-3.94', '-2.19', '25', '190', '48228', '39', '328', '150', '0', '3', '0', '0', '']
2025-08-28 15:37:59,618 - INFO - ['18.31', '-3.94', '-2.19', '18.31', '-3.94', '-2.19', '18.31', '-3.94', '-2.19', '25', '191', '48228', '39', '328', '150', '0', '3', '0', '0', '']
2025-08-28 15:37:59,678 - INFO - ['18.31', '-3.94', '-2.19', '18.31', '-3.94', '-2.19', '18.31', '-3.94', '-2.19', '25', '182', '48228', '39', '328', '150', '0', '3', '0', '0', '']
2025-08-28 15:37:59,737 - INFO - ['18.31', '-3.94', '-2.19', '18.31', '-3.94', '-2.19', '18.31', '-3.94', '-2.19', '25', '193', '48228', '39', '328', '150', '0', '3', '0', '0', '']
2025-08-28 15:37:59,795 - INFO - ['18.31', '-3.94', '-2.19', '18.31', '-3.94', '-2.19', '18.31', '-3.94', '-2.19', '25', '191', '48228', '39', '328', '150', '0', '3', '0', '0', '']
2025-08-28 15:37:59,853 - INFO - ['18.31', '-3.94', '-2.19', '18.31', '-3.94', '-2.19', '18.31', '-3.94', '-2.19', '25', '194', '48228', '39', '328', '150', '0', '3', '0', '0', '']
2025-08-28 15:37:59,912 - INFO - ['18.31', '-3.94', '-2.19', '18.31', '-3.94', '-2.19', '18.31', '-3.94', '-2.19', '25', '195', '48228', '39', '328', '150', '0', '3', '0', '0', '']
2025-08-28 15:37:59,971 - INFO - ['18.31', '-3.94', '-2.19', '18.31', '-3.94', '-2.19', '18.31', '-3.94', '-2.19', '25', '184', '48228', '40', '328', '150', '0', '3', '0', '0', '']
2025-08-28 15:38:00,030 - INFO - ['18.31', '-3.94', '-2.19', '18.31', '-3.94', '-2.19', '18.31', '-3.94', '-2.19', '25', '198', '48228', '40', '328', '150', '0', '3', '0', '0', '']
2025-08-28 15:38:00,091 - INFO - ['18.31', '-3.94', '-2.19', '18.31', '-3.94', '-2.19', '18.31', '-3.94', '-2.19', '25', '193', '48228', '39', '328', '150', '0', '3', '0', '0', '']
2025-08-28 15:38:00,150 - INFO - ['18.31', '-3.94', '-2.19', '18.31', '-3.94', '-2.19', '18.31', '-3.94', '-2.19', '25', '196', '48228', '39', '328', '150', '0', '3', '0', '0', '']
2025-08-28 15:38:00,207 - INFO - ['18.25', '-3.94', '-2.19', '18.25', '-3.94', '-2.19', '18.25', '-3.94', '-2.19', '25', '117', '48228', '39', '328', '150', '0', '3', '0', '0', '']
2025-08-28 15:38:00,313 - INFO - ['18.13', '-3.94', '-2.25', '18.13', '-3.94', '-2.25', '18.13', '-3.94', '-2.25', '24', '125', '48228', '39', '328', '149', '0', '3', '0', '0', '']
2025-08-28 15:38:00,418 - INFO - ['17.94', '-3.88', '-2.25', '17.94', '-3.88', '-2.25', '17.94', '-3.88', '-2.25', '24', '136', '48228', '39', '328', '142', '0', '3', '0', '0', '']
2025-08-28 15:38:00,523 - INFO - ['17.81', '-3.88', '-2.25', '17.81', '-3.88', '-2.25', '17.81', '-3.88', '-2.25', '24', '121', '48228', '39', '328', '135', '0', '3', '0', '0', '']
2025-08-28 15:38:00,629 - INFO - ['17.56', '-3.88', '-2.25', '17.56', '-3.88', '-2.25', '17.56', '-3.88', '-2.25', '24', '117', '48228', '40', '328', '124', '0', '3', '0', '0', '']
2025-08-28 15:38:00,688 - INFO - ['17.44', '-3.88', '-2.25', '17.44', '-3.88', '-2.25', '17.44', '-3.88', '-2.25', '24', '102', '48228', '39', '328', '118', '0', '3', '0', '0', '']
2025-08-28 15:38:00,745 - INFO - ['17.31', '-3.88', '-2.31', '17.31', '-3.88', '-2.31', '17.31', '-3.88', '-2.31', '23', '118', '48228', '40', '328', '111', '0', '3', '0', '0', '']
2025-08-28 15:38:00,803 - INFO - ['17.13', '-3.88', '-2.31', '17.13', '-3.88', '-2.31', '17.13', '-3.88', '-2.31', '23', '115', '48228', '40', '328', '105', '0', '3', '0', '0', '']
2025-08-28 15:38:00,861 - INFO - ['16.94', '-3.88', '-2.31', '16.94', '-3.88', '-2.31', '16.94', '-3.88', '-2.31', '22', '106', '48228', '39', '328', '96', '0', '3', '0', '0', '']
2025-08-28 15:38:00,965 - INFO - ['16.56', '-3.81', '-2.31', '16.56', '-3.81', '-2.31', '16.56', '-3.81', '-2.31', '23', '105', '48228', '39', '328', '81', '0', '3', '0', '0', '']
2025-08-28 15:38:01,022 - INFO - ['16.38', '-3.81', '-2.38', '16.38', '-3.81', '-2.38', '16.38', '-3.81', '-2.38', '23', '116', '48228', '39', '328', '73', '0', '3', '0', '0', '']
2025-08-28 15:38:01,127 - INFO - ['16.06', '-3.81', '-2.38', '16.06', '-3.81', '-2.38', '16.06', '-3.81', '-2.38', '21', '108', '48228', '38', '328', '58', '0', '3', '0', '0', '']
2025-08-28 15:38:01,234 - INFO - ['15.63', '-3.75', '-2.38', '15.63', '-3.75', '-2.38', '15.63', '-3.75', '-2.38', '22', '102', '48228', '39', '328', '44', '0', '3', '0', '0', '']
2025-08-28 15:38:01,339 - INFO - ['15.31', '-3.75', '-2.38', '15.31', '-3.75', '-2.38', '15.31', '-3.75', '-2.38', '21', '100', '48228', '37', '328', '29', '0', '3', '0', '0', '']
2025-08-28 15:38:01,445 - INFO - ['15.06', '-3.75', '-2.38', '15.06', '-3.75', '-2.38', '15.06', '-3.75', '-2.38', '21', '77', '48228', '36', '328', '13', '0', '3', '0', '0', '']
2025-08-28 15:38:01,552 - INFO - ['14.75', '-3.75', '-2.38', '14.75', '-3.75', '-2.38', '14.75', '-3.75', '-2.38', '20', '76', '48228', '36', '328', '0', '0', '3', '0', '0', '']
2025-08-28 15:38:01,657 - INFO - ['14.50', '-3.75', '-2.44', '14.50', '-3.75', '-2.44', '14.50', '-3.75', '-2.44', '19', '74', '48228', '36', '328', '-10', '0', '3', '0', '0', '']
2025-08-28 15:38:01,761 - INFO - ['14.50', '-3.69', '-2.50', '14.50', '-3.69', '-2.50', '14.50', '-3.69', '-2.50', '19', '76', '48228', '36', '328', '-12', '0', '3', '0', '0', '']
2025-08-28 15:38:01,865 - INFO - ['14.44', '-3.63', '-2.50', '14.44', '-3.63', '-2.50', '14.44', '-3.63', '-2.50', '20', '69', '48228', '36', '328', '-12', '0', '3', '0', '0', '']
2025-08-28 15:38:01,926 - INFO - ['14.44', '-3.63', '-2.50', '14.44', '-3.63', '-2.50', '14.44', '-3.63', '-2.50', '20', '65', '48228', '36', '328', '-12', '0', '3', '0', '0', '']
2025-08-28 15:38:01,981 - INFO - ['14.44', '-3.63', '-2.50', '14.44', '-3.63', '-2.50', '14.44', '-3.63', '-2.50', '19', '79', '48228', '36', '328', '-12', '0', '3', '0', '0', '']
2025-08-28 15:38:02,088 - INFO - ['14.44', '-3.69', '-2.44', '14.44', '-3.69', '-2.44', '14.44', '-3.69', '-2.44', '19', '71', '48228', '36', '328', '-12', '0', '3', '0', '0', '']
2025-08-28 15:38:02,192 - INFO - ['14.25', '-3.69', '-2.50', '14.25', '-3.69', '-2.50', '14.25', '-3.69', '-2.50', '19', '81', '48228', '36', '328', '-21', '0', '3', '0', '0', '']
2025-08-28 15:38:02,252 - INFO - ['14.06', '-3.81', '-2.50', '14.06', '-3.81', '-2.50', '14.06', '-3.81', '-2.50', '19', '71', '48228', '35', '328', '-29', '0', '3', '0', '0', '']
2025-08-28 15:38:02,357 - INFO - ['13.69', '-3.81', '-2.56', '13.69', '-3.81', '-2.56', '13.69', '-3.81', '-2.56', '17', '67', '48228', '35', '328', '-48', '0', '3', '0', '0', '']
2025-08-28 15:38:02,464 - INFO - ['13.31', '-3.81', '-2.56', '13.31', '-3.81', '-2.56', '13.31', '-3.81', '-2.56', '23', '54', '48228', '35', '328', '-66', '0', '3', '0', '0', '']
2025-08-28 15:38:02,569 - INFO - ['12.88', '-3.81', '-2.56', '12.88', '-3.81', '-2.56', '12.88', '-3.81', '-2.56', '30', '32', '48228', '35', '328', '-84', '0', '3', '0', '0', '']
2025-08-28 15:38:02,674 - INFO - ['12.50', '-3.81', '-2.50', '12.50', '-3.81', '-2.50', '12.50', '-3.81', '-2.50', '52', '31', '48228', '35', '328', '-100', '0', '3', '0', '0', '']
2025-08-28 15:38:02,730 - INFO - ['12.31', '-3.81', '-2.50', '12.31', '-3.81', '-2.50', '12.31', '-3.81', '-2.50', '63', '41', '48228', '35', '328', '-108', '0', '3', '0', '0', '']
2025-08-28 15:38:02,787 - INFO - ['12.13', '-3.81', '-2.50', '12.13', '-3.81', '-2.50', '12.13', '-3.81', '-2.50', '76', '106', '48228', '35', '328', '-116', '0', '3', '0', '0', '']
2025-08-28 15:38:02,844 - INFO - ['12.00', '-3.81', '-2.50', '12.00', '-3.81', '-2.50', '12.00', '-3.81', '-2.50', '87', '126', '48228', '34', '328', '-122', '0', '3', '0', '0', '']
2025-08-28 15:38:02,905 - INFO - ['11.81', '-3.81', '-2.50', '11.81', '-3.81', '-2.50', '11.81', '-3.81', '-2.50', '99', '123', '48228', '34', '328', '-131', '0', '3', '0', '0', '']
2025-08-28 15:38:02,964 - INFO - ['11.63', '-3.88', '-2.50', '11.63', '-3.88', '-2.50', '11.63', '-3.88', '-2.50', '110', '116', '48228', '34', '328', '-139', '0', '3', '0', '0', '']
2025-08-28 15:38:03,021 - INFO - ['11.50', '-3.81', '-2.50', '11.50', '-3.81', '-2.50', '11.50', '-3.81', '-2.50', '117', '123', '48228', '34', '328', '-146', '0', '3', '0', '0', '']
2025-08-28 15:38:03,126 - INFO - ['11.25', '-3.81', '-2.56', '11.25', '-3.81', '-2.56', '11.25', '-3.81', '-2.56', '125', '119', '48228', '34', '328', '-154', '0', '3', '0', '0', '']
2025-08-28 15:38:03,232 - INFO - ['11.19', '-3.69', '-2.56', '11.19', '-3.69', '-2.56', '11.19', '-3.69', '-2.56', '126', '118', '48228', '34', '328', '-155', '0', '3', '0', '0', '']
2025-08-28 15:38:03,340 - INFO - ['11.19', '-3.69', '-2.56', '11.19', '-3.69', '-2.56', '11.19', '-3.69', '-2.56', '126', '116', '48228', '33', '328', '-155', '0', '3', '0', '0', '']
2025-08-28 15:38:03,396 - INFO - ['11.25', '-3.69', '-2.56', '11.25', '-3.69', '-2.56', '11.25', '-3.69', '-2.56', '123', '117', '48228', '34', '328', '-155', '0', '3', '0', '0', '']
2025-08-28 15:38:03,454 - INFO - ['11.31', '-3.69', '-2.56', '11.31', '-3.69', '-2.56', '11.31', '-3.69', '-2.56', '121', '117', '48228', '33', '328', '-155', '0', '3', '0', '0', '']
2025-08-28 15:38:03,513 - INFO - ['11.38', '-3.69', '-2.56', '11.38', '-3.69', '-2.56', '11.38', '-3.69', '-2.56', '119', '122', '48228', '35', '328', '-153', '0', '3', '0', '0', '']
2025-08-28 15:38:03,616 - INFO - ['11.38', '-3.69', '-2.56', '11.38', '-3.69', '-2.56', '11.38', '-3.69', '-2.56', '120', '119', '48228', '34', '328', '-153', '0', '3', '0', '0', '']
2025-08-28 15:38:03,673 - INFO - ['11.31', '-3.69', '-2.56', '11.31', '-3.69', '-2.56', '11.31', '-3.69', '-2.56', '124', '114', '48228', '34', '328', '-153', '0', '3', '0', '0', '']
2025-08-28 15:38:03,730 - INFO - ['11.25', '-3.75', '-2.56', '11.25', '-3.75', '-2.56', '11.25', '-3.75', '-2.56', '126', '121', '48228', '34', '328', '-153', '0', '3', '0', '0', '']
2025-08-28 15:38:03,789 - INFO - ['11.13', '-3.75', '-2.56', '11.13', '-3.75', '-2.56', '11.13', '-3.75', '-2.56', '131', '116', '48228', '34', '328', '-157', '0', '3', '0', '0', '']
2025-08-28 15:38:03,847 - INFO - ['10.94', '-3.75', '-2.56', '10.94', '-3.75', '-2.56', '10.94', '-3.75', '-2.56', '137', '114', '48228', '34', '328', '-166', '0', '3', '0', '0', '']
2025-08-28 15:38:03,905 - INFO - ['10.75', '-3.75', '-2.56', '10.75', '-3.75', '-2.56', '10.75', '-3.75', '-2.56', '139', '110', '48228', '34', '328', '-176', '0', '3', '0', '0', '']
2025-08-28 15:38:04,011 - INFO - ['10.31', '-3.75', '-2.56', '10.31', '-3.75', '-2.56', '10.31', '-3.75', '-2.56', '140', '100', '48228', '33', '328', '-195', '0', '3', '0', '0', '']
2025-08-28 15:38:04,068 - INFO - ['10.13', '-3.75', '-2.56', '10.13', '-3.75', '-2.56', '10.13', '-3.75', '-2.56', '137', '95', '48228', '33', '328', '-206', '0', '3', '0', '0', '']
2025-08-28 15:38:04,173 - INFO - ['9.75', '-3.75', '-2.63', '9.75', '-3.75', '-2.63', '9.75', '-3.75', '-2.63', '125', '92', '48228', '33', '328', '-227', '0', '3', '0', '0', '']
2025-08-28 15:38:04,277 - INFO - ['9.31', '-3.75', '-2.63', '9.31', '-3.75', '-2.63', '9.31', '-3.75', '-2.63', '112', '82', '48228', '32', '328', '-245', '0', '3', '0', '0', '']
2025-08-28 15:38:04,335 - INFO - ['9.06', '-3.75', '-2.63', '9.06', '-3.75', '-2.63', '9.06', '-3.75', '-2.63', '103', '79', '48228', '33', '328', '-255', '0', '3', '0', '0', '']
2025-08-28 15:38:04,392 - INFO - ['8.88', '-3.69', '-2.69', '8.88', '-3.69', '-2.69', '8.88', '-3.69', '-2.69', '108', '79', '48228', '32', '328', '-266', '0', '3', '0', '0', '']
2025-08-28 15:38:04,449 - INFO - ['8.75', '-3.69', '-2.69', '8.75', '-3.69', '-2.69', '8.75', '-3.69', '-2.69', '105', '76', '48228', '32', '328', '-275', '0', '3', '0', '0', '']
2025-08-28 15:38:04,508 - INFO - ['8.56', '-3.69', '-2.69', '8.56', '-3.69', '-2.69', '8.56', '-3.69', '-2.69', '103', '73', '48228', '32', '328', '-283', '0', '3', '0', '0', '']
2025-08-28 15:38:04,565 - INFO - ['8.44', '-3.69', '-2.69', '8.44', '-3.69', '-2.69', '8.44', '-3.69', '-2.69', '103', '71', '48228', '32', '328', '-292', '0', '3', '0', '0', '']
2025-08-28 15:38:04,672 - INFO - ['8.19', '-3.63', '-2.75', '8.19', '-3.63', '-2.75', '8.19', '-3.63', '-2.75', '101', '67', '48228', '30', '328', '-304', '0', '3', '0', '0', '']
2025-08-28 15:38:04,777 - INFO - ['8.00', '-3.63', '-2.75', '8.00', '-3.63', '-2.75', '8.00', '-3.63', '-2.75', '105', '68', '48228', '32', '328', '-315', '0', '3', '0', '0', '']
2025-08-28 15:38:04,880 - INFO - ['7.88', '-3.63', '-2.75', '7.88', '-3.63', '-2.75', '7.88', '-3.63', '-2.75', '104', '64', '48228', '31', '328', '-323', '0', '3', '0', '0', '']
2025-08-28 15:38:04,986 - INFO - ['7.75', '-3.63', '-2.81', '7.75', '-3.63', '-2.81', '7.75', '-3.63', '-2.81', '101', '64', '48228', '31', '328', '-327', '0', '3', '0', '0', '']
2025-08-28 15:38:05,091 - INFO - ['7.81', '-3.56', '-2.81', '7.81', '-3.56', '-2.81', '7.81', '-3.56', '-2.81', '103', '64', '48228', '30', '328', '-327', '0', '3', '0', '0', '']
2025-08-28 15:38:05,197 - INFO - ['7.88', '-3.56', '-2.81', '7.88', '-3.56', '-2.81', '7.88', '-3.56', '-2.81', '102', '65', '48228', '31', '328', '-327', '0', '3', '0', '0', '']
2025-08-28 15:38:05,303 - INFO - ['7.94', '-3.56', '-2.81', '7.94', '-3.56', '-2.81', '7.94', '-3.56', '-2.81', '103', '64', '48228', '31', '328', '-327', '0', '3', '0', '0', '']
2025-08-28 15:38:05,406 - INFO - ['7.94', '-3.75', '-2.75', '7.94', '-3.75', '-2.75', '7.94', '-3.75', '-2.75', '101', '64', '48228', '30', '328', '-327', '0', '3', '0', '0', '']
2025-08-28 15:38:05,465 - INFO - ['7.94', '-3.75', '-2.75', '7.94', '-3.75', '-2.75', '7.94', '-3.75', '-2.75', '102', '67', '48228', '31', '328', '-327', '0', '3', '0', '0', '']
2025-08-28 15:38:05,523 - INFO - ['7.94', '-3.75', '-2.75', '7.94', '-3.75', '-2.75', '7.94', '-3.75', '-2.75', '103', '63', '48228', '31', '328', '-327', '0', '3', '0', '0', '']
2025-08-28 15:38:05,630 - INFO - ['7.88', '-3.75', '-2.75', '7.88', '-3.75', '-2.75', '7.88', '-3.75', '-2.75', '103', '64', '48228', '31', '328', '-327', '0', '3', '0', '0', '']
2025-08-28 15:38:05,684 - INFO - ['7.81', '-3.75', '-2.75', '7.81', '-3.75', '-2.75', '7.81', '-3.75', '-2.75', '105', '64', '48228', '32', '328', '-327', '0', '3', '0', '0', '']
2025-08-28 15:38:05,745 - INFO - ['7.69', '-3.75', '-2.81', '7.69', '-3.75', '-2.81', '7.69', '-3.75', '-2.81', '104', '60', '48228', '32', '328', '-332', '0', '3', '0', '0', '']
2025-08-28 15:38:05,848 - INFO - ['7.38', '-3.75', '-2.81', '7.38', '-3.75', '-2.81', '7.38', '-3.75', '-2.81', '103', '58', '48228', '32', '328', '-346', '0', '3', '0', '0', '']
2025-08-28 15:38:05,908 - INFO - ['7.25', '-3.75', '-2.81', '7.25', '-3.75', '-2.81', '7.25', '-3.75', '-2.81', '102', '59', '48228', '30', '328', '-355', '0', '3', '0', '0', '']
2025-08-28 15:38:06,011 - INFO - ['7.00', '-3.88', '-2.81', '7.00', '-3.88', '-2.81', '7.00', '-3.88', '-2.81', '99', '59', '48228', '29', '328', '-376', '0', '3', '0', '0', '']
2025-08-28 15:38:06,117 - INFO - ['6.63', '-3.88', '-2.81', '6.63', '-3.88', '-2.81', '6.63', '-3.88', '-2.81', '98', '60', '48228', '30', '328', '-399', '0', '3', '0', '0', '']
2025-08-28 15:38:06,221 - INFO - ['6.31', '-3.88', '-2.75', '6.31', '-3.88', '-2.75', '6.31', '-3.88', '-2.75', '96', '60', '48228', '31', '328', '-405', '0', '3', '0', '0', '']
2025-08-28 15:38:06,327 - INFO - ['5.94', '-3.88', '-2.81', '5.94', '-3.88', '-2.81', '5.94', '-3.88', '-2.81', '96', '60', '48228', '31', '328', '-423', '0', '3', '0', '0', '']
2025-08-28 15:38:06,385 - INFO - ['5.81', '-3.88', '-2.81', '5.81', '-3.88', '-2.81', '5.81', '-3.88', '-2.81', '89', '61', '48228', '28', '328', '-431', '0', '3', '0', '0', '']
2025-08-28 15:38:06,441 - INFO - ['5.75', '-3.81', '-2.88', '5.75', '-3.81', '-2.88', '5.75', '-3.81', '-2.88', '91', '61', '48228', '29', '328', '-438', '0', '3', '0', '0', '']
2025-08-28 15:38:06,549 - INFO - ['5.75', '-3.75', '-2.88', '5.75', '-3.75', '-2.88', '5.75', '-3.75', '-2.88', '90', '60', '48228', '28', '328', '-440', '0', '3', '0', '0', '']
2025-08-28 15:38:06,606 - INFO - ['5.75', '-3.69', '-2.88', '5.75', '-3.69', '-2.88', '5.75', '-3.69', '-2.88', '88', '60', '48228', '28', '328', '-440', '0', '3', '0', '0', '']
2025-08-28 15:38:06,664 - INFO - ['5.75', '-3.69', '-2.88', '5.75', '-3.69', '-2.88', '5.75', '-3.69', '-2.88', '91', '60', '48228', '29', '328', '-440', '0', '3', '0', '0', '']
2025-08-28 15:38:06,722 - INFO - ['5.81', '-3.69', '-2.81', '5.81', '-3.69', '-2.81', '5.81', '-3.69', '-2.81', '91', '61', '48228', '28', '328', '-440', '0', '3', '0', '0', '']
2025-08-28 15:38:06,779 - INFO - ['5.81', '-3.69', '-2.81', '5.81', '-3.69', '-2.81', '5.81', '-3.69', '-2.81', '95', '60', '48228', '28', '328', '-440', '0', '3', '0', '0', '']
2025-08-28 15:38:06,884 - INFO - ['5.88', '-3.81', '-2.81', '5.88', '-3.81', '-2.81', '5.88', '-3.81', '-2.81', '95', '60', '48228', '28', '328', '-440', '0', '3', '0', '0', '']
2025-08-28 15:38:06,943 - INFO - ['5.88', '-3.88', '-2.81', '5.88', '-3.88', '-2.81', '5.88', '-3.88', '-2.81', '93', '61', '48228', '29', '328', '-440', '0', '3', '0', '0', '']
2025-08-28 15:38:07,001 - INFO - ['5.88', '-3.88', '-2.81', '5.88', '-3.88', '-2.81', '5.88', '-3.88', '-2.81', '94', '62', '48228', '30', '328', '-440', '0', '3', '0', '0', '']
2025-08-28 15:38:07,056 - INFO - ['5.88', '-4.00', '-2.81', '5.88', '-4.00', '-2.81', '5.88', '-4.00', '-2.81', '91', '61', '48228', '28', '328', '-440', '0', '3', '0', '0', '']
2025-08-28 15:38:07,115 - INFO - ['5.75', '-4.00', '-2.81', '5.75', '-4.00', '-2.81', '5.75', '-4.00', '-2.81', '90', '60', '48228', '28', '328', '-440', '0', '3', '0', '0', '']
2025-08-28 15:38:07,173 - INFO - ['5.69', '-3.94', '-2.81', '5.69', '-3.94', '-2.81', '5.69', '-3.94', '-2.81', '89', '60', '48228', '29', '328', '-441', '0', '3', '0', '0', '']
2025-08-28 15:38:07,278 - INFO - ['5.50', '-3.94', '-2.81', '5.50', '-3.94', '-2.81', '5.50', '-3.94', '-2.81', '88', '62', '48228', '29', '328', '-453', '0', '3', '0', '0', '']
2025-08-28 15:38:07,338 - INFO - ['5.44', '-3.88', '-2.81', '5.44', '-3.88', '-2.81', '5.44', '-3.88', '-2.81', '88', '61', '48228', '28', '328', '-458', '0', '3', '0', '0', '']
2025-08-28 15:38:07,394 - INFO - ['5.31', '-3.94', '-2.81', '5.31', '-3.94', '-2.81', '5.31', '-3.94', '-2.81', '89', '61', '48228', '29', '328', '-466', '0', '3', '0', '0', '']
2025-08-28 15:38:07,451 - INFO - ['5.19', '-3.94', '-2.81', '5.19', '-3.94', '-2.81', '5.19', '-3.94', '-2.81', '89', '60', '48228', '27', '328', '-475', '0', '3', '0', '0', '']
2025-08-28 15:38:07,508 - INFO - ['5.06', '-3.94', '-2.81', '5.06', '-3.94', '-2.81', '5.06', '-3.94', '-2.81', '90', '62', '48228', '30', '328', '-483', '0', '3', '0', '0', '']
2025-08-28 15:38:07,567 - INFO - ['4.94', '-3.94', '-2.81', '4.94', '-3.94', '-2.81', '4.94', '-3.94', '-2.81', '89', '61', '48228', '29', '328', '-493', '0', '3', '0', '0', '']
2025-08-28 15:38:07,624 - INFO - ['4.75', '-4.00', '-2.81', '4.75', '-4.00', '-2.81', '4.75', '-4.00', '-2.81', '88', '63', '48228', '28', '328', '-505', '0', '3', '0', '0', '']
2025-08-28 15:38:07,731 - INFO - ['4.75', '-3.94', '-2.94', '4.75', '-3.94', '-2.94', '4.75', '-3.94', '-2.94', '81', '62', '48228', '27', '328', '-527', '0', '3', '0', '0', '']
2025-08-28 15:38:07,837 - INFO - ['4.94', '-3.94', '-2.94', '4.94', '-3.94', '-2.94', '4.94', '-3.94', '-2.94', '84', '63', '48228', '27', '6412', '-539', '0', '3', '0', '0', '']
2025-08-28 15:38:07,940 - INFO - ['5.25', '-3.94', '-2.94', '5.25', '-3.94', '-2.94', '5.25', '-3.94', '-2.94', '82', '62', '48228', '28', '6412', '-549', '0', '3', '0', '0', '']
2025-08-28 15:38:08,044 - INFO - ['5.38', '-3.69', '-2.94', '5.38', '-3.69', '-2.94', '5.38', '-3.69', '-2.94', '82', '60', '48228', '29', '6412', '-550', '0', '3', '0', '0', '']
2025-08-28 15:38:08,101 - INFO - ['5.31', '-3.63', '-3.00', '5.31', '-3.63', '-3.00', '5.31', '-3.63', '-3.00', '83', '62', '48228', '28', '6412', '-550', '0', '3', '0', '0', '']
2025-08-28 15:38:08,157 - INFO - ['5.19', '-3.63', '-3.00', '5.19', '-3.63', '-3.00', '5.19', '-3.63', '-3.00', '82', '62', '48228', '27', '6412', '-550', '0', '3', '0', '0', '']
2025-08-28 15:38:08,216 - INFO - ['5.00', '-3.63', '-3.00', '5.00', '-3.63', '-3.00', '5.00', '-3.63', '-3.00', '84', '62', '48228', '28', '6412', '-550', '0', '3', '0', '0', '']
2025-08-28 15:38:08,321 - INFO - ['5.00', '-3.69', '-3.00', '5.00', '-3.69', '-3.00', '5.00', '-3.69', '-3.00', '83', '62', '48228', '27', '6412', '-549', '0', '3', '0', '0', '']
2025-08-28 15:38:08,380 - INFO - ['5.06', '-3.69', '-3.00', '5.06', '-3.69', '-3.00', '5.06', '-3.69', '-3.00', '83', '62', '48228', '28', '6412', '-549', '0', '3', '0', '0', '']
2025-08-28 15:38:08,440 - INFO - ['5.06', '-3.63', '-3.00', '5.06', '-3.63', '-3.00', '5.06', '-3.63', '-3.00', '83', '62', '48228', '28', '6412', '-549', '0', '3', '0', '0', '']
2025-08-28 15:38:08,498 - INFO - ['5.00', '-3.63', '-3.00', '5.00', '-3.63', '-3.00', '5.00', '-3.63', '-3.00', '83', '62', '48228', '27', '6412', '-549', '0', '3', '0', '0', '']
2025-08-28 15:38:08,555 - INFO - ['5.00', '-3.69', '-3.00', '5.00', '-3.69', '-3.00', '5.00', '-3.69', '-3.00', '83', '62', '48228', '28', '6412', '-549', '0', '3', '0', '0', '']
2025-08-28 15:38:08,661 - INFO - ['5.00', '-3.69', '-3.00', '5.00', '-3.69', '-3.00', '5.00', '-3.69', '-3.00', '83', '63', '48228', '28', '6412', '-549', '0', '3', '0', '0', '']
2025-08-28 15:38:08,719 - INFO - ['5.00', '-3.69', '-3.00', '5.00', '-3.69', '-3.00', '5.00', '-3.69', '-3.00', '82', '62', '48228', '28', '6412', '-549', '0', '3', '0', '0', '']
2025-08-28 15:38:08,777 - INFO - ['5.00', '-3.69', '-3.00', '5.00', '-3.69', '-3.00', '5.00', '-3.69', '-3.00', '82', '61', '48228', '27', '6412', '-549', '0', '3', '0', '0', '']
2025-08-28 15:38:08,882 - INFO - ['5.00', '-3.69', '-3.00', '5.00', '-3.69', '-3.00', '5.00', '-3.69', '-3.00', '81', '63', '48228', '28', '6412', '-549', '0', '3', '0', '0', '']
2025-08-28 15:38:08,987 - INFO - ['5.00', '-3.69', '-3.00', '5.00', '-3.69', '-3.00', '5.00', '-3.69', '-3.00', '84', '63', '48228', '28', '6412', '-549', '0', '3', '0', '0', '']
2025-08-28 15:38:09,044 - INFO - ['5.00', '-3.69', '-3.00', '5.00', '-3.69', '-3.00', '5.00', '-3.69', '-3.00', '82', '62', '48228', '27', '6412', '-549', '0', '3', '0', '0', '']
2025-08-28 15:38:09,101 - INFO - ['5.00', '-3.69', '-3.00', '5.00', '-3.69', '-3.00', '5.00', '-3.69', '-3.00', '83', '62', '48228', '28', '6412', '-549', '0', '3', '0', '0', '']
2025-08-28 15:38:09,160 - INFO - ['5.00', '-3.75', '-3.06', '5.00', '-3.75', '-3.06', '5.00', '-3.75', '-3.06', '83', '62', '48228', '28', '6412', '-549', '0', '3', '0', '0', '']
2025-08-28 15:38:09,218 - INFO - ['5.06', '-3.75', '-3.00', '5.06', '-3.75', '-3.00', '5.06', '-3.75', '-3.00', '82', '62', '48228', '28', '6412', '-549', '0', '3', '0', '0', '']
2025-08-28 15:38:09,326 - INFO - ['5.06', '-3.69', '-3.00', '5.06', '-3.69', '-3.00', '5.06', '-3.69', '-3.00', '82', '63', '48228', '27', '6412', '-549', '0', '3', '0', '0', '']
2025-08-28 15:38:09,385 - INFO - ['5.00', '-3.69', '-3.06', '5.00', '-3.69', '-3.06', '5.00', '-3.69', '-3.06', '82', '63', '48228', '27', '6412', '-549', '0', '3', '0', '0', '']
2025-08-28 15:38:09,444 - INFO - ['5.00', '-3.75', '-3.06', '5.00', '-3.75', '-3.06', '5.00', '-3.75', '-3.06', '83', '63', '48228', '28', '6412', '-549', '0', '3', '0', '0', '']
2025-08-28 15:38:09,549 - INFO - ['5.00', '-3.75', '-3.06', '5.00', '-3.75', '-3.06', '5.00', '-3.75', '-3.06', '83', '63', '48228', '28', '6412', '-549', '0', '3', '0', '0', '']
2025-08-28 15:38:09,609 - INFO - ['5.00', '-3.75', '-3.06', '5.00', '-3.75', '-3.06', '5.00', '-3.75', '-3.06', '84', '63', '48228', '28', '6412', '-549', '0', '3', '0', '0', '']
2025-08-28 15:38:09,667 - INFO - ['5.00', '-3.75', '-3.06', '5.00', '-3.75', '-3.06', '5.00', '-3.75', '-3.06', '83', '62', '48228', '28', '6412', '-549', '0', '3', '0', '0', '']
2025-08-28 15:38:09,725 - INFO - ['5.00', '-3.75', '-3.06', '5.00', '-3.75', '-3.06', '5.00', '-3.75', '-3.06', '83', '62', '48228', '29', '6412', '-549', '0', '3', '0', '0', '']
2025-08-28 15:38:09,786 - INFO - ['5.00', '-3.75', '-3.06', '5.00', '-3.75', '-3.06', '5.00', '-3.75', '-3.06', '85', '62', '48228', '28', '6412', '-549', '0', '3', '0', '0', '']
2025-08-28 15:38:09,888 - INFO - ['5.00', '-3.75', '-3.06', '5.00', '-3.75', '-3.06', '5.00', '-3.75', '-3.06', '84', '62', '48228', '27', '6412', '-549', '0', '3', '0', '0', '']
2025-08-28 15:38:09,992 - INFO - ['5.00', '-3.75', '-3.06', '5.00', '-3.75', '-3.06', '5.00', '-3.75', '-3.06', '81', '63', '48228', '27', '6412', '-549', '0', '3', '0', '0', '']
2025-08-28 15:38:10,099 - INFO - ['5.00', '-3.75', '-3.06', '5.00', '-3.75', '-3.06', '5.00', '-3.75', '-3.06', '83', '62', '48228', '27', '6412', '-549', '0', '3', '0', '0', '']
2025-08-28 15:38:10,205 - INFO - ['5.00', '-3.75', '-3.06', '5.00', '-3.75', '-3.06', '5.00', '-3.75', '-3.06', '82', '62', '48228', '28', '6412', '-549', '0', '3', '0', '0', '']
2025-08-28 15:38:10,261 - INFO - ['5.00', '-3.75', '-3.06', '5.00', '-3.75', '-3.06', '5.00', '-3.75', '-3.06', '83', '62', '48228', '27', '6412', '-549', '0', '3', '0', '0', '']
2025-08-28 15:38:10,321 - INFO - ['5.00', '-3.75', '-3.06', '5.00', '-3.75', '-3.06', '5.00', '-3.75', '-3.06', '85', '63', '48228', '27', '6412', '-549', '0', '3', '0', '0', '']
2025-08-28 15:38:10,379 - INFO - ['5.00', '-3.75', '-3.06', '5.00', '-3.75', '-3.06', '5.00', '-3.75', '-3.06', '83', '63', '48228', '28', '6412', '-549', '0', '3', '0', '0', '']
2025-08-28 15:38:10,437 - INFO - ['5.00', '-3.75', '-3.06', '5.00', '-3.75', '-3.06', '5.00', '-3.75', '-3.06', '84', '62', '48228', '27', '6412', '-549', '0', '3', '0', '0', '']
2025-08-28 15:38:10,494 - INFO - ['5.00', '-3.75', '-3.06', '5.00', '-3.75', '-3.06', '5.00', '-3.75', '-3.06', '83', '62', '48228', '28', '6412', '-549', '0', '3', '0', '0', '']
2025-08-28 15:38:10,553 - INFO - ['5.00', '-3.75', '-3.06', '5.00', '-3.75', '-3.06', '5.00', '-3.75', '-3.06', '84', '63', '48228', '27', '6412', '-549', '0', '3', '0', '0', '']
2025-08-28 15:38:10,611 - INFO - ['5.00', '-3.75', '-3.06', '5.00', '-3.75', '-3.06', '5.00', '-3.75', '-3.06', '84', '62', '48228', '28', '6412', '-549', '0', '3', '0', '0', '']
2025-08-28 15:38:10,670 - INFO - ['5.00', '-3.75', '-3.06', '5.00', '-3.75', '-3.06', '5.00', '-3.75', '-3.06', '82', '63', '48228', '26', '6412', '-549', '0', '3', '0', '0', '']
2025-08-28 15:38:10,726 - INFO - ['5.00', '-3.75', '-3.06', '5.00', '-3.75', '-3.06', '5.00', '-3.75', '-3.06', '83', '63', '48228', '27', '6412', '-549', '0', '3', '0', '0', '']
2025-08-28 15:38:10,833 - INFO - ['5.00', '-3.75', '-3.06', '5.00', '-3.75', '-3.06', '5.00', '-3.75', '-3.06', '82', '62', '48228', '27', '6412', '-549', '0', '3', '0', '0', '']
2025-08-28 15:38:10,890 - INFO - ['5.00', '-3.75', '-3.06', '5.00', '-3.75', '-3.06', '5.00', '-3.75', '-3.06', '84', '63', '48228', '28', '6412', '-549', '0', '3', '0', '0', '']
2025-08-28 15:38:10,947 - INFO - ['5.00', '-3.75', '-3.06', '5.00', '-3.75', '-3.06', '5.00', '-3.75', '-3.06', '83', '62', '48228', '28', '6412', '-549', '0', '3', '0', '0', '']
2025-08-28 15:38:11,007 - INFO - ['5.00', '-3.75', '-3.06', '5.00', '-3.75', '-3.06', '5.00', '-3.75', '-3.06', '84', '63', '48228', '26', '6412', '-549', '0', '3', '0', '0', '']
2025-08-28 15:38:11,065 - INFO - ['5.00', '-3.75', '-3.06', '5.00', '-3.75', '-3.06', '5.00', '-3.75', '-3.06', '84', '62', '48228', '28', '6412', '-549', '0', '3', '0', '0', '']
2025-08-28 15:38:11,122 - INFO - ['5.00', '-3.75', '-3.06', '5.00', '-3.75', '-3.06', '5.00', '-3.75', '-3.06', '83', '61', '48228', '28', '6412', '-549', '0', '3', '0', '0', '']
2025-08-28 15:38:11,180 - INFO - ['5.00', '-3.75', '-3.06', '5.00', '-3.75', '-3.06', '5.00', '-3.75', '-3.06', '84', '62', '48228', '28', '6412', '-549', '0', '3', '0', '0', '']
2025-08-28 15:38:11,285 - INFO - ['5.00', '-3.75', '-3.06', '5.00', '-3.75', '-3.06', '5.00', '-3.75', '-3.06', '82', '62', '48228', '28', '6412', '-549', '0', '3', '0', '0', '']
2025-08-28 15:38:11,398 - INFO - ['5.00', '-3.75', '-3.06', '5.00', '-3.75', '-3.06', '5.00', '-3.75', '-3.06', '84', '62', '48228', '27', '6412', '-549', '0', '3', '0', '0', '']
2025-08-28 15:38:11,498 - INFO - ['5.00', '-3.75', '-3.06', '5.00', '-3.75', '-3.06', '5.00', '-3.75', '-3.06', '83', '63', '48228', '27', '6412', '-549', '0', '3', '0', '0', '']
2025-08-28 15:38:11,604 - INFO - ['5.00', '-3.75', '-3.06', '5.00', '-3.75', '-3.06', '5.00', '-3.75', '-3.06', '85', '63', '48228', '27', '6412', '-549', '0', '3', '0', '0', '']
2025-08-28 15:38:11,708 - INFO - ['5.00', '-3.75', '-3.06', '5.00', '-3.75', '-3.06', '5.00', '-3.75', '-3.06', '84', '62', '48228', '27', '6412', '-549', '0', '3', '0', '0', '']
2025-08-28 15:38:11,745 - INFO - Camera stopped
2025-08-28 15:38:13,562 - INFO - Camera closed successfully.
