2025-08-28 15:39:54,835 - INFO - Camera configuration has been adjusted!
2025-08-28 15:39:54,837 - INFO - Configuration successful!
2025-08-28 15:39:56,357 - INFO - Camera started
2025-08-28 15:39:56,373 - INFO - ['22.63', '-3.88', '-2.06', '22.63', '-3.88', '-2.06', '22.63', '-3.88', '-2.06', '141', '45', '48228', '44', '6412', '-618', '0', '3', '0', '0', '']
2025-08-28 15:39:56,715 - INFO - ['22.63', '-3.88', '-2.06', '22.63', '-3.88', '-2.06', '22.63', '-3.88', '-2.06', '141', '46', '48228', '45', '6412', '-618', '0', '3', '0', '0', '']
2025-08-28 15:39:56,969 - INFO - ['22.63', '-3.88', '-2.00', '22.63', '-3.88', '-2.00', '22.63', '-3.88', '-2.00', '142', '45', '48228', '45', '6412', '-618', '0', '3', '0', '0', '']
2025-08-28 15:39:57,119 - INFO - ['22.63', '-3.88', '-2.00', '22.63', '-3.88', '-2.00', '22.63', '-3.88', '-2.00', '137', '45', '48228', '45', '6412', '-618', '0', '3', '0', '0', '']
2025-08-28 15:39:57,225 - INFO - ['22.63', '-3.88', '-2.00', '22.63', '-3.88', '-2.00', '22.63', '-3.88', '-2.00', '138', '45', '48228', '45', '6412', '-618', '0', '3', '0', '0', '']
2025-08-28 15:39:57,328 - INFO - ['22.63', '-3.88', '-2.00', '22.63', '-3.88', '-2.00', '22.63', '-3.88', '-2.00', '137', '45', '48228', '45', '6412', '-618', '0', '3', '0', '0', '']
2025-08-28 15:39:57,387 - INFO - ['22.63', '-3.88', '-2.00', '22.63', '-3.88', '-2.00', '22.63', '-3.88', '-2.00', '137', '45', '48228', '44', '6412', '-618', '0', '3', '0', '0', '']
2025-08-28 15:39:57,446 - INFO - ['22.63', '-3.88', '-2.00', '22.63', '-3.88', '-2.00', '22.63', '-3.88', '-2.00', '137', '45', '48228', '44', '6412', '-618', '0', '3', '0', '0', '']
2025-08-28 15:39:57,505 - INFO - ['22.63', '-3.88', '-2.00', '22.63', '-3.88', '-2.00', '22.63', '-3.88', '-2.00', '137', '45', '48228', '44', '6412', '-618', '0', '3', '0', '0', '']
2025-08-28 15:39:57,564 - INFO - ['22.63', '-3.88', '-2.00', '22.63', '-3.88', '-2.00', '22.63', '-3.88', '-2.00', '137', '45', '48228', '44', '6412', '-618', '0', '3', '0', '0', '']
2025-08-28 15:39:57,620 - INFO - ['22.63', '-3.88', '-2.00', '22.63', '-3.88', '-2.00', '22.63', '-3.88', '-2.00', '137', '45', '48228', '44', '6412', '-618', '0', '3', '0', '0', '']
2025-08-28 15:39:57,679 - INFO - ['22.63', '-3.88', '-2.00', '22.63', '-3.88', '-2.00', '22.63', '-3.88', '-2.00', '137', '45', '48228', '45', '6412', '-618', '0', '3', '0', '0', '']
2025-08-28 15:39:57,738 - INFO - ['22.63', '-3.88', '-2.00', '22.63', '-3.88', '-2.00', '22.63', '-3.88', '-2.00', '137', '45', '48228', '44', '6412', '-618', '0', '3', '0', '0', '']
2025-08-28 15:39:57,797 - INFO - ['22.63', '-3.88', '-2.00', '22.63', '-3.88', '-2.00', '22.63', '-3.88', '-2.00', '137', '45', '48228', '45', '6412', '-618', '0', '3', '0', '0', '']
2025-08-28 15:39:57,856 - INFO - ['22.63', '-3.88', '-2.00', '22.63', '-3.88', '-2.00', '22.63', '-3.88', '-2.00', '137', '45', '48228', '45', '6412', '-618', '0', '3', '0', '0', '']
2025-08-28 15:39:57,914 - INFO - ['22.63', '-3.88', '-2.00', '22.63', '-3.88', '-2.00', '22.63', '-3.88', '-2.00', '137', '45', '48228', '45', '6412', '-618', '0', '3', '0', '0', '']
2025-08-28 15:39:57,972 - INFO - ['22.63', '-3.88', '-2.00', '22.63', '-3.88', '-2.00', '22.63', '-3.88', '-2.00', '138', '45', '48228', '44', '6412', '-618', '0', '3', '0', '0', '']
2025-08-28 15:39:58,034 - INFO - ['22.63', '-3.88', '-2.00', '22.63', '-3.88', '-2.00', '22.63', '-3.88', '-2.00', '137', '45', '48228', '44', '6412', '-618', '0', '3', '0', '0', '']
2025-08-28 15:39:58,088 - INFO - ['22.63', '-3.88', '-2.00', '22.63', '-3.88', '-2.00', '22.63', '-3.88', '-2.00', '137', '45', '48228', '45', '6412', '-618', '0', '3', '0', '0', '']
2025-08-28 15:39:58,193 - INFO - ['22.63', '-3.88', '-2.00', '22.63', '-3.88', '-2.00', '22.63', '-3.88', '-2.00', '137', '45', '48228', '44', '6412', '-618', '0', '3', '0', '0', '']
2025-08-28 15:39:58,252 - INFO - ['22.63', '-3.88', '-2.00', '22.63', '-3.88', '-2.00', '22.63', '-3.88', '-2.00', '137', '45', '48228', '44', '6412', '-618', '0', '3', '0', '0', '']
2025-08-28 15:39:58,312 - INFO - ['22.63', '-3.88', '-2.00', '22.63', '-3.88', '-2.00', '22.63', '-3.88', '-2.00', '137', '45', '48228', '44', '6412', '-618', '0', '3', '0', '0', '']
2025-08-28 15:39:58,369 - INFO - ['22.63', '-3.88', '-2.00', '22.63', '-3.88', '-2.00', '22.63', '-3.88', '-2.00', '137', '45', '48228', '45', '6412', '-618', '0', '3', '0', '0', '']
2025-08-28 15:39:58,427 - INFO - ['22.63', '-3.88', '-2.00', '22.63', '-3.88', '-2.00', '22.63', '-3.88', '-2.00', '137', '45', '48228', '45', '6412', '-618', '0', '3', '0', '0', '']
2025-08-28 15:39:58,533 - INFO - ['22.63', '-3.88', '-2.00', '22.63', '-3.88', '-2.00', '22.63', '-3.88', '-2.00', '137', '45', '48228', '45', '6412', '-618', '0', '3', '0', '0', '']
2025-08-28 15:39:58,589 - INFO - ['22.63', '-3.88', '-2.00', '22.63', '-3.88', '-2.00', '22.63', '-3.88', '-2.00', '137', '45', '48228', '44', '6412', '-618', '0', '3', '0', '0', '']
2025-08-28 15:39:58,646 - INFO - ['22.63', '-3.88', '-2.00', '22.63', '-3.88', '-2.00', '22.63', '-3.88', '-2.00', '136', '45', '48228', '44', '6412', '-618', '0', '3', '0', '0', '']
2025-08-28 15:39:58,707 - INFO - ['22.63', '-3.88', '-2.00', '22.63', '-3.88', '-2.00', '22.63', '-3.88', '-2.00', '137', '45', '48228', '44', '6412', '-618', '0', '3', '0', '0', '']
2025-08-28 15:39:58,764 - INFO - ['22.63', '-3.88', '-2.00', '22.63', '-3.88', '-2.00', '22.63', '-3.88', '-2.00', '137', '45', '48228', '44', '6412', '-618', '0', '3', '0', '0', '']
2025-08-28 15:39:58,825 - INFO - ['22.63', '-3.88', '-2.00', '22.63', '-3.88', '-2.00', '22.63', '-3.88', '-2.00', '137', '45', '48228', '45', '6412', '-618', '0', '3', '0', '0', '']
2025-08-28 15:39:58,926 - INFO - ['22.63', '-3.88', '-2.00', '22.63', '-3.88', '-2.00', '22.63', '-3.88', '-2.00', '137', '45', '48228', '44', '6412', '-618', '0', '3', '0', '0', '']
2025-08-28 15:39:59,032 - INFO - ['22.56', '-3.88', '-2.00', '22.56', '-3.88', '-2.00', '22.56', '-3.88', '-2.00', '138', '45', '48228', '45', '6412', '-618', '0', '3', '0', '0', '']
2025-08-28 15:39:59,138 - INFO - ['22.44', '-3.88', '-2.06', '22.44', '-3.88', '-2.06', '22.44', '-3.88', '-2.06', '141', '45', '48228', '45', '6412', '-618', '0', '3', '0', '0', '']
2025-08-28 15:39:59,243 - INFO - ['22.25', '-3.88', '-2.06', '22.25', '-3.88', '-2.06', '22.25', '-3.88', '-2.06', '139', '45', '48228', '44', '6412', '-630', '0', '3', '0', '0', '']
2025-08-28 15:39:59,347 - INFO - ['21.94', '-3.88', '-2.06', '21.94', '-3.88', '-2.06', '21.94', '-3.88', '-2.06', '139', '45', '48228', '44', '6412', '-647', '0', '3', '0', '0', '']
2025-08-28 15:39:59,454 - INFO - ['21.56', '-3.88', '-2.06', '21.56', '-3.88', '-2.06', '21.56', '-3.88', '-2.06', '136', '46', '48228', '44', '6412', '-668', '0', '3', '0', '0', '']
2025-08-28 15:39:59,560 - INFO - ['21.06', '-3.88', '-2.06', '21.06', '-3.88', '-2.06', '21.06', '-3.88', '-2.06', '137', '46', '48228', '44', '6412', '-688', '0', '3', '0', '0', '']
2025-08-28 15:39:59,667 - INFO - ['20.63', '-3.94', '-2.06', '20.63', '-3.94', '-2.06', '20.63', '-3.94', '-2.06', '140', '46', '48228', '43', '6412', '-710', '0', '3', '0', '0', '']
2025-08-28 15:39:59,726 - INFO - ['20.31', '-3.88', '-2.06', '20.31', '-3.88', '-2.06', '20.31', '-3.88', '-2.06', '140', '46', '48228', '43', '6412', '-720', '0', '3', '0', '0', '']
2025-08-28 15:39:59,833 - INFO - ['19.88', '-4.00', '-2.13', '19.88', '-4.00', '-2.13', '19.88', '-4.00', '-2.13', '129', '46', '48228', '43', '6412', '-741', '0', '3', '0', '0', '']
2025-08-28 15:39:59,985 - INFO - ['19.00', '-3.94', '-2.13', '19.00', '-3.94', '-2.13', '19.00', '-3.94', '-2.13', '65', '47', '48228', '43', '6412', '-771', '0', '3', '0', '0', '']
2025-08-28 15:40:00,132 - INFO - ['18.44', '-3.94', '-2.13', '18.44', '-3.94', '-2.13', '18.44', '-3.94', '-2.13', '62', '47', '48228', '42', '6412', '-797', '0', '3', '0', '0', '']
2025-08-28 15:40:00,237 - INFO - ['18.06', '-3.94', '-2.13', '18.06', '-3.94', '-2.13', '18.06', '-3.94', '-2.13', '62', '48', '48228', '41', '6412', '-816', '0', '3', '0', '0', '']
2025-08-28 15:40:00,341 - INFO - ['17.50', '-3.94', '-2.19', '17.50', '-3.94', '-2.19', '17.50', '-3.94', '-2.19', '61', '48', '48228', '42', '6412', '-839', '0', '3', '0', '0', '']
2025-08-28 15:40:00,446 - INFO - ['17.00', '-3.88', '-2.31', '17.00', '-3.88', '-2.31', '17.00', '-3.88', '-2.31', '60', '49', '48228', '42', '6412', '-858', '0', '3', '0', '0', '']
2025-08-28 15:40:00,504 - INFO - ['16.75', '-3.81', '-2.31', '16.75', '-3.81', '-2.31', '16.75', '-3.81', '-2.31', '60', '48', '48228', '41', '6412', '-869', '0', '3', '0', '0', '']
2025-08-28 15:40:00,562 - INFO - ['16.56', '-3.88', '-2.38', '16.56', '-3.88', '-2.38', '16.56', '-3.88', '-2.38', '59', '49', '48228', '41', '6412', '-879', '0', '3', '0', '0', '']
2025-08-28 15:40:00,622 - INFO - ['16.31', '-3.88', '-2.38', '16.31', '-3.88', '-2.38', '16.31', '-3.88', '-2.38', '59', '49', '48228', '40', '6412', '-889', '0', '3', '0', '0', '']
2025-08-28 15:40:00,727 - INFO - ['15.75', '-3.88', '-2.38', '15.75', '-3.88', '-2.38', '15.75', '-3.88', '-2.38', '61', '49', '48228', '40', '6412', '-912', '0', '3', '0', '0', '']
2025-08-28 15:40:00,786 - INFO - ['15.31', '-3.88', '-2.38', '15.31', '-3.88', '-2.38', '15.31', '-3.88', '-2.38', '94', '50', '48228', '39', '6412', '-928', '0', '3', '0', '0', '']
2025-08-28 15:40:00,846 - INFO - ['15.13', '-3.88', '-2.38', '15.13', '-3.88', '-2.38', '15.13', '-3.88', '-2.38', '103', '50', '48228', '38', '6412', '-940', '0', '3', '0', '0', '']
2025-08-28 15:40:00,948 - INFO - ['14.63', '-3.88', '-2.38', '14.63', '-3.88', '-2.38', '14.63', '-3.88', '-2.38', '117', '50', '48228', '38', '6412', '-961', '0', '3', '0', '0', '']
2025-08-28 15:40:01,010 - INFO - ['14.31', '-3.88', '-2.38', '14.31', '-3.88', '-2.38', '14.31', '-3.88', '-2.38', '115', '51', '48228', '38', '6412', '-963', '0', '3', '0', '0', '']
2025-08-28 15:40:01,113 - INFO - ['13.69', '-3.88', '-2.38', '13.69', '-3.88', '-2.38', '13.69', '-3.88', '-2.38', '113', '51', '48228', '38', '6412', '-968', '0', '3', '0', '0', '']
2025-08-28 15:40:01,171 - INFO - ['13.31', '-3.81', '-2.38', '13.31', '-3.81', '-2.38', '13.31', '-3.81', '-2.38', '113', '52', '48228', '37', '6412', '-969', '0', '3', '0', '0', '']
2025-08-28 15:40:01,229 - INFO - ['13.06', '-3.81', '-2.44', '13.06', '-3.81', '-2.44', '13.06', '-3.81', '-2.44', '111', '51', '48228', '37', '6412', '-970', '0', '3', '0', '0', '']
2025-08-28 15:40:01,287 - INFO - ['12.75', '-3.75', '-2.50', '12.75', '-3.75', '-2.50', '12.75', '-3.75', '-2.50', '104', '52', '48228', '37', '6412', '-971', '0', '3', '0', '0', '']
2025-08-28 15:40:01,346 - INFO - ['12.50', '-3.75', '-2.56', '12.50', '-3.75', '-2.56', '12.50', '-3.75', '-2.56', '102', '52', '48228', '37', '6412', '-971', '0', '3', '0', '0', '']
2025-08-28 15:40:01,449 - INFO - ['11.94', '-3.63', '-2.63', '11.94', '-3.63', '-2.63', '11.94', '-3.63', '-2.63', '97', '52', '48228', '37', '6412', '-972', '0', '3', '0', '0', '']
2025-08-28 15:40:01,507 - INFO - ['11.75', '-3.63', '-2.63', '11.75', '-3.63', '-2.63', '11.75', '-3.63', '-2.63', '96', '52', '48228', '37', '6412', '-972', '0', '3', '0', '0', '']
2025-08-28 15:40:01,615 - INFO - ['11.13', '-3.56', '-2.63', '11.13', '-3.56', '-2.63', '11.13', '-3.56', '-2.63', '88', '53', '48228', '36', '6412', '-973', '0', '3', '0', '0', '']
2025-08-28 15:40:01,721 - INFO - ['10.75', '-3.50', '-2.50', '10.75', '-3.50', '-2.50', '10.75', '-3.50', '-2.50', '88', '54', '48228', '36', '6412', '-973', '0', '3', '0', '0', '']
2025-08-28 15:40:01,778 - INFO - ['10.63', '-3.44', '-2.50', '10.63', '-3.44', '-2.50', '10.63', '-3.44', '-2.50', '85', '54', '48228', '36', '6412', '-973', '0', '3', '0', '0', '']
2025-08-28 15:40:01,836 - INFO - ['10.56', '-3.44', '-2.50', '10.56', '-3.44', '-2.50', '10.56', '-3.44', '-2.50', '86', '54', '48228', '36', '6412', '-973', '0', '3', '0', '0', '']
2025-08-28 15:40:01,941 - INFO - ['10.31', '-3.50', '-2.56', '10.31', '-3.50', '-2.56', '10.31', '-3.50', '-2.56', '85', '54', '48228', '35', '6412', '-973', '0', '3', '0', '0', '']
2025-08-28 15:40:02,047 - INFO - ['9.94', '-3.50', '-2.69', '9.94', '-3.50', '-2.69', '9.94', '-3.50', '-2.69', '85', '54', '48228', '35', '6412', '-973', '0', '3', '0', '0', '']
2025-08-28 15:40:02,152 - INFO - ['9.44', '-3.56', '-2.69', '9.44', '-3.56', '-2.69', '9.44', '-3.56', '-2.69', '92', '54', '48228', '35', '6412', '-973', '0', '3', '0', '0', '']
2025-08-28 15:40:02,257 - INFO - ['8.94', '-3.63', '-2.63', '8.94', '-3.63', '-2.63', '8.94', '-3.63', '-2.63', '110', '55', '48228', '34', '6412', '-973', '0', '3', '0', '0', '']
2025-08-28 15:40:02,313 - INFO - ['8.63', '-3.63', '-2.56', '8.63', '-3.63', '-2.56', '8.63', '-3.63', '-2.56', '122', '56', '48228', '35', '6412', '-973', '0', '3', '0', '0', '']
2025-08-28 15:40:02,371 - INFO - ['8.44', '-3.69', '-2.56', '8.44', '-3.69', '-2.56', '8.44', '-3.69', '-2.56', '125', '56', '48228', '34', '6412', '-973', '0', '3', '0', '0', '']
2025-08-28 15:40:02,479 - INFO - ['8.00', '-3.63', '-2.63', '8.00', '-3.63', '-2.63', '8.00', '-3.63', '-2.63', '118', '56', '48228', '33', '6412', '-973', '0', '3', '0', '0', '']
2025-08-28 15:40:02,584 - INFO - ['7.69', '-3.69', '-2.69', '7.69', '-3.69', '-2.69', '7.69', '-3.69', '-2.69', '119', '57', '48228', '34', '6412', '-973', '0', '3', '0', '0', '']
2025-08-28 15:40:02,691 - INFO - ['7.44', '-3.63', '-2.63', '7.44', '-3.63', '-2.63', '7.44', '-3.63', '-2.63', '113', '57', '48228', '32', '6412', '-973', '0', '3', '0', '0', '']
2025-08-28 15:40:02,746 - INFO - ['7.31', '-3.63', '-2.56', '7.31', '-3.63', '-2.56', '7.31', '-3.63', '-2.56', '109', '57', '48228', '33', '6412', '-976', '0', '3', '0', '0', '']
2025-08-28 15:40:02,805 - INFO - ['7.25', '-3.69', '-2.56', '7.25', '-3.69', '-2.56', '7.25', '-3.69', '-2.56', '106', '57', '48228', '34', '6412', '-981', '0', '3', '0', '0', '']
2025-08-28 15:40:02,863 - INFO - ['7.13', '-3.69', '-2.56', '7.13', '-3.69', '-2.56', '7.13', '-3.69', '-2.56', '96', '58', '48228', '33', '6412', '-987', '0', '3', '0', '0', '']
2025-08-28 15:40:02,968 - INFO - ['6.75', '-3.75', '-2.50', '6.75', '-3.75', '-2.50', '6.75', '-3.75', '-2.50', '99', '57', '48228', '31', '6412', '-1016', '0', '3', '0', '0', '']
2025-08-28 15:40:03,073 - INFO - ['6.44', '-3.75', '-2.50', '6.44', '-3.75', '-2.50', '6.44', '-3.75', '-2.50', '101', '59', '48228', '31', '6412', '-1040', '0', '3', '0', '0', '']
2025-08-28 15:40:03,132 - INFO - ['6.31', '-3.75', '-2.50', '6.31', '-3.75', '-2.50', '6.31', '-3.75', '-2.50', '102', '59', '48228', '30', '6412', '-1054', '0', '3', '0', '0', '']
2025-08-28 15:40:03,236 - INFO - ['6.13', '-3.81', '-2.56', '6.13', '-3.81', '-2.56', '6.13', '-3.81', '-2.56', '100', '59', '48228', '29', '6412', '-1079', '0', '3', '0', '0', '']
2025-08-28 15:40:03,295 - INFO - ['6.00', '-3.81', '-2.63', '6.00', '-3.81', '-2.63', '6.00', '-3.81', '-2.63', '99', '59', '48228', '32', '6412', '-1091', '0', '3', '0', '0', '']
2025-08-28 15:40:03,353 - INFO - ['5.81', '-3.75', '-2.75', '5.81', '-3.75', '-2.75', '5.81', '-3.75', '-2.75', '97', '59', '48228', '31', '6412', '-1103', '0', '3', '0', '0', '']
2025-08-28 15:40:03,411 - INFO - ['5.56', '-3.69', '-2.81', '5.56', '-3.69', '-2.81', '5.56', '-3.69', '-2.81', '92', '61', '48228', '31', '6412', '-1118', '0', '3', '0', '0', '']
2025-08-28 15:40:03,516 - INFO - ['5.31', '-3.75', '-2.81', '5.31', '-3.75', '-2.81', '5.31', '-3.75', '-2.81', '94', '60', '48228', '32', '6412', '-1141', '0', '3', '0', '0', '']
2025-08-28 15:40:03,574 - INFO - ['5.13', '-3.75', '-2.81', '5.13', '-3.75', '-2.81', '5.13', '-3.75', '-2.81', '101', '60', '48228', '29', '6412', '-1153', '0', '3', '0', '0', '']
2025-08-28 15:40:03,678 - INFO - ['4.75', '-3.81', '-2.75', '4.75', '-3.81', '-2.75', '4.75', '-3.81', '-2.75', '99', '62', '48228', '28', '6412', '-1177', '0', '3', '0', '0', '']
2025-08-28 15:40:03,737 - INFO - ['4.69', '-3.81', '-2.75', '4.69', '-3.81', '-2.75', '4.69', '-3.81', '-2.75', '98', '61', '48228', '30', '6412', '-1190', '0', '3', '0', '0', '']
2025-08-28 15:40:03,794 - INFO - ['4.50', '-3.81', '-2.75', '4.50', '-3.81', '-2.75', '4.50', '-3.81', '-2.75', '96', '62', '48228', '29', '6412', '-1202', '0', '3', '0', '0', '']
2025-08-28 15:40:03,854 - INFO - ['4.38', '-3.81', '-2.75', '4.38', '-3.81', '-2.75', '4.38', '-3.81', '-2.75', '98', '63', '48228', '28', '6412', '-1214', '0', '3', '0', '0', '']
2025-08-28 15:40:03,908 - INFO - ['4.25', '-3.88', '-2.81', '4.25', '-3.88', '-2.81', '4.25', '-3.88', '-2.81', '95', '62', '48228', '28', '6412', '-1226', '0', '3', '0', '0', '']
2025-08-28 15:40:03,965 - INFO - ['4.13', '-3.88', '-2.75', '4.13', '-3.88', '-2.75', '4.13', '-3.88', '-2.75', '96', '63', '48228', '28', '6412', '-1238', '0', '3', '0', '0', '']
2025-08-28 15:40:04,069 - INFO - ['3.94', '-3.88', '-2.81', '3.94', '-3.88', '-2.81', '3.94', '-3.88', '-2.81', '92', '63', '48228', '29', '6412', '-1259', '0', '3', '0', '0', '']
2025-08-28 15:40:04,128 - INFO - ['3.81', '-3.88', '-2.81', '3.81', '-3.88', '-2.81', '3.81', '-3.88', '-2.81', '95', '63', '48228', '28', '6412', '-1271', '0', '3', '0', '0', '']
2025-08-28 15:40:04,234 - INFO - ['3.56', '-3.88', '-2.81', '3.56', '-3.88', '-2.81', '3.56', '-3.88', '-2.81', '92', '64', '48228', '27', '6412', '-1295', '0', '3', '0', '0', '']
2025-08-28 15:40:04,340 - INFO - ['3.38', '-3.88', '-2.75', '3.38', '-3.88', '-2.75', '3.38', '-3.88', '-2.75', '90', '65', '48228', '26', '6412', '-1319', '0', '3', '0', '0', '']
2025-08-28 15:40:04,397 - INFO - ['3.25', '-3.81', '-2.75', '3.25', '-3.81', '-2.75', '3.25', '-3.81', '-2.75', '88', '64', '48228', '26', '6412', '-1331', '0', '3', '0', '0', '']
2025-08-28 15:40:04,455 - INFO - ['3.13', '-3.81', '-2.75', '3.13', '-3.81', '-2.75', '3.13', '-3.81', '-2.75', '88', '64', '48228', '26', '6412', '-1341', '0', '3', '0', '0', '']
2025-08-28 15:40:04,514 - INFO - ['3.13', '-3.75', '-2.81', '3.13', '-3.75', '-2.81', '3.13', '-3.75', '-2.81', '87', '65', '48228', '27', '6412', '-1347', '0', '3', '0', '0', '']
2025-08-28 15:40:04,619 - INFO - ['3.00', '-3.69', '-2.75', '3.00', '-3.69', '-2.75', '3.00', '-3.69', '-2.75', '87', '65', '48228', '27', '6412', '-1355', '0', '3', '0', '0', '']
2025-08-28 15:40:04,772 - INFO - ['2.94', '-3.69', '-2.69', '2.94', '-3.69', '-2.69', '2.94', '-3.69', '-2.69', '87', '66', '48228', '26', '6412', '-1358', '0', '3', '0', '0', '']
2025-08-28 15:40:04,875 - INFO - ['2.88', '-3.69', '-2.63', '2.88', '-3.69', '-2.63', '2.88', '-3.69', '-2.63', '85', '66', '48228', '27', '6412', '-1374', '0', '3', '0', '0', '']
2025-08-28 15:40:04,933 - INFO - ['2.75', '-3.69', '-2.69', '2.75', '-3.69', '-2.69', '2.75', '-3.69', '-2.69', '85', '66', '48228', '27', '6412', '-1385', '0', '3', '0', '0', '']
2025-08-28 15:40:04,991 - INFO - ['2.69', '-3.69', '-2.69', '2.69', '-3.69', '-2.69', '2.69', '-3.69', '-2.69', '82', '67', '48228', '27', '6412', '-1397', '0', '3', '0', '0', '']
2025-08-28 15:40:05,049 - INFO - ['2.56', '-3.63', '-2.69', '2.56', '-3.63', '-2.69', '2.56', '-3.63', '-2.69', '83', '64', '48228', '27', '6412', '-1412', '0', '3', '0', '0', '']
2025-08-28 15:40:05,155 - INFO - ['2.38', '-3.69', '-2.75', '2.38', '-3.69', '-2.75', '2.38', '-3.69', '-2.75', '83', '67', '48228', '26', '6412', '-1421', '0', '3', '0', '0', '']
2025-08-28 15:40:05,259 - INFO - ['2.13', '-3.81', '-2.69', '2.13', '-3.81', '-2.69', '2.13', '-3.81', '-2.69', '81', '67', '48228', '26', '6412', '-1445', '0', '3', '0', '0', '']
2025-08-28 15:40:05,315 - INFO - ['2.06', '-3.81', '-2.63', '2.06', '-3.81', '-2.63', '2.06', '-3.81', '-2.63', '80', '68', '48228', '26', '6412', '-1452', '0', '3', '0', '0', '']
2025-08-28 15:40:05,421 - INFO - ['1.94', '-3.81', '-2.63', '1.94', '-3.81', '-2.63', '1.94', '-3.81', '-2.63', '80', '67', '48228', '25', '6412', '-1454', '0', '3', '0', '0', '']
2025-08-28 15:40:05,477 - INFO - ['1.88', '-3.81', '-2.63', '1.88', '-3.81', '-2.63', '1.88', '-3.81', '-2.63', '79', '68', '48228', '24', '6412', '-1460', '0', '3', '0', '0', '']
2025-08-28 15:40:05,538 - INFO - ['1.88', '-3.88', '-2.63', '1.88', '-3.88', '-2.63', '1.88', '-3.88', '-2.63', '78', '68', '48228', '24', '6412', '-1462', '0', '3', '0', '0', '']
2025-08-28 15:40:05,640 - INFO - ['1.81', '-3.88', '-2.56', '1.81', '-3.88', '-2.56', '1.81', '-3.88', '-2.56', '79', '67', '48228', '24', '6412', '-1462', '0', '3', '0', '0', '']
2025-08-28 15:40:05,746 - INFO - ['1.69', '-4.06', '-2.56', '1.69', '-4.06', '-2.56', '1.69', '-4.06', '-2.56', '78', '70', '48228', '26', '6412', '-1463', '0', '3', '0', '0', '']
2025-08-28 15:40:05,805 - INFO - ['1.69', '-4.06', '-2.63', '1.69', '-4.06', '-2.63', '1.69', '-4.06', '-2.63', '77', '69', '48228', '25', '6412', '-1466', '0', '3', '0', '0', '']
2025-08-28 15:40:05,860 - INFO - ['1.63', '-4.06', '-2.63', '1.63', '-4.06', '-2.63', '1.63', '-4.06', '-2.63', '76', '69', '48228', '25', '6412', '-1472', '0', '3', '0', '0', '']
2025-08-28 15:40:05,918 - INFO - ['1.50', '-4.06', '-2.63', '1.50', '-4.06', '-2.63', '1.50', '-4.06', '-2.63', '76', '68', '48228', '25', '6412', '-1486', '0', '3', '0', '0', '']
2025-08-28 15:40:06,022 - INFO - ['1.44', '-4.06', '-2.63', '1.44', '-4.06', '-2.63', '1.44', '-4.06', '-2.63', '74', '70', '48228', '24', '6412', '-1509', '0', '3', '0', '0', '']
2025-08-28 15:40:06,079 - INFO - ['1.38', '-4.06', '-2.56', '1.38', '-4.06', '-2.56', '1.38', '-4.06', '-2.56', '73', '70', '48228', '24', '6412', '-1519', '0', '3', '0', '0', '']
2025-08-28 15:40:06,137 - INFO - ['1.38', '-4.00', '-2.56', '1.38', '-4.00', '-2.56', '1.38', '-4.00', '-2.56', '73', '69', '48228', '24', '6412', '-1530', '0', '3', '0', '0', '']
2025-08-28 15:40:06,195 - INFO - ['1.31', '-4.06', '-2.50', '1.31', '-4.06', '-2.50', '1.31', '-4.06', '-2.50', '73', '71', '48228', '24', '6412', '-1541', '0', '3', '0', '0', '']
2025-08-28 15:40:06,300 - INFO - ['1.31', '-4.00', '-2.50', '1.31', '-4.00', '-2.50', '1.31', '-4.00', '-2.50', '72', '71', '48228', '24', '6412', '-1559', '0', '3', '0', '0', '']
2025-08-28 15:40:06,408 - INFO - ['1.25', '-4.06', '-2.50', '1.25', '-4.06', '-2.50', '1.25', '-4.06', '-2.50', '72', '71', '48228', '24', '6412', '-1581', '0', '3', '0', '0', '']
2025-08-28 15:40:06,511 - INFO - ['1.38', '-4.06', '-2.56', '1.38', '-4.06', '-2.56', '1.38', '-4.06', '-2.56', '70', '72', '48228', '23', '6412', '-1603', '0', '3', '0', '0', '']
2025-08-28 15:40:06,568 - INFO - ['1.31', '-4.06', '-2.63', '1.31', '-4.06', '-2.63', '1.31', '-4.06', '-2.63', '71', '72', '48228', '23', '6412', '-1619', '0', '3', '0', '0', '']
2025-08-28 15:40:06,628 - INFO - ['1.31', '-4.06', '-2.63', '1.31', '-4.06', '-2.63', '1.31', '-4.06', '-2.63', '71', '76', '48228', '23', '6412', '-1634', '0', '3', '0', '0', '']
2025-08-28 15:40:06,685 - INFO - ['1.25', '-4.06', '-2.63', '1.25', '-4.06', '-2.63', '1.25', '-4.06', '-2.63', '68', '122', '48228', '22', '6412', '-1649', '0', '3', '0', '0', '']
2025-08-28 15:40:06,746 - INFO - ['1.25', '-4.06', '-2.69', '1.25', '-4.06', '-2.69', '1.25', '-4.06', '-2.69', '69', '503', '48228', '23', '6412', '-1665', '0', '3', '0', '0', '']
2025-08-28 15:40:06,800 - INFO - ['1.25', '-4.06', '-2.69', '1.25', '-4.06', '-2.69', '1.25', '-4.06', '-2.69', '68', '286', '48228', '23', '6412', '-1682', '0', '3', '0', '0', '']
2025-08-28 15:40:06,857 - INFO - ['1.13', '-4.06', '-2.69', '1.13', '-4.06', '-2.69', '1.13', '-4.06', '-2.69', '66', '302', '48228', '22', '6412', '-1701', '0', '3', '0', '0', '']
2025-08-28 15:40:06,914 - INFO - ['1.06', '-4.00', '-2.63', '1.06', '-4.00', '-2.63', '1.06', '-4.00', '-2.63', '64', '299', '48228', '22', '6412', '-1718', '0', '3', '0', '0', '']
2025-08-28 15:40:07,019 - INFO - ['0.88', '-4.00', '-2.56', '0.88', '-4.00', '-2.56', '0.88', '-4.00', '-2.56', '65', '300', '48228', '21', '6412', '-1748', '0', '3', '0', '0', '']
2025-08-28 15:40:07,078 - INFO - ['0.88', '-3.94', '-2.56', '0.88', '-3.94', '-2.56', '0.88', '-3.94', '-2.56', '64', '290', '48228', '21', '6412', '-1764', '0', '3', '0', '0', '']
2025-08-28 15:40:07,136 - INFO - ['0.88', '-3.94', '-2.63', '0.88', '-3.94', '-2.63', '0.88', '-3.94', '-2.63', '63', '300', '48228', '21', '6412', '-1779', '0', '3', '0', '0', '']
2025-08-28 15:40:07,193 - INFO - ['0.88', '-3.94', '-2.63', '0.88', '-3.94', '-2.63', '0.88', '-3.94', '-2.63', '62', '292', '48228', '21', '6412', '-1795', '0', '3', '0', '0', '']
2025-08-28 15:40:07,253 - INFO - ['0.88', '-3.94', '-2.63', '0.88', '-3.94', '-2.63', '0.88', '-3.94', '-2.63', '62', '303', '48228', '21', '6412', '-1810', '0', '3', '0', '0', '']
2025-08-28 15:40:07,310 - INFO - ['0.81', '-3.94', '-2.69', '0.81', '-3.94', '-2.69', '0.81', '-3.94', '-2.69', '63', '302', '48228', '20', '6412', '-1827', '0', '3', '0', '0', '']
2025-08-28 15:40:07,369 - INFO - ['0.88', '-3.94', '-2.69', '0.88', '-3.94', '-2.69', '0.88', '-3.94', '-2.69', '61', '307', '48228', '20', '6412', '-1842', '0', '3', '0', '0', '']
2025-08-28 15:40:07,473 - INFO - ['0.88', '-3.88', '-2.69', '0.88', '-3.88', '-2.69', '0.88', '-3.88', '-2.69', '61', '298', '48228', '14', '6412', '-1869', '0', '3', '0', '0', '']
2025-08-28 15:40:07,579 - INFO - ['0.88', '-3.81', '-2.75', '0.88', '-3.81', '-2.75', '0.88', '-3.81', '-2.75', '60', '306', '48228', '21', '6412', '-1898', '0', '3', '0', '0', '']
2025-08-28 15:40:07,636 - INFO - ['0.94', '-3.81', '-2.75', '0.94', '-3.81', '-2.75', '0.94', '-3.81', '-2.75', '60', '297', '48228', '13', '6412', '-1913', '0', '3', '0', '0', '']
2025-08-28 15:40:07,694 - INFO - ['0.94', '-3.81', '-2.81', '0.94', '-3.81', '-2.81', '0.94', '-3.81', '-2.81', '58', '295', '48228', '16', '6412', '-1930', '0', '3', '0', '0', '']
2025-08-28 15:40:07,754 - INFO - ['0.94', '-3.81', '-2.75', '0.94', '-3.81', '-2.75', '0.94', '-3.81', '-2.75', '57', '302', '48228', '19', '6412', '-1948', '0', '3', '0', '0', '']
2025-08-28 15:40:07,810 - INFO - ['0.88', '-3.75', '-2.75', '0.88', '-3.75', '-2.75', '0.88', '-3.75', '-2.75', '56', '304', '48228', '22', '6412', '-1963', '0', '3', '0', '0', '']
2025-08-28 15:40:07,916 - INFO - ['0.88', '-3.81', '-2.69', '0.88', '-3.81', '-2.69', '0.88', '-3.81', '-2.69', '56', '298', '48228', '22', '6412', '-1992', '0', '3', '0', '0', '']
2025-08-28 15:40:07,973 - INFO - ['0.81', '-3.81', '-2.63', '0.81', '-3.81', '-2.63', '0.81', '-3.81', '-2.63', '56', '298', '48228', '16', '6412', '-2010', '0', '3', '0', '0', '']
2025-08-28 15:40:08,031 - INFO - ['0.81', '-3.88', '-2.56', '0.81', '-3.88', '-2.56', '0.81', '-3.88', '-2.56', '55', '299', '48228', '22', '6412', '-2028', '0', '3', '0', '0', '']
2025-08-28 15:40:08,139 - INFO - ['0.81', '-3.88', '-2.50', '0.81', '-3.88', '-2.50', '0.81', '-3.88', '-2.50', '56', '296', '48228', '18', '6412', '-2060', '0', '3', '0', '0', '']
2025-08-28 15:40:08,198 - INFO - ['0.81', '-3.88', '-2.50', '0.81', '-3.88', '-2.50', '0.81', '-3.88', '-2.50', '54', '298', '48228', '14', '6412', '-2078', '0', '3', '0', '0', '']
2025-08-28 15:40:08,300 - INFO - ['0.88', '-3.88', '-2.63', '0.88', '-3.88', '-2.63', '0.88', '-3.88', '-2.63', '54', '298', '48228', '20', '6412', '-2104', '0', '3', '0', '0', '']
2025-08-28 15:40:08,359 - INFO - ['0.88', '-3.88', '-2.63', '0.88', '-3.88', '-2.63', '0.88', '-3.88', '-2.63', '52', '294', '48228', '13', '6412', '-2117', '0', '3', '0', '0', '']
2025-08-28 15:40:08,466 - INFO - ['0.88', '-3.88', '-2.63', '0.88', '-3.88', '-2.63', '0.88', '-3.88', '-2.63', '53', '289', '48228', '18', '6412', '-2143', '0', '3', '0', '0', '']
2025-08-28 15:40:08,570 - INFO - ['1.00', '-3.94', '-2.63', '1.00', '-3.94', '-2.63', '1.00', '-3.94', '-2.63', '52', '280', '48228', '16', '6412', '-2170', '0', '3', '0', '0', '']
2025-08-28 15:40:08,628 - INFO - ['0.88', '-3.94', '-2.56', '0.88', '-3.94', '-2.56', '0.88', '-3.94', '-2.56', '51', '169', '48228', '17', '6412', '-2187', '0', '3', '0', '0', '']
2025-08-28 15:40:08,686 - INFO - ['0.88', '-4.00', '-2.50', '0.88', '-4.00', '-2.50', '0.88', '-4.00', '-2.50', '51', '18', '48228', '18', '6412', '-2201', '0', '3', '0', '0', '']
2025-08-28 15:40:08,743 - INFO - ['0.88', '-4.00', '-2.50', '0.88', '-4.00', '-2.50', '0.88', '-4.00', '-2.50', '50', '16', '48228', '12', '6412', '-2206', '0', '3', '0', '0', '']
2025-08-28 15:40:08,850 - INFO - ['0.88', '-4.06', '-2.50', '0.88', '-4.06', '-2.50', '0.88', '-4.06', '-2.50', '47', '14', '48228', '19', '6412', '-2228', '0', '3', '0', '0', '']
2025-08-28 15:40:08,910 - INFO - ['0.88', '-4.06', '-2.50', '0.88', '-4.06', '-2.50', '0.88', '-4.06', '-2.50', '49', '13', '48228', '11', '6412', '-2242', '0', '3', '0', '0', '']
2025-08-28 15:40:08,966 - INFO - ['0.88', '-4.06', '-2.56', '0.88', '-4.06', '-2.56', '0.88', '-4.06', '-2.56', '48', '13', '48228', '15', '6412', '-2253', '0', '3', '0', '0', '']
2025-08-28 15:40:09,026 - INFO - ['0.88', '-4.06', '-2.56', '0.88', '-4.06', '-2.56', '0.88', '-4.06', '-2.56', '48', '13', '48228', '17', '6412', '-2266', '0', '3', '0', '0', '']
2025-08-28 15:40:09,129 - INFO - ['1.00', '-4.13', '-2.69', '1.00', '-4.13', '-2.69', '1.00', '-4.13', '-2.69', '47', '13', '48228', '9', '6412', '-2291', '0', '3', '0', '0', '']
2025-08-28 15:40:09,238 - INFO - ['1.00', '-4.13', '-2.69', '1.00', '-4.13', '-2.69', '1.00', '-4.13', '-2.69', '46', '14', '48228', '9', '6412', '-2318', '0', '3', '0', '0', '']
2025-08-28 15:40:09,342 - INFO - ['1.00', '-4.13', '-2.69', '1.00', '-4.13', '-2.69', '1.00', '-4.13', '-2.69', '45', '14', '48228', '12', '6412', '-2353', '0', '3', '0', '0', '']
2025-08-28 15:40:09,447 - INFO - ['1.00', '-4.19', '-2.75', '1.00', '-4.19', '-2.75', '1.00', '-4.19', '-2.75', '43', '14', '48228', '13', '6412', '-2386', '0', '3', '0', '0', '']
2025-08-28 15:40:09,504 - INFO - ['1.00', '-4.13', '-2.69', '1.00', '-4.13', '-2.69', '1.00', '-4.13', '-2.69', '43', '19', '48228', '16', '6412', '-2402', '0', '3', '0', '0', '']
2025-08-28 15:40:09,562 - INFO - ['1.00', '-4.13', '-2.69', '1.00', '-4.13', '-2.69', '1.00', '-4.13', '-2.69', '42', '42', '48228', '14', '6412', '-2418', '0', '3', '0', '0', '']
2025-08-28 15:40:09,620 - INFO - ['0.94', '-4.13', '-2.63', '0.94', '-4.13', '-2.63', '0.94', '-4.13', '-2.63', '42', '111', '48228', '10', '6412', '-2433', '0', '3', '0', '0', '']
2025-08-28 15:40:09,678 - INFO - ['0.88', '-4.06', '-2.56', '0.88', '-4.06', '-2.56', '0.88', '-4.06', '-2.56', '42', '187', '48228', '17', '6412', '-2444', '0', '3', '0', '0', '']
2025-08-28 15:40:09,736 - INFO - ['0.88', '-4.00', '-2.56', '0.88', '-4.00', '-2.56', '0.88', '-4.00', '-2.56', '41', '227', '48228', '11', '6412', '-2452', '0', '3', '0', '0', '']
2025-08-28 15:40:09,793 - INFO - ['0.88', '-4.00', '-2.50', '0.88', '-4.00', '-2.50', '0.88', '-4.00', '-2.50', '41', '249', '48228', '12', '6412', '-2458', '0', '3', '0', '0', '']
2025-08-28 15:40:09,851 - INFO - ['0.88', '-3.94', '-2.50', '0.88', '-3.94', '-2.50', '0.88', '-3.94', '-2.50', '41', '276', '48228', '10', '6412', '-2461', '0', '3', '0', '0', '']
2025-08-28 15:40:09,908 - INFO - ['0.88', '-3.75', '-2.56', '0.88', '-3.75', '-2.56', '0.88', '-3.75', '-2.56', '40', '264', '48228', '15', '6412', '-2461', '0', '3', '0', '0', '']
2025-08-28 15:40:09,966 - INFO - ['0.88', '-3.69', '-2.56', '0.88', '-3.69', '-2.56', '0.88', '-3.69', '-2.56', '40', '268', '48228', '6', '6412', '-2461', '0', '3', '0', '0', '']
2025-08-28 15:40:10,029 - INFO - ['1.00', '-3.75', '-2.56', '1.00', '-3.75', '-2.56', '1.00', '-3.75', '-2.56', '41', '270', '48228', '17', '6412', '-2465', '0', '3', '0', '0', '']
2025-08-28 15:40:10,130 - INFO - ['1.00', '-3.69', '-2.63', '1.00', '-3.69', '-2.63', '1.00', '-3.69', '-2.63', '41', '302', '48228', '10', '6412', '-2494', '0', '3', '0', '0', '']
2025-08-28 15:40:10,187 - INFO - ['1.06', '-3.81', '-2.63', '1.06', '-3.81', '-2.63', '1.06', '-3.81', '-2.63', '39', '298', '48228', '15', '6412', '-2514', '0', '3', '0', '0', '']
2025-08-28 15:40:10,244 - INFO - ['1.06', '-3.88', '-2.69', '1.06', '-3.88', '-2.69', '1.06', '-3.88', '-2.69', '39', '315', '48228', '7', '6412', '-2536', '0', '3', '0', '0', '']
2025-08-28 15:40:10,351 - INFO - ['1.06', '-3.88', '-2.56', '1.06', '-3.88', '-2.56', '1.06', '-3.88', '-2.56', '37', '0', '48228', '9', '6412', '-2575', '0', '3', '0', '0', '']
2025-08-28 15:40:10,455 - INFO - ['1.06', '-3.88', '-2.50', '1.06', '-3.88', '-2.50', '1.06', '-3.88', '-2.50', '37', '0', '48228', '5', '6412', '-2608', '0', '3', '0', '0', '']
2025-08-28 15:40:10,560 - INFO - ['1.00', '-3.31', '-2.44', '1.00', '-3.31', '-2.44', '1.00', '-3.31', '-2.44', '36', '0', '48228', '4', '6412', '-2618', '0', '3', '0', '0', '']
2025-08-28 15:40:10,671 - INFO - ['1.00', '-3.13', '-2.50', '1.00', '-3.13', '-2.50', '1.00', '-3.13', '-2.50', '36', '0', '48228', '15', '6412', '-2618', '0', '3', '0', '0', '']
2025-08-28 15:40:10,772 - INFO - ['1.00', '-3.19', '-2.50', '1.00', '-3.19', '-2.50', '1.00', '-3.19', '-2.50', '36', '0', '48228', '6', '6412', '-2618', '0', '3', '0', '0', '']
2025-08-28 15:40:10,880 - INFO - ['1.00', '-3.19', '-2.50', '1.00', '-3.19', '-2.50', '1.00', '-3.19', '-2.50', '37', '0', '48228', '15', '6412', '-2618', '0', '3', '0', '0', '']
2025-08-28 15:40:10,985 - INFO - ['1.00', '-3.44', '-2.50', '1.00', '-3.44', '-2.50', '1.00', '-3.44', '-2.50', '36', '0', '48228', '3', '6412', '-2618', '0', '3', '0', '0', '']
2025-08-28 15:40:11,090 - INFO - ['1.00', '-3.44', '-2.50', '1.00', '-3.44', '-2.50', '1.00', '-3.44', '-2.50', '36', '0', '48228', '15', '6412', '-2618', '0', '3', '0', '0', '']
2025-08-28 15:40:11,193 - INFO - ['1.00', '-3.44', '-2.50', '1.00', '-3.44', '-2.50', '1.00', '-3.44', '-2.50', '37', '0', '48228', '9', '6412', '-2618', '0', '3', '0', '0', '']
2025-08-28 15:40:11,299 - INFO - ['1.00', '-3.44', '-2.50', '1.00', '-3.44', '-2.50', '1.00', '-3.44', '-2.50', '37', '0', '48228', '9', '6412', '-2618', '0', '3', '0', '0', '']
2025-08-28 15:40:11,404 - INFO - ['1.00', '-3.44', '-2.50', '1.00', '-3.44', '-2.50', '1.00', '-3.44', '-2.50', '37', '0', '48228', '9', '6412', '-2618', '0', '3', '0', '0', '']
2025-08-28 15:40:11,465 - INFO - ['1.00', '-3.44', '-2.50', '1.00', '-3.44', '-2.50', '1.00', '-3.44', '-2.50', '36', '0', '48228', '12', '6412', '-2618', '0', '3', '0', '0', '']
2025-08-28 15:40:11,569 - INFO - ['1.00', '-3.50', '-2.50', '1.00', '-3.50', '-2.50', '1.00', '-3.50', '-2.50', '36', '0', '48228', '9', '6412', '-2618', '0', '3', '0', '0', '']
2025-08-28 15:40:11,676 - INFO - ['1.00', '-3.50', '-2.50', '1.00', '-3.50', '-2.50', '1.00', '-3.50', '-2.50', '37', '0', '48228', '15', '6412', '-2618', '0', '3', '0', '0', '']
2025-08-28 15:40:11,781 - INFO - ['1.00', '-3.50', '-2.50', '1.00', '-3.50', '-2.50', '1.00', '-3.50', '-2.50', '36', '0', '48228', '15', '6412', '-2618', '0', '3', '0', '0', '']
2025-08-28 15:40:11,886 - INFO - ['1.00', '-3.50', '-2.50', '1.00', '-3.50', '-2.50', '1.00', '-3.50', '-2.50', '36', '0', '48228', '3', '6412', '-2618', '0', '3', '0', '0', '']
2025-08-28 15:40:11,944 - INFO - ['1.00', '-3.50', '-2.50', '1.00', '-3.50', '-2.50', '1.00', '-3.50', '-2.50', '36', '0', '48228', '9', '6412', '-2618', '0', '3', '0', '0', '']
2025-08-28 15:40:12,050 - INFO - ['1.00', '-3.50', '-2.50', '1.00', '-3.50', '-2.50', '1.00', '-3.50', '-2.50', '37', '0', '48228', '9', '6412', '-2618', '0', '3', '0', '0', '']
2025-08-28 15:40:12,155 - INFO - ['1.00', '-3.50', '-2.50', '1.00', '-3.50', '-2.50', '1.00', '-3.50', '-2.50', '36', '0', '48228', '7', '6412', '-2618', '0', '3', '0', '0', '']
2025-08-28 15:40:12,262 - INFO - ['1.00', '-3.50', '-2.50', '1.00', '-3.50', '-2.50', '1.00', '-3.50', '-2.50', '36', '0', '48228', '3', '6412', '-2618', '0', '3', '0', '0', '']
2025-08-28 15:40:12,365 - INFO - ['1.00', '-3.50', '-2.50', '1.00', '-3.50', '-2.50', '1.00', '-3.50', '-2.50', '36', '0', '48228', '10', '6412', '-2618', '0', '3', '0', '0', '']
2025-08-28 15:40:12,471 - INFO - ['1.00', '-3.50', '-2.50', '1.00', '-3.50', '-2.50', '1.00', '-3.50', '-2.50', '37', '0', '48228', '8', '6412', '-2618', '0', '3', '0', '0', '']
2025-08-28 15:40:12,578 - INFO - ['1.00', '-3.50', '-2.50', '1.00', '-3.50', '-2.50', '1.00', '-3.50', '-2.50', '37', '0', '48228', '12', '6412', '-2618', '0', '3', '0', '0', '']
2025-08-28 15:40:12,682 - INFO - ['1.00', '-3.50', '-2.50', '1.00', '-3.50', '-2.50', '1.00', '-3.50', '-2.50', '37', '0', '48228', '9', '6412', '-2618', '0', '3', '0', '0', '']
2025-08-28 15:40:12,740 - INFO - ['1.00', '-3.50', '-2.50', '1.00', '-3.50', '-2.50', '1.00', '-3.50', '-2.50', '37', '0', '48228', '9', '6412', '-2618', '0', '3', '0', '0', '']
2025-08-28 15:40:12,798 - INFO - ['1.00', '-3.50', '-2.50', '1.00', '-3.50', '-2.50', '1.00', '-3.50', '-2.50', '36', '0', '48228', '13', '6412', '-2618', '0', '3', '0', '0', '']
2025-08-28 15:40:12,856 - INFO - ['1.00', '-3.50', '-2.50', '1.00', '-3.50', '-2.50', '1.00', '-3.50', '-2.50', '36', '0', '48228', '11', '6412', '-2618', '0', '3', '0', '0', '']
2025-08-28 15:40:12,913 - INFO - ['1.00', '-3.50', '-2.50', '1.00', '-3.50', '-2.50', '1.00', '-3.50', '-2.50', '36', '0', '48228', '7', '6412', '-2618', '0', '3', '0', '0', '']
2025-08-28 15:40:12,971 - INFO - ['1.00', '-3.50', '-2.50', '1.00', '-3.50', '-2.50', '1.00', '-3.50', '-2.50', '37', '0', '48228', '5', '6412', '-2618', '0', '3', '0', '0', '']
2025-08-28 15:40:13,077 - INFO - ['1.00', '-3.50', '-2.50', '1.00', '-3.50', '-2.50', '1.00', '-3.50', '-2.50', '37', '0', '48228', '10', '6412', '-2618', '0', '3', '0', '0', '']
2025-08-28 15:40:13,133 - INFO - ['1.00', '-3.50', '-2.50', '1.00', '-3.50', '-2.50', '1.00', '-3.50', '-2.50', '37', '0', '48228', '7', '6412', '-2618', '0', '3', '0', '0', '']
2025-08-28 15:40:13,191 - INFO - ['1.00', '-3.50', '-2.50', '1.00', '-3.50', '-2.50', '1.00', '-3.50', '-2.50', '35', '0', '48228', '10', '6412', '-2618', '0', '3', '0', '0', '']
2025-08-28 15:40:13,250 - INFO - ['1.00', '-3.50', '-2.50', '1.00', '-3.50', '-2.50', '1.00', '-3.50', '-2.50', '37', '0', '48228', '9', '6412', '-2618', '0', '3', '0', '0', '']
2025-08-28 15:40:13,308 - INFO - ['1.00', '-3.50', '-2.50', '1.00', '-3.50', '-2.50', '1.00', '-3.50', '-2.50', '36', '0', '48228', '15', '6412', '-2618', '0', '3', '0', '0', '']
2025-08-28 15:40:13,365 - INFO - ['1.00', '-3.50', '-2.50', '1.00', '-3.50', '-2.50', '1.00', '-3.50', '-2.50', '36', '0', '48228', '10', '6412', '-2618', '0', '3', '0', '0', '']
2025-08-28 15:40:13,423 - INFO - ['1.00', '-3.50', '-2.50', '1.00', '-3.50', '-2.50', '1.00', '-3.50', '-2.50', '36', '0', '48228', '11', '6412', '-2618', '0', '3', '0', '0', '']
2025-08-28 15:40:13,483 - INFO - ['1.00', '-3.50', '-2.50', '1.00', '-3.50', '-2.50', '1.00', '-3.50', '-2.50', '36', '0', '48228', '2', '6412', '-2618', '0', '3', '0', '0', '']
2025-08-28 15:40:13,540 - INFO - ['1.00', '-3.50', '-2.50', '1.00', '-3.50', '-2.50', '1.00', '-3.50', '-2.50', '37', '0', '48228', '11', '6412', '-2618', '0', '3', '0', '0', '']
2025-08-28 15:40:13,645 - INFO - ['1.00', '-3.50', '-2.50', '1.00', '-3.50', '-2.50', '1.00', '-3.50', '-2.50', '37', '0', '48228', '9', '6412', '-2618', '0', '3', '0', '0', '']
2025-08-28 15:40:13,702 - INFO - ['1.00', '-3.50', '-2.50', '1.00', '-3.50', '-2.50', '1.00', '-3.50', '-2.50', '37', '0', '48228', '6', '6412', '-2618', '0', '3', '0', '0', '']
2025-08-28 15:40:13,807 - INFO - ['1.00', '-3.50', '-2.50', '1.00', '-3.50', '-2.50', '1.00', '-3.50', '-2.50', '36', '0', '48228', '7', '6412', '-2618', '0', '3', '0', '0', '']
2025-08-28 15:40:13,914 - INFO - ['1.00', '-3.50', '-2.50', '1.00', '-3.50', '-2.50', '1.00', '-3.50', '-2.50', '36', '0', '48228', '8', '6412', '-2618', '0', '3', '0', '0', '']
2025-08-28 15:40:14,019 - INFO - ['1.00', '-3.50', '-2.50', '1.00', '-3.50', '-2.50', '1.00', '-3.50', '-2.50', '37', '0', '48228', '9', '6412', '-2618', '0', '3', '0', '0', '']
2025-08-28 15:40:14,124 - INFO - ['1.00', '-3.50', '-2.50', '1.00', '-3.50', '-2.50', '1.00', '-3.50', '-2.50', '36', '0', '48228', '15', '6412', '-2618', '0', '3', '0', '0', '']
2025-08-28 15:40:14,230 - INFO - ['1.00', '-3.50', '-2.50', '1.00', '-3.50', '-2.50', '1.00', '-3.50', '-2.50', '37', '0', '48228', '9', '6412', '-2618', '0', '3', '0', '0', '']
2025-08-28 15:40:14,336 - INFO - ['1.00', '-3.50', '-2.50', '1.00', '-3.50', '-2.50', '1.00', '-3.50', '-2.50', '36', '0', '48228', '3', '6412', '-2618', '0', '3', '0', '0', '']
2025-08-28 15:40:14,394 - INFO - ['1.00', '-3.50', '-2.50', '1.00', '-3.50', '-2.50', '1.00', '-3.50', '-2.50', '36', '0', '48228', '8', '6412', '-2618', '0', '3', '0', '0', '']
2025-08-28 15:40:14,452 - INFO - ['1.00', '-3.50', '-2.50', '1.00', '-3.50', '-2.50', '1.00', '-3.50', '-2.50', '37', '0', '48228', '9', '6412', '-2618', '0', '3', '0', '0', '']
2025-08-28 15:40:14,558 - INFO - ['1.00', '-3.50', '-2.50', '1.00', '-3.50', '-2.50', '1.00', '-3.50', '-2.50', '36', '0', '48228', '5', '6412', '-2618', '0', '3', '0', '0', '']
2025-08-28 15:40:14,615 - INFO - ['1.00', '-3.50', '-2.50', '1.00', '-3.50', '-2.50', '1.00', '-3.50', '-2.50', '37', '0', '48228', '0', '6412', '-2618', '0', '3', '0', '0', '']
2025-08-28 15:40:14,674 - INFO - ['1.00', '-3.50', '-2.50', '1.00', '-3.50', '-2.50', '1.00', '-3.50', '-2.50', '36', '0', '48228', '9', '6412', '-2618', '0', '3', '0', '0', '']
2025-08-28 15:40:14,733 - INFO - ['1.00', '-3.50', '-2.50', '1.00', '-3.50', '-2.50', '1.00', '-3.50', '-2.50', '36', '0', '48228', '15', '6412', '-2618', '0', '3', '0', '0', '']
2025-08-28 15:40:14,789 - INFO - ['1.00', '-3.50', '-2.50', '1.00', '-3.50', '-2.50', '1.00', '-3.50', '-2.50', '36', '0', '48228', '12', '6412', '-2618', '0', '3', '0', '0', '']
2025-08-28 15:40:14,847 - INFO - ['1.00', '-3.50', '-2.50', '1.00', '-3.50', '-2.50', '1.00', '-3.50', '-2.50', '36', '0', '48228', '8', '6412', '-2618', '0', '3', '0', '0', '']
2025-08-28 15:40:14,905 - INFO - ['1.00', '-3.50', '-2.50', '1.00', '-3.50', '-2.50', '1.00', '-3.50', '-2.50', '36', '0', '48228', '7', '6412', '-2618', '0', '3', '0', '0', '']
2025-08-28 15:40:14,962 - INFO - ['1.00', '-3.50', '-2.50', '1.00', '-3.50', '-2.50', '1.00', '-3.50', '-2.50', '37', '0', '48228', '8', '6412', '-2618', '0', '3', '0', '0', '']
2025-08-28 15:40:15,020 - INFO - ['1.00', '-3.50', '-2.50', '1.00', '-3.50', '-2.50', '1.00', '-3.50', '-2.50', '36', '0', '48228', '5', '6412', '-2618', '0', '3', '0', '0', '']
2025-08-28 15:40:15,128 - INFO - ['1.00', '-3.50', '-2.50', '1.00', '-3.50', '-2.50', '1.00', '-3.50', '-2.50', '36', '0', '48228', '4', '6412', '-2618', '0', '3', '0', '0', '']
2025-08-28 15:40:15,234 - INFO - ['1.00', '-3.50', '-2.50', '1.00', '-3.50', '-2.50', '1.00', '-3.50', '-2.50', '36', '0', '48228', '5', '6412', '-2618', '0', '3', '0', '0', '']
2025-08-28 15:40:15,291 - INFO - ['1.00', '-3.50', '-2.50', '1.00', '-3.50', '-2.50', '1.00', '-3.50', '-2.50', '36', '0', '48228', '14', '6412', '-2618', '0', '3', '0', '0', '']
2025-08-28 15:40:15,397 - INFO - ['1.00', '-3.50', '-2.50', '1.00', '-3.50', '-2.50', '1.00', '-3.50', '-2.50', '37', '0', '48228', '9', '6412', '-2618', '0', '3', '0', '0', '']
2025-08-28 15:40:15,454 - INFO - ['1.00', '-3.50', '-2.50', '1.00', '-3.50', '-2.50', '1.00', '-3.50', '-2.50', '38', '0', '48228', '13', '6412', '-2618', '0', '3', '0', '0', '']
2025-08-28 15:40:15,514 - INFO - ['1.00', '-3.50', '-2.50', '1.00', '-3.50', '-2.50', '1.00', '-3.50', '-2.50', '36', '0', '48228', '12', '6412', '-2618', '0', '3', '0', '0', '']
2025-08-28 15:40:15,572 - INFO - ['1.00', '-3.50', '-2.50', '1.00', '-3.50', '-2.50', '1.00', '-3.50', '-2.50', '36', '0', '48228', '13', '6412', '-2618', '0', '3', '0', '0', '']
2025-08-28 15:40:15,630 - INFO - ['1.00', '-3.50', '-2.50', '1.00', '-3.50', '-2.50', '1.00', '-3.50', '-2.50', '35', '0', '48228', '3', '6412', '-2618', '0', '3', '0', '0', '']
2025-08-28 15:40:15,687 - INFO - ['1.00', '-3.50', '-2.50', '1.00', '-3.50', '-2.50', '1.00', '-3.50', '-2.50', '37', '0', '48228', '3', '6412', '-2618', '0', '3', '0', '0', '']
2025-08-28 15:40:15,746 - INFO - ['1.00', '-3.50', '-2.50', '1.00', '-3.50', '-2.50', '1.00', '-3.50', '-2.50', '36', '0', '48228', '13', '6412', '-2618', '0', '3', '0', '0', '']
2025-08-28 15:40:15,804 - INFO - ['1.00', '-3.50', '-2.50', '1.00', '-3.50', '-2.50', '1.00', '-3.50', '-2.50', '35', '0', '48228', '9', '6412', '-2618', '0', '3', '0', '0', '']
2025-08-28 15:40:15,908 - INFO - ['1.00', '-3.50', '-2.50', '1.00', '-3.50', '-2.50', '1.00', '-3.50', '-2.50', '36', '0', '48228', '3', '328', '-2618', '0', '3', '0', '0', '']
2025-08-28 15:40:16,014 - INFO - ['1.00', '-3.50', '-2.50', '1.00', '-3.50', '-2.50', '1.00', '-3.50', '-2.50', '36', '0', '48228', '6', '328', '-2618', '0', '3', '0', '0', '']
2025-08-28 15:40:16,073 - INFO - ['1.00', '-3.50', '-2.50', '1.00', '-3.50', '-2.50', '1.00', '-3.50', '-2.50', '36', '0', '48228', '14', '328', '-2618', '0', '3', '0', '0', '']
2025-08-28 15:40:16,130 - INFO - ['1.00', '-3.50', '-2.50', '1.00', '-3.50', '-2.50', '1.00', '-3.50', '-2.50', '36', '0', '48228', '9', '328', '-2618', '0', '3', '0', '0', '']
2025-08-28 15:40:16,237 - INFO - ['1.00', '-3.50', '-2.50', '1.00', '-3.50', '-2.50', '1.00', '-3.50', '-2.50', '37', '0', '48228', '13', '328', '-2618', '0', '3', '0', '0', '']
2025-08-28 15:40:16,298 - INFO - ['0.94', '-3.56', '-2.50', '0.94', '-3.56', '-2.50', '0.94', '-3.56', '-2.50', '36', '0', '48228', '14', '328', '-2618', '0', '3', '0', '0', '']
2025-08-28 15:40:16,353 - INFO - ['1.00', '-3.56', '-2.50', '1.00', '-3.56', '-2.50', '1.00', '-3.56', '-2.50', '37', '0', '48228', '9', '328', '-2618', '0', '3', '0', '0', '']
2025-08-28 15:40:16,410 - INFO - ['1.00', '-3.56', '-2.50', '1.00', '-3.56', '-2.50', '1.00', '-3.56', '-2.50', '36', '0', '48228', '10', '328', '-2618', '0', '3', '0', '0', '']
2025-08-28 15:40:16,469 - INFO - ['1.13', '-3.56', '-2.50', '1.13', '-3.56', '-2.50', '1.13', '-3.56', '-2.50', '37', '0', '48228', '11', '328', '-2618', '0', '3', '0', '0', '']
2025-08-28 15:40:16,526 - INFO - ['1.13', '-3.56', '-2.44', '1.13', '-3.56', '-2.44', '1.13', '-3.56', '-2.44', '36', '0', '48228', '12', '328', '-2627', '0', '3', '0', '0', '']
2025-08-28 15:40:16,631 - INFO - ['1.50', '-3.56', '-2.44', '1.50', '-3.56', '-2.44', '1.50', '-3.56', '-2.44', '36', '0', '48228', '9', '328', '-2647', '0', '3', '0', '0', '']
2025-08-28 15:40:16,689 - INFO - ['1.56', '-3.56', '-2.44', '1.56', '-3.56', '-2.44', '1.56', '-3.56', '-2.44', '36', '0', '48228', '1', '328', '-2661', '0', '3', '0', '0', '']
2025-08-28 15:40:16,748 - INFO - ['1.38', '-3.63', '-2.38', '1.38', '-3.63', '-2.38', '1.38', '-3.63', '-2.38', '36', '0', '48228', '9', '328', '-2667', '0', '3', '0', '0', '']
2025-08-28 15:40:16,805 - INFO - ['1.38', '-3.63', '-2.38', '1.38', '-3.63', '-2.38', '1.38', '-3.63', '-2.38', '36', '0', '48228', '10', '328', '-2668', '0', '3', '0', '0', '']
2025-08-28 15:40:16,866 - INFO - ['1.38', '-3.50', '-2.38', '1.38', '-3.50', '-2.38', '1.38', '-3.50', '-2.38', '37', '0', '48228', '14', '328', '-2668', '0', '3', '0', '0', '']
2025-08-28 15:40:16,969 - INFO - ['1.38', '-3.50', '-2.38', '1.38', '-3.50', '-2.38', '1.38', '-3.50', '-2.38', '35', '0', '48228', '10', '328', '-2668', '0', '3', '0', '0', '']
2025-08-28 15:40:17,074 - INFO - ['1.44', '-3.50', '-2.44', '1.44', '-3.50', '-2.44', '1.44', '-3.50', '-2.44', '36', '0', '48228', '4', '328', '-2668', '0', '3', '0', '0', '']
2025-08-28 15:40:17,134 - INFO - ['1.44', '-3.56', '-2.44', '1.44', '-3.56', '-2.44', '1.44', '-3.56', '-2.44', '36', '0', '48228', '1', '328', '-2671', '0', '3', '0', '0', '']
2025-08-28 15:40:17,190 - INFO - ['1.50', '-3.50', '-2.38', '1.50', '-3.50', '-2.38', '1.50', '-3.50', '-2.38', '35', '0', '48228', '5', '328', '-2691', '0', '3', '0', '0', '']
2025-08-28 15:40:17,302 - INFO - ['1.50', '-3.56', '-2.44', '1.50', '-3.56', '-2.44', '1.50', '-3.56', '-2.44', '33', '0', '48228', '7', '328', '-2731', '0', '3', '0', '0', '']
2025-08-28 15:40:17,450 - INFO - ['1.56', '-3.56', '-2.44', '1.56', '-3.56', '-2.44', '1.56', '-3.56', '-2.44', '32', '0', '48228', '5', '328', '-2781', '0', '3', '0', '0', '']
2025-08-28 15:40:17,555 - INFO - ['1.56', '-3.63', '-2.44', '1.56', '-3.63', '-2.44', '1.56', '-3.63', '-2.44', '32', '0', '48228', '8', '328', '-2811', '0', '3', '0', '0', '']
2025-08-28 15:40:17,661 - INFO - ['1.56', '-3.75', '-2.44', '1.56', '-3.75', '-2.44', '1.56', '-3.75', '-2.44', '30', '0', '48228', '2', '328', '-2820', '0', '3', '0', '0', '']
2025-08-28 15:40:17,718 - INFO - ['1.56', '-3.75', '-2.38', '1.56', '-3.75', '-2.38', '1.56', '-3.75', '-2.38', '29', '0', '48228', '4', '328', '-2824', '0', '3', '0', '0', '']
2025-08-28 15:40:17,775 - INFO - ['1.56', '-3.75', '-2.38', '1.56', '-3.75', '-2.38', '1.56', '-3.75', '-2.38', '29', '0', '48228', '1', '328', '-2825', '0', '3', '0', '0', '']
2025-08-28 15:40:17,833 - INFO - ['1.56', '-3.69', '-2.44', '1.56', '-3.69', '-2.44', '1.56', '-3.69', '-2.44', '29', '0', '48228', '6', '328', '-2836', '0', '3', '0', '0', '']
2025-08-28 15:40:17,941 - INFO - ['1.56', '-3.75', '-2.44', '1.56', '-3.75', '-2.44', '1.56', '-3.75', '-2.44', '28', '0', '48228', '12', '328', '-2850', '0', '3', '0', '0', '']
2025-08-28 15:40:17,998 - INFO - ['1.56', '-3.75', '-2.44', '1.56', '-3.75', '-2.44', '1.56', '-3.75', '-2.44', '27', '0', '48228', '2', '328', '-2859', '0', '3', '0', '0', '']
2025-08-28 15:40:18,106 - INFO - ['1.56', '-3.75', '-2.44', '1.56', '-3.75', '-2.44', '1.56', '-3.75', '-2.44', '28', '0', '48228', '5', '328', '-2876', '0', '3', '0', '0', '']
2025-08-28 15:40:18,211 - INFO - ['1.56', '-3.81', '-2.50', '1.56', '-3.81', '-2.50', '1.56', '-3.81', '-2.50', '26', '0', '48228', '0', '328', '-2897', '0', '3', '0', '0', '']
2025-08-28 15:40:18,317 - INFO - ['1.56', '-3.81', '-2.50', '1.56', '-3.81', '-2.50', '1.56', '-3.81', '-2.50', '26', '0', '48228', '3', '328', '-2906', '0', '3', '0', '0', '']
2025-08-28 15:40:18,375 - INFO - ['1.50', '-3.81', '-2.56', '1.50', '-3.81', '-2.56', '1.50', '-3.81', '-2.56', '26', '0', '48228', '0', '328', '-2913', '0', '3', '0', '0', '']
2025-08-28 15:40:18,433 - INFO - ['1.56', '-3.81', '-2.50', '1.56', '-3.81', '-2.50', '1.56', '-3.81', '-2.50', '25', '0', '48228', '6', '328', '-2926', '0', '3', '0', '0', '']
2025-08-28 15:40:18,492 - INFO - ['1.50', '-3.81', '-2.50', '1.50', '-3.81', '-2.50', '1.50', '-3.81', '-2.50', '23', '0', '48228', '8', '328', '-2935', '0', '3', '0', '0', '']
2025-08-28 15:40:18,588 - INFO - ['1.44', '-3.69', '-2.44', '1.44', '-3.69', '-2.44', '1.44', '-3.69', '-2.44', '24', '0', '48228', '2', '328', '-2939', '0', '3', '0', '0', '']
2025-08-28 15:40:18,645 - INFO - ['1.44', '-3.69', '-2.44', '1.44', '-3.69', '-2.44', '1.44', '-3.69', '-2.44', '25', '0', '48228', '0', '328', '-2939', '0', '3', '0', '0', '']
2025-08-28 15:40:18,704 - INFO - ['1.44', '-3.69', '-2.44', '1.44', '-3.69', '-2.44', '1.44', '-3.69', '-2.44', '24', '0', '48228', '6', '328', '-2939', '0', '3', '0', '0', '']
2025-08-28 15:40:18,761 - INFO - ['1.44', '-3.69', '-2.44', '1.44', '-3.69', '-2.44', '1.44', '-3.69', '-2.44', '24', '0', '48228', '0', '328', '-2939', '0', '3', '0', '0', '']
2025-08-28 15:40:18,819 - INFO - ['1.44', '-3.69', '-2.44', '1.44', '-3.69', '-2.44', '1.44', '-3.69', '-2.44', '25', '0', '48228', '2', '328', '-2939', '0', '3', '0', '0', '']
2025-08-28 15:40:18,877 - INFO - ['1.44', '-3.69', '-2.44', '1.44', '-3.69', '-2.44', '1.44', '-3.69', '-2.44', '24', '0', '48228', '0', '328', '-2939', '0', '3', '0', '0', '']
2025-08-28 15:40:18,935 - INFO - ['1.44', '-3.69', '-2.44', '1.44', '-3.69', '-2.44', '1.44', '-3.69', '-2.44', '24', '0', '48228', '13', '328', '-2939', '0', '3', '0', '0', '']
2025-08-28 15:40:18,994 - INFO - ['1.38', '-3.69', '-2.44', '1.38', '-3.69', '-2.44', '1.38', '-3.69', '-2.44', '24', '0', '48228', '6', '328', '-2939', '0', '3', '0', '0', '']
2025-08-28 15:40:19,098 - INFO - ['1.44', '-3.69', '-2.44', '1.44', '-3.69', '-2.44', '1.44', '-3.69', '-2.44', '24', '0', '48228', '0', '328', '-2939', '0', '3', '0', '0', '']
2025-08-28 15:40:19,156 - INFO - ['1.38', '-3.69', '-2.44', '1.38', '-3.69', '-2.44', '1.38', '-3.69', '-2.44', '23', '0', '48228', '4', '328', '-2943', '0', '3', '0', '0', '']
2025-08-28 15:40:19,214 - INFO - ['1.38', '-3.69', '-2.44', '1.38', '-3.69', '-2.44', '1.38', '-3.69', '-2.44', '24', '0', '48228', '4', '328', '-2951', '0', '3', '0', '0', '']
2025-08-28 15:40:19,273 - INFO - ['1.38', '-3.69', '-2.44', '1.38', '-3.69', '-2.44', '1.38', '-3.69', '-2.44', '24', '0', '48228', '4', '328', '-2961', '0', '3', '0', '0', '']
2025-08-28 15:40:19,331 - INFO - ['1.38', '-3.75', '-2.44', '1.38', '-3.75', '-2.44', '1.38', '-3.75', '-2.44', '23', '0', '48228', '5', '328', '-2973', '0', '3', '0', '0', '']
2025-08-28 15:40:19,390 - INFO - ['1.31', '-3.75', '-2.44', '1.31', '-3.75', '-2.44', '1.31', '-3.75', '-2.44', '22', '0', '48228', '0', '328', '-2986', '0', '3', '0', '0', '']
2025-08-28 15:40:19,448 - INFO - ['1.31', '-3.75', '-2.44', '1.31', '-3.75', '-2.44', '1.31', '-3.75', '-2.44', '22', '0', '48228', '2', '328', '-2998', '0', '3', '0', '0', '']
2025-08-28 15:40:20,499 - INFO - ['1.31', '-3.69', '-2.44', '1.31', '-3.69', '-2.44', '1.31', '-3.69', '-2.44', '22', '65535', '48228', '5', '328', '-3029', '0', '3', '0', '0', '']
2025-08-28 15:40:20,517 - INFO - Camera stopped
2025-08-28 15:40:22,324 - INFO - Camera closed successfully.
