2025-08-29 15:27:01,785 - INFO - Camera configuration has been adjusted!
2025-08-29 15:27:01,788 - INFO - Configuration successful!
2025-08-29 15:27:03,315 - INFO - Camera started
2025-08-29 15:27:03,337 - INFO - [1.56, -3.63, -2.69, 1.56, -3.63, -2.69, 1.56, -3.63, -2.69, 107.0, 72.0, 48228.0, 16.0, 6412.0, -6161.0, 0.0, 3.0, 0.0, 0.0]
2025-08-29 15:27:03,921 - INFO - [1.56, -3.63, -2.69, 1.56, -3.63, -2.69, 1.56, -3.63, -2.69, 108.0, 72.0, 48228.0, 16.0, 6412.0, -6161.0, 0.0, 3.0, 0.0, 0.0]
2025-08-29 15:27:04,159 - INFO - [1.63, -3.69, -2.69, 1.63, -3.69, -2.69, 1.63, -3.69, -2.69, 107.0, 72.0, 48228.0, 16.0, 6412.0, -6205.0, 0.0, 3.0, 0.0, 0.0]
2025-08-29 15:27:04,284 - INFO - [2.25, -3.94, -2.94, 2.25, -3.94, -2.94, 2.25, -3.94, -2.94, 104.0, 46.0, 48228.0, 17.0, 6412.0, -6281.0, 0.0, 3.0, 0.0, 0.0]
2025-08-29 15:27:04,408 - INFO - [4.31, -4.25, -2.88, 4.31, -4.25, -2.88, 4.31, -4.25, -2.88, 102.0, 9.0, 48228.0, 19.0, 6412.0, -6366.0, 0.0, 3.0, 0.0, 0.0]
2025-08-29 15:27:04,408 - WARNING - Close to the right wall!
2025-08-29 15:27:04,533 - INFO - [6.25, -4.25, -2.75, 6.25, -4.25, -2.75, 6.25, -4.25, -2.75, 99.0, 8.0, 48228.0, 18.0, 6412.0, -6429.0, 0.0, 3.0, 0.0, 0.0]
2025-08-29 15:27:04,533 - WARNING - Close to the right wall!
2025-08-29 15:27:04,657 - INFO - [8.5, -4.44, -2.75, 8.5, -4.44, -2.75, 8.5, -4.44, -2.75, 99.0, 7.0, 48228.0, 18.0, 6412.0, -6502.0, 0.0, 3.0, 0.0, 0.0]
2025-08-29 15:27:04,657 - WARNING - Close to the right wall!
2025-08-29 15:27:04,782 - INFO - [11.0, -4.69, -2.81, 11.0, -4.69, -2.81, 11.0, -4.69, -2.81, 96.0, 64.0, 48228.0, 21.0, 6412.0, -6590.0, 0.0, 3.0, 0.0, 0.0]
2025-08-29 15:27:04,906 - INFO - [13.88, -4.69, -2.63, 13.88, -4.69, -2.63, 13.88, -4.69, -2.63, 97.0, 67.0, 48228.0, 22.0, 6412.0, -6685.0, 0.0, 3.0, 0.0, 0.0]
2025-08-29 15:27:05,029 - INFO - [16.88, -4.81, -2.5, 16.88, -4.81, -2.5, 16.88, -4.81, -2.5, 93.0, 66.0, 48228.0, 22.0, 6412.0, -6783.0, 0.0, 3.0, 0.0, 0.0]
2025-08-29 15:27:05,154 - INFO - [19.56, -4.94, -2.5, 19.56, -4.94, -2.5, 19.56, -4.94, -2.5, 96.0, 65.0, 48228.0, 25.0, 6412.0, -6875.0, 0.0, 3.0, 0.0, 0.0]
2025-08-29 15:27:05,279 - INFO - [21.94, -5.13, -2.25, 21.94, -5.13, -2.25, 21.94, -5.13, -2.25, 98.0, 65.0, 48228.0, 27.0, 6412.0, -6958.0, 0.0, 3.0, 0.0, 0.0]
2025-08-29 15:27:05,403 - INFO - [24.5, -5.13, -2.13, 24.5, -5.13, -2.13, 24.5, -5.13, -2.13, 98.0, 66.0, 48228.0, 28.0, 6412.0, -7021.0, 0.0, 3.0, 0.0, 0.0]
2025-08-29 15:27:05,529 - INFO - [26.63, -5.19, -1.88, 26.63, -5.19, -1.88, 26.63, -5.19, -1.88, 84.0, 66.0, 48228.0, 30.0, 6412.0, -7084.0, 0.0, 3.0, 0.0, 0.0]
2025-08-29 15:27:05,653 - INFO - [29.63, -5.38, -2.25, 29.63, -5.38, -2.25, 29.63, -5.38, -2.25, 83.0, 68.0, 48228.0, 35.0, 6412.0, -7165.0, 0.0, 3.0, 0.0, 0.0]
2025-08-29 15:27:05,778 - INFO - [32.81, -5.5, -2.0, 32.81, -5.5, -2.0, 32.81, -5.5, -2.0, 108.0, 65.0, 48228.0, 38.0, 6412.0, -7252.0, 0.0, 3.0, 0.0, 0.0]
2025-08-29 15:27:05,903 - INFO - [36.13, -5.44, -1.81, 36.13, -5.44, -1.81, 36.13, -5.44, -1.81, 0.0, 66.0, 48228.0, 43.0, 6412.0, -7345.0, 0.0, 3.0, 0.0, 0.0]
2025-08-29 15:27:05,903 - WARNING - Might crash, too close
2025-08-29 15:27:06,027 - INFO - [38.81, -5.63, -1.69, 38.81, -5.63, -1.69, 38.81, -5.63, -1.69, 0.0, 63.0, 48228.0, 49.0, 6412.0, -7438.0, 0.0, 3.0, 0.0, 0.0]
2025-08-29 15:27:06,028 - WARNING - Might crash, too close
2025-08-29 15:27:06,153 - INFO - [41.38, -5.69, -1.75, 41.38, -5.69, -1.75, 41.38, -5.69, -1.75, 0.0, 65.0, 48228.0, 53.0, 6412.0, -7527.0, 0.0, 3.0, 0.0, 0.0]
2025-08-29 15:27:06,153 - WARNING - Might crash, too close
2025-08-29 15:27:06,278 - INFO - [44.38, -5.81, -1.63, 44.38, -5.81, -1.63, 44.38, -5.81, -1.63, 0.0, 63.0, 48228.0, 59.0, 6412.0, -7602.0, 0.0, 3.0, 0.0, 0.0]
2025-08-29 15:27:06,280 - WARNING - Might crash, too close
2025-08-29 15:27:06,403 - INFO - [46.56, -5.19, -1.69, 46.56, -5.19, -1.69, 46.56, -5.19, -1.69, 0.0, 63.0, 48228.0, 61.0, 6412.0, -7660.0, 0.0, 3.0, 0.0, 0.0]
2025-08-29 15:27:06,404 - WARNING - Might crash, too close
2025-08-29 15:27:06,528 - INFO - [49.38, -5.19, -1.5, 49.38, -5.19, -1.5, 49.38, -5.19, -1.5, 0.0, 66.0, 48228.0, 73.0, 6412.0, -7733.0, 0.0, 3.0, 0.0, 0.0]
2025-08-29 15:27:06,528 - WARNING - Might crash, too close
2025-08-29 15:27:06,653 - INFO - [52.19, -5.19, -1.44, 52.19, -5.19, -1.44, 52.19, -5.19, -1.44, 123.0, 68.0, 48228.0, 89.0, 6412.0, -7818.0, 0.0, 3.0, 0.0, 0.0]
2025-08-29 15:27:06,780 - INFO - [55.94, -5.19, -1.25, 55.94, -5.19, -1.25, 55.94, -5.19, -1.25, 132.0, 66.0, 48228.0, 51.0, 6412.0, -7900.0, 0.0, 3.0, 0.0, 0.0]
2025-08-29 15:27:06,906 - INFO - [59.5, -5.0, -1.25, 59.5, -5.0, -1.25, 59.5, -5.0, -1.25, 158.0, 72.0, 48228.0, 72.0, 6412.0, -7991.0, 0.0, 3.0, 0.0, 0.0]
2025-08-29 15:27:07,030 - INFO - [63.0, -5.0, -1.13, 63.0, -5.0, -1.13, 63.0, -5.0, -1.13, 95.0, 76.0, 48228.0, 67.0, 6412.0, -8069.0, 0.0, 3.0, 0.0, 0.0]
2025-08-29 15:27:07,156 - INFO - [65.13, -4.88, -1.06, 65.13, -4.88, -1.06, 65.13, -4.88, -1.06, 30.0, 75.0, 48228.0, 65.0, 6412.0, -8137.0, 0.0, 3.0, 0.0, 0.0]
2025-08-29 15:27:07,281 - INFO - [67.75, -5.06, -0.56, 67.75, -5.06, -0.56, 67.75, -5.06, -0.56, 28.0, 82.0, 48228.0, 58.0, 6412.0, -8205.0, 0.0, 3.0, 0.0, 0.0]
2025-08-29 15:27:07,408 - INFO - [69.88, -5.0, -0.44, 69.88, -5.0, -0.44, 69.88, -5.0, -0.44, 26.0, 90.0, 48228.0, 61.0, 6412.0, -8258.0, 0.0, 3.0, 0.0, 0.0]
2025-08-29 15:27:07,534 - INFO - [72.38, -5.19, -0.38, 72.38, -5.19, -0.38, 72.38, -5.19, -0.38, 27.0, 94.0, 48228.0, 64.0, 6412.0, -8324.0, 0.0, 3.0, 0.0, 0.0]
2025-08-29 15:27:07,660 - INFO - [75.5, -5.06, -0.44, 75.5, -5.06, -0.44, 75.5, -5.06, -0.44, 233.0, 108.0, 48228.0, 64.0, 6412.0, -8404.0, 0.0, 3.0, 0.0, 0.0]
2025-08-29 15:27:07,785 - INFO - [79.56, -5.19, -0.06, 79.56, -5.19, -0.06, 79.56, -5.19, -0.06, 227.0, 224.0, 48228.0, 67.0, 6412.0, -8491.0, 0.0, 3.0, 0.0, 0.0]
2025-08-29 15:27:07,911 - INFO - [83.13, -5.13, 0.0, 83.13, -5.13, 0.0, 83.13, -5.13, 0.0, 221.0, 222.0, 48228.0, 68.0, 6412.0, -8580.0, 0.0, 3.0, 0.0, 0.0]
2025-08-29 15:27:08,038 - INFO - [86.94, -5.19, 0.31, 86.94, -5.19, 0.31, 86.94, -5.19, 0.31, 217.0, 220.0, 48228.0, 70.0, 6412.0, -8665.0, 0.0, 3.0, 0.0, 0.0]
2025-08-29 15:27:08,164 - INFO - [89.63, -5.13, 0.38, 89.63, -5.13, 0.38, 89.63, -5.13, 0.38, 215.0, 220.0, 48228.0, 71.0, 6412.0, -8737.0, 0.0, 3.0, 0.0, 0.0]
2025-08-29 15:27:08,291 - INFO - [92.69, -5.06, 0.56, 92.69, -5.06, 0.56, 92.69, -5.06, 0.56, 215.0, 219.0, 48228.0, 72.0, 6412.0, -8809.0, 0.0, 3.0, 0.0, 0.0]
2025-08-29 15:27:08,417 - INFO - [94.44, -5.0, 0.75, 94.44, -5.0, 0.75, 94.44, -5.0, 0.75, 217.0, 218.0, 48228.0, 74.0, 6412.0, -8864.0, 0.0, 3.0, 0.0, 0.0]
2025-08-29 15:27:08,544 - INFO - [95.0, -5.06, 0.81, 95.0, -5.06, 0.81, 95.0, -5.06, 0.81, 214.0, 221.0, 48228.0, 74.0, 6412.0, -8938.0, 0.0, 3.0, 0.0, 0.0]
2025-08-29 15:27:08,669 - INFO - [95.25, -5.56, -0.13, 95.25, -5.56, -0.13, 95.25, -5.56, -0.13, 213.0, 221.0, 48228.0, 71.0, 6412.0, -9038.0, 0.0, 3.0, 0.0, 0.0]
2025-08-29 15:27:08,795 - INFO - [95.13, -5.5, -0.44, 95.13, -5.5, -0.44, 95.13, -5.5, -0.44, 201.0, 220.0, 48228.0, 11.0, 6412.0, -9157.0, 0.0, 3.0, 0.0, 0.0]
2025-08-29 15:27:08,920 - INFO - [94.88, -5.44, -0.5, 94.88, -5.44, -0.5, 94.88, -5.44, -0.5, 201.0, 15.0, 48228.0, 71.0, 6412.0, -9284.0, 0.0, 3.0, 0.0, 0.0]
2025-08-29 15:27:09,048 - INFO - [94.38, -5.31, -0.69, 94.38, -5.31, -0.69, 94.38, -5.31, -0.69, 198.0, 15.0, 48228.0, 74.0, 6412.0, -9410.0, 0.0, 3.0, 0.0, 0.0]
2025-08-29 15:27:09,173 - INFO - [93.88, -5.25, -0.69, 93.88, -5.25, -0.69, 93.88, -5.25, -0.69, 194.0, 14.0, 48228.0, 74.0, 6412.0, -9521.0, 0.0, 3.0, 0.0, 0.0]
2025-08-29 15:27:09,299 - INFO - [93.56, -5.38, -0.94, 93.56, -5.38, -0.94, 93.56, -5.38, -0.94, 187.0, 15.0, 48228.0, 74.0, 6412.0, -9643.0, 0.0, 3.0, 0.0, 0.0]
2025-08-29 15:27:09,426 - INFO - [92.81, -5.25, -1.06, 92.81, -5.25, -1.06, 92.81, -5.25, -1.06, 184.0, 14.0, 48228.0, 75.0, 6412.0, -9774.0, 0.0, 3.0, 0.0, 0.0]
2025-08-29 15:27:09,550 - INFO - [92.25, -5.31, -1.0, 92.25, -5.31, -1.0, 92.25, -5.31, -1.0, 179.0, 14.0, 48228.0, 75.0, 6412.0, -9906.0, 0.0, 3.0, 0.0, 0.0]
2025-08-29 15:27:09,675 - INFO - [91.69, -5.38, -1.06, 91.69, -5.38, -1.06, 91.69, -5.38, -1.06, 176.0, 13.0, 48228.0, 75.0, 6412.0, -10033.0, 0.0, 3.0, 0.0, 0.0]
2025-08-29 15:27:09,801 - INFO - [91.19, -5.19, -1.06, 91.19, -5.19, -1.06, 91.19, -5.19, -1.06, 172.0, 14.0, 48228.0, 76.0, 6412.0, -10146.0, 0.0, 3.0, 0.0, 0.0]
2025-08-29 15:27:09,927 - INFO - [90.88, -5.19, -1.38, 90.88, -5.19, -1.38, 90.88, -5.19, -1.38, 167.0, 14.0, 48228.0, 76.0, 6412.0, -10269.0, 0.0, 3.0, 0.0, 0.0]
2025-08-29 15:27:10,053 - INFO - [90.5, -5.19, -1.44, 90.5, -5.19, -1.44, 90.5, -5.19, -1.44, 163.0, 14.0, 48228.0, 75.0, 6412.0, -10402.0, 0.0, 3.0, 0.0, 0.0]
2025-08-29 15:27:10,178 - INFO - [90.13, -5.06, -1.5, 90.13, -5.06, -1.5, 90.13, -5.06, -1.5, 158.0, 14.0, 48228.0, 75.0, 6412.0, -10535.0, 0.0, 3.0, 0.0, 0.0]
2025-08-29 15:27:10,304 - INFO - [89.88, -5.06, -1.56, 89.88, -5.06, -1.56, 89.88, -5.06, -1.56, 154.0, 14.0, 48228.0, 76.0, 6412.0, -10662.0, 0.0, 3.0, 0.0, 0.0]
2025-08-29 15:27:10,430 - INFO - [89.81, -5.13, -1.5, 89.81, -5.13, -1.5, 89.81, -5.13, -1.5, 151.0, 14.0, 48228.0, 75.0, 6412.0, -10775.0, 0.0, 3.0, 0.0, 0.0]
2025-08-29 15:27:10,556 - INFO - [89.69, -5.31, -1.75, 89.69, -5.31, -1.75, 89.69, -5.31, -1.75, 147.0, 14.0, 48228.0, 75.0, 6412.0, -10900.0, 0.0, 3.0, 0.0, 0.0]
2025-08-29 15:27:10,681 - INFO - [89.63, -5.31, -1.75, 89.63, -5.31, -1.75, 89.63, -5.31, -1.75, 143.0, 13.0, 48228.0, 75.0, 6412.0, -11032.0, 0.0, 3.0, 0.0, 0.0]
2025-08-29 15:27:10,806 - INFO - [89.75, -5.38, -1.81, 89.75, -5.38, -1.81, 89.75, -5.38, -1.81, 138.0, 13.0, 48228.0, 74.0, 6412.0, -11162.0, 0.0, 3.0, 0.0, 0.0]
2025-08-29 15:27:10,930 - INFO - [89.81, -5.19, -1.69, 89.81, -5.19, -1.69, 89.81, -5.19, -1.69, 134.0, 13.0, 48228.0, 75.0, 6412.0, -11285.0, 0.0, 3.0, 0.0, 0.0]
2025-08-29 15:27:11,172 - INFO - [90.06, -5.06, -1.81, 90.06, -5.06, -1.81, 90.06, -5.06, -1.81, 127.0, 13.0, 48228.0, 76.0, 6412.0, -11507.0, 0.0, 3.0, 0.0, 0.0]
2025-08-29 15:27:11,298 - INFO - [90.06, -5.0, -1.75, 90.06, -5.0, -1.75, 90.06, -5.0, -1.75, 124.0, 13.0, 48228.0, 75.0, 6412.0, -11640.0, 0.0, 3.0, 0.0, 0.0]
2025-08-29 15:27:11,425 - INFO - [90.19, -5.06, -1.88, 90.19, -5.06, -1.88, 90.19, -5.06, -1.88, 119.0, 13.0, 48228.0, 75.0, 6412.0, -11774.0, 0.0, 3.0, 0.0, 0.0]
2025-08-29 15:27:11,552 - INFO - [90.31, -5.13, -1.75, 90.31, -5.13, -1.75, 90.31, -5.13, -1.75, 115.0, 13.0, 48228.0, 77.0, 6412.0, -11901.0, 0.0, 3.0, 0.0, 0.0]
2025-08-29 15:27:11,676 - INFO - [90.5, -5.13, -1.56, 90.5, -5.13, -1.56, 90.5, -5.13, -1.56, 111.0, 13.0, 48228.0, 76.0, 6412.0, -12014.0, 0.0, 3.0, 0.0, 0.0]
2025-08-29 15:27:11,800 - INFO - [90.56, -5.13, -1.81, 90.56, -5.13, -1.81, 90.56, -5.13, -1.81, 108.0, 13.0, 48228.0, 76.0, 6412.0, -12138.0, 0.0, 3.0, 0.0, 0.0]
2025-08-29 15:27:11,926 - INFO - [90.56, -5.06, -1.81, 90.56, -5.06, -1.81, 90.56, -5.06, -1.81, 104.0, 12.0, 48228.0, 76.0, 6412.0, -12270.0, 0.0, 3.0, 0.0, 0.0]
2025-08-29 15:27:12,053 - INFO - [90.63, -5.0, -2.0, 90.63, -5.0, -2.0, 90.63, -5.0, -2.0, 100.0, 28.0, 48228.0, 76.0, 6412.0, -12401.0, 0.0, 3.0, 0.0, 0.0]
2025-08-29 15:27:12,180 - INFO - [90.69, -5.0, -1.88, 90.69, -5.0, -1.88, 90.69, -5.0, -1.88, 96.0, 161.0, 48228.0, 76.0, 6412.0, -12525.0, 0.0, 3.0, 0.0, 0.0]
2025-08-29 15:27:12,307 - INFO - [90.88, -5.0, -1.75, 90.88, -5.0, -1.75, 90.88, -5.0, -1.75, 92.0, 212.0, 48228.0, 76.0, 6412.0, -12637.0, 0.0, 3.0, 0.0, 0.0]
2025-08-29 15:27:12,432 - INFO - [90.94, -5.13, -1.88, 90.94, -5.13, -1.88, 90.94, -5.13, -1.88, 88.0, 215.0, 48228.0, 76.0, 6412.0, -12762.0, 0.0, 3.0, 0.0, 0.0]
2025-08-29 15:27:12,558 - INFO - [90.94, -5.13, -1.88, 90.94, -5.13, -1.88, 90.94, -5.13, -1.88, 83.0, 211.0, 48228.0, 76.0, 6412.0, -12896.0, 0.0, 3.0, 0.0, 0.0]
2025-08-29 15:27:12,685 - INFO - [90.94, -5.0, -2.06, 90.94, -5.0, -2.06, 90.94, -5.0, -2.06, 79.0, 212.0, 48228.0, 76.0, 6412.0, -13028.0, 0.0, 3.0, 0.0, 0.0]
2025-08-29 15:27:12,810 - INFO - [90.94, -5.0, -1.94, 90.94, -5.0, -1.94, 90.94, -5.0, -1.94, 75.0, 213.0, 48228.0, 77.0, 6412.0, -13148.0, 0.0, 3.0, 0.0, 0.0]
2025-08-29 15:27:12,936 - INFO - [91.06, -4.94, -1.88, 91.06, -4.94, -1.88, 91.06, -4.94, -1.88, 72.0, 212.0, 48228.0, 77.0, 6412.0, -13261.0, 0.0, 3.0, 0.0, 0.0]
2025-08-29 15:27:13,063 - INFO - [91.06, -5.0, -1.88, 91.06, -5.0, -1.88, 91.06, -5.0, -1.88, 67.0, 211.0, 48228.0, 77.0, 6412.0, -13388.0, 0.0, 3.0, 0.0, 0.0]
2025-08-29 15:27:13,188 - INFO - [91.06, -4.94, -1.94, 91.06, -4.94, -1.94, 91.06, -4.94, -1.94, 64.0, 211.0, 48228.0, 77.0, 6412.0, -13522.0, 0.0, 3.0, 0.0, 0.0]
2025-08-29 15:27:13,316 - INFO - [91.06, -4.94, -2.13, 91.06, -4.94, -2.13, 91.06, -4.94, -2.13, 60.0, 211.0, 48228.0, 78.0, 6412.0, -13654.0, 0.0, 3.0, 0.0, 0.0]
2025-08-29 15:27:13,440 - INFO - [91.0, -4.88, -2.0, 91.0, -4.88, -2.0, 91.0, -4.88, -2.0, 56.0, 211.0, 48228.0, 78.0, 6412.0, -13770.0, 0.0, 3.0, 0.0, 0.0]
2025-08-29 15:27:13,566 - INFO - [91.13, -4.94, -2.0, 91.13, -4.94, -2.0, 91.13, -4.94, -2.0, 52.0, 213.0, 48228.0, 77.0, 6412.0, -13886.0, 0.0, 3.0, 0.0, 0.0]
2025-08-29 15:27:13,691 - INFO - [91.13, -5.13, -1.88, 91.13, -5.13, -1.88, 91.13, -5.13, -1.88, 48.0, 211.0, 48228.0, 77.0, 6412.0, -14014.0, 0.0, 3.0, 0.0, 0.0]
2025-08-29 15:27:13,817 - INFO - [91.19, -5.25, -2.0, 91.19, -5.25, -2.0, 91.19, -5.25, -2.0, 44.0, 210.0, 48228.0, 79.0, 6412.0, -14149.0, 0.0, 3.0, 0.0, 0.0]
2025-08-29 15:27:13,943 - INFO - [91.13, -5.44, -2.06, 91.13, -5.44, -2.06, 91.13, -5.44, -2.06, 40.0, 211.0, 48228.0, 79.0, 6412.0, -14278.0, 0.0, 3.0, 0.0, 0.0]
2025-08-29 15:27:14,070 - INFO - [91.06, -5.31, -2.06, 91.06, -5.31, -2.06, 91.06, -5.31, -2.06, 36.0, 210.0, 48228.0, 78.0, 6412.0, -14389.0, 0.0, 3.0, 0.0, 0.0]
2025-08-29 15:27:14,196 - INFO - [91.13, -5.25, -2.13, 91.13, -5.25, -2.13, 91.13, -5.25, -2.13, 34.0, 210.0, 48228.0, 79.0, 6412.0, -14501.0, 0.0, 3.0, 0.0, 0.0]
2025-08-29 15:27:14,320 - INFO - [91.13, -5.31, -2.0, 91.13, -5.31, -2.0, 91.13, -5.31, -2.0, 29.0, 210.0, 48228.0, 79.0, 6412.0, -14626.0, 0.0, 3.0, 0.0, 0.0]
2025-08-29 15:27:14,352 - INFO - Camera stopped
2025-08-29 15:27:16,165 - INFO - Camera closed successfully.
