2025-08-30 17:18:15,597 - INFO - Camera configuration has been adjusted!
2025-08-30 17:18:15,598 - INFO - Configuration successful!
2025-08-30 17:18:17,123 - INFO - Camera started
2025-08-30 17:18:17,149 - INFO - [359.81, -4.0, -2.44, 359.81, -4.0, -2.44, 359.81, -4.0, -2.44, 103.0, 29.0, 35.0, 15.0, 0.0, 0.0, 0.0, 3.0, 0.0, 0.0]
2025-08-30 17:18:17,475 - INFO - Steering 165; Speed 205
2025-08-30 17:18:17,835 - INFO - [0.0, -4.06, -2.5, 0.0, -4.06, -2.5, 0.0, -4.06, -2.5, 103.0, 37.0, 35.0, 15.0, 0.0, 0.0, 0.0, 3.0, 0.0, 0.0]
2025-08-30 17:18:18,013 - INFO - Steering 165; Speed 205
2025-08-30 17:18:18,117 - INFO - [0.06, -4.06, -2.56, 0.06, -4.06, -2.56, 0.06, -4.06, -2.56, 103.0, 10.0, 36.0, 15.0, 0.0, -71.0, 0.0, 3.0, 0.0, 0.0]
2025-08-30 17:18:18,145 - INFO - Steering 165; Speed 205
2025-08-30 17:18:18,264 - INFO - [1.63, -4.25, -2.5, 1.63, -4.25, -2.5, 1.63, -4.25, -2.5, 97.0, 10.0, 38.0, 16.0, 0.0, -158.0, 0.0, 3.0, 0.0, 0.0]
2025-08-30 17:18:18,283 - INFO - Steering 165; Speed 205
2025-08-30 17:18:18,411 - INFO - [3.94, -4.13, -2.5, 3.94, -4.13, -2.5, 3.94, -4.13, -2.5, 95.0, 9.0, 41.0, 16.0, 0.0, -236.0, 0.0, 3.0, 0.0, 0.0]
2025-08-30 17:18:18,411 - WARNING - Close to the right wall!
2025-08-30 17:18:18,431 - INFO - Steering 165; Speed 205
2025-08-30 17:18:18,557 - INFO - [6.63, -4.25, -2.25, 6.63, -4.25, -2.25, 6.63, -4.25, -2.25, 94.0, 12.0, 43.0, 18.0, 0.0, -316.0, 0.0, 3.0, 0.0, 0.0]
2025-08-30 17:18:18,574 - INFO - Steering 165; Speed 205
2025-08-30 17:18:18,705 - INFO - [10.25, -4.5, -2.31, 10.25, -4.5, -2.31, 10.25, -4.5, -2.31, 92.0, 72.0, 46.0, 20.0, 0.0, -415.0, 0.0, 3.0, 0.0, 0.0]
2025-08-30 17:18:18,721 - INFO - Steering 158; Speed 205
2025-08-30 17:18:18,852 - INFO - [14.0, -4.56, -2.13, 14.0, -4.56, -2.13, 14.0, -4.56, -2.13, 92.0, 74.0, 50.0, 23.0, 0.0, -522.0, 0.0, 3.0, 0.0, 0.0]
2025-08-30 17:18:18,871 - INFO - Steering 158; Speed 205
2025-08-30 17:18:18,999 - INFO - [18.0, -4.75, -1.94, 18.0, -4.75, -1.94, 18.0, -4.75, -1.94, 89.0, 69.0, 54.0, 23.0, 0.0, -628.0, 0.0, 3.0, 0.0, 0.0]
2025-08-30 17:18:19,011 - INFO - Steering 158; Speed 205
2025-08-30 17:18:19,146 - INFO - [20.63, -4.69, -1.94, 20.63, -4.69, -1.94, 20.63, -4.69, -1.94, 88.0, 73.0, 58.0, 24.0, 0.0, -719.0, 0.0, 3.0, 0.0, 0.0]
2025-08-30 17:18:19,164 - INFO - Steering 158; Speed 205
2025-08-30 17:18:19,293 - INFO - [22.81, -4.81, -1.69, 22.81, -4.81, -1.69, 22.81, -4.81, -1.69, 96.0, 71.0, 63.0, 27.0, 0.0, -802.0, 0.0, 3.0, 0.0, 0.0]
2025-08-30 17:18:19,308 - INFO - Steering 158; Speed 205
2025-08-30 17:18:19,439 - INFO - [24.63, -4.75, -1.63, 24.63, -4.75, -1.63, 24.63, -4.75, -1.63, 88.0, 70.0, 57.0, 30.0, 0.0, -879.0, 0.0, 3.0, 0.0, 0.0]
2025-08-30 17:18:19,453 - INFO - Steering 158; Speed 205
2025-08-30 17:18:19,588 - INFO - [26.5, -4.75, -1.44, 26.5, -4.75, -1.44, 26.5, -4.75, -1.44, 98.0, 73.0, 51.0, 32.0, 0.0, -956.0, 0.0, 3.0, 0.0, 0.0]
2025-08-30 17:18:19,605 - INFO - Steering 101.0; Speed 200
2025-08-30 17:18:19,739 - INFO - [29.75, -4.94, -1.44, 29.75, -4.94, -1.44, 29.75, -4.94, -1.44, 82.0, 75.0, 47.0, 35.0, 0.0, -1053.0, 0.0, 3.0, 0.0, 0.0]
2025-08-30 17:18:19,780 - INFO - Steering 86.92; Speed 200
2025-08-30 17:18:19,884 - INFO - [33.69, -4.88, -1.19, 33.69, -4.88, -1.19, 33.69, -4.88, -1.19, 99.0, 69.0, 41.0, 36.0, 0.0, -1160.0, 0.0, 3.0, 0.0, 0.0]
2025-08-30 17:18:19,918 - INFO - Steering 73.72; Speed 200
2025-08-30 17:18:20,031 - INFO - [37.25, -4.81, -1.0, 37.25, -4.81, -1.0, 37.25, -4.81, -1.0, 83.0, 72.0, 42.0, 44.0, 0.0, -1262.0, 0.0, 3.0, 0.0, 0.0]
2025-08-30 17:18:20,049 - INFO - Steering 69.98; Speed 200
2025-08-30 17:18:20,179 - INFO - [38.5, -4.81, -1.0, 38.5, -4.81, -1.0, 38.5, -4.81, -1.0, 91.0, 76.0, 40.0, 48.0, 0.0, -1370.0, 0.0, 3.0, 0.0, 0.0]
2025-08-30 17:18:20,193 - INFO - Steering 76.8; Speed 200
2025-08-30 17:18:20,327 - INFO - [38.5, -5.0, -0.88, 38.5, -5.0, -0.88, 38.5, -5.0, -0.88, 95.0, 64.0, 42.0, 53.0, 0.0, -1492.0, 0.0, 3.0, 0.0, 0.0]
2025-08-30 17:18:20,344 - INFO - Steering 90.44; Speed 200
2025-08-30 17:18:20,473 - INFO - [38.25, -4.94, -0.88, 38.25, -4.94, -0.88, 38.25, -4.94, -0.88, 82.0, 64.0, 49.0, 49.0, 0.0, -1625.0, 0.0, 3.0, 0.0, 0.0]
2025-08-30 17:18:20,491 - INFO - Steering 158; Speed 205
2025-08-30 17:18:20,622 - INFO - [37.56, -4.81, -1.0, 37.56, -4.81, -1.0, 37.56, -4.81, -1.0, 86.0, 55.0, 59.0, 60.0, 0.0, -1776.0, 0.0, 3.0, 0.0, 0.0]
2025-08-30 17:18:20,636 - INFO - Steering 158; Speed 205
2025-08-30 17:18:20,770 - INFO - [37.0, -4.69, -1.06, 37.0, -4.69, -1.06, 37.0, -4.69, -1.06, 74.0, 56.0, 66.0, 61.0, 0.0, -1924.0, 0.0, 3.0, 0.0, 0.0]
2025-08-30 17:18:20,787 - INFO - Steering 158; Speed 205
2025-08-30 17:18:20,917 - INFO - [37.31, -4.75, -1.25, 37.31, -4.75, -1.25, 37.31, -4.75, -1.25, 69.0, 62.0, 69.0, 63.0, 0.0, -2067.0, 0.0, 3.0, 0.0, 0.0]
2025-08-30 17:18:20,936 - INFO - Steering 158; Speed 205
2025-08-30 17:18:21,065 - INFO - [39.31, -4.56, -1.0, 39.31, -4.56, -1.0, 39.31, -4.56, -1.0, 73.0, 63.0, 65.0, 64.0, 6448.0, -2194.0, 0.0, 3.0, 0.0, 0.0]
2025-08-30 17:18:21,081 - INFO - Steering 158; Speed 205
2025-08-30 17:18:21,213 - INFO - [43.06, -4.56, -1.13, 43.06, -4.56, -1.13, 43.06, -4.56, -1.13, 73.0, 61.0, 72.0, 54.0, 6448.0, -2323.0, 0.0, 3.0, 0.0, 0.0]
2025-08-30 17:18:21,228 - INFO - Steering 88.46; Speed 200
2025-08-30 17:18:21,360 - INFO - [47.44, -4.63, -1.0, 47.44, -4.63, -1.0, 47.44, -4.63, -1.0, 68.0, 56.0, 63.0, 53.0, 6448.0, -2445.0, 0.0, 3.0, 0.0, 0.0]
2025-08-30 17:18:21,375 - INFO - Steering 72.4; Speed 200
2025-08-30 17:18:21,508 - INFO - [51.0, -4.75, -0.88, 51.0, -4.75, -0.88, 51.0, -4.75, -0.88, 81.0, 56.0, 66.0, 50.0, 6448.0, -2554.0, 0.0, 3.0, 0.0, 0.0]
2025-08-30 17:18:21,526 - INFO - Steering 65.36; Speed 200
2025-08-30 17:18:21,658 - INFO - [53.19, -4.69, -0.69, 53.19, -4.69, -0.69, 53.19, -4.69, -0.69, 87.0, 55.0, 65.0, 44.0, 6448.0, -2647.0, 0.0, 3.0, 0.0, 0.0]
2025-08-30 17:18:21,678 - INFO - Steering 61.620000000000005; Speed 200
2025-08-30 17:18:21,806 - INFO - [54.13, -4.81, -0.5, 54.13, -4.81, -0.5, 54.13, -4.81, -0.5, 74.0, 56.0, 77.0, 44.0, 6448.0, -2750.0, 0.0, 3.0, 0.0, 0.0]
2025-08-30 17:18:21,823 - INFO - Steering 64.92; Speed 200
2025-08-30 17:18:21,955 - INFO - [53.94, -4.88, -0.69, 53.94, -4.88, -0.69, 53.94, -4.88, -0.69, 79.0, 58.0, 75.0, 41.0, 6448.0, -2880.0, 0.0, 3.0, 0.0, 0.0]
2025-08-30 17:18:21,968 - INFO - Steering 74.6; Speed 200
2025-08-30 17:18:22,102 - INFO - [52.88, -4.88, -0.69, 52.88, -4.88, -0.69, 52.88, -4.88, -0.69, 75.0, 14.0, 77.0, 39.0, 6448.0, -3026.0, 0.0, 3.0, 0.0, 0.0]
2025-08-30 17:18:22,118 - INFO - Steering 85.16; Speed 200
2025-08-30 17:18:22,251 - INFO - [51.75, -4.69, -0.81, 51.75, -4.69, -0.81, 51.75, -4.69, -0.81, 61.0, 60.0, 90.0, 37.0, 6448.0, -3165.0, 0.0, 3.0, 0.0, 0.0]
2025-08-30 17:18:22,266 - INFO - Steering 145; Speed 200
2025-08-30 17:18:22,399 - INFO - [50.63, -4.69, -1.0, 50.63, -4.69, -1.0, 50.63, -4.69, -1.0, 55.0, 73.0, 95.0, 32.0, 6448.0, -3302.0, 0.0, 3.0, 0.0, 0.0]
2025-08-30 17:18:22,413 - INFO - Steering 145; Speed 200
2025-08-30 17:18:22,549 - INFO - [50.06, -4.56, -1.0, 50.06, -4.56, -1.0, 50.06, -4.56, -1.0, 49.0, 77.0, 91.0, 29.0, 6448.0, -3435.0, 0.0, 3.0, 0.0, 0.0]
2025-08-30 17:18:22,567 - INFO - Steering 145; Speed 200
2025-08-30 17:18:22,697 - INFO - [50.13, -4.56, -1.19, 50.13, -4.56, -1.19, 50.13, -4.56, -1.19, 44.0, 81.0, 98.0, 24.0, 6448.0, -3585.0, 0.0, 3.0, 0.0, 0.0]
2025-08-30 17:18:22,715 - INFO - Steering 145; Speed 200
2025-08-30 17:18:22,845 - INFO - [52.31, -4.44, -1.19, 52.31, -4.44, -1.19, 52.31, -4.44, -1.19, 41.0, 80.0, 97.0, 22.0, 6448.0, -3727.0, 0.0, 3.0, 0.0, 0.0]
2025-08-30 17:18:22,859 - INFO - Steering 145; Speed 200
2025-08-30 17:18:22,994 - INFO - [55.25, -4.38, -1.25, 55.25, -4.38, -1.25, 55.25, -4.38, -1.25, 46.0, 77.0, 96.0, 8.0, 6448.0, -3842.0, 0.0, 3.0, 0.0, 0.0]
2025-08-30 17:18:22,994 - WARNING - Close to the left wall!
2025-08-30 17:18:23,006 - INFO - Steering 95.5; Speed 200
2025-08-30 17:18:23,142 - INFO - [57.75, -4.38, -1.06, 57.75, -4.38, -1.06, 57.75, -4.38, -1.06, 47.0, 78.0, 96.0, 15.0, 6448.0, -3944.0, 0.0, 3.0, 0.0, 0.0]
2025-08-30 17:18:23,154 - INFO - Steering 88.24; Speed 200
2025-08-30 17:18:23,290 - INFO - [60.25, -4.31, -0.88, 60.25, -4.31, -0.88, 60.25, -4.31, -0.88, 48.0, 77.0, 100.0, 17.0, 6448.0, -4036.0, 0.0, 3.0, 0.0, 0.0]
2025-08-30 17:18:23,304 - INFO - Steering 79.44; Speed 200
2025-08-30 17:18:23,437 - INFO - [62.63, -4.31, -0.94, 62.63, -4.31, -0.94, 62.63, -4.31, -0.94, 53.0, 77.0, 103.0, 13.0, 6448.0, -4144.0, 0.0, 3.0, 0.0, 0.0]
2025-08-30 17:18:23,451 - INFO - Steering 79.88; Speed 200
2025-08-30 17:18:23,587 - INFO - [63.19, -4.31, -0.81, 63.19, -4.31, -0.81, 63.19, -4.31, -0.81, 51.0, 80.0, 104.0, 11.0, 6448.0, -4268.0, 0.0, 3.0, 0.0, 0.0]
2025-08-30 17:18:23,601 - INFO - Steering 86.48; Speed 200
2025-08-30 17:18:23,736 - INFO - [63.31, -4.44, -0.88, 63.31, -4.44, -0.88, 63.31, -4.44, -0.88, 48.0, 78.0, 108.0, 10.0, 6448.0, -4401.0, 0.0, 3.0, 0.0, 0.0]
2025-08-30 17:18:23,751 - INFO - Steering 94.18; Speed 200
2025-08-30 17:18:23,885 - INFO - [63.19, -4.44, -0.88, 63.19, -4.44, -0.88, 63.19, -4.44, -0.88, 42.0, 83.0, 112.0, 1.0, 6448.0, -4541.0, 0.0, 3.0, 0.0, 0.0]
2025-08-30 17:18:23,886 - WARNING - Close to the left wall!
2025-08-30 17:18:23,899 - INFO - Steering 145; Speed 200
2025-08-30 17:18:24,033 - INFO - [63.06, -4.31, -0.81, 63.06, -4.31, -0.81, 63.06, -4.31, -0.81, 38.0, 84.0, 113.0, 6.0, 6448.0, -4680.0, 0.0, 3.0, 0.0, 0.0]
2025-08-30 17:18:24,034 - WARNING - Close to the left wall!
2025-08-30 17:18:24,048 - INFO - Steering 145; Speed 200
2025-08-30 17:18:24,181 - INFO - [63.06, -4.38, -0.94, 63.06, -4.38, -0.94, 63.06, -4.38, -0.94, 33.0, 89.0, 115.0, 12.0, 6448.0, -4837.0, 0.0, 3.0, 0.0, 0.0]
2025-08-30 17:18:24,194 - INFO - Steering 145; Speed 200
2025-08-30 17:18:24,328 - INFO - [63.63, -4.44, -0.94, 63.63, -4.44, -0.94, 63.63, -4.44, -0.94, 29.0, 89.0, 112.0, 6.0, 6448.0, -4984.0, 0.0, 3.0, 0.0, 0.0]
2025-08-30 17:18:24,329 - WARNING - Close to the left wall!
2025-08-30 17:18:24,343 - INFO - Steering 145; Speed 200
2025-08-30 17:18:24,477 - INFO - [66.0, -4.31, -1.0, 66.0, -4.31, -1.0, 66.0, -4.31, -1.0, 31.0, 87.0, 112.0, 0.0, 6448.0, -5112.0, 0.0, 3.0, 0.0, 0.0]
2025-08-30 17:18:24,477 - WARNING - Close to the left wall!
2025-08-30 17:18:24,490 - INFO - Steering 145; Speed 200
2025-08-30 17:18:24,625 - INFO - [68.69, -4.31, -0.94, 68.69, -4.31, -0.94, 68.69, -4.31, -0.94, 37.0, 86.0, 113.0, 0.0, 6448.0, -5212.0, 0.0, 3.0, 0.0, 0.0]
2025-08-30 17:18:24,625 - WARNING - Close to the left wall!
2025-08-30 17:18:24,640 - INFO - Steering 142.92751; Speed 200
2025-08-30 17:18:24,773 - INFO - [71.44, -4.38, -0.88, 71.44, -4.38, -0.88, 71.44, -4.38, -0.88, 43.0, 84.0, 118.0, 8.0, 6448.0, -5318.0, 0.0, 3.0, 0.0, 0.0]
2025-08-30 17:18:24,774 - WARNING - Close to the left wall!
2025-08-30 17:18:24,787 - INFO - Steering 136.03395; Speed 200
2025-08-30 17:18:24,921 - INFO - [74.5, -4.31, -0.75, 74.5, -4.31, -0.75, 74.5, -4.31, -0.75, 58.0, 82.0, 121.0, 3.0, 6448.0, -5433.0, 0.0, 3.0, 0.0, 0.0]
2025-08-30 17:18:24,922 - WARNING - Close to the left wall!
2025-08-30 17:18:24,934 - INFO - Steering 92.2; Speed 200
2025-08-30 17:18:25,069 - INFO - [77.75, -4.38, -0.69, 77.75, -4.38, -0.69, 77.75, -4.38, -0.69, 91.0, 81.0, 125.0, 7.0, 6448.0, -5543.0, 0.0, 3.0, 0.0, 0.0]
2025-08-30 17:18:25,070 - WARNING - Close to the left wall!
2025-08-30 17:18:25,083 - INFO - Turn completed
2025-08-30 17:18:25,084 - INFO - Not going back
2025-08-30 17:18:25,085 - INFO - Steering 88.68; Speed 200
2025-08-30 17:18:25,216 - INFO - [80.25, -4.44, -0.63, 80.25, -4.44, -0.63, 80.25, -4.44, -0.63, 137.0, 80.0, 130.0, 10.0, 6448.0, -5643.0, 0.0, 3.0, 0.0, 0.0]
2025-08-30 17:18:25,261 - INFO - Camera stopped
2025-08-30 17:18:27,078 - INFO - Camera closed successfully.
