2025-08-29 11:08:01,871 - INFO - Camera configuration has been adjusted!
2025-08-29 11:08:01,873 - INFO - Configuration successful!
2025-08-29 11:08:03,404 - INFO - Camera started
2025-08-29 11:08:03,433 - INFO - [0.0, -3.69, -3.19, 0.0, -3.69, -3.19, 0.0, -3.69, -3.19, 105.0, 13.0, 48228.0, 73.0, 328.0, 0.0, 0.0, 3.0, 0.0, 0.0]
2025-08-29 11:08:04,012 - INFO - [0.06, -3.69, -3.31, 0.06, -3.69, -3.31, 0.06, -3.69, -3.31, 105.0, 14.0, 48228.0, 72.0, 328.0, 0.0, 0.0, 3.0, 0.0, 0.0]
2025-08-29 11:08:04,074 - INFO - [0.06, -3.69, -3.31, 0.06, -3.69, -3.31, 0.06, -3.69, -3.31, 106.0, 13.0, 48228.0, 72.0, 328.0, 0.0, 0.0, 3.0, 0.0, 0.0]
2025-08-29 11:08:04,224 - INFO - [0.13, -3.69, -3.38, 0.13, -3.69, -3.38, 0.13, -3.69, -3.38, 102.0, 13.0, 48228.0, 73.0, 328.0, -42.0, 0.0, 3.0, 0.0, 0.0]
2025-08-29 11:08:04,330 - INFO - [0.81, -3.81, -3.38, 0.81, -3.81, -3.38, 0.81, -3.81, -3.38, 103.0, 13.0, 48228.0, 73.0, 328.0, -96.0, 0.0, 3.0, 0.0, 0.0]
2025-08-29 11:08:04,435 - INFO - [2.94, -3.94, -3.56, 2.94, -3.94, -3.56, 2.94, -3.94, -3.56, 99.0, 12.0, 48228.0, 12.0, 328.0, -158.0, 0.0, 3.0, 0.0, 0.0]
2025-08-29 11:08:04,539 - INFO - [5.13, -4.19, -3.31, 5.13, -4.19, -3.31, 5.13, -4.19, -3.31, 97.0, 11.0, 48228.0, 12.0, 328.0, -224.0, 0.0, 3.0, 0.0, 0.0]
2025-08-29 11:08:04,643 - INFO - [7.25, -4.31, -3.13, 7.25, -4.31, -3.13, 7.25, -4.31, -3.13, 96.0, 10.0, 48228.0, 66.0, 328.0, -295.0, 0.0, 3.0, 0.0, 0.0]
2025-08-29 11:08:04,700 - INFO - [8.69, -4.38, -3.13, 8.69, -4.38, -3.13, 8.69, -4.38, -3.13, 94.0, 10.0, 48228.0, 77.0, 328.0, -337.0, 0.0, 3.0, 0.0, 0.0]
2025-08-29 11:08:04,804 - INFO - [11.25, -4.44, -2.94, 11.25, -4.44, -2.94, 11.25, -4.44, -2.94, 93.0, 13.0, 48228.0, 78.0, 328.0, -417.0, 0.0, 3.0, 0.0, 0.0]
2025-08-29 11:08:04,862 - INFO - [12.81, -4.5, -2.88, 12.81, -4.5, -2.88, 12.81, -4.5, -2.88, 89.0, 15.0, 48228.0, 81.0, 328.0, -462.0, 0.0, 3.0, 0.0, 0.0]
2025-08-29 11:08:04,920 - INFO - [14.31, -4.5, -2.88, 14.31, -4.5, -2.88, 14.31, -4.5, -2.88, 72.0, 19.0, 48228.0, 79.0, 328.0, -505.0, 0.0, 3.0, 0.0, 0.0]
2025-08-29 11:08:04,978 - INFO - [15.69, -4.63, -2.81, 15.69, -4.63, -2.81, 15.69, -4.63, -2.81, 29.0, 18.0, 48228.0, 81.0, 328.0, -545.0, 0.0, 3.0, 0.0, 0.0]
2025-08-29 11:08:05,084 - INFO - [17.94, -4.63, -2.75, 17.94, -4.63, -2.75, 17.94, -4.63, -2.75, 26.0, 21.0, 48228.0, 86.0, 328.0, -613.0, 0.0, 3.0, 0.0, 0.0]
2025-08-29 11:08:05,189 - INFO - [20.19, -4.56, -2.69, 20.19, -4.56, -2.69, 20.19, -4.56, -2.69, 25.0, 24.0, 48228.0, 86.0, 6412.0, -678.0, 0.0, 3.0, 0.0, 0.0]
2025-08-29 11:08:05,293 - INFO - [22.38, -4.56, -2.63, 22.38, -4.56, -2.63, 22.38, -4.56, -2.63, 24.0, 25.0, 48228.0, 90.0, 6412.0, -737.0, 0.0, 3.0, 0.0, 0.0]
2025-08-29 11:08:05,398 - INFO - [24.38, -4.56, -2.63, 24.38, -4.56, -2.63, 24.38, -4.56, -2.63, 81.0, 25.0, 48228.0, 88.0, 6412.0, -794.0, 0.0, 3.0, 0.0, 0.0]
2025-08-29 11:08:05,502 - INFO - [26.5, -4.88, -2.31, 26.5, -4.88, -2.31, 26.5, -4.88, -2.31, 94.0, 26.0, 48228.0, 93.0, 6412.0, -856.0, 0.0, 3.0, 0.0, 0.0]
2025-08-29 11:08:05,559 - INFO - [27.5, -4.94, -2.19, 27.5, -4.94, -2.19, 27.5, -4.94, -2.19, 85.0, 26.0, 48228.0, 99.0, 6412.0, -893.0, 0.0, 3.0, 0.0, 0.0]
2025-08-29 11:08:05,617 - INFO - [28.75, -4.88, -2.19, 28.75, -4.88, -2.19, 28.75, -4.88, -2.19, 91.0, 27.0, 48228.0, 95.0, 6412.0, -930.0, 0.0, 3.0, 0.0, 0.0]
2025-08-29 11:08:05,722 - INFO - [31.19, -4.88, -2.06, 31.19, -4.88, -2.06, 31.19, -4.88, -2.06, 89.0, 26.0, 48228.0, 104.0, 6412.0, -1005.0, 0.0, 3.0, 0.0, 0.0]
2025-08-29 11:08:05,828 - INFO - [33.56, -5.0, -1.94, 33.56, -5.0, -1.94, 33.56, -5.0, -1.94, 93.0, 26.0, 48228.0, 103.0, 6412.0, -1080.0, 0.0, 3.0, 0.0, 0.0]
2025-08-29 11:08:05,933 - INFO - [35.63, -5.0, -1.88, 35.63, -5.0, -1.88, 35.63, -5.0, -1.88, 90.0, 27.0, 48228.0, 124.0, 6412.0, -1155.0, 0.0, 3.0, 0.0, 0.0]
2025-08-29 11:08:06,040 - INFO - [38.0, -5.13, -1.75, 38.0, -5.13, -1.75, 38.0, -5.13, -1.75, 97.0, 28.0, 48228.0, 120.0, 6412.0, -1224.0, 0.0, 3.0, 0.0, 0.0]
2025-08-29 11:08:06,144 - INFO - [40.31, -5.06, -1.63, 40.31, -5.06, -1.63, 40.31, -5.06, -1.63, 94.0, 26.0, 48228.0, 0.0, 6412.0, -1291.0, 0.0, 3.0, 0.0, 0.0]
2025-08-29 11:08:06,144 - WARNING - Close to the left wall!
2025-08-29 11:08:06,203 - INFO - [41.5, -5.06, -1.5, 41.5, -5.06, -1.5, 41.5, -5.06, -1.5, 98.0, 28.0, 48228.0, 0.0, 6412.0, -1326.0, 0.0, 3.0, 0.0, 0.0]
2025-08-29 11:08:06,203 - WARNING - Close to the left wall!
2025-08-29 11:08:06,305 - INFO - [44.0, -5.13, -1.5, 44.0, -5.13, -1.5, 44.0, -5.13, -1.5, 100.0, 28.0, 48228.0, 47.0, 6412.0, -1389.0, 0.0, 3.0, 0.0, 0.0]
2025-08-29 11:08:06,410 - INFO - [46.25, -5.25, -1.19, 46.25, -5.25, -1.19, 46.25, -5.25, -1.19, 108.0, 26.0, 48228.0, 12.0, 6412.0, -1454.0, 0.0, 3.0, 0.0, 0.0]
2025-08-29 11:08:06,514 - INFO - [48.56, -5.25, -1.19, 48.56, -5.25, -1.19, 48.56, -5.25, -1.19, 106.0, 26.0, 48228.0, 11.0, 6412.0, -1523.0, 0.0, 3.0, 0.0, 0.0]
2025-08-29 11:08:06,572 - INFO - [49.88, -5.19, -1.13, 49.88, -5.19, -1.13, 49.88, -5.19, -1.13, 113.0, 26.0, 48228.0, 12.0, 6412.0, -1563.0, 0.0, 3.0, 0.0, 0.0]
2025-08-29 11:08:06,629 - INFO - [51.38, -5.19, -1.0, 51.38, -5.19, -1.0, 51.38, -5.19, -1.0, 102.0, 27.0, 48228.0, 14.0, 6412.0, -1606.0, 0.0, 3.0, 0.0, 0.0]
2025-08-29 11:08:06,686 - INFO - [52.94, -5.25, -1.0, 52.94, -5.25, -1.0, 52.94, -5.25, -1.0, 107.0, 25.0, 48228.0, 72.0, 6412.0, -1649.0, 0.0, 3.0, 0.0, 0.0]
2025-08-29 11:08:06,793 - INFO - [55.31, -5.13, -1.31, 55.31, -5.13, -1.31, 55.31, -5.13, -1.31, 131.0, 26.0, 48228.0, 78.0, 6412.0, -1729.0, 0.0, 3.0, 0.0, 0.0]
2025-08-29 11:08:06,851 - INFO - [56.56, -5.19, -1.13, 56.56, -5.19, -1.13, 56.56, -5.19, -1.13, 132.0, 26.0, 48228.0, 65.0, 6412.0, -1770.0, 0.0, 3.0, 0.0, 0.0]
2025-08-29 11:08:06,955 - INFO - [58.88, -5.25, -1.06, 58.88, -5.25, -1.06, 58.88, -5.25, -1.06, 159.0, 25.0, 48228.0, 75.0, 6412.0, -1841.0, 0.0, 3.0, 0.0, 0.0]
2025-08-29 11:08:07,059 - INFO - [61.06, -5.19, -0.94, 61.06, -5.19, -0.94, 61.06, -5.19, -0.94, 284.0, 26.0, 48228.0, 62.0, 6412.0, -1908.0, 0.0, 3.0, 0.0, 0.0]
2025-08-29 11:08:07,163 - INFO - [63.38, -5.13, -0.94, 63.38, -5.13, -0.94, 63.38, -5.13, -0.94, 235.0, 24.0, 48228.0, 65.0, 6412.0, -1975.0, 0.0, 3.0, 0.0, 0.0]
2025-08-29 11:08:07,220 - INFO - [64.75, -5.19, -0.94, 64.75, -5.19, -0.94, 64.75, -5.19, -0.94, 70.0, 24.0, 48228.0, 67.0, 6412.0, -2011.0, 0.0, 3.0, 0.0, 0.0]
2025-08-29 11:08:07,278 - INFO - [65.75, -5.25, -0.81, 65.75, -5.25, -0.81, 65.75, -5.25, -0.81, 68.0, 24.0, 48228.0, 66.0, 6412.0, -2048.0, 0.0, 3.0, 0.0, 0.0]
2025-08-29 11:08:07,294 - INFO - Turn completed
2025-08-29 11:08:07,295 - INFO - Not going back
2025-08-29 11:08:07,335 - INFO - [67.25, -5.25, -0.56, 67.25, -5.25, -0.56, 67.25, -5.25, -0.56, 70.0, 23.0, 48228.0, 65.0, 6412.0, -2086.0, 0.0, 3.0, 0.0, 0.0]
2025-08-29 11:08:07,346 - INFO - Camera stopped
2025-08-29 11:08:08,956 - INFO - Camera closed successfully.
