2025-08-29 15:25:30,257 - INFO - Camera configuration has been adjusted!
2025-08-29 15:25:30,258 - INFO - Configuration successful!
2025-08-29 15:25:31,781 - INFO - Camera started
2025-08-29 15:25:31,899 - INFO - [358.75, -3.31, -2.88, 358.75, -3.31, -2.88, 358.75, -3.31, -2.88, 107.0, 72.0, 48228.0, 16.0, 6412.0, -2623.0, 0.0, 3.0, 0.0, 0.0]
2025-08-29 15:25:32,366 - INFO - [358.75, -3.31, -2.88, 358.75, -3.31, -2.88, 358.75, -3.31, -2.88, 107.0, 72.0, 48228.0, 16.0, 6412.0, -2623.0, 0.0, 3.0, 0.0, 0.0]
2025-08-29 15:25:32,491 - INFO - [358.75, -3.31, -2.88, 358.75, -3.31, -2.88, 358.75, -3.31, -2.88, 107.0, 72.0, 48228.0, 16.0, 6412.0, -2628.0, 0.0, 3.0, 0.0, 0.0]
2025-08-29 15:25:32,618 - INFO - [358.81, -3.31, -2.88, 358.81, -3.31, -2.88, 358.81, -3.31, -2.88, 106.0, 70.0, 48228.0, 16.0, 6412.0, -2671.0, 0.0, 3.0, 0.0, 0.0]
2025-08-29 15:25:32,742 - INFO - [359.56, -3.25, -2.94, 359.56, -3.25, -2.94, 359.56, -3.25, -2.94, 104.0, 9.0, 48228.0, 16.0, 6412.0, -2727.0, 0.0, 3.0, 0.0, 0.0]
2025-08-29 15:25:32,745 - WARNING - Close to the right wall!
2025-08-29 15:25:32,866 - INFO - [0.94, -3.25, -2.81, 0.94, -3.25, -2.81, 0.94, -3.25, -2.81, 102.0, 10.0, 48228.0, 15.0, 6412.0, -2784.0, 0.0, 3.0, 0.0, 0.0]
2025-08-29 15:25:32,989 - INFO - [2.81, -3.63, -3.0, 2.81, -3.63, -3.0, 2.81, -3.63, -3.0, 100.0, 9.0, 48228.0, 18.0, 6412.0, -2864.0, 0.0, 3.0, 0.0, 0.0]
2025-08-29 15:25:32,989 - WARNING - Close to the right wall!
2025-08-29 15:25:33,113 - INFO - [5.31, -3.88, -2.94, 5.31, -3.88, -2.94, 5.31, -3.88, -2.94, 97.0, 64.0, 48228.0, 20.0, 6412.0, -2956.0, 0.0, 3.0, 0.0, 0.0]
2025-08-29 15:25:33,238 - INFO - [7.69, -3.88, -2.94, 7.69, -3.88, -2.94, 7.69, -3.88, -2.94, 95.0, 69.0, 48228.0, 15.0, 6412.0, -3054.0, 0.0, 3.0, 0.0, 0.0]
2025-08-29 15:25:33,362 - INFO - [9.88, -4.06, -2.81, 9.88, -4.06, -2.81, 9.88, -4.06, -2.81, 90.0, 67.0, 48228.0, 21.0, 6412.0, -3151.0, 0.0, 3.0, 0.0, 0.0]
2025-08-29 15:25:33,487 - INFO - [11.94, -4.19, -2.81, 11.94, -4.19, -2.81, 11.94, -4.19, -2.81, 89.0, 67.0, 48228.0, 20.0, 6412.0, -3242.0, 0.0, 3.0, 0.0, 0.0]
2025-08-29 15:25:33,610 - INFO - [13.88, -4.31, -2.75, 13.88, -4.31, -2.75, 13.88, -4.31, -2.75, 87.0, 66.0, 48228.0, 20.0, 6412.0, -3323.0, 0.0, 3.0, 0.0, 0.0]
2025-08-29 15:25:33,735 - INFO - [15.56, -4.19, -2.56, 15.56, -4.19, -2.56, 15.56, -4.19, -2.56, 87.0, 65.0, 48228.0, 24.0, 6412.0, -3385.0, 0.0, 3.0, 0.0, 0.0]
2025-08-29 15:25:33,859 - INFO - [17.63, -4.38, -2.63, 17.63, -4.38, -2.63, 17.63, -4.38, -2.63, 86.0, 65.0, 48228.0, 25.0, 6412.0, -3464.0, 0.0, 3.0, 0.0, 0.0]
2025-08-29 15:25:33,984 - INFO - [20.31, -4.5, -2.63, 20.31, -4.5, -2.63, 20.31, -4.5, -2.63, 86.0, 63.0, 48228.0, 26.0, 6412.0, -3554.0, 0.0, 3.0, 0.0, 0.0]
2025-08-29 15:25:34,108 - INFO - [23.56, -4.69, -2.56, 23.56, -4.69, -2.56, 23.56, -4.69, -2.56, 79.0, 64.0, 48228.0, 29.0, 6412.0, -3648.0, 0.0, 3.0, 0.0, 0.0]
2025-08-29 15:25:34,233 - INFO - [26.13, -4.81, -2.31, 26.13, -4.81, -2.31, 26.13, -4.81, -2.31, 80.0, 65.0, 48228.0, 32.0, 6412.0, -3741.0, 0.0, 3.0, 0.0, 0.0]
2025-08-29 15:25:34,357 - INFO - [28.31, -4.81, -2.44, 28.31, -4.81, -2.44, 28.31, -4.81, -2.44, 81.0, 60.0, 48228.0, 35.0, 6412.0, -3828.0, 0.0, 3.0, 0.0, 0.0]
2025-08-29 15:25:34,481 - INFO - [30.31, -5.06, -2.13, 30.31, -5.06, -2.13, 30.31, -5.06, -2.13, 83.0, 60.0, 48228.0, 37.0, 6412.0, -3907.0, 0.0, 3.0, 0.0, 0.0]
2025-08-29 15:25:34,606 - INFO - [32.25, -5.0, -2.13, 32.25, -5.0, -2.13, 32.25, -5.0, -2.13, 78.0, 61.0, 48228.0, 41.0, 6412.0, -3968.0, 0.0, 3.0, 0.0, 0.0]
2025-08-29 15:25:34,732 - INFO - [34.25, -5.13, -1.94, 34.25, -5.13, -1.94, 34.25, -5.13, -1.94, 83.0, 60.0, 48228.0, 42.0, 328.0, -4032.0, 0.0, 3.0, 0.0, 0.0]
2025-08-29 15:25:34,857 - INFO - [36.88, -5.13, -2.06, 36.88, -5.13, -2.06, 36.88, -5.13, -2.06, 78.0, 63.0, 48228.0, 46.0, 328.0, -4119.0, 0.0, 3.0, 0.0, 0.0]
2025-08-29 15:25:34,982 - INFO - [40.19, -5.25, -1.81, 40.19, -5.25, -1.81, 40.19, -5.25, -1.81, 0.0, 60.0, 48228.0, 55.0, 6412.0, -4214.0, 0.0, 3.0, 0.0, 0.0]
2025-08-29 15:25:34,982 - WARNING - Might crash, too close
2025-08-29 15:25:35,106 - INFO - [43.44, -5.31, -1.63, 43.44, -5.31, -1.63, 43.44, -5.31, -1.63, 0.0, 61.0, 48228.0, 63.0, 6412.0, -4311.0, 0.0, 3.0, 0.0, 0.0]
2025-08-29 15:25:35,106 - WARNING - Might crash, too close
2025-08-29 15:25:35,232 - INFO - [46.0, -5.31, -1.44, 46.0, -5.31, -1.44, 46.0, -5.31, -1.44, 0.0, 59.0, 48228.0, 61.0, 6412.0, -4399.0, 0.0, 3.0, 0.0, 0.0]
2025-08-29 15:25:35,233 - WARNING - Might crash, too close
2025-08-29 15:25:35,356 - INFO - [47.94, -5.31, -1.44, 47.94, -5.31, -1.44, 47.94, -5.31, -1.44, 0.0, 60.0, 48228.0, 80.0, 6412.0, -4479.0, 0.0, 3.0, 0.0, 0.0]
2025-08-29 15:25:35,357 - WARNING - Might crash, too close
2025-08-29 15:25:35,483 - INFO - [49.56, -5.44, -1.38, 49.56, -5.44, -1.38, 49.56, -5.44, -1.38, 0.0, 57.0, 48228.0, 58.0, 6412.0, -4546.0, 0.0, 3.0, 0.0, 0.0]
2025-08-29 15:25:35,484 - WARNING - Might crash, too close
2025-08-29 15:25:35,608 - INFO - [51.63, -5.13, -1.38, 51.63, -5.13, -1.38, 51.63, -5.13, -1.38, 110.0, 59.0, 48228.0, 65.0, 6412.0, -4604.0, 0.0, 3.0, 0.0, 0.0]
2025-08-29 15:25:35,733 - INFO - [54.38, -5.25, -1.56, 54.38, -5.25, -1.56, 54.38, -5.25, -1.56, 112.0, 57.0, 48228.0, 54.0, 6412.0, -4675.0, 0.0, 3.0, 0.0, 0.0]
2025-08-29 15:25:35,858 - INFO - [57.63, -5.25, -1.5, 57.63, -5.25, -1.5, 57.63, -5.25, -1.5, 117.0, 58.0, 48228.0, 57.0, 6412.0, -4754.0, 0.0, 3.0, 0.0, 0.0]
2025-08-29 15:25:35,985 - INFO - [61.25, -5.31, -1.06, 61.25, -5.31, -1.06, 61.25, -5.31, -1.06, 135.0, 64.0, 48228.0, 50.0, 6412.0, -4841.0, 0.0, 3.0, 0.0, 0.0]
2025-08-29 15:25:36,111 - INFO - [65.44, -5.25, -0.88, 65.44, -5.25, -0.88, 65.44, -5.25, -0.88, 155.0, 70.0, 48228.0, 58.0, 809.0, -4934.0, 0.0, 3.0, 0.0, 0.0]
2025-08-29 15:25:36,235 - INFO - [68.81, -5.38, -0.88, 68.81, -5.38, -0.88, 68.81, -5.38, -0.88, 180.0, 71.0, 48228.0, 57.0, 809.0, -5018.0, 0.0, 3.0, 0.0, 0.0]
2025-08-29 15:25:36,361 - INFO - [71.81, -5.5, -0.56, 71.81, -5.5, -0.56, 71.81, -5.5, -0.56, 219.0, 74.0, 48228.0, 57.0, 809.0, -5092.0, 0.0, 3.0, 0.0, 0.0]
2025-08-29 15:25:36,487 - INFO - [74.5, -5.56, -0.5, 74.5, -5.56, -0.5, 74.5, -5.56, -0.5, 134.0, 84.0, 48228.0, 53.0, 809.0, -5154.0, 0.0, 3.0, 0.0, 0.0]
2025-08-29 15:25:36,611 - INFO - [76.44, -5.56, -0.31, 76.44, -5.56, -0.31, 76.44, -5.56, -0.31, 18.0, 94.0, 48228.0, 55.0, 809.0, -5200.0, 0.0, 3.0, 0.0, 0.0]
2025-08-29 15:25:36,736 - INFO - [78.88, -5.56, -0.19, 78.88, -5.56, -0.19, 78.88, -5.56, -0.19, 15.0, 110.0, 48228.0, 55.0, 809.0, -5263.0, 0.0, 3.0, 0.0, 0.0]
2025-08-29 15:25:36,862 - INFO - [82.0, -5.56, -0.06, 82.0, -5.56, -0.06, 82.0, -5.56, -0.06, 12.0, 225.0, 48228.0, 56.0, 809.0, -5340.0, 0.0, 3.0, 0.0, 0.0]
2025-08-29 15:25:36,862 - WARNING - Might crash, too close
2025-08-29 15:25:36,987 - INFO - [85.63, -5.5, 0.13, 85.63, -5.5, 0.13, 85.63, -5.5, 0.13, 8.0, 232.0, 48228.0, 57.0, 809.0, -5428.0, 0.0, 3.0, 0.0, 0.0]
2025-08-29 15:25:36,987 - WARNING - Might crash, too close
2025-08-29 15:25:37,113 - INFO - [89.75, -5.25, 0.0, 89.75, -5.25, 0.0, 89.75, -5.25, 0.0, 212.0, 230.0, 48228.0, 61.0, 809.0, -5521.0, 0.0, 3.0, 0.0, 0.0]
2025-08-29 15:25:37,238 - INFO - [92.56, -5.31, 0.25, 92.56, -5.31, 0.25, 92.56, -5.31, 0.25, 210.0, 230.0, 48228.0, 62.0, 809.0, -5614.0, 0.0, 3.0, 0.0, 0.0]
2025-08-29 15:25:37,363 - INFO - [93.81, -5.31, 0.44, 93.81, -5.31, 0.44, 93.81, -5.31, 0.44, 209.0, 230.0, 48228.0, 62.0, 809.0, -5707.0, 0.0, 3.0, 0.0, 0.0]
2025-08-29 15:25:37,490 - INFO - [94.44, -5.25, 0.44, 94.44, -5.25, 0.44, 94.44, -5.25, 0.44, 208.0, 229.0, 48228.0, 0.0, 809.0, -5800.0, 0.0, 3.0, 0.0, 0.0]
2025-08-29 15:25:37,490 - WARNING - Close to the left wall!
2025-08-29 15:25:37,616 - INFO - [95.06, -5.31, 0.5, 95.06, -5.31, 0.5, 95.06, -5.31, 0.5, 201.0, 229.0, 48228.0, 0.0, 809.0, -5894.0, 0.0, 3.0, 0.0, 0.0]
2025-08-29 15:25:37,616 - WARNING - Close to the left wall!
2025-08-29 15:25:37,740 - INFO - [94.94, -5.31, 0.38, 94.94, -5.31, 0.38, 94.94, -5.31, 0.38, 199.0, 25.0, 48228.0, 0.0, 809.0, -5989.0, 0.0, 3.0, 0.0, 0.0]
2025-08-29 15:25:37,740 - WARNING - Close to the left wall!
2025-08-29 15:25:37,864 - INFO - [94.56, -5.31, 0.44, 94.56, -5.31, 0.44, 94.56, -5.31, 0.44, 198.0, 26.0, 48228.0, 0.0, 809.0, -6077.0, 0.0, 3.0, 0.0, 0.0]
2025-08-29 15:25:37,865 - WARNING - Close to the left wall!
2025-08-29 15:25:37,917 - INFO - Camera stopped
2025-08-29 15:25:39,529 - INFO - Camera closed successfully.
