2025-08-29 11:13:22,429 - INFO - Camera configuration has been adjusted!
2025-08-29 11:13:22,430 - INFO - Configuration successful!
2025-08-29 11:13:23,950 - INFO - Camera started
2025-08-29 11:13:23,974 - INFO - [0.63, -3.0, -3.75, 0.63, -3.0, -3.75, 0.63, -3.0, -3.75, 101.0, 12.0, 48228.0, 76.0, 6412.0, -4266.0, 0.0, 3.0, 0.0, 0.0]
2025-08-29 11:13:24,555 - INFO - [0.63, -3.0, -3.75, 0.63, -3.0, -3.75, 0.63, -3.0, -3.75, 102.0, 11.0, 48228.0, 76.0, 6412.0, -4266.0, 0.0, 3.0, 0.0, 0.0]
2025-08-29 11:13:24,758 - INFO - [0.56, -3.06, -3.69, 0.56, -3.06, -3.69, 0.56, -3.06, -3.69, 100.0, 11.0, 48228.0, 75.0, 6412.0, -4320.0, 0.0, 3.0, 0.0, 0.0]
2025-08-29 11:13:24,863 - INFO - [1.25, -2.94, -3.69, 1.25, -2.94, -3.69, 1.25, -2.94, -3.69, 98.0, 10.0, 48228.0, 15.0, 6412.0, -4382.0, 0.0, 3.0, 0.0, 0.0]
2025-08-29 11:13:24,969 - INFO - [3.31, -3.13, -3.81, 3.31, -3.13, -3.81, 3.31, -3.13, -3.81, 97.0, 10.0, 48228.0, 14.0, 6412.0, -4447.0, 0.0, 3.0, 0.0, 0.0]
2025-08-29 11:13:25,026 - INFO - [4.44, -3.19, -3.81, 4.44, -3.19, -3.81, 4.44, -3.19, -3.81, 95.0, 10.0, 48228.0, 15.0, 6412.0, -4483.0, 0.0, 3.0, 0.0, 0.0]
2025-08-29 11:13:25,130 - INFO - [6.63, -3.38, -3.56, 6.63, -3.38, -3.56, 6.63, -3.38, -3.56, 93.0, 20.0, 48228.0, 78.0, 328.0, -4556.0, 0.0, 3.0, 0.0, 0.0]
2025-08-29 11:13:25,187 - INFO - [8.06, -3.5, -3.56, 8.06, -3.5, -3.56, 8.06, -3.5, -3.56, 92.0, 25.0, 48228.0, 79.0, 328.0, -4598.0, 0.0, 3.0, 0.0, 0.0]
2025-08-29 11:13:25,245 - INFO - [9.13, -3.56, -3.5, 9.13, -3.56, -3.5, 9.13, -3.56, -3.5, 91.0, 26.0, 48228.0, 81.0, 328.0, -4642.0, 0.0, 3.0, 0.0, 0.0]
2025-08-29 11:13:25,303 - INFO - [10.63, -3.56, -3.38, 10.63, -3.56, -3.38, 10.63, -3.56, -3.38, 91.0, 28.0, 48228.0, 81.0, 328.0, -4687.0, 0.0, 3.0, 0.0, 0.0]
2025-08-29 11:13:25,407 - INFO - [13.69, -3.94, -3.25, 13.69, -3.94, -3.25, 13.69, -3.94, -3.25, 74.0, 31.0, 48228.0, 83.0, 328.0, -4765.0, 0.0, 3.0, 0.0, 0.0]
2025-08-29 11:13:25,466 - INFO - [14.81, -3.94, -3.25, 14.81, -3.94, -3.25, 14.81, -3.94, -3.25, 26.0, 31.0, 48228.0, 84.0, 328.0, -4804.0, 0.0, 3.0, 0.0, 0.0]
2025-08-29 11:13:25,524 - INFO - [16.13, -3.94, -3.25, 16.13, -3.94, -3.25, 16.13, -3.94, -3.25, 22.0, 32.0, 48228.0, 87.0, 328.0, -4846.0, 0.0, 3.0, 0.0, 0.0]
2025-08-29 11:13:25,581 - INFO - [17.38, -4.0, -3.25, 17.38, -4.0, -3.25, 17.38, -4.0, -3.25, 23.0, 32.0, 48228.0, 87.0, 328.0, -4884.0, 0.0, 3.0, 0.0, 0.0]
2025-08-29 11:13:25,639 - INFO - [18.69, -4.06, -3.19, 18.69, -4.06, -3.19, 18.69, -4.06, -3.19, 22.0, 33.0, 48228.0, 89.0, 328.0, -4920.0, 0.0, 3.0, 0.0, 0.0]
2025-08-29 11:13:25,743 - INFO - [20.88, -4.0, -3.06, 20.88, -4.0, -3.06, 20.88, -4.0, -3.06, 21.0, 34.0, 48228.0, 89.0, 328.0, -4985.0, 0.0, 3.0, 0.0, 0.0]
2025-08-29 11:13:25,800 - INFO - [22.25, -4.06, -3.13, 22.25, -4.06, -3.13, 22.25, -4.06, -3.13, 20.0, 33.0, 48228.0, 89.0, 328.0, -5019.0, 0.0, 3.0, 0.0, 0.0]
2025-08-29 11:13:25,858 - INFO - [23.38, -4.06, -3.13, 23.38, -4.06, -3.13, 23.38, -4.06, -3.13, 63.0, 33.0, 48228.0, 88.0, 328.0, -5053.0, 0.0, 3.0, 0.0, 0.0]
2025-08-29 11:13:25,919 - INFO - [24.5, -4.19, -3.06, 24.5, -4.19, -3.06, 24.5, -4.19, -3.06, 83.0, 33.0, 48228.0, 101.0, 328.0, -5086.0, 0.0, 3.0, 0.0, 0.0]
2025-08-29 11:13:25,975 - INFO - [25.75, -4.25, -2.88, 25.75, -4.25, -2.88, 25.75, -4.25, -2.88, 80.0, 34.0, 48228.0, 100.0, 328.0, -5122.0, 0.0, 3.0, 0.0, 0.0]
2025-08-29 11:13:26,080 - INFO - [27.94, -4.31, -2.75, 27.94, -4.31, -2.75, 27.94, -4.31, -2.75, 80.0, 33.0, 48228.0, 92.0, 328.0, -5193.0, 0.0, 3.0, 0.0, 0.0]
2025-08-29 11:13:26,183 - INFO - [30.5, -4.5, -2.56, 30.5, -4.5, -2.56, 30.5, -4.5, -2.56, 81.0, 32.0, 48228.0, 113.0, 328.0, -5268.0, 0.0, 3.0, 0.0, 0.0]
2025-08-29 11:13:26,288 - INFO - [33.0, -4.63, -2.44, 33.0, -4.63, -2.44, 33.0, -4.63, -2.44, 87.0, 30.0, 48228.0, 107.0, 328.0, -5349.0, 0.0, 3.0, 0.0, 0.0]
2025-08-29 11:13:26,346 - INFO - [34.44, -4.75, -2.38, 34.44, -4.75, -2.38, 34.44, -4.75, -2.38, 92.0, 32.0, 48228.0, 114.0, 328.0, -5389.0, 0.0, 3.0, 0.0, 0.0]
2025-08-29 11:13:26,403 - INFO - [35.75, -4.75, -2.31, 35.75, -4.75, -2.31, 35.75, -4.75, -2.31, 89.0, 31.0, 48228.0, 121.0, 328.0, -5428.0, 0.0, 3.0, 0.0, 0.0]
2025-08-29 11:13:26,461 - INFO - [36.88, -4.75, -2.31, 36.88, -4.75, -2.31, 36.88, -4.75, -2.31, 92.0, 32.0, 48228.0, 123.0, 328.0, -5467.0, 0.0, 3.0, 0.0, 0.0]
2025-08-29 11:13:26,567 - INFO - [39.25, -4.75, -2.25, 39.25, -4.75, -2.25, 39.25, -4.75, -2.25, 90.0, 33.0, 48228.0, 98.0, 328.0, -5538.0, 0.0, 3.0, 0.0, 0.0]
2025-08-29 11:13:26,625 - INFO - [40.56, -4.75, -2.19, 40.56, -4.75, -2.19, 40.56, -4.75, -2.19, 95.0, 32.0, 48228.0, 0.0, 328.0, -5574.0, 0.0, 3.0, 0.0, 0.0]
2025-08-29 11:13:26,625 - WARNING - Close to the left wall!
2025-08-29 11:13:26,682 - INFO - [41.69, -4.69, -2.13, 41.69, -4.69, -2.13, 41.69, -4.69, -2.13, 91.0, 30.0, 48228.0, 12.0, 328.0, -5612.0, 0.0, 3.0, 0.0, 0.0]
2025-08-29 11:13:26,787 - INFO - [44.44, -4.81, -2.13, 44.44, -4.81, -2.13, 44.44, -4.81, -2.13, 95.0, 31.0, 48228.0, 10.0, 328.0, -5679.0, 0.0, 3.0, 0.0, 0.0]
2025-08-29 11:13:26,891 - INFO - [46.63, -4.81, -1.94, 46.63, -4.81, -1.94, 46.63, -4.81, -1.94, 107.0, 31.0, 48228.0, 10.0, 328.0, -5748.0, 0.0, 3.0, 0.0, 0.0]
2025-08-29 11:13:26,995 - INFO - [49.5, -4.88, -1.81, 49.5, -4.88, -1.81, 49.5, -4.88, -1.81, 106.0, 31.0, 48228.0, 0.0, 328.0, -5827.0, 0.0, 3.0, 0.0, 0.0]
2025-08-29 11:13:26,995 - WARNING - Close to the left wall!
2025-08-29 11:13:27,053 - INFO - [51.0, -4.94, -1.63, 51.0, -4.94, -1.63, 51.0, -4.94, -1.63, 104.0, 31.0, 48228.0, 79.0, 328.0, -5872.0, 0.0, 3.0, 0.0, 0.0]
2025-08-29 11:13:27,157 - INFO - [54.06, -4.94, -1.63, 54.06, -4.94, -1.63, 54.06, -4.94, -1.63, 103.0, 29.0, 48228.0, 73.0, 328.0, -5956.0, 0.0, 3.0, 0.0, 0.0]
2025-08-29 11:13:27,215 - INFO - [55.5, -5.13, -1.56, 55.5, -5.13, -1.56, 55.5, -5.13, -1.56, 0.0, 29.0, 48228.0, 70.0, 328.0, -5999.0, 0.0, 3.0, 0.0, 0.0]
2025-08-29 11:13:27,216 - WARNING - Might crash, too close
2025-08-29 11:13:27,274 - INFO - [56.81, -5.13, -1.5, 56.81, -5.13, -1.5, 56.81, -5.13, -1.5, 114.0, 29.0, 48228.0, 57.0, 328.0, -6041.0, 0.0, 3.0, 0.0, 0.0]
2025-08-29 11:13:27,332 - INFO - [58.19, -5.19, -1.44, 58.19, -5.19, -1.44, 58.19, -5.19, -1.44, 123.0, 29.0, 48228.0, 66.0, 328.0, -6081.0, 0.0, 3.0, 0.0, 0.0]
2025-08-29 11:13:27,391 - INFO - [59.31, -5.13, -1.5, 59.31, -5.13, -1.5, 59.31, -5.13, -1.5, 147.0, 29.0, 48228.0, 63.0, 328.0, -6120.0, 0.0, 3.0, 0.0, 0.0]
2025-08-29 11:13:27,494 - INFO - [61.5, -5.06, -1.38, 61.5, -5.06, -1.38, 61.5, -5.06, -1.38, 242.0, 28.0, 48228.0, 66.0, 328.0, -6190.0, 0.0, 3.0, 0.0, 0.0]
2025-08-29 11:13:27,551 - INFO - [62.88, -5.06, -1.31, 62.88, -5.06, -1.31, 62.88, -5.06, -1.31, 264.0, 28.0, 48228.0, 63.0, 328.0, -6227.0, 0.0, 3.0, 0.0, 0.0]
2025-08-29 11:13:27,609 - INFO - [64.38, -5.06, -1.38, 64.38, -5.06, -1.38, 64.38, -5.06, -1.38, 260.0, 28.0, 48228.0, 61.0, 328.0, -6265.0, 0.0, 3.0, 0.0, 0.0]
2025-08-29 11:13:27,714 - INFO - [66.38, -4.94, -1.44, 66.38, -4.94, -1.44, 66.38, -4.94, -1.44, 66.0, 27.0, 48228.0, 60.0, 328.0, -6334.0, 0.0, 3.0, 0.0, 0.0]
2025-08-29 11:13:27,731 - INFO - Turn completed
2025-08-29 11:13:27,772 - INFO - [67.75, -4.94, -1.38, 67.75, -4.94, -1.38, 67.75, -4.94, -1.38, 64.0, 26.0, 48228.0, 58.0, 328.0, -6373.0, 0.0, 3.0, 0.0, 0.0]
2025-08-29 11:13:27,830 - INFO - [69.0, -4.94, -1.25, 69.0, -4.94, -1.25, 69.0, -4.94, -1.25, 64.0, 26.0, 48228.0, 57.0, 328.0, -6404.0, 0.0, 3.0, 0.0, 0.0]
2025-08-29 11:13:27,874 - INFO - [70.56, -4.94, -1.19, 70.56, -4.94, -1.19, 70.56, -4.94, -1.19, 64.0, 65535.0, 48228.0, 576.0, 328.0, -6392.0, 0.0, 3.0, 0.0, 0.0]
2025-08-29 11:13:27,931 - INFO - [71.31, -4.88, -1.13, 71.31, -4.88, -1.13, 71.31, -4.88, -1.13, 217.0, 26.0, 48228.0, 59.0, 328.0, -6391.0, 0.0, 3.0, 0.0, 0.0]
2025-08-29 11:13:27,988 - INFO - [71.13, -4.88, -1.19, 71.13, -4.88, -1.19, 71.13, -4.88, -1.19, 203.0, 26.0, 48228.0, 59.0, 328.0, -6371.0, 0.0, 3.0, 0.0, 0.0]
2025-08-29 11:13:28,045 - INFO - [70.56, -4.81, -1.25, 70.56, -4.81, -1.25, 70.56, -4.81, -1.25, 70.0, 26.0, 48228.0, 60.0, 328.0, -6341.0, 0.0, 3.0, 0.0, 0.0]
2025-08-29 11:13:28,102 - INFO - [69.75, -4.81, -1.25, 69.75, -4.81, -1.25, 69.75, -4.81, -1.25, 65.0, 26.0, 48228.0, 57.0, 328.0, -6305.0, 0.0, 3.0, 0.0, 0.0]
2025-08-29 11:13:28,161 - INFO - [69.38, -4.5, -1.44, 69.38, -4.5, -1.44, 69.38, -4.5, -1.44, 66.0, 26.0, 48228.0, 59.0, 328.0, -6260.0, 0.0, 3.0, 0.0, 0.0]
2025-08-29 11:13:28,219 - INFO - [69.25, -4.38, -1.63, 69.25, -4.38, -1.63, 69.25, -4.38, -1.63, 67.0, 25.0, 48228.0, 61.0, 328.0, -6210.0, 0.0, 3.0, 0.0, 0.0]
2025-08-29 11:13:28,278 - INFO - [69.13, -4.38, -1.63, 69.13, -4.38, -1.63, 69.13, -4.38, -1.63, 69.0, 24.0, 48228.0, 63.0, 328.0, -6156.0, 0.0, 3.0, 0.0, 0.0]
2025-08-29 11:13:28,336 - INFO - [68.94, -4.5, -1.44, 68.94, -4.5, -1.44, 68.94, -4.5, -1.44, 71.0, 24.0, 48228.0, 66.0, 328.0, -6098.0, 0.0, 3.0, 0.0, 0.0]
2025-08-29 11:13:28,392 - INFO - [68.81, -4.56, -1.5, 68.81, -4.56, -1.5, 68.81, -4.56, -1.5, 73.0, 23.0, 48228.0, 65.0, 328.0, -6037.0, 0.0, 3.0, 0.0, 0.0]
2025-08-29 11:13:28,393 - INFO - Going back
2025-08-29 11:13:28,449 - INFO - [68.63, -4.63, -1.44, 68.63, -4.63, -1.44, 68.63, -4.63, -1.44, 75.0, 22.0, 48228.0, 58.0, 328.0, -5979.0, 0.0, 3.0, 0.0, 0.0]
2025-08-29 11:13:28,459 - INFO - Camera stopped
2025-08-29 11:13:30,069 - INFO - Camera closed successfully.
