2025-08-29 10:57:54,576 - INFO - Camera configuration has been adjusted!
2025-08-29 10:57:54,578 - INFO - Configuration successful!
2025-08-29 10:57:56,097 - INFO - Camera started
2025-08-29 10:57:56,154 - INFO - [358.06, -3.13, -2.81, 358.06, -3.13, -2.81, 358.06, -3.13, -2.81, 104.0, 10.0, 48228.0, 76.0, 809.0, -2472.0, 0.0, 3.0, 0.0, 0.0]
2025-08-29 10:57:56,737 - INFO - [358.06, -3.13, -2.81, 358.06, -3.13, -2.81, 358.06, -3.13, -2.81, 104.0, 10.0, 48228.0, 77.0, 809.0, -2472.0, 0.0, 3.0, 0.0, 0.0]
2025-08-29 10:57:56,977 - INFO - [358.06, -3.13, -2.81, 358.06, -3.13, -2.81, 358.06, -3.13, -2.81, 103.0, 9.0, 48228.0, 77.0, 809.0, -2514.0, 0.0, 3.0, 0.0, 0.0]
2025-08-29 10:57:56,978 - WARNING - Close to the right wall!
2025-08-29 10:57:57,103 - INFO - [358.69, -3.31, -2.69, 358.69, -3.31, -2.69, 358.69, -3.31, -2.69, 101.0, 10.0, 48228.0, 73.0, 809.0, -2593.0, 0.0, 3.0, 0.0, 0.0]
2025-08-29 10:57:57,228 - INFO - [1.06, -3.5, -2.63, 1.06, -3.5, -2.63, 1.06, -3.5, -2.63, 98.0, 8.0, 48228.0, 15.0, 809.0, -2687.0, 0.0, 3.0, 0.0, 0.0]
2025-08-29 10:57:57,228 - WARNING - Close to the right wall!
2025-08-29 10:57:57,352 - INFO - [3.69, -3.63, -2.5, 3.69, -3.63, -2.5, 3.69, -3.63, -2.5, 94.0, 10.0, 48228.0, 75.0, 809.0, -2782.0, 0.0, 3.0, 0.0, 0.0]
2025-08-29 10:57:57,477 - INFO - [6.25, -3.63, -2.69, 6.25, -3.63, -2.69, 6.25, -3.63, -2.69, 92.0, 25.0, 48228.0, 80.0, 809.0, -2877.0, 0.0, 3.0, 0.0, 0.0]
2025-08-29 10:57:57,602 - INFO - [8.38, -3.75, -2.5, 8.38, -3.75, -2.5, 8.38, -3.75, -2.5, 87.0, 31.0, 48228.0, 83.0, 809.0, -2966.0, 0.0, 3.0, 0.0, 0.0]
2025-08-29 10:57:57,726 - INFO - [10.88, -3.81, -2.38, 10.88, -3.81, -2.38, 10.88, -3.81, -2.38, 26.0, 35.0, 48228.0, 84.0, 809.0, -3049.0, 0.0, 3.0, 0.0, 0.0]
2025-08-29 10:57:57,852 - INFO - [13.5, -3.69, -2.56, 13.5, -3.69, -2.56, 13.5, -3.69, -2.56, 22.0, 37.0, 48228.0, 86.0, 809.0, -3131.0, 0.0, 3.0, 0.0, 0.0]
2025-08-29 10:57:57,975 - INFO - [15.88, -3.88, -2.31, 15.88, -3.88, -2.31, 15.88, -3.88, -2.31, 21.0, 37.0, 48228.0, 89.0, 809.0, -3215.0, 0.0, 3.0, 0.0, 0.0]
2025-08-29 10:57:58,101 - INFO - [18.69, -4.0, -2.19, 18.69, -4.0, -2.19, 18.69, -4.0, -2.19, 20.0, 38.0, 48228.0, 88.0, 328.0, -3303.0, 0.0, 3.0, 0.0, 0.0]
2025-08-29 10:57:58,223 - INFO - [21.38, -4.19, -2.0, 21.38, -4.19, -2.0, 21.38, -4.19, -2.0, 78.0, 37.0, 48228.0, 91.0, 328.0, -3395.0, 0.0, 3.0, 0.0, 0.0]
2025-08-29 10:57:58,348 - INFO - [24.0, -4.19, -2.13, 24.0, -4.19, -2.13, 24.0, -4.19, -2.13, 80.0, 39.0, 48228.0, 97.0, 328.0, -3484.0, 0.0, 3.0, 0.0, 0.0]
2025-08-29 10:57:58,471 - INFO - [26.13, -4.25, -2.06, 26.13, -4.25, -2.06, 26.13, -4.25, -2.06, 80.0, 38.0, 48228.0, 97.0, 328.0, -3571.0, 0.0, 3.0, 0.0, 0.0]
2025-08-29 10:57:58,596 - INFO - [28.31, -4.25, -1.94, 28.31, -4.25, -1.94, 28.31, -4.25, -1.94, 81.0, 41.0, 48228.0, 105.0, 328.0, -3654.0, 0.0, 3.0, 0.0, 0.0]
2025-08-29 10:57:58,721 - INFO - [31.13, -4.19, -2.0, 31.13, -4.19, -2.0, 31.13, -4.19, -2.0, 81.0, 40.0, 48228.0, 113.0, 328.0, -3736.0, 0.0, 3.0, 0.0, 0.0]
2025-08-29 10:57:58,849 - INFO - [33.69, -4.38, -1.81, 33.69, -4.38, -1.81, 33.69, -4.38, -1.81, 84.0, 40.0, 48228.0, 120.0, 328.0, -3821.0, 0.0, 3.0, 0.0, 0.0]
2025-08-29 10:57:58,970 - INFO - [36.5, -4.38, -1.69, 36.5, -4.38, -1.69, 36.5, -4.38, -1.69, 80.0, 41.0, 48228.0, 10.0, 6412.0, -3914.0, 0.0, 3.0, 0.0, 0.0]
2025-08-29 10:57:59,095 - INFO - [39.69, -4.44, -1.5, 39.69, -4.44, -1.5, 39.69, -4.44, -1.5, 83.0, 39.0, 48228.0, 7.0, 6412.0, -4009.0, 0.0, 3.0, 0.0, 0.0]
2025-08-29 10:57:59,100 - WARNING - Close to the left wall!
2025-08-29 10:57:59,218 - INFO - [42.5, -4.5, -1.5, 42.5, -4.5, -1.5, 42.5, -4.5, -1.5, 92.0, 38.0, 48228.0, 16.0, 6412.0, -4102.0, 0.0, 3.0, 0.0, 0.0]
2025-08-29 10:57:59,350 - INFO - [44.88, -4.56, -1.5, 44.88, -4.56, -1.5, 44.88, -4.56, -1.5, 87.0, 38.0, 48228.0, 78.0, 6412.0, -4191.0, 0.0, 3.0, 0.0, 0.0]
2025-08-29 10:57:59,467 - INFO - [47.19, -4.5, -1.56, 47.19, -4.5, -1.56, 47.19, -4.5, -1.56, 93.0, 38.0, 48228.0, 70.0, 6412.0, -4277.0, 0.0, 3.0, 0.0, 0.0]
2025-08-29 10:57:59,592 - INFO - [49.63, -4.44, -1.75, 49.63, -4.44, -1.75, 49.63, -4.44, -1.75, 103.0, 38.0, 48228.0, 67.0, 6412.0, -4362.0, 0.0, 3.0, 0.0, 0.0]
2025-08-29 10:57:59,716 - INFO - [52.13, -4.56, -1.44, 52.13, -4.56, -1.44, 52.13, -4.56, -1.44, 108.0, 37.0, 48228.0, 68.0, 6412.0, -4450.0, 0.0, 3.0, 0.0, 0.0]
2025-08-29 10:57:59,841 - INFO - [55.0, -4.63, -1.25, 55.0, -4.63, -1.25, 55.0, -4.63, -1.25, 117.0, 36.0, 48228.0, 59.0, 6412.0, -4546.0, 0.0, 3.0, 0.0, 0.0]
2025-08-29 10:57:59,966 - INFO - [58.0, -4.75, -1.06, 58.0, -4.75, -1.06, 58.0, -4.75, -1.06, 117.0, 36.0, 48228.0, 58.0, 6412.0, -4642.0, 0.0, 3.0, 0.0, 0.0]
2025-08-29 10:58:00,090 - INFO - [60.81, -4.69, -1.0, 60.81, -4.69, -1.0, 60.81, -4.69, -1.0, 155.0, 35.0, 48228.0, 63.0, 6412.0, -4733.0, 0.0, 3.0, 0.0, 0.0]
2025-08-29 10:58:00,216 - INFO - [63.44, -4.69, -0.94, 63.44, -4.69, -0.94, 63.44, -4.69, -0.94, 213.0, 34.0, 48228.0, 53.0, 6412.0, -4821.0, 0.0, 3.0, 0.0, 0.0]
2025-08-29 10:58:00,340 - INFO - [65.94, -4.75, -0.69, 65.94, -4.75, -0.69, 65.94, -4.75, -0.69, 203.0, 34.0, 48228.0, 52.0, 6412.0, -4903.0, 0.0, 3.0, 0.0, 0.0]
2025-08-29 10:58:00,361 - INFO - Turn completed
2025-08-29 10:58:00,361 - INFO - Not going back
2025-08-29 10:58:00,464 - INFO - [68.25, -4.69, -0.88, 68.25, -4.69, -0.88, 68.25, -4.69, -0.88, 200.0, 33.0, 48228.0, 53.0, 6412.0, -4984.0, 0.0, 3.0, 0.0, 0.0]
2025-08-29 10:58:00,507 - INFO - Camera stopped
2025-08-29 10:58:02,319 - INFO - Camera closed successfully.
