2025-08-31 14:34:55,171 - INFO - Camera configuration has been adjusted!
2025-08-31 14:34:55,172 - INFO - Configuration successful!
2025-08-31 14:34:56,695 - INFO - Camera started
2025-08-31 14:34:56,803 - INFO - [4.75, -4.5, -1.25, 4.75, -4.5, -1.25, 4.75, -4.5, -1.25, 101.0, 18.0, 80.0, 11.0, 0.0, 0.0, 0.0, 3.0, 0.0, 0.0]
2025-08-31 14:34:57,037 - INFO - Steering 15; Speed 200
2025-08-31 14:34:57,356 - INFO - [4.81, -4.44, -1.5, 4.81, -4.44, -1.5, 4.81, -4.44, -1.5, 101.0, 17.0, 80.0, 11.0, 0.0, 0.0, 0.0, 3.0, 0.0, 0.0]
2025-08-31 14:34:57,516 - INFO - Steering 15; Speed 200
2025-08-31 14:34:57,642 - INFO - [4.75, -4.44, -1.44, 4.75, -4.44, -1.44, 4.75, -4.44, -1.44, 100.0, 25.0, 80.0, 11.0, 0.0, -63.0, 0.0, 3.0, 0.0, 0.0]
2025-08-31 14:34:57,679 - INFO - Steering 15; Speed 200
2025-08-31 14:34:57,789 - INFO - [3.63, -4.44, -1.5, 3.63, -4.44, -1.5, 3.63, -4.44, -1.5, 97.0, 9.0, 82.0, 11.0, 0.0, -159.0, 0.0, 3.0, 0.0, 0.0]
2025-08-31 14:34:57,790 - WARNING - Close to the right wall!
2025-08-31 14:34:57,826 - INFO - Steering 15; Speed 200
2025-08-31 14:34:57,935 - INFO - [1.38, -4.44, -1.63, 1.38, -4.44, -1.63, 1.38, -4.44, -1.63, 93.0, 225.0, 82.0, 69.0, 0.0, -255.0, 0.0, 3.0, 0.0, 0.0]
2025-08-31 14:34:57,955 - INFO - Steering 15; Speed 200
2025-08-31 14:34:58,082 - INFO - [359.5, -4.25, -1.81, 359.5, -4.25, -1.81, 359.5, -4.25, -1.81, 91.0, 226.0, 90.0, 69.0, 0.0, -341.0, 0.0, 3.0, 0.0, 0.0]
2025-08-31 14:34:58,111 - INFO - Steering 15; Speed 200
2025-08-31 14:34:58,229 - INFO - [357.44, -4.25, -1.75, 357.44, -4.25, -1.75, 357.44, -4.25, -1.75, 89.0, 230.0, 100.0, 69.0, 0.0, -422.0, 0.0, 3.0, 0.0, 0.0]
2025-08-31 14:34:58,242 - INFO - Steering 15; Speed 200
2025-08-31 14:34:58,378 - INFO - [355.88, -4.06, -1.69, 355.88, -4.06, -1.69, 355.88, -4.06, -1.69, 87.0, 233.0, 93.0, 68.0, 0.0, -495.0, 0.0, 3.0, 0.0, 0.0]
2025-08-31 14:34:58,399 - INFO - Steering 15; Speed 200
2025-08-31 14:34:58,524 - INFO - [353.69, -3.94, -1.94, 353.69, -3.94, -1.94, 353.69, -3.94, -1.94, 85.0, 236.0, 75.0, 67.0, 0.0, -569.0, 1.0, 3.0, 0.0, 0.0]
2025-08-31 14:34:58,546 - INFO - Steering 15; Speed 200
2025-08-31 14:34:58,675 - INFO - [351.25, -3.75, -2.19, 351.25, -3.75, -2.19, 351.25, -3.75, -2.19, 83.0, 236.0, 71.0, 67.0, 0.0, -650.0, 2.0, 3.0, 0.0, 0.0]
2025-08-31 14:34:58,701 - INFO - Steering 15; Speed 200
2025-08-31 14:34:58,821 - INFO - [348.5, -3.69, -2.25, 348.5, -3.69, -2.25, 348.5, -3.69, -2.25, 82.0, 242.0, 60.0, 66.0, 0.0, -736.0, 3.0, 3.0, 0.0, 0.0]
2025-08-31 14:34:58,845 - INFO - Steering 15; Speed 200
2025-08-31 14:34:58,968 - INFO - [345.81, -3.63, -2.31, 345.81, -3.63, -2.31, 345.81, -3.63, -2.31, 81.0, 244.0, 58.0, 65.0, 0.0, -827.0, 3.0, 3.0, 0.0, 0.0]
2025-08-31 14:34:58,986 - INFO - Steering 15; Speed 200
2025-08-31 14:34:59,118 - INFO - [343.88, -3.5, -2.5, 343.88, -3.5, -2.5, 343.88, -3.5, -2.5, 79.0, 210.0, 57.0, 64.0, 0.0, -913.0, 3.0, 3.0, 0.0, 0.0]
2025-08-31 14:34:59,173 - INFO - Steering 15; Speed 200
2025-08-31 14:34:59,261 - INFO - [341.88, -3.5, -2.38, 341.88, -3.5, -2.38, 341.88, -3.5, -2.38, 77.0, 190.0, 54.0, 63.0, 0.0, -997.0, 3.0, 3.0, 0.0, 0.0]
2025-08-31 14:34:59,279 - INFO - Steering 15; Speed 200
2025-08-31 14:34:59,408 - INFO - [340.0, -3.44, -2.44, 340.0, -3.44, -2.44, 340.0, -3.44, -2.44, 76.0, 173.0, 53.0, 62.0, 0.0, -1071.0, 3.0, 3.0, 0.0, 0.0]
2025-08-31 14:34:59,426 - INFO - Steering 15; Speed 200
2025-08-31 14:34:59,555 - INFO - [338.31, -3.5, -2.38, 338.31, -3.5, -2.38, 338.31, -3.5, -2.38, 75.0, 152.0, 51.0, 62.0, 0.0, -1144.0, 2.0, 3.0, 0.0, 0.0]
2025-08-31 14:34:59,573 - INFO - Steering 165; Speed 200
2025-08-31 14:34:59,703 - INFO - [335.75, -3.38, -2.69, 335.75, -3.38, -2.69, 335.75, -3.38, -2.69, 76.0, 134.0, 51.0, 61.0, 0.0, -1223.0, 2.0, 3.0, 0.0, 0.0]
2025-08-31 14:34:59,723 - INFO - Steering 165; Speed 200
2025-08-31 14:34:59,851 - INFO - [332.81, -3.38, -2.69, 332.81, -3.38, -2.69, 332.81, -3.38, -2.69, 74.0, 41.0, 49.0, 61.0, 0.0, -1307.0, 2.0, 3.0, 0.0, 0.0]
2025-08-31 14:34:59,869 - INFO - Steering 165; Speed 200
2025-08-31 14:35:00,000 - INFO - [330.19, -3.38, -2.81, 330.19, -3.38, -2.81, 330.19, -3.38, -2.81, 76.0, 107.0, 48.0, 60.0, 0.0, -1401.0, 2.0, 3.0, 0.0, 0.0]
2025-08-31 14:35:00,023 - INFO - Steering 165; Speed 200
2025-08-31 14:35:00,149 - INFO - [330.31, -3.44, -2.94, 330.31, -3.44, -2.94, 330.31, -3.44, -2.94, 71.0, 106.0, 51.0, 56.0, 0.0, -1522.0, 2.0, 3.0, 0.0, 0.0]
2025-08-31 14:35:00,168 - INFO - Steering 165; Speed 200
2025-08-31 14:35:00,297 - INFO - [333.94, -3.63, -2.81, 333.94, -3.63, -2.81, 333.94, -3.63, -2.81, 63.0, 112.0, 58.0, 54.0, 0.0, -1623.0, 2.0, 3.0, 0.0, 0.0]
2025-08-31 14:35:00,316 - INFO - Steering 165; Speed 200
2025-08-31 14:35:00,446 - INFO - [336.19, -3.69, -2.75, 336.19, -3.69, -2.75, 336.19, -3.69, -2.75, 59.0, 114.0, 62.0, 52.0, 0.0, -1684.0, 1.0, 3.0, 0.0, 0.0]
2025-08-31 14:35:00,467 - INFO - Steering 165; Speed 200
2025-08-31 14:35:00,594 - INFO - [338.13, -3.69, -2.63, 338.13, -3.69, -2.63, 338.13, -3.69, -2.63, 56.0, 123.0, 70.0, 51.0, 0.0, -1749.0, 0.0, 3.0, 0.0, 0.0]
2025-08-31 14:35:00,611 - INFO - Steering 165; Speed 200
2025-08-31 14:35:00,743 - INFO - [340.69, -3.81, -2.75, 340.69, -3.81, -2.75, 340.69, -3.81, -2.75, 52.0, 126.0, 77.0, 50.0, 0.0, -1825.0, 0.0, 3.0, 0.0, 0.0]
2025-08-31 14:35:00,761 - INFO - Steering 165; Speed 200
2025-08-31 14:35:00,892 - INFO - [343.63, -3.88, -2.63, 343.63, -3.88, -2.63, 343.63, -3.88, -2.63, 48.0, 136.0, 92.0, 49.0, 0.0, -1916.0, 1.0, 3.0, 0.0, 0.0]
2025-08-31 14:35:00,911 - INFO - Steering 165; Speed 200
2025-08-31 14:35:01,040 - INFO - [347.38, -3.94, -2.5, 347.38, -3.94, -2.5, 347.38, -3.94, -2.5, 44.0, 156.0, 115.0, 48.0, 0.0, -2016.0, 1.0, 3.0, 0.0, 0.0]
2025-08-31 14:35:01,116 - INFO - Steering 165; Speed 200
2025-08-31 14:35:01,187 - INFO - [350.81, -4.13, -2.38, 350.81, -4.13, -2.38, 350.81, -4.13, -2.38, 40.0, 189.0, 121.0, 48.0, 0.0, -2110.0, 2.0, 3.0, 0.0, 0.0]
2025-08-31 14:35:01,207 - INFO - Steering 165; Speed 200
2025-08-31 14:35:01,336 - INFO - [353.13, -4.19, -2.31, 353.13, -4.19, -2.31, 353.13, -4.19, -2.31, 37.0, 221.0, 116.0, 47.0, 0.0, -2181.0, 2.0, 3.0, 0.0, 0.0]
2025-08-31 14:35:01,356 - INFO - Steering 165; Speed 200
2025-08-31 14:35:01,486 - INFO - [355.19, -4.38, -2.19, 355.19, -4.38, -2.19, 355.19, -4.38, -2.19, 35.0, 254.0, 122.0, 48.0, 0.0, -2247.0, 3.0, 3.0, 0.0, 0.0]
2025-08-31 14:35:01,507 - INFO - Steering 165; Speed 200
2025-08-31 14:35:01,634 - INFO - [356.94, -4.38, -2.19, 356.94, -4.38, -2.19, 356.94, -4.38, -2.19, 33.0, 262.0, 39.0, 47.0, 0.0, -2302.0, 3.0, 3.0, 0.0, 0.0]
2025-08-31 14:35:01,657 - INFO - Steering 165; Speed 200
2025-08-31 14:35:01,782 - INFO - [358.56, -4.31, -2.0, 358.56, -4.31, -2.0, 358.56, -4.31, -2.0, 32.0, 247.0, 40.0, 48.0, 0.0, -2358.0, 3.0, 3.0, 0.0, 0.0]
2025-08-31 14:35:01,799 - INFO - Steering 165; Speed 200
2025-08-31 14:35:01,929 - INFO - [1.31, -4.38, -1.94, 1.31, -4.38, -1.94, 1.31, -4.38, -1.94, 29.0, 246.0, 42.0, 49.0, 0.0, -2436.0, 3.0, 3.0, 0.0, 0.0]
2025-08-31 14:35:01,946 - INFO - Steering 165; Speed 200
2025-08-31 14:35:02,076 - INFO - [4.63, -4.31, -1.88, 4.63, -4.31, -1.88, 4.63, -4.31, -1.88, 27.0, 243.0, 119.0, 50.0, 0.0, -2521.0, 3.0, 3.0, 0.0, 0.0]
2025-08-31 14:35:02,094 - INFO - Steering 165; Speed 200
2025-08-31 14:35:02,223 - INFO - [7.94, -4.25, -1.69, 7.94, -4.25, -1.69, 7.94, -4.25, -1.69, 24.0, 247.0, 126.0, 51.0, 0.0, -2611.0, 3.0, 3.0, 0.0, 0.0]
2025-08-31 14:35:02,243 - INFO - Steering 165; Speed 200
2025-08-31 14:35:02,370 - INFO - [10.88, -4.38, -1.63, 10.88, -4.38, -1.63, 10.88, -4.38, -1.63, 22.0, 247.0, 136.0, 53.0, 0.0, -2705.0, 3.0, 3.0, 0.0, 0.0]
2025-08-31 14:35:02,387 - INFO - Steering 165; Speed 200
2025-08-31 14:35:02,519 - INFO - [13.5, -4.44, -1.5, 13.5, -4.44, -1.5, 13.5, -4.44, -1.5, 22.0, 249.0, 150.0, 55.0, 0.0, -2783.0, 3.0, 3.0, 0.0, 0.0]
2025-08-31 14:35:02,542 - INFO - Steering 165; Speed 200
2025-08-31 14:35:02,664 - INFO - [15.31, -4.56, -1.31, 15.31, -4.56, -1.31, 15.31, -4.56, -1.31, 19.0, 249.0, 163.0, 56.0, 0.0, -2847.0, 2.0, 3.0, 0.0, 0.0]
2025-08-31 14:35:02,685 - INFO - Steering 165; Speed 200
2025-08-31 14:35:02,812 - INFO - [17.0, -4.56, -1.31, 17.0, -4.56, -1.31, 17.0, -4.56, -1.31, 17.0, 251.0, 139.0, 58.0, 0.0, -2911.0, 2.0, 3.0, 0.0, 0.0]
2025-08-31 14:35:02,833 - INFO - Steering 165; Speed 200
2025-08-31 14:35:02,960 - INFO - [18.63, -4.5, -1.19, 18.63, -4.5, -1.19, 18.63, -4.5, -1.19, 18.0, 249.0, 135.0, 138.0, 0.0, -2969.0, 2.0, 3.0, 0.0, 0.0]
2025-08-31 14:35:02,983 - INFO - Steering 165; Speed 200
2025-08-31 14:35:03,108 - INFO - [21.63, -4.56, -1.06, 21.63, -4.56, -1.06, 21.63, -4.56, -1.06, 15.0, 255.0, 119.0, 46.0, 0.0, -3048.0, 2.0, 3.0, 0.0, 0.0]
2025-08-31 14:35:03,143 - INFO - Steering 165; Speed 200
2025-08-31 14:35:03,254 - INFO - [25.38, -4.5, -1.0, 25.38, -4.5, -1.0, 25.38, -4.5, -1.0, 15.0, 262.0, 121.0, 32.0, 0.0, -3139.0, 2.0, 3.0, 0.0, 0.0]
2025-08-31 14:35:03,273 - INFO - Steering 165; Speed 200
2025-08-31 14:35:03,404 - INFO - [29.25, -4.44, -0.88, 29.25, -4.44, -0.88, 29.25, -4.44, -0.88, 13.0, 268.0, 120.0, 20.0, 0.0, -3240.0, 2.0, 3.0, 0.0, 0.0]
2025-08-31 14:35:03,404 - WARNING - Might crash, too close
2025-08-31 14:35:03,423 - INFO - Steering 165; Speed 200
2025-08-31 14:35:03,553 - INFO - [32.75, -4.38, -0.63, 32.75, -4.38, -0.63, 32.75, -4.38, -0.63, 8.0, 223.0, 115.0, 13.0, 0.0, -3337.0, 2.0, 3.0, 0.0, 0.0]
2025-08-31 14:35:03,553 - WARNING - Might crash, too close
2025-08-31 14:35:03,581 - INFO - Steering 165; Speed 200
2025-08-31 14:35:03,701 - INFO - [35.13, -4.38, -0.56, 35.13, -4.38, -0.56, 35.13, -4.38, -0.56, 7.0, 219.0, 111.0, 10.0, 0.0, -3412.0, 2.0, 3.0, 0.0, 0.0]
2025-08-31 14:35:03,701 - WARNING - Might crash, too close
2025-08-31 14:35:03,720 - INFO - Steering 165; Speed 200
2025-08-31 14:35:03,848 - INFO - [36.88, -4.44, -0.44, 36.88, -4.44, -0.44, 36.88, -4.44, -0.44, 6.0, 217.0, 106.0, 3.0, 0.0, -3478.0, 2.0, 3.0, 0.0, 0.0]
2025-08-31 14:35:03,848 - WARNING - Close to the left wall!
2025-08-31 14:35:03,864 - INFO - Steering 165; Speed 200
2025-08-31 14:35:03,997 - INFO - [38.81, -4.5, -0.38, 38.81, -4.5, -0.38, 38.81, -4.5, -0.38, 8.0, 218.0, 107.0, 6.0, 0.0, -3540.0, 2.0, 3.0, 0.0, 0.0]
2025-08-31 14:35:03,997 - WARNING - Close to the left wall!
2025-08-31 14:35:04,021 - INFO - Steering 165; Speed 200
2025-08-31 14:35:04,145 - INFO - [40.56, -4.38, -0.19, 40.56, -4.38, -0.19, 40.56, -4.38, -0.19, 7.0, 157.0, 104.0, 0.0, 0.0, -3599.0, 2.0, 3.0, 0.0, 0.0]
2025-08-31 14:35:04,145 - WARNING - Close to the left wall!
2025-08-31 14:35:04,168 - INFO - Steering 165; Speed 200
2025-08-31 14:35:04,293 - INFO - [43.63, -4.44, -0.25, 43.63, -4.44, -0.25, 43.63, -4.44, -0.25, 2.0, 141.0, 100.0, 0.0, 0.0, -3683.0, 2.0, 3.0, 0.0, 0.0]
2025-08-31 14:35:04,293 - WARNING - Close to the left wall!
2025-08-31 14:35:04,311 - INFO - Steering 165; Speed 200
2025-08-31 14:35:04,440 - INFO - [47.25, -4.44, -0.56, 47.25, -4.44, -0.56, 47.25, -4.44, -0.56, 3.0, 133.0, 95.0, 0.0, 0.0, -3767.0, 2.0, 3.0, 0.0, 0.0]
2025-08-31 14:35:04,448 - WARNING - Close to the left wall!
2025-08-31 14:35:04,489 - INFO - Steering 165; Speed 200
2025-08-31 14:35:04,587 - INFO - [48.38, -4.69, -0.31, 48.38, -4.69, -0.31, 48.38, -4.69, -0.31, 3.0, 132.0, 95.0, 0.0, 0.0, -3820.0, 2.0, 3.0, 0.0, 0.0]
2025-08-31 14:35:04,587 - WARNING - Close to the left wall!
2025-08-31 14:35:04,624 - INFO - Steering 165; Speed 200
2025-08-31 14:35:04,735 - INFO - [48.38, -4.69, -0.31, 48.38, -4.69, -0.31, 48.38, -4.69, -0.31, 3.0, 132.0, 94.0, 0.0, 0.0, -3882.0, 2.0, 3.0, 0.0, 0.0]
2025-08-31 14:35:04,735 - WARNING - Close to the left wall!
2025-08-31 14:35:04,755 - INFO - Steering 165; Speed 200
2025-08-31 14:35:04,882 - INFO - [48.31, -4.63, -0.63, 48.31, -4.63, -0.63, 48.31, -4.63, -0.63, 6.0, 133.0, 95.0, 0.0, 0.0, -3907.0, 2.0, 3.0, 0.0, 0.0]
2025-08-31 14:35:04,882 - WARNING - Close to the left wall!
2025-08-31 14:35:04,902 - INFO - Steering 165; Speed 200
2025-08-31 14:35:05,029 - INFO - [48.31, -4.56, -1.0, 48.31, -4.56, -1.0, 48.31, -4.56, -1.0, 6.0, 135.0, 95.0, 0.0, 0.0, -3910.0, 2.0, 3.0, 0.0, 0.0]
2025-08-31 14:35:05,030 - WARNING - Close to the left wall!
2025-08-31 14:35:05,050 - INFO - Steering 165; Speed 200
2025-08-31 14:35:05,175 - INFO - [48.31, -4.5, -1.25, 48.31, -4.5, -1.25, 48.31, -4.5, -1.25, 1.0, 134.0, 94.0, 0.0, 0.0, -3910.0, 2.0, 3.0, 0.0, 0.0]
2025-08-31 14:35:05,175 - WARNING - Close to the left wall!
2025-08-31 14:35:05,198 - INFO - Steering 165; Speed 200
2025-08-31 14:35:05,324 - INFO - [48.31, -4.5, -1.44, 48.31, -4.5, -1.44, 48.31, -4.5, -1.44, 7.0, 130.0, 94.0, 0.0, 0.0, -3910.0, 2.0, 3.0, 0.0, 0.0]
2025-08-31 14:35:05,324 - WARNING - Close to the left wall!
2025-08-31 14:35:05,348 - INFO - Steering 165; Speed 200
2025-08-31 14:35:05,472 - INFO - [48.31, -4.44, -1.63, 48.31, -4.44, -1.63, 48.31, -4.44, -1.63, 0.0, 132.0, 94.0, 0.0, 0.0, -3910.0, 2.0, 3.0, 0.0, 0.0]
2025-08-31 14:35:05,472 - WARNING - Close to the left wall!
2025-08-31 14:35:05,497 - INFO - Steering 165; Speed 200
2025-08-31 14:35:05,620 - INFO - [48.31, -4.44, -1.75, 48.31, -4.44, -1.75, 48.31, -4.44, -1.75, 0.0, 132.0, 95.0, 0.0, 0.0, -3910.0, 2.0, 3.0, 0.0, 0.0]
2025-08-31 14:35:05,620 - WARNING - Close to the left wall!
2025-08-31 14:35:05,641 - INFO - Steering 165; Speed 200
2025-08-31 14:35:05,767 - INFO - [48.31, -4.38, -1.88, 48.31, -4.38, -1.88, 48.31, -4.38, -1.88, 2.0, 130.0, 93.0, 0.0, 0.0, -3910.0, 2.0, 3.0, 0.0, 0.0]
2025-08-31 14:35:05,767 - WARNING - Close to the left wall!
2025-08-31 14:35:05,787 - INFO - Steering 165; Speed 200
2025-08-31 14:35:05,915 - INFO - [48.25, -4.38, -1.94, 48.25, -4.38, -1.94, 48.25, -4.38, -1.94, 0.0, 133.0, 94.0, 0.0, 0.0, -3910.0, 2.0, 3.0, 0.0, 0.0]
2025-08-31 14:35:05,915 - WARNING - Close to the left wall!
2025-08-31 14:35:05,937 - INFO - Steering 165; Speed 200
2025-08-31 14:35:06,062 - INFO - [48.25, -4.38, -2.0, 48.25, -4.38, -2.0, 48.25, -4.38, -2.0, 13.0, 134.0, 94.0, 0.0, 0.0, -3910.0, 2.0, 3.0, 0.0, 0.0]
2025-08-31 14:35:06,062 - WARNING - Close to the left wall!
2025-08-31 14:35:06,084 - INFO - Steering 165; Speed 200
2025-08-31 14:35:06,209 - INFO - [48.25, -4.38, -2.06, 48.25, -4.38, -2.06, 48.25, -4.38, -2.06, 13.0, 131.0, 94.0, 0.0, 0.0, -3910.0, 2.0, 3.0, 0.0, 0.0]
2025-08-31 14:35:06,209 - WARNING - Close to the left wall!
2025-08-31 14:35:06,230 - INFO - Steering 165; Speed 200
2025-08-31 14:35:06,358 - INFO - [48.25, -4.31, -2.13, 48.25, -4.31, -2.13, 48.25, -4.31, -2.13, 0.0, 135.0, 94.0, 0.0, 0.0, -3910.0, 2.0, 3.0, 0.0, 0.0]
2025-08-31 14:35:06,358 - WARNING - Close to the left wall!
2025-08-31 14:35:06,384 - INFO - Steering 165; Speed 200
2025-08-31 14:35:06,506 - INFO - [48.25, -4.31, -2.19, 48.25, -4.31, -2.19, 48.25, -4.31, -2.19, 3.0, 133.0, 95.0, 0.0, 0.0, -3910.0, 2.0, 3.0, 0.0, 0.0]
2025-08-31 14:35:06,506 - WARNING - Close to the left wall!
2025-08-31 14:35:06,525 - INFO - Steering 165; Speed 200
2025-08-31 14:35:06,653 - INFO - [48.25, -4.31, -2.19, 48.25, -4.31, -2.19, 48.25, -4.31, -2.19, 3.0, 133.0, 94.0, 0.0, 0.0, -3910.0, 2.0, 3.0, 0.0, 0.0]
2025-08-31 14:35:06,654 - WARNING - Close to the left wall!
2025-08-31 14:35:06,676 - INFO - Steering 165; Speed 200
2025-08-31 14:35:06,801 - INFO - [48.25, -4.31, -2.19, 48.25, -4.31, -2.19, 48.25, -4.31, -2.19, 0.0, 134.0, 94.0, 0.0, 0.0, -3910.0, 2.0, 3.0, 0.0, 0.0]
2025-08-31 14:35:06,801 - WARNING - Close to the left wall!
2025-08-31 14:35:06,824 - INFO - Steering 165; Speed 200
2025-08-31 14:35:06,949 - INFO - [48.25, -4.31, -2.19, 48.25, -4.31, -2.19, 48.25, -4.31, -2.19, 1.0, 133.0, 73.0, 0.0, 0.0, -3910.0, 2.0, 3.0, 0.0, 0.0]
2025-08-31 14:35:06,949 - WARNING - Close to the left wall!
2025-08-31 14:35:06,967 - INFO - Steering 165; Speed 200
2025-08-31 14:35:07,096 - INFO - [48.25, -4.31, -2.19, 48.25, -4.31, -2.19, 48.25, -4.31, -2.19, 3.0, 133.0, 74.0, 0.0, 0.0, -3910.0, 2.0, 3.0, 0.0, 0.0]
2025-08-31 14:35:07,096 - WARNING - Close to the left wall!
2025-08-31 14:35:07,121 - INFO - Steering 165; Speed 200
2025-08-31 14:35:07,243 - INFO - [48.25, -4.31, -2.19, 48.25, -4.31, -2.19, 48.25, -4.31, -2.19, 2.0, 133.0, 70.0, 0.0, 0.0, -3910.0, 2.0, 3.0, 0.0, 0.0]
2025-08-31 14:35:07,243 - WARNING - Close to the left wall!
2025-08-31 14:35:07,269 - INFO - Steering 165; Speed 200
2025-08-31 14:35:07,392 - INFO - [48.25, -4.31, -2.19, 48.25, -4.31, -2.19, 48.25, -4.31, -2.19, 1.0, 133.0, 66.0, 0.0, 0.0, -3910.0, 2.0, 3.0, 0.0, 0.0]
2025-08-31 14:35:07,392 - WARNING - Close to the left wall!
2025-08-31 14:35:07,410 - INFO - Steering 165; Speed 200
2025-08-31 14:35:07,539 - INFO - [48.25, -4.31, -2.19, 48.25, -4.31, -2.19, 48.25, -4.31, -2.19, 0.0, 134.0, 65.0, 0.0, 0.0, -3910.0, 2.0, 3.0, 0.0, 0.0]
2025-08-31 14:35:07,539 - WARNING - Close to the left wall!
2025-08-31 14:35:07,558 - INFO - Steering 165; Speed 200
2025-08-31 14:35:07,686 - INFO - [48.25, -4.31, -2.19, 48.25, -4.31, -2.19, 48.25, -4.31, -2.19, 6.0, 132.0, 64.0, 0.0, 0.0, -3910.0, 2.0, 3.0, 0.0, 0.0]
2025-08-31 14:35:07,686 - WARNING - Close to the left wall!
2025-08-31 14:35:07,705 - INFO - Steering 165; Speed 200
2025-08-31 14:35:07,834 - INFO - [48.25, -4.31, -2.19, 48.25, -4.31, -2.19, 48.25, -4.31, -2.19, 0.0, 134.0, 63.0, 0.0, 0.0, -3910.0, 2.0, 3.0, 0.0, 0.0]
2025-08-31 14:35:07,834 - WARNING - Close to the left wall!
2025-08-31 14:35:07,854 - INFO - Steering 165; Speed 200
2025-08-31 14:35:07,982 - INFO - [49.88, -5.81, -2.19, 49.88, -5.81, -2.19, 49.88, -5.81, -2.19, 6.0, 125.0, 51.0, 0.0, 0.0, -3910.0, 2.0, 3.0, 0.0, 0.0]
2025-08-31 14:35:07,982 - WARNING - Close to the left wall!
2025-08-31 14:35:07,999 - INFO - Steering 165; Speed 200
2025-08-31 14:35:08,128 - INFO - [67.69, -5.5, -1.31, 67.69, -5.5, -1.31, 67.69, -5.5, -1.31, 20.0, 25.0, 74.0, 1.0, 0.0, -3921.0, 2.0, 3.0, 0.0, 0.0]
2025-08-31 14:35:08,128 - WARNING - Close to the left wall!
2025-08-31 14:35:08,154 - INFO - Steering 165; Speed 200
2025-08-31 14:35:08,277 - INFO - [69.06, -4.56, -1.56, 69.06, -4.56, -1.56, 69.06, -4.56, -1.56, 21.0, 24.0, 72.0, 4.0, 0.0, -3979.0, 2.0, 3.0, 0.0, 0.0]
2025-08-31 14:35:08,277 - WARNING - Close to the left wall!
2025-08-31 14:35:08,299 - INFO - Steering 165; Speed 200
2025-08-31 14:35:08,425 - INFO - [72.63, -4.56, -1.31, 72.63, -4.56, -1.31, 72.63, -4.56, -1.31, 24.0, 23.0, 39.0, 2.0, 0.0, -4063.0, 2.0, 3.0, 0.0, 0.0]
2025-08-31 14:35:08,425 - WARNING - Close to the left wall!
2025-08-31 14:35:08,448 - INFO - Steering 165; Speed 200
2025-08-31 14:35:08,572 - INFO - [75.75, -4.56, -1.19, 75.75, -4.56, -1.19, 75.75, -4.56, -1.19, 28.0, 22.0, 38.0, 6.0, 0.0, -4140.0, 2.0, 3.0, 0.0, 0.0]
2025-08-31 14:35:08,572 - WARNING - Close to the left wall!
2025-08-31 14:35:08,596 - INFO - Steering 165; Speed 200
2025-08-31 14:35:08,720 - INFO - [77.69, -4.56, -1.06, 77.69, -4.56, -1.06, 77.69, -4.56, -1.06, 33.0, 22.0, 38.0, 3.0, 0.0, -4198.0, 2.0, 3.0, 0.0, 0.0]
2025-08-31 14:35:08,720 - WARNING - Close to the left wall!
2025-08-31 14:35:08,742 - INFO - Steering 165; Speed 200
2025-08-31 14:35:08,868 - INFO - [79.25, -4.63, -1.06, 79.25, -4.63, -1.06, 79.25, -4.63, -1.06, 38.0, 21.0, 38.0, 2.0, 0.0, -4250.0, 3.0, 3.0, 0.0, 0.0]
2025-08-31 14:35:08,868 - WARNING - Close to the left wall!
2025-08-31 14:35:08,888 - INFO - Steering 165; Speed 200
2025-08-31 14:35:09,015 - INFO - [80.88, -4.5, -1.0, 80.88, -4.5, -1.0, 80.88, -4.5, -1.0, 44.0, 21.0, 39.0, 0.0, 0.0, -4292.0, 3.0, 3.0, 0.0, 0.0]
2025-08-31 14:35:09,015 - WARNING - Close to the left wall!
2025-08-31 14:35:09,041 - INFO - Turn completed
2025-08-31 14:35:09,042 - INFO - Not going back
2025-08-31 14:35:09,042 - INFO - Steering 165; Speed 200
2025-08-31 14:35:09,161 - INFO - [81.69, -4.31, -1.06, 81.69, -4.31, -1.06, 81.69, -4.31, -1.06, 46.0, 21.0, 39.0, 8.0, 0.0, -4323.0, 3.0, 3.0, 0.0, 0.0]
2025-08-31 14:35:09,161 - WARNING - Close to the left wall!
2025-08-31 14:35:09,195 - INFO - Camera stopped
2025-08-31 14:35:11,007 - INFO - Camera closed successfully.
