2025-08-29 14:18:20,549 - INFO - Camera configuration has been adjusted!
2025-08-29 14:18:20,550 - INFO - Configuration successful!
2025-08-29 14:18:22,073 - INFO - Camera started
2025-08-29 14:18:22,106 - INFO - [103.81, -4.38, -3.5, 103.81, -4.38, -3.5, 103.81, -4.38, -3.5, 107.0, 11.0, 48228.0, 76.0, 6412.0, -4301.0, 0.0, 3.0, 0.0, 0.0]
2025-08-29 14:18:22,640 - INFO - [103.81, -4.38, -3.5, 103.81, -4.38, -3.5, 103.81, -4.38, -3.5, 107.0, 11.0, 48228.0, 77.0, 6412.0, -4301.0, 0.0, 3.0, 0.0, 0.0]
2025-08-29 14:18:22,793 - INFO - [103.81, -4.44, -3.5, 103.81, -4.44, -3.5, 103.81, -4.44, -3.5, 107.0, 11.0, 48228.0, 76.0, 6412.0, -4325.0, 0.0, 3.0, 0.0, 0.0]
2025-08-29 14:18:22,995 - INFO - [105.63, -4.69, -3.5, 105.63, -4.69, -3.5, 105.63, -4.69, -3.5, 104.0, 10.0, 48228.0, 76.0, 6412.0, -4429.0, 0.0, 3.0, 0.0, 0.0]
2025-08-29 14:18:23,105 - INFO - [107.88, -4.69, -3.5, 107.88, -4.69, -3.5, 107.88, -4.69, -3.5, 101.0, 10.0, 48228.0, 14.0, 6412.0, -4500.0, 0.0, 3.0, 0.0, 0.0]
2025-08-29 14:18:23,207 - INFO - [110.69, -4.75, -3.44, 110.69, -4.75, -3.44, 110.69, -4.75, -3.44, 99.0, 9.0, 48228.0, 16.0, 6412.0, -4579.0, 0.0, 3.0, 0.0, 0.0]
2025-08-29 14:18:23,207 - WARNING - Close to the right wall!
2025-08-29 14:18:23,313 - INFO - [113.44, -4.88, -3.31, 113.44, -4.88, -3.31, 113.44, -4.88, -3.31, 55.0, 8.0, 48228.0, 81.0, 6412.0, -4660.0, 0.0, 3.0, 0.0, 0.0]
2025-08-29 14:18:23,314 - WARNING - Close to the right wall!
2025-08-29 14:18:23,418 - INFO - [116.13, -5.06, -3.13, 116.13, -5.06, -3.13, 116.13, -5.06, -3.13, 53.0, 7.0, 48228.0, 83.0, 6412.0, -4741.0, 0.0, 3.0, 0.0, 0.0]
2025-08-29 14:18:23,418 - WARNING - Close to the right wall!
2025-08-29 14:18:23,524 - INFO - [118.44, -5.19, -3.13, 118.44, -5.19, -3.13, 118.44, -5.19, -3.13, 97.0, 9.0, 48228.0, 84.0, 6412.0, -4812.0, 1.0, 3.0, 0.0, 0.0]
2025-08-29 14:18:23,524 - WARNING - Close to the right wall!
2025-08-29 14:18:23,581 - INFO - [119.75, -5.25, -3.0, 119.75, -5.25, -3.0, 119.75, -5.25, -3.0, 97.0, 13.0, 48228.0, 85.0, 6412.0, -4849.0, 1.0, 3.0, 0.0, 0.0]
2025-08-29 14:18:23,639 - INFO - [121.0, -5.38, -2.88, 121.0, -5.38, -2.88, 121.0, -5.38, -2.88, 93.0, 13.0, 48228.0, 87.0, 6412.0, -4883.0, 1.0, 3.0, 0.0, 0.0]
2025-08-29 14:18:23,696 - INFO - [122.06, -5.38, -2.81, 122.06, -5.38, -2.81, 122.06, -5.38, -2.81, 92.0, 12.0, 48228.0, 88.0, 6412.0, -4913.0, 1.0, 3.0, 0.0, 0.0]
2025-08-29 14:18:23,754 - INFO - [122.94, -5.38, -2.75, 122.94, -5.38, -2.75, 122.94, -5.38, -2.75, 97.0, 13.0, 48228.0, 87.0, 6412.0, -4938.0, 1.0, 3.0, 0.0, 0.0]
2025-08-29 14:18:23,811 - INFO - [123.94, -5.38, -2.56, 123.94, -5.38, -2.56, 123.94, -5.38, -2.56, 99.0, 15.0, 48228.0, 86.0, 6412.0, -4963.0, 1.0, 3.0, 0.0, 0.0]
2025-08-29 14:18:23,917 - INFO - [125.75, -5.44, -2.5, 125.75, -5.44, -2.5, 125.75, -5.44, -2.5, 100.0, 16.0, 48228.0, 90.0, 6412.0, -5019.0, 1.0, 3.0, 0.0, 0.0]
2025-08-29 14:18:23,977 - INFO - [127.13, -5.56, -2.44, 127.13, -5.56, -2.44, 127.13, -5.56, -2.44, 98.0, 17.0, 48228.0, 87.0, 6412.0, -5055.0, 1.0, 3.0, 0.0, 0.0]
2025-08-29 14:18:24,080 - INFO - [129.69, -5.56, -2.31, 129.69, -5.56, -2.31, 129.69, -5.56, -2.31, 94.0, 19.0, 48228.0, 91.0, 6412.0, -5120.0, 1.0, 3.0, 0.0, 0.0]
2025-08-29 14:18:24,137 - INFO - [131.0, -5.63, -2.25, 131.0, -5.63, -2.25, 131.0, -5.63, -2.25, 93.0, 19.0, 48228.0, 98.0, 6412.0, -5159.0, 1.0, 3.0, 0.0, 0.0]
2025-08-29 14:18:24,195 - INFO - [132.56, -5.63, -2.13, 132.56, -5.63, -2.13, 132.56, -5.63, -2.13, 99.0, 20.0, 48228.0, 92.0, 6412.0, -5200.0, 1.0, 3.0, 0.0, 0.0]
2025-08-29 14:18:24,299 - INFO - [135.25, -5.69, -1.88, 135.25, -5.69, -1.88, 135.25, -5.69, -1.88, 100.0, 18.0, 48228.0, 105.0, 6412.0, -5277.0, 1.0, 3.0, 0.0, 0.0]
2025-08-29 14:18:24,406 - INFO - [137.63, -5.81, -1.75, 137.63, -5.81, -1.75, 137.63, -5.81, -1.75, 98.0, 20.0, 48228.0, 89.0, 6412.0, -5356.0, 1.0, 3.0, 0.0, 0.0]
2025-08-29 14:18:24,511 - INFO - [142.13, -5.81, -1.81, 142.13, -5.81, -1.81, 142.13, -5.81, -1.81, 106.0, 15.0, 48228.0, 124.0, 6412.0, -5400.0, 1.0, 3.0, 0.0, 0.0]
2025-08-29 14:18:24,618 - INFO - [143.38, -5.81, -1.56, 143.38, -5.81, -1.56, 143.38, -5.81, -1.56, 110.0, 17.0, 48228.0, 109.0, 6412.0, -5404.0, 1.0, 3.0, 0.0, 0.0]
2025-08-29 14:18:24,721 - INFO - [143.44, -5.88, -1.56, 143.44, -5.88, -1.56, 143.44, -5.88, -1.56, 111.0, 20.0, 48228.0, 102.0, 6412.0, -5405.0, 1.0, 3.0, 0.0, 0.0]
2025-08-29 14:18:24,827 - INFO - [143.44, -5.75, -1.75, 143.44, -5.75, -1.75, 143.44, -5.75, -1.75, 108.0, 18.0, 48228.0, 100.0, 6412.0, -5405.0, 1.0, 3.0, 0.0, 0.0]
2025-08-29 14:18:24,885 - INFO - [143.44, -5.69, -1.88, 143.44, -5.69, -1.88, 143.44, -5.69, -1.88, 112.0, 14.0, 48228.0, 107.0, 6412.0, -5405.0, 1.0, 3.0, 0.0, 0.0]
2025-08-29 14:18:24,943 - INFO - [143.44, -5.56, -2.06, 143.44, -5.56, -2.06, 143.44, -5.56, -2.06, 112.0, 19.0, 48228.0, 119.0, 6412.0, -5405.0, 1.0, 3.0, 0.0, 0.0]
2025-08-29 14:18:25,048 - INFO - [143.38, -5.38, -2.25, 143.38, -5.38, -2.25, 143.38, -5.38, -2.25, 112.0, 19.0, 48228.0, 115.0, 6412.0, -5405.0, 1.0, 3.0, 0.0, 0.0]
2025-08-29 14:18:25,105 - INFO - [143.38, -5.31, -2.31, 143.38, -5.31, -2.31, 143.38, -5.31, -2.31, 108.0, 16.0, 48228.0, 96.0, 6412.0, -5405.0, 1.0, 3.0, 0.0, 0.0]
2025-08-29 14:18:25,212 - INFO - [143.38, -5.19, -2.44, 143.38, -5.19, -2.44, 143.38, -5.19, -2.44, 116.0, 18.0, 48228.0, 98.0, 6412.0, -5405.0, 1.0, 3.0, 0.0, 0.0]
2025-08-29 14:18:25,316 - INFO - [143.38, -5.13, -2.56, 143.38, -5.13, -2.56, 143.38, -5.13, -2.56, 110.0, 18.0, 48228.0, 105.0, 6412.0, -5405.0, 1.0, 3.0, 0.0, 0.0]
2025-08-29 14:18:25,374 - INFO - [143.38, -5.06, -2.63, 143.38, -5.06, -2.63, 143.38, -5.06, -2.63, 111.0, 16.0, 48228.0, 92.0, 6412.0, -5405.0, 1.0, 3.0, 0.0, 0.0]
2025-08-29 14:18:25,432 - INFO - [143.38, -5.06, -2.69, 143.38, -5.06, -2.69, 143.38, -5.06, -2.69, 109.0, 16.0, 48228.0, 114.0, 6412.0, -5405.0, 1.0, 3.0, 0.0, 0.0]
2025-08-29 14:18:25,490 - INFO - [143.38, -5.0, -2.75, 143.38, -5.0, -2.75, 143.38, -5.0, -2.75, 106.0, 20.0, 48228.0, 102.0, 6412.0, -5405.0, 1.0, 3.0, 0.0, 0.0]
2025-08-29 14:18:25,547 - INFO - [143.38, -4.94, -2.75, 143.38, -4.94, -2.75, 143.38, -4.94, -2.75, 110.0, 17.0, 48228.0, 125.0, 6412.0, -5405.0, 1.0, 3.0, 0.0, 0.0]
2025-08-29 14:18:25,606 - INFO - [143.38, -4.94, -2.81, 143.38, -4.94, -2.81, 143.38, -4.94, -2.81, 115.0, 18.0, 48228.0, 106.0, 6412.0, -5405.0, 1.0, 3.0, 0.0, 0.0]
2025-08-29 14:18:25,662 - INFO - [143.38, -4.88, -2.88, 143.38, -4.88, -2.88, 143.38, -4.88, -2.88, 109.0, 17.0, 48228.0, 115.0, 6412.0, -5405.0, 1.0, 3.0, 0.0, 0.0]
2025-08-29 14:18:25,719 - INFO - [143.38, -4.88, -2.88, 143.38, -4.88, -2.88, 143.38, -4.88, -2.88, 109.0, 16.0, 48228.0, 111.0, 6412.0, -5405.0, 1.0, 3.0, 0.0, 0.0]
2025-08-29 14:18:25,825 - INFO - [143.38, -4.81, -2.94, 143.38, -4.81, -2.94, 143.38, -4.81, -2.94, 114.0, 19.0, 48228.0, 120.0, 6412.0, -5405.0, 1.0, 3.0, 0.0, 0.0]
2025-08-29 14:18:25,883 - INFO - [143.38, -4.81, -3.0, 143.38, -4.81, -3.0, 143.38, -4.81, -3.0, 111.0, 21.0, 48228.0, 111.0, 6412.0, -5405.0, 1.0, 3.0, 0.0, 0.0]
2025-08-29 14:18:25,940 - INFO - [143.38, -4.75, -3.0, 143.38, -4.75, -3.0, 143.38, -4.75, -3.0, 120.0, 19.0, 48228.0, 133.0, 6412.0, -5405.0, 1.0, 3.0, 0.0, 0.0]
2025-08-29 14:18:25,954 - INFO - Camera stopped
2025-08-29 14:18:27,766 - INFO - Camera closed successfully.
