2025-08-30 17:18:58,442 - INFO - Camera configuration has been adjusted!
2025-08-30 17:18:58,442 - INFO - Configuration successful!
2025-08-30 17:18:59,966 - INFO - Camera started
2025-08-30 17:18:59,994 - INFO - [358.5, -3.38, -2.56, 358.5, -3.38, -2.56, 358.5, -3.38, -2.56, 103.0, 70.0, 77.0, 16.0, 6448.0, -5746.0, 0.0, 3.0, 0.0, 1.0]
2025-08-30 17:19:00,320 - INFO - Steering 165; Speed 205
2025-08-30 17:19:00,552 - INFO - [358.5, -3.38, -2.56, 358.5, -3.38, -2.56, 358.5, -3.38, -2.56, 103.0, 70.0, 76.0, 16.0, 6448.0, -5746.0, 0.0, 3.0, 0.0, 1.0]
2025-08-30 17:19:00,568 - INFO - Steering 165; Speed 205
2025-08-30 17:19:00,700 - INFO - [358.5, -3.38, -2.56, 358.5, -3.38, -2.56, 358.5, -3.38, -2.56, 104.0, 70.0, 77.0, 16.0, 6448.0, -5762.0, 0.0, 3.0, 0.0, 1.0]
2025-08-30 17:19:00,852 - INFO - Steering 165; Speed 205
2025-08-30 17:19:00,985 - INFO - [0.44, -4.56, -2.56, 0.44, -4.56, -2.56, 0.44, -4.56, -2.56, 102.0, 10.0, 37.0, 17.0, 6448.0, -5906.0, 0.0, 3.0, 0.0, 1.0]
2025-08-30 17:19:01,025 - INFO - Steering 165; Speed 205
2025-08-30 17:19:01,133 - INFO - [4.25, -4.69, -2.69, 4.25, -4.69, -2.69, 4.25, -4.69, -2.69, 95.0, 8.0, 40.0, 18.0, 6448.0, -6013.0, 0.0, 3.0, 0.0, 1.0]
2025-08-30 17:19:01,133 - WARNING - Close to the right wall!
2025-08-30 17:19:01,147 - INFO - Steering 165; Speed 205
2025-08-30 17:19:01,280 - INFO - [8.5, -4.69, -2.44, 8.5, -4.69, -2.44, 8.5, -4.69, -2.44, 94.0, 10.0, 44.0, 19.0, 6448.0, -6121.0, 0.0, 3.0, 0.0, 1.0]
2025-08-30 17:19:01,299 - INFO - Steering 165; Speed 205
2025-08-30 17:19:01,428 - INFO - [12.38, -4.94, -2.25, 12.38, -4.94, -2.25, 12.38, -4.94, -2.25, 96.0, 72.0, 47.0, 19.0, 6448.0, -6226.0, 0.0, 3.0, 0.0, 1.0]
2025-08-30 17:19:01,446 - INFO - Steering 158; Speed 205
2025-08-30 17:19:01,577 - INFO - [15.38, -5.0, -2.25, 15.38, -5.0, -2.25, 15.38, -5.0, -2.25, 88.0, 70.0, 51.0, 25.0, 6448.0, -6314.0, 0.0, 3.0, 0.0, 1.0]
2025-08-30 17:19:01,591 - INFO - Steering 158; Speed 205
2025-08-30 17:19:01,725 - INFO - [17.63, -5.19, -2.06, 17.63, -5.19, -2.06, 17.63, -5.19, -2.06, 91.0, 73.0, 54.0, 24.0, 6448.0, -6397.0, 0.0, 3.0, 0.0, 1.0]
2025-08-30 17:19:01,738 - INFO - Steering 158; Speed 205
2025-08-30 17:19:01,873 - INFO - [19.75, -5.19, -1.81, 19.75, -5.19, -1.81, 19.75, -5.19, -1.81, 92.0, 75.0, 57.0, 25.0, 6448.0, -6468.0, 0.0, 3.0, 0.0, 1.0]
2025-08-30 17:19:01,888 - INFO - Steering 158; Speed 205
2025-08-30 17:19:02,020 - INFO - [22.44, -5.25, -1.69, 22.44, -5.25, -1.69, 22.44, -5.25, -1.69, 92.0, 73.0, 62.0, 29.0, 6448.0, -6561.0, 0.0, 3.0, 0.0, 1.0]
2025-08-30 17:19:02,032 - INFO - Steering 158; Speed 205
2025-08-30 17:19:02,169 - INFO - [25.88, -5.25, -1.63, 25.88, -5.25, -1.63, 25.88, -5.25, -1.63, 93.0, 69.0, 58.0, 33.0, 6448.0, -6662.0, 0.0, 3.0, 0.0, 1.0]
2025-08-30 17:19:02,185 - INFO - Steering 94.18; Speed 200
2025-08-30 17:19:02,316 - INFO - [29.75, -5.25, -1.31, 29.75, -5.25, -1.31, 29.75, -5.25, -1.31, 99.0, 69.0, 50.0, 37.0, 6448.0, -6765.0, 0.0, 3.0, 0.0, 1.0]
2025-08-30 17:19:02,335 - INFO - Steering 81.64; Speed 200
2025-08-30 17:19:02,464 - INFO - [33.06, -5.31, -1.06, 33.06, -5.31, -1.06, 33.06, -5.31, -1.06, 91.0, 76.0, 47.0, 38.0, 6448.0, -6866.0, 0.0, 3.0, 0.0, 1.0]
2025-08-30 17:19:02,476 - INFO - Steering 71.96000000000001; Speed 200
2025-08-30 17:19:02,614 - INFO - [35.69, -5.38, -0.94, 35.69, -5.38, -0.94, 35.69, -5.38, -0.94, 94.0, 63.0, 45.0, 45.0, 6448.0, -6950.0, 0.0, 3.0, 0.0, 1.0]
2025-08-30 17:19:02,643 - INFO - Steering 71.3; Speed 200
2025-08-30 17:19:02,761 - INFO - [36.75, -5.44, -0.75, 36.75, -5.44, -0.75, 36.75, -5.44, -0.75, 92.0, 73.0, 51.0, 49.0, 6448.0, -7051.0, 0.0, 3.0, 0.0, 1.0]
2025-08-30 17:19:02,776 - INFO - Steering 77.68; Speed 200
2025-08-30 17:19:02,907 - INFO - [36.69, -5.38, -0.75, 36.69, -5.38, -0.75, 36.69, -5.38, -0.75, 91.0, 64.0, 53.0, 47.0, 6448.0, -7174.0, 0.0, 3.0, 0.0, 1.0]
2025-08-30 17:19:02,924 - INFO - Steering 93.3; Speed 200
2025-08-30 17:19:03,056 - INFO - [36.19, -5.44, -0.81, 36.19, -5.44, -0.81, 36.19, -5.44, -0.81, 80.0, 60.0, 54.0, 52.0, 6448.0, -7320.0, 0.0, 3.0, 0.0, 1.0]
2025-08-30 17:19:03,070 - INFO - Steering 158; Speed 205
2025-08-30 17:19:03,206 - INFO - [35.5, -5.19, -1.0, 35.5, -5.19, -1.0, 35.5, -5.19, -1.0, 82.0, 56.0, 64.0, 54.0, 6448.0, -7463.0, 0.0, 3.0, 0.0, 1.0]
2025-08-30 17:19:03,221 - INFO - Steering 158; Speed 205
2025-08-30 17:19:03,354 - INFO - [35.0, -5.19, -1.06, 35.0, -5.19, -1.06, 35.0, -5.19, -1.06, 72.0, 58.0, 66.0, 61.0, 6448.0, -7602.0, 0.0, 3.0, 0.0, 1.0]
2025-08-30 17:19:03,366 - INFO - Steering 158; Speed 205
2025-08-30 17:19:03,502 - INFO - [35.56, -5.19, -0.94, 35.56, -5.19, -0.94, 35.56, -5.19, -0.94, 62.0, 63.0, 66.0, 60.0, 6448.0, -7738.0, 0.0, 3.0, 0.0, 1.0]
2025-08-30 17:19:03,520 - INFO - Steering 158; Speed 205
2025-08-30 17:19:03,650 - INFO - [38.06, -5.06, -1.19, 38.06, -5.06, -1.19, 38.06, -5.06, -1.19, 66.0, 62.0, 74.0, 76.0, 6448.0, -7883.0, 0.0, 3.0, 0.0, 1.0]
2025-08-30 17:19:03,668 - INFO - Steering 158; Speed 205
2025-08-30 17:19:03,798 - INFO - [42.31, -5.0, -0.88, 42.31, -5.0, -0.88, 42.31, -5.0, -0.88, 75.0, 60.0, 61.0, 64.0, 6448.0, -8009.0, 0.0, 3.0, 0.0, 1.0]
2025-08-30 17:19:03,809 - INFO - Steering 91.98; Speed 200
2025-08-30 17:19:03,945 - INFO - [46.13, -5.13, -0.69, 46.13, -5.13, -0.69, 46.13, -5.13, -0.69, 65.0, 56.0, 61.0, 52.0, 6448.0, -8118.0, 0.0, 3.0, 0.0, 1.0]
2025-08-30 17:19:03,959 - INFO - Steering 145; Speed 200
2025-08-30 17:19:04,094 - INFO - [48.88, -5.13, -0.63, 48.88, -5.13, -0.63, 48.88, -5.13, -0.63, 78.0, 55.0, 66.0, 49.0, 6448.0, -8210.0, 0.0, 3.0, 0.0, 1.0]
2025-08-30 17:19:04,107 - INFO - Steering 145; Speed 200
2025-08-30 17:19:04,242 - INFO - [51.0, -5.13, -0.5, 51.0, -5.13, -0.5, 51.0, -5.13, -0.5, 88.0, 56.0, 65.0, 47.0, 6448.0, -8296.0, 0.0, 3.0, 0.0, 1.0]
2025-08-30 17:19:04,254 - INFO - Steering 145; Speed 200
2025-08-30 17:19:04,391 - INFO - [52.31, -5.06, -0.38, 52.31, -5.06, -0.38, 52.31, -5.06, -0.38, 84.0, 57.0, 70.0, 48.0, 6448.0, -8398.0, 0.0, 3.0, 0.0, 1.0]
2025-08-30 17:19:04,407 - INFO - Steering 64.7; Speed 200
2025-08-30 17:19:04,539 - INFO - [54.56, -5.06, -0.38, 54.56, -5.06, -0.38, 54.56, -5.06, -0.38, 82.0, 55.0, 69.0, 41.0, 6448.0, -8517.0, 0.0, 3.0, 0.0, 1.0]
2025-08-30 17:19:04,553 - INFO - Steering 54.14; Speed 200
2025-08-30 17:19:04,686 - INFO - [57.19, -4.88, -0.44, 57.19, -4.88, -0.44, 57.19, -4.88, -0.44, 80.0, 55.0, 72.0, 40.0, 6448.0, -8627.0, 0.0, 3.0, 0.0, 1.0]
2025-08-30 17:19:04,698 - INFO - Steering 47.54; Speed 200
2025-08-30 17:19:04,835 - INFO - [59.25, -4.88, -0.31, 59.25, -4.88, -0.31, 59.25, -4.88, -0.31, 88.0, 13.0, 76.0, 38.0, 6448.0, -8733.0, 0.0, 3.0, 0.0, 1.0]
2025-08-30 17:19:04,849 - INFO - Steering 49.08; Speed 200
2025-08-30 17:19:04,981 - INFO - [59.0, -5.0, -0.25, 59.0, -5.0, -0.25, 59.0, -5.0, -0.25, 86.0, 12.0, 79.0, 35.0, 6448.0, -8854.0, 0.0, 3.0, 0.0, 1.0]
2025-08-30 17:19:04,995 - INFO - Steering 57.0; Speed 200
2025-08-30 17:19:05,131 - INFO - [57.81, -4.69, -0.31, 57.81, -4.69, -0.31, 57.81, -4.69, -0.31, 83.0, 63.0, 83.0, 33.0, 6448.0, -8980.0, 0.0, 3.0, 0.0, 1.0]
2025-08-30 17:19:05,147 - INFO - Steering 69.76; Speed 200
2025-08-30 17:19:05,278 - INFO - [56.19, -4.81, -0.63, 56.19, -4.81, -0.63, 56.19, -4.81, -0.63, 67.0, 66.0, 83.0, 34.0, 6448.0, -9116.0, 0.0, 3.0, 0.0, 1.0]
2025-08-30 17:19:05,291 - INFO - Steering 82.74; Speed 200
2025-08-30 17:19:05,427 - INFO - [54.38, -4.75, -0.69, 54.38, -4.75, -0.69, 54.38, -4.75, -0.69, 59.0, 73.0, 97.0, 28.0, 6448.0, -9243.0, 0.0, 3.0, 0.0, 1.0]
2025-08-30 17:19:05,443 - INFO - Steering 145; Speed 200
2025-08-30 17:19:05,573 - INFO - [53.06, -4.75, -0.88, 53.06, -4.75, -0.88, 53.06, -4.75, -0.88, 49.0, 75.0, 100.0, 27.0, 6448.0, -9364.0, 0.0, 3.0, 0.0, 1.0]
2025-08-30 17:19:05,584 - INFO - Steering 145; Speed 200
2025-08-30 17:19:05,721 - INFO - [52.06, -4.69, -0.88, 52.06, -4.69, -0.88, 52.06, -4.69, -0.88, 44.0, 79.0, 101.0, 25.0, 6448.0, -9491.0, 0.0, 3.0, 0.0, 1.0]
2025-08-30 17:19:05,738 - INFO - Steering 145; Speed 200
2025-08-30 17:19:05,870 - INFO - [51.94, -4.63, -0.88, 51.94, -4.63, -0.88, 51.94, -4.63, -0.88, 42.0, 83.0, 108.0, 20.0, 6448.0, -9624.0, 0.0, 3.0, 0.0, 1.0]
2025-08-30 17:19:05,883 - INFO - Steering 145; Speed 200
2025-08-30 17:19:06,018 - INFO - [54.0, -4.75, -0.94, 54.0, -4.75, -0.94, 54.0, -4.75, -0.94, 40.0, 83.0, 105.0, 18.0, 6448.0, -9770.0, 0.0, 3.0, 0.0, 1.0]
2025-08-30 17:19:06,031 - INFO - Steering 145; Speed 200
2025-08-30 17:19:06,169 - INFO - [57.25, -4.88, -0.63, 57.25, -4.88, -0.63, 57.25, -4.88, -0.63, 43.0, 82.0, 102.0, 12.0, 6448.0, -9894.0, 0.0, 3.0, 0.0, 1.0]
2025-08-30 17:19:06,184 - INFO - Steering 101.44; Speed 200
2025-08-30 17:19:06,317 - INFO - [59.56, -4.81, -0.75, 59.56, -4.81, -0.75, 59.56, -4.81, -0.75, 46.0, 82.0, 105.0, 11.0, 6448.0, -10001.0, 0.0, 3.0, 0.0, 1.0]
2025-08-30 17:19:06,330 - INFO - Steering 97.48; Speed 200
2025-08-30 17:19:06,465 - INFO - [61.63, -4.94, -0.5, 61.63, -4.94, -0.5, 61.63, -4.94, -0.5, 46.0, 80.0, 109.0, 4.0, 6448.0, -10104.0, 0.0, 3.0, 0.0, 1.0]
2025-08-30 17:19:06,465 - WARNING - Close to the left wall!
2025-08-30 17:19:06,483 - INFO - Steering 88.9; Speed 200
2025-08-30 17:19:06,613 - INFO - [63.69, -4.75, -0.31, 63.69, -4.75, -0.31, 63.69, -4.75, -0.31, 49.0, 78.0, 109.0, 0.0, 6448.0, -10199.0, 0.0, 3.0, 0.0, 1.0]
2025-08-30 17:19:06,614 - WARNING - Close to the left wall!
2025-08-30 17:19:06,627 - INFO - Steering 87.8; Speed 200
2025-08-30 17:19:06,763 - INFO - [64.75, -4.63, -0.38, 64.75, -4.63, -0.38, 64.75, -4.63, -0.38, 49.0, 80.0, 109.0, 8.0, 6448.0, -10318.0, 0.0, 3.0, 0.0, 1.0]
2025-08-30 17:19:06,764 - WARNING - Close to the left wall!
2025-08-30 17:19:06,780 - INFO - Steering 92.64; Speed 200
2025-08-30 17:19:06,911 - INFO - [65.44, -4.69, -0.31, 65.44, -4.69, -0.31, 65.44, -4.69, -0.31, 46.0, 81.0, 112.0, 8.0, 6448.0, -10450.0, 0.0, 3.0, 0.0, 1.0]
2025-08-30 17:19:06,911 - WARNING - Close to the left wall!
2025-08-30 17:19:06,924 - INFO - Steering 99.02; Speed 200
2025-08-30 17:19:07,058 - INFO - [65.75, -4.81, -0.31, 65.75, -4.81, -0.31, 65.75, -4.81, -0.31, 43.0, 83.0, 110.0, 8.0, 6448.0, -10584.0, 0.0, 3.0, 0.0, 1.0]
2025-08-30 17:19:07,058 - WARNING - Close to the left wall!
2025-08-30 17:19:07,078 - INFO - Steering 145; Speed 200
2025-08-30 17:19:07,206 - INFO - [65.88, -4.75, -0.38, 65.88, -4.75, -0.38, 65.88, -4.75, -0.38, 37.0, 84.0, 112.0, 8.0, 6448.0, -10725.0, 0.0, 3.0, 0.0, 1.0]
2025-08-30 17:19:07,206 - WARNING - Close to the left wall!
2025-08-30 17:19:07,219 - INFO - Steering 145; Speed 200
2025-08-30 17:19:07,356 - INFO - [66.19, -4.69, -0.38, 66.19, -4.69, -0.38, 66.19, -4.69, -0.38, 35.0, 85.0, 115.0, 0.0, 6448.0, -10869.0, 0.0, 3.0, 0.0, 1.0]
2025-08-30 17:19:07,356 - WARNING - Close to the left wall!
2025-08-30 17:19:07,374 - INFO - Steering 145; Speed 200
2025-08-30 17:19:07,503 - INFO - [67.19, -4.63, -0.44, 67.19, -4.63, -0.44, 67.19, -4.63, -0.44, 33.0, 86.0, 124.0, 4.0, 6448.0, -11020.0, 0.0, 3.0, 0.0, 1.0]
2025-08-30 17:19:07,506 - WARNING - Close to the left wall!
2025-08-30 17:19:07,520 - INFO - Steering 145; Speed 200
2025-08-30 17:19:07,651 - INFO - [70.31, -4.75, -0.25, 70.31, -4.75, -0.25, 70.31, -4.75, -0.25, 40.0, 85.0, 117.0, 5.0, 6448.0, -11150.0, 0.0, 3.0, 0.0, 1.0]
2025-08-30 17:19:07,652 - WARNING - Close to the left wall!
2025-08-30 17:19:07,667 - INFO - Steering 138.80177; Speed 200
2025-08-30 17:19:07,799 - INFO - [72.69, -4.75, -0.31, 72.69, -4.75, -0.31, 72.69, -4.75, -0.31, 46.0, 85.0, 121.0, 0.0, 6448.0, -11258.0, 0.0, 3.0, 0.0, 1.0]
2025-08-30 17:19:07,800 - WARNING - Close to the left wall!
2025-08-30 17:19:07,815 - INFO - Steering 132.83446; Speed 200
2025-08-30 17:19:07,947 - INFO - [74.63, -4.75, -0.13, 74.63, -4.75, -0.13, 74.63, -4.75, -0.13, 55.0, 82.0, 122.0, 1.0, 6448.0, -11357.0, 0.0, 3.0, 0.0, 1.0]
2025-08-30 17:19:07,948 - WARNING - Close to the left wall!
2025-08-30 17:19:07,962 - INFO - Steering 127.96909000000001; Speed 200
2025-08-30 17:19:08,097 - INFO - [76.81, -4.63, 0.0, 76.81, -4.63, 0.0, 76.81, -4.63, 0.0, 72.0, 82.0, 132.0, 7.0, 6448.0, -11458.0, 0.0, 3.0, 0.0, 1.0]
2025-08-30 17:19:08,099 - WARNING - Close to the left wall!
2025-08-30 17:19:08,117 - INFO - Turn completed
2025-08-30 17:19:08,117 - INFO - Not going back
2025-08-30 17:19:08,117 - INFO - Steering 122.5059; Speed 200
2025-08-30 17:19:08,247 - INFO - [79.63, -4.63, -0.13, 79.63, -4.63, -0.13, 79.63, -4.63, -0.13, 127.0, 81.0, 126.0, 9.0, 6448.0, -11572.0, 0.0, 3.0, 0.0, 1.0]
2025-08-30 17:19:08,247 - WARNING - Close to the left wall!
2025-08-30 17:19:08,298 - INFO - Camera stopped
2025-08-30 17:19:10,112 - INFO - Camera closed successfully.
