2025-08-29 11:31:50,648 - INFO - Camera configuration has been adjusted!
2025-08-29 11:31:50,649 - INFO - Configuration successful!
2025-08-29 11:31:52,172 - INFO - Camera started
2025-08-29 11:31:52,201 - INFO - [359.94, -3.44, -3.31, 359.94, -3.44, -3.31, 359.94, -3.44, -3.31, 105.0, 14.0, 48228.0, 74.0, 0.0, 0.0, 0.0, 3.0, 0.0, 0.0]
2025-08-29 11:31:52,736 - INFO - [359.94, -3.44, -3.38, 359.94, -3.44, -3.38, 359.94, -3.44, -3.38, 104.0, 14.0, 48228.0, 73.0, 0.0, 0.0, 0.0, 3.0, 0.0, 0.0]
2025-08-29 11:31:52,891 - INFO - [359.88, -3.56, -3.31, 359.88, -3.56, -3.31, 359.88, -3.56, -3.31, 104.0, 14.0, 48228.0, 73.0, 0.0, -38.0, 0.0, 3.0, 0.0, 0.0]
2025-08-29 11:31:52,995 - INFO - [0.31, -3.63, -3.25, 0.31, -3.63, -3.25, 0.31, -3.63, -3.25, 102.0, 13.0, 48228.0, 73.0, 0.0, -97.0, 0.0, 3.0, 0.0, 0.0]
2025-08-29 11:31:53,099 - INFO - [2.25, -3.81, -3.13, 2.25, -3.81, -3.13, 2.25, -3.81, -3.13, 99.0, 13.0, 48228.0, 12.0, 0.0, -173.0, 0.0, 3.0, 0.0, 0.0]
2025-08-29 11:31:53,203 - INFO - [4.69, -3.94, -3.0, 4.69, -3.94, -3.0, 4.69, -3.94, -3.0, 97.0, 11.0, 48228.0, 13.0, 0.0, -251.0, 0.0, 3.0, 0.0, 0.0]
2025-08-29 11:31:53,260 - INFO - [6.31, -4.0, -3.0, 6.31, -4.0, -3.0, 6.31, -4.0, -3.0, 95.0, 10.0, 48228.0, 46.0, 0.0, -296.0, 0.0, 3.0, 0.0, 0.0]
2025-08-29 11:31:53,318 - INFO - [8.06, -4.13, -2.94, 8.06, -4.13, -2.94, 8.06, -4.13, -2.94, 95.0, 10.0, 48228.0, 76.0, 0.0, -341.0, 0.0, 3.0, 0.0, 0.0]
2025-08-29 11:31:53,375 - INFO - [9.38, -4.19, -2.88, 9.38, -4.19, -2.88, 9.38, -4.19, -2.88, 94.0, 11.0, 48228.0, 78.0, 0.0, -385.0, 0.0, 3.0, 0.0, 0.0]
2025-08-29 11:31:53,432 - INFO - [10.75, -4.25, -2.88, 10.75, -4.25, -2.88, 10.75, -4.25, -2.88, 93.0, 15.0, 48228.0, 79.0, 0.0, -429.0, 0.0, 3.0, 0.0, 0.0]
2025-08-29 11:31:53,491 - INFO - [12.0, -4.25, -2.81, 12.0, -4.25, -2.81, 12.0, -4.25, -2.81, 89.0, 18.0, 48228.0, 78.0, 6412.0, -472.0, 0.0, 3.0, 0.0, 0.0]
2025-08-29 11:31:53,548 - INFO - [13.25, -4.38, -2.75, 13.25, -4.38, -2.75, 13.25, -4.38, -2.75, 87.0, 20.0, 48228.0, 82.0, 6412.0, -512.0, 0.0, 3.0, 0.0, 0.0]
2025-08-29 11:31:53,653 - INFO - [15.69, -4.31, -2.63, 15.69, -4.31, -2.63, 15.69, -4.31, -2.63, 28.0, 22.0, 48228.0, 85.0, 6412.0, -584.0, 0.0, 3.0, 0.0, 0.0]
2025-08-29 11:31:53,710 - INFO - [17.25, -4.31, -2.75, 17.25, -4.31, -2.75, 17.25, -4.31, -2.75, 23.0, 25.0, 48228.0, 84.0, 6412.0, -625.0, 0.0, 3.0, 0.0, 0.0]
2025-08-29 11:31:53,767 - INFO - [18.38, -4.38, -2.69, 18.38, -4.38, -2.69, 18.38, -4.38, -2.69, 24.0, 26.0, 48228.0, 87.0, 6412.0, -664.0, 0.0, 3.0, 0.0, 0.0]
2025-08-29 11:31:53,826 - INFO - [19.69, -4.5, -2.5, 19.69, -4.5, -2.5, 19.69, -4.5, -2.5, 23.0, 26.0, 48228.0, 88.0, 6412.0, -704.0, 0.0, 3.0, 0.0, 0.0]
2025-08-29 11:31:53,931 - INFO - [22.44, -4.56, -2.25, 22.44, -4.56, -2.25, 22.44, -4.56, -2.25, 22.0, 27.0, 48228.0, 91.0, 6412.0, -779.0, 0.0, 3.0, 0.0, 0.0]
2025-08-29 11:31:53,989 - INFO - [23.75, -4.63, -2.13, 23.75, -4.63, -2.13, 23.75, -4.63, -2.13, 60.0, 27.0, 48228.0, 90.0, 6412.0, -820.0, 0.0, 3.0, 0.0, 0.0]
2025-08-29 11:31:54,047 - INFO - [25.31, -4.69, -2.0, 25.31, -4.69, -2.0, 25.31, -4.69, -2.0, 83.0, 27.0, 48228.0, 87.0, 6412.0, -862.0, 0.0, 3.0, 0.0, 0.0]
2025-08-29 11:31:54,104 - INFO - [26.88, -4.69, -2.06, 26.88, -4.69, -2.06, 26.88, -4.69, -2.06, 93.0, 28.0, 48228.0, 89.0, 6412.0, -904.0, 0.0, 3.0, 0.0, 0.0]
2025-08-29 11:31:54,161 - INFO - [28.56, -4.75, -2.0, 28.56, -4.75, -2.0, 28.56, -4.75, -2.0, 92.0, 27.0, 48228.0, 96.0, 6412.0, -946.0, 0.0, 3.0, 0.0, 0.0]
2025-08-29 11:31:54,219 - INFO - [29.69, -4.81, -2.0, 29.69, -4.81, -2.0, 29.69, -4.81, -2.0, 93.0, 28.0, 48228.0, 98.0, 6412.0, -988.0, 0.0, 3.0, 0.0, 0.0]
2025-08-29 11:31:54,276 - INFO - [30.94, -4.81, -1.94, 30.94, -4.81, -1.94, 30.94, -4.81, -1.94, 95.0, 28.0, 48228.0, 108.0, 6412.0, -1029.0, 0.0, 3.0, 0.0, 0.0]
2025-08-29 11:31:54,381 - INFO - [33.25, -4.94, -1.81, 33.25, -4.94, -1.81, 33.25, -4.94, -1.81, 96.0, 28.0, 48228.0, 111.0, 6412.0, -1100.0, 0.0, 3.0, 0.0, 0.0]
2025-08-29 11:31:54,488 - INFO - [35.25, -4.94, -1.69, 35.25, -4.94, -1.69, 35.25, -4.94, -1.69, 92.0, 29.0, 48228.0, 121.0, 6412.0, -1170.0, 0.0, 3.0, 0.0, 0.0]
2025-08-29 11:31:54,546 - INFO - [36.56, -4.88, -1.75, 36.56, -4.88, -1.75, 36.56, -4.88, -1.75, 93.0, 30.0, 48228.0, 123.0, 6412.0, -1210.0, 0.0, 3.0, 0.0, 0.0]
2025-08-29 11:31:54,603 - INFO - [37.81, -4.81, -1.75, 37.81, -4.81, -1.75, 37.81, -4.81, -1.75, 92.0, 29.0, 48228.0, 116.0, 6412.0, -1247.0, 0.0, 3.0, 0.0, 0.0]
2025-08-29 11:31:54,707 - INFO - [39.94, -4.88, -1.56, 39.94, -4.88, -1.56, 39.94, -4.88, -1.56, 92.0, 29.0, 48228.0, 92.0, 6412.0, -1317.0, 0.0, 3.0, 0.0, 0.0]
2025-08-29 11:31:54,764 - INFO - [41.31, -4.88, -1.44, 41.31, -4.88, -1.44, 41.31, -4.88, -1.44, 97.0, 29.0, 48228.0, 97.0, 6412.0, -1355.0, 0.0, 3.0, 0.0, 0.0]
2025-08-29 11:31:54,821 - INFO - [42.63, -4.94, -1.38, 42.63, -4.94, -1.38, 42.63, -4.94, -1.38, 96.0, 29.0, 48228.0, 77.0, 6412.0, -1395.0, 0.0, 3.0, 0.0, 0.0]
2025-08-29 11:31:54,927 - INFO - [45.38, -5.0, -1.13, 45.38, -5.0, -1.13, 45.38, -5.0, -1.13, 101.0, 28.0, 48228.0, 12.0, 328.0, -1469.0, 0.0, 3.0, 0.0, 0.0]
2025-08-29 11:31:55,032 - INFO - [48.13, -4.94, -1.13, 48.13, -4.94, -1.13, 48.13, -4.94, -1.13, 121.0, 26.0, 48228.0, 10.0, 328.0, -1546.0, 0.0, 3.0, 0.0, 0.0]
2025-08-29 11:31:55,139 - INFO - [50.94, -5.0, -1.13, 50.94, -5.0, -1.13, 50.94, -5.0, -1.13, 113.0, 27.0, 48228.0, 16.0, 328.0, -1625.0, 0.0, 3.0, 0.0, 0.0]
2025-08-29 11:31:55,195 - INFO - [52.44, -5.06, -1.0, 52.44, -5.06, -1.0, 52.44, -5.06, -1.0, 120.0, 25.0, 48228.0, 72.0, 328.0, -1665.0, 0.0, 3.0, 0.0, 0.0]
2025-08-29 11:31:55,301 - INFO - [54.63, -5.13, -0.94, 54.63, -5.13, -0.94, 54.63, -5.13, -0.94, 124.0, 27.0, 48228.0, 72.0, 328.0, -1740.0, 0.0, 3.0, 0.0, 0.0]
2025-08-29 11:31:55,358 - INFO - [55.94, -5.06, -0.75, 55.94, -5.06, -0.75, 55.94, -5.06, -0.75, 133.0, 26.0, 48228.0, 74.0, 328.0, -1778.0, 0.0, 3.0, 0.0, 0.0]
2025-08-29 11:31:55,416 - INFO - [57.19, -5.0, -0.75, 57.19, -5.0, -0.75, 57.19, -5.0, -0.75, 133.0, 26.0, 48228.0, 75.0, 328.0, -1817.0, 0.0, 3.0, 0.0, 0.0]
2025-08-29 11:31:55,473 - INFO - [58.63, -5.0, -0.88, 58.63, -5.0, -0.88, 58.63, -5.0, -0.88, 169.0, 25.0, 48228.0, 69.0, 328.0, -1856.0, 0.0, 3.0, 0.0, 0.0]
2025-08-29 11:31:55,531 - INFO - [59.81, -4.94, -0.81, 59.81, -4.94, -0.81, 59.81, -4.94, -0.81, 252.0, 26.0, 48228.0, 65.0, 328.0, -1897.0, 0.0, 3.0, 0.0, 0.0]
2025-08-29 11:31:55,636 - INFO - [62.13, -5.06, -0.44, 62.13, -5.06, -0.44, 62.13, -5.06, -0.44, 283.0, 25.0, 48228.0, 66.0, 328.0, -1971.0, 0.0, 3.0, 0.0, 0.0]
2025-08-29 11:31:55,694 - INFO - [63.56, -5.06, -0.38, 63.56, -5.06, -0.38, 63.56, -5.06, -0.38, 78.0, 25.0, 48228.0, 69.0, 328.0, -2013.0, 0.0, 3.0, 0.0, 0.0]
2025-08-29 11:31:55,752 - INFO - [65.0, -5.06, -0.25, 65.0, -5.06, -0.25, 65.0, -5.06, -0.25, 69.0, 24.0, 48228.0, 62.0, 328.0, -2057.0, 0.0, 3.0, 0.0, 0.0]
2025-08-29 11:31:55,809 - INFO - [66.56, -5.13, -0.13, 66.56, -5.13, -0.13, 66.56, -5.13, -0.13, 68.0, 24.0, 48228.0, 62.0, 328.0, -2099.0, 0.0, 3.0, 0.0, 0.0]
2025-08-29 11:31:55,825 - INFO - Turn completed
2025-08-29 11:31:55,867 - INFO - [67.94, -5.06, -0.13, 67.94, -5.06, -0.13, 67.94, -5.06, -0.13, 215.0, 23.0, 48228.0, 65.0, 328.0, -2142.0, 0.0, 3.0, 0.0, 0.0]
2025-08-29 11:31:55,926 - INFO - [69.5, -5.0, -0.38, 69.5, -5.0, -0.38, 69.5, -5.0, -0.38, 232.0, 23.0, 48228.0, 63.0, 328.0, -2177.0, 0.0, 3.0, 0.0, 0.0]
2025-08-29 11:31:55,967 - INFO - [71.06, -4.94, -0.31, 71.06, -4.94, -0.31, 71.06, -4.94, -0.31, 232.0, 65535.0, 48228.0, 576.0, 328.0, -2164.0, 0.0, 3.0, 0.0, 0.0]
2025-08-29 11:31:56,969 - INFO - []
2025-08-29 11:31:57,971 - INFO - []
2025-08-29 11:31:58,007 - INFO - Camera stopped
2025-08-29 11:31:58,209 - INFO - Camera closed successfully.
