2025-08-29 10:52:50,823 - INFO - Camera configuration has been adjusted!
2025-08-29 10:52:50,824 - INFO - Configuration successful!
2025-08-29 10:52:52,357 - INFO - Camera started
2025-08-29 10:52:52,384 - INFO - [359.38, -3.63, -2.69, 359.38, -3.63, -2.69, 359.38, -3.63, -2.69, 100.0, 13.0, 48228.0, 68.0, 328.0, 9.0, 0.0, 3.0, 0.0, 0.0]
2025-08-29 10:52:52,777 - INFO - Not going back
2025-08-29 10:52:53,425 - INFO - [359.44, -3.63, -2.81, 359.44, -3.63, -2.81, 359.44, -3.63, -2.81, 100.0, 13.0, 48228.0, 69.0, 328.0, 9.0, 0.0, 3.0, 0.0, 0.0]
2025-08-29 10:52:53,586 - INFO - Not going back
2025-08-29 10:52:53,663 - INFO - [359.38, -3.63, -2.88, 359.38, -3.63, -2.88, 359.38, -3.63, -2.88, 100.0, 13.0, 48228.0, 42.0, 328.0, -33.0, 0.0, 3.0, 0.0, 0.0]
2025-08-29 10:52:53,701 - INFO - Not going back
2025-08-29 10:52:53,787 - INFO - [0.06, -3.69, -2.94, 0.06, -3.69, -2.94, 0.06, -3.69, -2.94, 97.0, 14.0, 48228.0, 11.0, 328.0, -104.0, 0.0, 3.0, 0.0, 0.0]
2025-08-29 10:52:53,803 - INFO - Not going back
2025-08-29 10:52:53,912 - INFO - [2.38, -4.0, -2.69, 2.38, -4.0, -2.69, 2.38, -4.0, -2.69, 94.0, 16.0, 48228.0, 12.0, 328.0, -195.0, 0.0, 3.0, 0.0, 0.0]
2025-08-29 10:52:53,932 - INFO - Not going back
2025-08-29 10:52:54,038 - INFO - [5.19, -4.06, -2.63, 5.19, -4.06, -2.63, 5.19, -4.06, -2.63, 91.0, 27.0, 48228.0, 75.0, 328.0, -294.0, 0.0, 3.0, 0.0, 0.0]
2025-08-29 10:52:54,054 - INFO - Not going back
2025-08-29 10:52:54,162 - INFO - [8.19, -4.25, -2.56, 8.19, -4.25, -2.56, 8.19, -4.25, -2.56, 88.0, 34.0, 48228.0, 76.0, 328.0, -393.0, 0.0, 3.0, 0.0, 0.0]
2025-08-29 10:52:54,183 - INFO - Not going back
2025-08-29 10:52:54,288 - INFO - [10.63, -4.38, -2.44, 10.63, -4.38, -2.44, 10.63, -4.38, -2.44, 87.0, 38.0, 48228.0, 78.0, 328.0, -484.0, 0.0, 3.0, 0.0, 0.0]
2025-08-29 10:52:54,306 - INFO - Not going back
2025-08-29 10:52:54,410 - INFO - [12.88, -4.31, -2.5, 12.88, -4.31, -2.5, 12.88, -4.31, -2.5, 82.0, 40.0, 48228.0, 81.0, 328.0, -567.0, 0.0, 3.0, 0.0, 0.0]
2025-08-29 10:52:54,427 - INFO - Not going back
2025-08-29 10:52:54,534 - INFO - [15.5, -4.38, -2.38, 15.5, -4.38, -2.38, 15.5, -4.38, -2.38, 62.0, 40.0, 48228.0, 83.0, 328.0, -649.0, 0.0, 3.0, 0.0, 0.0]
2025-08-29 10:52:54,552 - INFO - Not going back
2025-08-29 10:52:54,660 - INFO - [17.81, -4.44, -2.31, 17.81, -4.44, -2.31, 17.81, -4.44, -2.31, 22.0, 40.0, 48228.0, 86.0, 328.0, -725.0, 0.0, 3.0, 0.0, 0.0]
2025-08-29 10:52:54,678 - INFO - Not going back
2025-08-29 10:52:54,783 - INFO - [20.56, -4.63, -1.94, 20.56, -4.63, -1.94, 20.56, -4.63, -1.94, 16.0, 41.0, 48228.0, 94.0, 328.0, -810.0, 0.0, 3.0, 0.0, 0.0]
2025-08-29 10:52:54,802 - INFO - Not going back
2025-08-29 10:52:54,909 - INFO - [23.19, -4.56, -1.81, 23.19, -4.56, -1.81, 23.19, -4.56, -1.81, 14.0, 42.0, 48228.0, 91.0, 328.0, -900.0, 0.0, 3.0, 0.0, 0.0]
2025-08-29 10:52:54,910 - WARNING - Might crash, too close
2025-08-29 10:52:54,927 - INFO - Not going back
2025-08-29 10:52:55,033 - INFO - [26.13, -4.69, -1.81, 26.13, -4.69, -1.81, 26.13, -4.69, -1.81, 12.0, 40.0, 48228.0, 97.0, 328.0, -994.0, 0.0, 3.0, 0.0, 0.0]
2025-08-29 10:52:55,033 - WARNING - Might crash, too close
2025-08-29 10:52:55,052 - INFO - Not going back
2025-08-29 10:52:55,157 - INFO - [28.44, -4.75, -1.69, 28.44, -4.75, -1.69, 28.44, -4.75, -1.69, 80.0, 41.0, 48228.0, 99.0, 328.0, -1082.0, 0.0, 3.0, 0.0, 0.0]
2025-08-29 10:52:55,174 - INFO - Not going back
2025-08-29 10:52:55,281 - INFO - [30.56, -4.75, -1.56, 30.56, -4.75, -1.56, 30.56, -4.75, -1.56, 84.0, 41.0, 48228.0, 113.0, 328.0, -1164.0, 0.0, 3.0, 0.0, 0.0]
2025-08-29 10:52:55,297 - INFO - Not going back
2025-08-29 10:52:55,405 - INFO - [32.81, -4.69, -1.44, 32.81, -4.69, -1.44, 32.81, -4.69, -1.44, 74.0, 41.0, 48228.0, 116.0, 328.0, -1244.0, 0.0, 3.0, 0.0, 0.0]
2025-08-29 10:52:55,423 - INFO - Not going back
2025-08-29 10:52:55,529 - INFO - [35.19, -4.69, -1.5, 35.19, -4.69, -1.5, 35.19, -4.69, -1.5, 81.0, 41.0, 48228.0, 97.0, 328.0, -1321.0, 0.0, 3.0, 0.0, 0.0]
2025-08-29 10:52:55,549 - INFO - Not going back
2025-08-29 10:52:55,655 - INFO - [37.63, -4.81, -1.19, 37.63, -4.81, -1.19, 37.63, -4.81, -1.19, 83.0, 41.0, 48228.0, 9.0, 328.0, -1406.0, 0.0, 3.0, 0.0, 0.0]
2025-08-29 10:52:55,655 - WARNING - Close to the left wall!
2025-08-29 10:52:55,670 - INFO - Not going back
2025-08-29 10:52:55,778 - INFO - [40.63, -4.88, -1.06, 40.63, -4.88, -1.06, 40.63, -4.88, -1.06, 89.0, 40.0, 48228.0, 1.0, 328.0, -1498.0, 0.0, 3.0, 0.0, 0.0]
2025-08-29 10:52:55,778 - WARNING - Close to the left wall!
2025-08-29 10:52:55,795 - INFO - Not going back
2025-08-29 10:52:55,904 - INFO - [43.56, -4.88, -1.0, 43.56, -4.88, -1.0, 43.56, -4.88, -1.0, 89.0, 40.0, 48228.0, 5.0, 328.0, -1595.0, 0.0, 3.0, 0.0, 0.0]
2025-08-29 10:52:55,904 - WARNING - Close to the left wall!
2025-08-29 10:52:55,920 - INFO - Not going back
2025-08-29 10:52:56,029 - INFO - [46.19, -4.88, -0.94, 46.19, -4.88, -0.94, 46.19, -4.88, -0.94, 96.0, 39.0, 48228.0, 73.0, 328.0, -1685.0, 0.0, 3.0, 0.0, 0.0]
2025-08-29 10:52:56,044 - INFO - Not going back
2025-08-29 10:52:56,154 - INFO - [48.75, -5.0, -0.81, 48.75, -5.0, -0.81, 48.75, -5.0, -0.81, 95.0, 39.0, 48228.0, 67.0, 328.0, -1773.0, 0.0, 3.0, 0.0, 0.0]
2025-08-29 10:52:56,186 - INFO - Not going back
2025-08-29 10:52:56,282 - INFO - [50.94, -4.94, -0.69, 50.94, -4.94, -0.69, 50.94, -4.94, -0.69, 98.0, 39.0, 48228.0, 58.0, 328.0, -1856.0, 0.0, 3.0, 0.0, 0.0]
2025-08-29 10:52:56,303 - INFO - Not going back
2025-08-29 10:52:56,403 - INFO - [53.56, -4.94, -0.69, 53.56, -4.94, -0.69, 53.56, -4.94, -0.69, 104.0, 39.0, 48228.0, 59.0, 328.0, -1938.0, 0.0, 3.0, 0.0, 0.0]
2025-08-29 10:52:56,417 - INFO - Not going back
2025-08-29 10:52:56,529 - INFO - [56.13, -5.06, -0.31, 56.13, -5.06, -0.31, 56.13, -5.06, -0.31, 112.0, 37.0, 48228.0, 59.0, 328.0, -2025.0, 0.0, 3.0, 0.0, 0.0]
2025-08-29 10:52:56,544 - INFO - Not going back
2025-08-29 10:52:56,653 - INFO - [58.94, -5.06, -0.19, 58.94, -5.06, -0.19, 58.94, -5.06, -0.19, 123.0, 37.0, 48228.0, 59.0, 328.0, -2116.0, 0.0, 3.0, 0.0, 0.0]
2025-08-29 10:52:56,669 - INFO - Not going back
2025-08-29 10:52:56,777 - INFO - [61.94, -5.0, -0.06, 61.94, -5.0, -0.06, 61.94, -5.0, -0.06, 228.0, 36.0, 48228.0, 58.0, 328.0, -2212.0, 0.0, 3.0, 0.0, 0.0]
2025-08-29 10:52:56,795 - INFO - Not going back
2025-08-29 10:52:56,903 - INFO - [64.38, -5.0, 0.0, 64.38, -5.0, 0.0, 64.38, -5.0, 0.0, 233.0, 35.0, 48228.0, 53.0, 328.0, -2302.0, 0.0, 3.0, 0.0, 0.0]
2025-08-29 10:52:56,917 - INFO - Not going back
2025-08-29 10:52:57,028 - INFO - [67.06, -5.0, 0.13, 67.06, -5.0, 0.13, 67.06, -5.0, 0.13, 204.0, 35.0, 48228.0, 53.0, 328.0, -2385.0, 0.0, 3.0, 0.0, 0.0]
2025-08-29 10:52:57,047 - INFO - Turn completed
2025-08-29 10:52:57,048 - INFO - Not going back
2025-08-29 10:52:57,152 - INFO - [69.31, -4.88, 0.19, 69.31, -4.88, 0.19, 69.31, -4.88, 0.19, 206.0, 35.0, 48228.0, 53.0, 328.0, -2464.0, 0.0, 3.0, 0.0, 0.0]
2025-08-29 10:52:57,176 - INFO - Camera stopped
2025-08-29 10:52:58,987 - INFO - Camera closed successfully.
