2025-08-29 11:18:11,726 - INFO - Camera configuration has been adjusted!
2025-08-29 11:18:11,727 - INFO - Configuration successful!
2025-08-29 11:18:13,247 - INFO - Camera started
2025-08-29 11:18:13,265 - INFO - [0.75, -3.31, -3.31, 0.75, -3.31, -3.31, 0.75, -3.31, -3.31, 101.0, 12.0, 48228.0, 72.0, 6412.0, -3958.0, 0.0, 3.0, 0.0, 0.0]
2025-08-29 11:18:13,846 - INFO - [0.75, -3.31, -3.31, 0.75, -3.31, -3.31, 0.75, -3.31, -3.31, 102.0, 12.0, 48228.0, 73.0, 6412.0, -3958.0, 0.0, 3.0, 0.0, 0.0]
2025-08-29 11:18:13,949 - INFO - [0.75, -3.31, -3.31, 0.75, -3.31, -3.31, 0.75, -3.31, -3.31, 101.0, 12.0, 48228.0, 73.0, 6412.0, -3980.0, 0.0, 3.0, 0.0, 0.0]
2025-08-29 11:18:14,057 - INFO - [0.75, -3.31, -3.31, 0.75, -3.31, -3.31, 0.75, -3.31, -3.31, 100.0, 11.0, 48228.0, 31.0, 6412.0, -4016.0, 0.0, 3.0, 0.0, 0.0]
2025-08-29 11:18:14,114 - INFO - [1.13, -3.25, -3.25, 1.13, -3.25, -3.25, 1.13, -3.25, -3.25, 100.0, 12.0, 48228.0, 13.0, 6412.0, -4048.0, 0.0, 3.0, 0.0, 0.0]
2025-08-29 11:18:14,224 - INFO - [2.63, -3.44, -3.44, 2.63, -3.44, -3.44, 2.63, -3.44, -3.44, 98.0, 10.0, 48228.0, 14.0, 6412.0, -4111.0, 0.0, 3.0, 0.0, 0.0]
2025-08-29 11:18:14,324 - INFO - [4.81, -3.63, -3.38, 4.81, -3.63, -3.38, 4.81, -3.63, -3.38, 95.0, 9.0, 48228.0, 75.0, 6412.0, -4175.0, 0.0, 3.0, 0.0, 0.0]
2025-08-29 11:18:14,324 - WARNING - Close to the right wall!
2025-08-29 11:18:14,381 - INFO - [5.81, -3.63, -3.25, 5.81, -3.63, -3.25, 5.81, -3.63, -3.25, 94.0, 9.0, 48228.0, 78.0, 6412.0, -4213.0, 0.0, 3.0, 0.0, 0.0]
2025-08-29 11:18:14,381 - WARNING - Close to the right wall!
2025-08-29 11:18:14,485 - INFO - [8.44, -3.81, -3.13, 8.44, -3.81, -3.13, 8.44, -3.81, -3.13, 91.0, 20.0, 48228.0, 79.0, 6412.0, -4289.0, 0.0, 3.0, 0.0, 0.0]
2025-08-29 11:18:14,543 - INFO - [9.94, -3.81, -3.0, 9.94, -3.81, -3.0, 9.94, -3.81, -3.0, 91.0, 19.0, 48228.0, 81.0, 6412.0, -4331.0, 0.0, 3.0, 0.0, 0.0]
2025-08-29 11:18:14,601 - INFO - [11.13, -3.88, -3.0, 11.13, -3.88, -3.0, 11.13, -3.88, -3.0, 85.0, 19.0, 48228.0, 80.0, 6412.0, -4378.0, 0.0, 3.0, 0.0, 0.0]
2025-08-29 11:18:14,659 - INFO - [12.69, -4.0, -2.94, 12.69, -4.0, -2.94, 12.69, -4.0, -2.94, 58.0, 23.0, 48228.0, 83.0, 6412.0, -4423.0, 0.0, 3.0, 0.0, 0.0]
2025-08-29 11:18:14,717 - INFO - [14.19, -4.13, -2.88, 14.19, -4.13, -2.88, 14.19, -4.13, -2.88, 27.0, 26.0, 48228.0, 84.0, 6412.0, -4464.0, 0.0, 3.0, 0.0, 0.0]
2025-08-29 11:18:14,773 - INFO - [15.5, -4.13, -2.88, 15.5, -4.13, -2.88, 15.5, -4.13, -2.88, 25.0, 26.0, 48228.0, 85.0, 6412.0, -4504.0, 0.0, 3.0, 0.0, 0.0]
2025-08-29 11:18:14,831 - INFO - [16.69, -4.13, -2.88, 16.69, -4.13, -2.88, 16.69, -4.13, -2.88, 24.0, 27.0, 48228.0, 88.0, 6412.0, -4545.0, 0.0, 3.0, 0.0, 0.0]
2025-08-29 11:18:14,888 - INFO - [18.0, -4.19, -2.81, 18.0, -4.19, -2.81, 18.0, -4.19, -2.81, 23.0, 27.0, 48228.0, 87.0, 6412.0, -4584.0, 0.0, 3.0, 0.0, 0.0]
2025-08-29 11:18:14,946 - INFO - [19.31, -4.25, -2.75, 19.31, -4.25, -2.75, 19.31, -4.25, -2.75, 22.0, 30.0, 48228.0, 86.0, 6412.0, -4620.0, 0.0, 3.0, 0.0, 0.0]
2025-08-29 11:18:15,052 - INFO - [21.75, -4.19, -2.63, 21.75, -4.19, -2.63, 21.75, -4.19, -2.63, 57.0, 29.0, 48228.0, 90.0, 6412.0, -4685.0, 0.0, 3.0, 0.0, 0.0]
2025-08-29 11:18:15,110 - INFO - [23.13, -4.25, -2.69, 23.13, -4.25, -2.69, 23.13, -4.25, -2.69, 82.0, 29.0, 48228.0, 92.0, 6412.0, -4720.0, 0.0, 3.0, 0.0, 0.0]
2025-08-29 11:18:15,167 - INFO - [24.25, -4.31, -2.63, 24.25, -4.31, -2.63, 24.25, -4.31, -2.63, 87.0, 29.0, 48228.0, 96.0, 6412.0, -4751.0, 0.0, 3.0, 0.0, 0.0]
2025-08-29 11:18:15,274 - INFO - [26.19, -4.31, -2.44, 26.19, -4.31, -2.44, 26.19, -4.31, -2.44, 86.0, 31.0, 48228.0, 97.0, 6412.0, -4815.0, 0.0, 3.0, 0.0, 0.0]
2025-08-29 11:18:15,330 - INFO - [27.44, -4.38, -2.38, 27.44, -4.38, -2.38, 27.44, -4.38, -2.38, 89.0, 30.0, 48228.0, 95.0, 6412.0, -4853.0, 0.0, 3.0, 0.0, 0.0]
2025-08-29 11:18:15,388 - INFO - [28.88, -4.44, -2.38, 28.88, -4.44, -2.38, 28.88, -4.44, -2.38, 91.0, 29.0, 48228.0, 97.0, 6412.0, -4893.0, 0.0, 3.0, 0.0, 0.0]
2025-08-29 11:18:15,492 - INFO - [31.25, -4.5, -2.19, 31.25, -4.5, -2.19, 31.25, -4.5, -2.19, 86.0, 30.0, 48228.0, 105.0, 6412.0, -4969.0, 0.0, 3.0, 0.0, 0.0]
2025-08-29 11:18:15,549 - INFO - [32.69, -4.56, -2.13, 32.69, -4.56, -2.13, 32.69, -4.56, -2.13, 90.0, 29.0, 48228.0, 108.0, 6412.0, -5013.0, 0.0, 3.0, 0.0, 0.0]
2025-08-29 11:18:15,607 - INFO - [34.0, -4.69, -2.06, 34.0, -4.69, -2.06, 34.0, -4.69, -2.06, 88.0, 31.0, 48228.0, 122.0, 6412.0, -5056.0, 0.0, 3.0, 0.0, 0.0]
2025-08-29 11:18:15,713 - INFO - [36.44, -4.69, -2.06, 36.44, -4.69, -2.06, 36.44, -4.69, -2.06, 95.0, 29.0, 48228.0, 120.0, 6412.0, -5133.0, 0.0, 3.0, 0.0, 0.0]
2025-08-29 11:18:15,770 - INFO - [37.56, -4.63, -2.0, 37.56, -4.63, -2.0, 37.56, -4.63, -2.0, 89.0, 29.0, 48228.0, 95.0, 6412.0, -5174.0, 0.0, 3.0, 0.0, 0.0]
2025-08-29 11:18:15,829 - INFO - [38.81, -4.75, -1.88, 38.81, -4.75, -1.88, 38.81, -4.75, -1.88, 95.0, 30.0, 48228.0, 0.0, 6412.0, -5213.0, 0.0, 3.0, 0.0, 0.0]
2025-08-29 11:18:15,829 - WARNING - Close to the left wall!
2025-08-29 11:18:15,933 - INFO - [41.56, -4.75, -1.75, 41.56, -4.75, -1.75, 41.56, -4.75, -1.75, 100.0, 29.0, 48228.0, 18.0, 6412.0, -5282.0, 0.0, 3.0, 0.0, 0.0]
2025-08-29 11:18:16,038 - INFO - [44.06, -4.75, -1.75, 44.06, -4.75, -1.75, 44.06, -4.75, -1.75, 93.0, 29.0, 48228.0, 11.0, 6412.0, -5350.0, 0.0, 3.0, 0.0, 0.0]
2025-08-29 11:18:16,095 - INFO - [45.31, -4.75, -1.63, 45.31, -4.75, -1.63, 45.31, -4.75, -1.63, 99.0, 30.0, 48228.0, 10.0, 6412.0, -5387.0, 0.0, 3.0, 0.0, 0.0]
2025-08-29 11:18:16,152 - INFO - [46.75, -4.81, -1.44, 46.75, -4.81, -1.44, 46.75, -4.81, -1.44, 103.0, 29.0, 48228.0, 11.0, 6412.0, -5423.0, 0.0, 3.0, 0.0, 0.0]
2025-08-29 11:18:16,258 - INFO - [49.38, -4.81, -1.38, 49.38, -4.81, -1.38, 49.38, -4.81, -1.38, 110.0, 29.0, 48228.0, 46.0, 6412.0, -5499.0, 0.0, 3.0, 0.0, 0.0]
2025-08-29 11:18:16,316 - INFO - [51.0, -4.88, -1.31, 51.0, -4.88, -1.31, 51.0, -4.88, -1.31, 112.0, 28.0, 48228.0, 66.0, 6412.0, -5543.0, 0.0, 3.0, 0.0, 0.0]
2025-08-29 11:18:16,373 - INFO - [52.69, -4.88, -1.19, 52.69, -4.88, -1.19, 52.69, -4.88, -1.19, 114.0, 28.0, 48228.0, 71.0, 6412.0, -5587.0, 0.0, 3.0, 0.0, 0.0]
2025-08-29 11:18:16,431 - INFO - [54.0, -4.88, -1.19, 54.0, -4.88, -1.19, 54.0, -4.88, -1.19, 132.0, 27.0, 48228.0, 70.0, 6412.0, -5633.0, 0.0, 3.0, 0.0, 0.0]
2025-08-29 11:18:16,488 - INFO - [55.44, -5.0, -1.13, 55.44, -5.0, -1.13, 55.44, -5.0, -1.13, 132.0, 26.0, 48228.0, 70.0, 6412.0, -5678.0, 0.0, 3.0, 0.0, 0.0]
2025-08-29 11:18:16,545 - INFO - [56.81, -5.06, -1.0, 56.81, -5.06, -1.0, 56.81, -5.06, -1.0, 137.0, 27.0, 48228.0, 65.0, 6412.0, -5718.0, 0.0, 3.0, 0.0, 0.0]
2025-08-29 11:18:16,602 - INFO - [58.31, -5.06, -0.94, 58.31, -5.06, -0.94, 58.31, -5.06, -0.94, 156.0, 27.0, 48228.0, 71.0, 6412.0, -5759.0, 0.0, 3.0, 0.0, 0.0]
2025-08-29 11:18:16,660 - INFO - [59.25, -5.0, -1.06, 59.25, -5.0, -1.06, 59.25, -5.0, -1.06, 269.0, 26.0, 48228.0, 63.0, 6412.0, -5801.0, 0.0, 3.0, 0.0, 0.0]
2025-08-29 11:18:16,719 - INFO - [60.38, -5.0, -1.06, 60.38, -5.0, -1.06, 60.38, -5.0, -1.06, 288.0, 26.0, 48228.0, 65.0, 6412.0, -5841.0, 0.0, 3.0, 0.0, 0.0]
2025-08-29 11:18:16,824 - INFO - [63.13, -5.0, -0.81, 63.13, -5.0, -0.81, 63.13, -5.0, -0.81, 106.0, 25.0, 48228.0, 65.0, 6412.0, -5910.0, 0.0, 3.0, 0.0, 0.0]
2025-08-29 11:18:16,882 - INFO - [64.44, -4.94, -0.88, 64.44, -4.94, -0.88, 64.44, -4.94, -0.88, 68.0, 25.0, 48228.0, 62.0, 6412.0, -5948.0, 0.0, 3.0, 0.0, 0.0]
2025-08-29 11:18:16,940 - INFO - [65.69, -5.0, -0.81, 65.69, -5.0, -0.81, 65.69, -5.0, -0.81, 66.0, 25.0, 48228.0, 65.0, 6412.0, -5984.0, 0.0, 3.0, 0.0, 0.0]
2025-08-29 11:18:16,964 - INFO - Turn completed
2025-08-29 11:18:16,997 - INFO - [66.94, -5.06, -0.56, 66.94, -5.06, -0.56, 66.94, -5.06, -0.56, 71.0, 24.0, 48228.0, 62.0, 6412.0, -6022.0, 0.0, 3.0, 0.0, 0.0]
2025-08-29 11:18:17,054 - INFO - [68.06, -5.06, -0.44, 68.06, -5.06, -0.44, 68.06, -5.06, -0.44, 220.0, 24.0, 48228.0, 63.0, 6412.0, -6051.0, 0.0, 3.0, 0.0, 0.0]
2025-08-29 11:18:17,112 - INFO - [69.56, -5.0, -0.44, 69.56, -5.0, -0.44, 69.56, -5.0, -0.44, 226.0, 24.0, 48228.0, 63.0, 6412.0, -6039.0, 0.0, 3.0, 0.0, 0.0]
2025-08-29 11:18:17,171 - INFO - [70.38, -4.94, -0.38, 70.38, -4.94, -0.38, 70.38, -4.94, -0.38, 230.0, 24.0, 48228.0, 62.0, 6412.0, -6035.0, 0.0, 3.0, 0.0, 0.0]
2025-08-29 11:18:17,228 - INFO - [70.06, -4.94, -0.38, 70.06, -4.94, -0.38, 70.06, -4.94, -0.38, 229.0, 24.0, 48228.0, 63.0, 6412.0, -6010.0, 0.0, 3.0, 0.0, 0.0]
2025-08-29 11:18:17,286 - INFO - [69.31, -4.94, -0.38, 69.31, -4.94, -0.38, 69.31, -4.94, -0.38, 226.0, 24.0, 48228.0, 63.0, 0.0, -5977.0, 0.0, 3.0, 0.0, 0.0]
2025-08-29 11:18:17,343 - INFO - [68.81, -4.94, -0.44, 68.81, -4.94, -0.44, 68.81, -4.94, -0.44, 225.0, 24.0, 48228.0, 66.0, 0.0, -5936.0, 0.0, 3.0, 0.0, 0.0]
2025-08-29 11:18:17,400 - INFO - [68.69, -4.81, -0.63, 68.69, -4.81, -0.63, 68.69, -4.81, -0.63, 226.0, 24.0, 48228.0, 63.0, 0.0, -5891.0, 0.0, 3.0, 0.0, 0.0]
2025-08-29 11:18:17,457 - INFO - [68.63, -4.88, -0.56, 68.63, -4.88, -0.56, 68.63, -4.88, -0.56, 223.0, 23.0, 48228.0, 66.0, 0.0, -5841.0, 0.0, 3.0, 0.0, 0.0]
2025-08-29 11:18:17,515 - INFO - [68.44, -4.94, -0.44, 68.44, -4.94, -0.44, 68.44, -4.94, -0.44, 116.0, 22.0, 48228.0, 64.0, 0.0, -5783.0, 0.0, 3.0, 0.0, 0.0]
2025-08-29 11:18:17,574 - INFO - [68.31, -5.0, -0.5, 68.31, -5.0, -0.5, 68.31, -5.0, -0.5, 110.0, 22.0, 48228.0, 66.0, 0.0, -5722.0, 0.0, 3.0, 0.0, 0.0]
2025-08-29 11:18:17,631 - INFO - [68.13, -5.0, -0.44, 68.13, -5.0, -0.44, 68.13, -5.0, -0.44, 96.0, 21.0, 48228.0, 63.0, 0.0, -5658.0, 0.0, 3.0, 0.0, 0.0]
2025-08-29 11:18:17,631 - INFO - Going back
2025-08-29 11:18:17,688 - INFO - [67.88, -5.0, -0.38, 67.88, -5.0, -0.38, 67.88, -5.0, -0.38, 92.0, 20.0, 48228.0, 67.0, 0.0, -5598.0, 0.0, 3.0, 0.0, 0.0]
2025-08-29 11:18:17,716 - INFO - Camera stopped
2025-08-29 11:18:19,329 - INFO - Camera closed successfully.
