2025-08-29 11:11:44,843 - INFO - Camera configuration has been adjusted!
2025-08-29 11:11:44,844 - INFO - Configuration successful!
2025-08-29 11:11:46,366 - INFO - Camera started
2025-08-29 11:11:46,397 - INFO - [0.0, -3.19, -3.19, 0.0, -3.19, -3.19, 0.0, -3.19, -3.19, 106.0, 13.0, 48228.0, 75.0, 809.0, -2094.0, 0.0, 3.0, 0.0, 0.0]
2025-08-29 11:11:46,931 - INFO - [0.0, -3.19, -3.19, 0.0, -3.19, -3.19, 0.0, -3.19, -3.19, 104.0, 13.0, 48228.0, 75.0, 809.0, -2094.0, 0.0, 3.0, 0.0, 0.0]
2025-08-29 11:11:47,035 - INFO - [0.0, -3.19, -3.19, 0.0, -3.19, -3.19, 0.0, -3.19, -3.19, 106.0, 13.0, 48228.0, 74.0, 809.0, -2119.0, 0.0, 3.0, 0.0, 0.0]
2025-08-29 11:11:47,187 - INFO - [0.31, -3.31, -3.19, 0.31, -3.31, -3.19, 0.31, -3.31, -3.19, 101.0, 12.0, 48228.0, 74.0, 809.0, -2191.0, 0.0, 3.0, 0.0, 0.0]
2025-08-29 11:11:47,291 - INFO - [2.13, -3.5, -3.25, 2.13, -3.5, -3.25, 2.13, -3.5, -3.25, 100.0, 12.0, 48228.0, 44.0, 809.0, -2264.0, 0.0, 3.0, 0.0, 0.0]
2025-08-29 11:11:47,395 - INFO - [4.5, -3.63, -3.25, 4.5, -3.63, -3.25, 4.5, -3.63, -3.25, 98.0, 11.0, 48228.0, 14.0, 809.0, -2338.0, 0.0, 3.0, 0.0, 0.0]
2025-08-29 11:11:47,500 - INFO - [6.94, -3.81, -3.06, 6.94, -3.81, -3.06, 6.94, -3.81, -3.06, 95.0, 10.0, 48228.0, 22.0, 809.0, -2407.0, 0.0, 3.0, 0.0, 0.0]
2025-08-29 11:11:47,604 - INFO - [8.81, -3.88, -3.13, 8.81, -3.88, -3.13, 8.81, -3.88, -3.13, 93.0, 12.0, 48228.0, 78.0, 809.0, -2474.0, 0.0, 3.0, 0.0, 0.0]
2025-08-29 11:11:47,663 - INFO - [10.06, -3.88, -3.06, 10.06, -3.88, -3.06, 10.06, -3.88, -3.06, 93.0, 16.0, 48228.0, 79.0, 809.0, -2511.0, 0.0, 3.0, 0.0, 0.0]
2025-08-29 11:11:47,722 - INFO - [11.38, -3.81, -3.0, 11.38, -3.81, -3.0, 11.38, -3.81, -3.0, 93.0, 22.0, 48228.0, 80.0, 809.0, -2547.0, 0.0, 3.0, 0.0, 0.0]
2025-08-29 11:11:47,826 - INFO - [13.75, -3.88, -3.13, 13.75, -3.88, -3.13, 13.75, -3.88, -3.13, 82.0, 21.0, 48228.0, 81.0, 809.0, -2617.0, 0.0, 3.0, 0.0, 0.0]
2025-08-29 11:11:47,932 - INFO - [16.31, -4.06, -2.81, 16.31, -4.06, -2.81, 16.31, -4.06, -2.81, 27.0, 25.0, 48228.0, 82.0, 809.0, -2688.0, 0.0, 3.0, 0.0, 0.0]
2025-08-29 11:11:48,038 - INFO - [18.88, -4.19, -2.63, 18.88, -4.19, -2.63, 18.88, -4.19, -2.63, 24.0, 27.0, 48228.0, 86.0, 809.0, -2763.0, 0.0, 3.0, 0.0, 0.0]
2025-08-29 11:11:48,141 - INFO - [21.75, -4.25, -2.44, 21.75, -4.25, -2.44, 21.75, -4.25, -2.44, 23.0, 25.0, 48228.0, 91.0, 809.0, -2840.0, 0.0, 3.0, 0.0, 0.0]
2025-08-29 11:11:48,246 - INFO - [24.31, -4.31, -2.38, 24.31, -4.31, -2.38, 24.31, -4.31, -2.38, 77.0, 27.0, 48228.0, 86.0, 6412.0, -2916.0, 0.0, 3.0, 0.0, 0.0]
2025-08-29 11:11:48,397 - INFO - [27.69, -4.56, -2.19, 27.69, -4.56, -2.19, 27.69, -4.56, -2.19, 90.0, 27.0, 48228.0, 90.0, 6412.0, -3016.0, 0.0, 3.0, 0.0, 0.0]
2025-08-29 11:11:48,548 - INFO - [30.44, -4.63, -2.19, 30.44, -4.63, -2.19, 30.44, -4.63, -2.19, 85.0, 28.0, 48228.0, 97.0, 6412.0, -3106.0, 0.0, 3.0, 0.0, 0.0]
2025-08-29 11:11:48,606 - INFO - [31.63, -4.56, -2.06, 31.63, -4.56, -2.06, 31.63, -4.56, -2.06, 88.0, 30.0, 48228.0, 110.0, 6412.0, -3140.0, 0.0, 3.0, 0.0, 0.0]
2025-08-29 11:11:48,664 - INFO - [32.88, -4.44, -2.13, 32.88, -4.44, -2.13, 32.88, -4.44, -2.13, 93.0, 29.0, 48228.0, 110.0, 6412.0, -3174.0, 0.0, 3.0, 0.0, 0.0]
2025-08-29 11:11:48,775 - INFO - [34.88, -4.5, -2.13, 34.88, -4.5, -2.13, 34.88, -4.5, -2.13, 87.0, 29.0, 48228.0, 118.0, 6412.0, -3240.0, 0.0, 3.0, 0.0, 0.0]
2025-08-29 11:11:48,875 - INFO - [37.25, -4.69, -1.69, 37.25, -4.69, -1.69, 37.25, -4.69, -1.69, 93.0, 30.0, 48228.0, 123.0, 6412.0, -3311.0, 0.0, 3.0, 0.0, 0.0]
2025-08-29 11:11:48,981 - INFO - [39.81, -4.81, -1.56, 39.81, -4.81, -1.56, 39.81, -4.81, -1.56, 87.0, 29.0, 48228.0, 104.0, 6412.0, -3388.0, 0.0, 3.0, 0.0, 0.0]
2025-08-29 11:11:49,086 - INFO - [42.75, -4.75, -1.5, 42.75, -4.75, -1.5, 42.75, -4.75, -1.5, 99.0, 30.0, 48228.0, 100.0, 6412.0, -3467.0, 0.0, 3.0, 0.0, 0.0]
2025-08-29 11:11:49,191 - INFO - [45.38, -4.81, -1.38, 45.38, -4.81, -1.38, 45.38, -4.81, -1.38, 97.0, 28.0, 48228.0, 12.0, 6412.0, -3545.0, 0.0, 3.0, 0.0, 0.0]
2025-08-29 11:11:49,296 - INFO - [48.19, -4.88, -1.31, 48.19, -4.88, -1.31, 48.19, -4.88, -1.31, 106.0, 27.0, 48228.0, 11.0, 6412.0, -3618.0, 0.0, 3.0, 0.0, 0.0]
2025-08-29 11:11:49,353 - INFO - [49.31, -4.94, -1.25, 49.31, -4.94, -1.25, 49.31, -4.94, -1.25, 107.0, 27.0, 48228.0, 11.0, 6412.0, -3653.0, 0.0, 3.0, 0.0, 0.0]
2025-08-29 11:11:49,457 - INFO - [51.44, -4.94, -1.13, 51.44, -4.94, -1.13, 51.44, -4.94, -1.13, 107.0, 28.0, 48228.0, 14.0, 6412.0, -3718.0, 0.0, 3.0, 0.0, 0.0]
2025-08-29 11:11:49,514 - INFO - [52.56, -4.88, -1.06, 52.56, -4.88, -1.06, 52.56, -4.88, -1.06, 93.0, 27.0, 48228.0, 75.0, 6412.0, -3753.0, 0.0, 3.0, 0.0, 0.0]
2025-08-29 11:11:49,574 - INFO - [53.81, -4.75, -1.19, 53.81, -4.75, -1.19, 53.81, -4.75, -1.19, 115.0, 27.0, 48228.0, 83.0, 6412.0, -3791.0, 0.0, 3.0, 0.0, 0.0]
2025-08-29 11:11:49,634 - INFO - [55.19, -4.81, -1.19, 55.19, -4.81, -1.19, 55.19, -4.81, -1.19, 125.0, 27.0, 48228.0, 75.0, 6412.0, -3828.0, 0.0, 3.0, 0.0, 0.0]
2025-08-29 11:11:49,736 - INFO - [57.38, -4.88, -0.88, 57.38, -4.88, -0.88, 57.38, -4.88, -0.88, 144.0, 26.0, 48228.0, 73.0, 6412.0, -3900.0, 0.0, 3.0, 0.0, 0.0]
2025-08-29 11:11:49,842 - INFO - [60.06, -5.0, -0.63, 60.06, -5.0, -0.63, 60.06, -5.0, -0.63, 152.0, 25.0, 48228.0, 66.0, 6412.0, -3979.0, 0.0, 3.0, 0.0, 0.0]
2025-08-29 11:11:49,947 - INFO - [62.56, -4.88, -0.88, 62.56, -4.88, -0.88, 62.56, -4.88, -0.88, 284.0, 26.0, 48228.0, 62.0, 6412.0, -4060.0, 0.0, 3.0, 0.0, 0.0]
2025-08-29 11:11:50,051 - INFO - [65.63, -4.88, -1.19, 65.63, -4.88, -1.19, 65.63, -4.88, -1.19, 70.0, 25.0, 48228.0, 67.0, 6412.0, -4141.0, 0.0, 3.0, 0.0, 0.0]
2025-08-29 11:11:50,069 - INFO - Turn completed
2025-08-29 11:11:50,069 - INFO - Not going back
2025-08-29 11:11:50,108 - INFO - [67.25, -4.88, -1.13, 67.25, -4.88, -1.13, 67.25, -4.88, -1.13, 68.0, 25.0, 48228.0, 62.0, 6412.0, -4184.0, 0.0, 3.0, 0.0, 0.0]
2025-08-29 11:11:50,139 - INFO - Camera stopped
2025-08-29 11:11:51,954 - INFO - Camera closed successfully.
