2025-08-30 14:26:59,425 - INFO - Camera configuration has been adjusted!
2025-08-30 14:26:59,427 - INFO - Configuration successful!
2025-08-30 14:27:00,956 - INFO - Camera started
2025-08-30 14:27:01,067 - INFO - [136.31, -3.63, -3.44, 136.31, -3.63, -3.44, 136.31, -3.63, -3.44, 104.0, 14.0, 83.0, 73.0, 6448.0, 5.0, 0.0, 3.0, 0.0, 0.0]
2025-08-30 14:27:02,027 - INFO - [136.38, -3.69, -3.69, 136.38, -3.69, -3.69, 136.38, -3.69, -3.69, 105.0, 15.0, 81.0, 72.0, 0.0, 5.0, 0.0, 3.0, 0.0, 0.0]
2025-08-30 14:27:02,313 - INFO - [136.44, -3.75, -3.69, 136.44, -3.75, -3.69, 136.44, -3.75, -3.69, 103.0, 15.0, 82.0, 45.0, 0.0, -68.0, 0.0, 3.0, 0.0, 0.0]
2025-08-30 14:27:02,460 - INFO - [138.5, -3.94, -3.56, 138.5, -3.94, -3.56, 138.5, -3.94, -3.56, 99.0, 13.0, 85.0, 14.0, 0.0, -163.0, 0.0, 3.0, 0.0, 0.0]
2025-08-30 14:27:02,608 - INFO - [142.06, -4.19, -3.56, 142.06, -4.19, -3.56, 142.06, -4.19, -3.56, 96.0, 12.0, 37.0, 74.0, 0.0, -261.0, 0.0, 3.0, 0.0, 0.0]
2025-08-30 14:27:02,757 - INFO - [144.81, -4.25, -3.63, 144.81, -4.25, -3.63, 144.81, -4.25, -3.63, 95.0, 12.0, 37.0, 78.0, 0.0, -351.0, 0.0, 3.0, 0.0, 0.0]
2025-08-30 14:27:02,906 - INFO - [147.25, -4.44, -3.38, 147.25, -4.44, -3.38, 147.25, -4.44, -3.38, 91.0, 20.0, 39.0, 80.0, 0.0, -440.0, 0.0, 3.0, 0.0, 0.0]
2025-08-30 14:27:03,055 - INFO - [149.56, -4.56, -3.25, 149.56, -4.56, -3.25, 149.56, -4.56, -3.25, 46.0, 23.0, 41.0, 80.0, 0.0, -505.0, 0.0, 3.0, 0.0, 0.0]
2025-08-30 14:27:03,203 - INFO - [151.38, -4.56, -3.06, 151.38, -4.56, -3.06, 151.38, -4.56, -3.06, 25.0, 25.0, 43.0, 83.0, 0.0, -564.0, 0.0, 3.0, 0.0, 0.0]
2025-08-30 14:27:03,352 - INFO - [154.25, -4.75, -3.13, 154.25, -4.75, -3.13, 154.25, -4.75, -3.13, 25.0, 26.0, 45.0, 85.0, 0.0, -654.0, 0.0, 3.0, 0.0, 0.0]
2025-08-30 14:27:03,500 - INFO - [158.0, -4.88, -2.94, 158.0, -4.88, -2.94, 158.0, -4.88, -2.94, 53.0, 25.0, 128.0, 90.0, 0.0, -757.0, 0.0, 3.0, 0.0, 0.0]
2025-08-30 14:27:03,647 - INFO - [161.88, -5.0, -2.75, 161.88, -5.0, -2.75, 161.88, -5.0, -2.75, 92.0, 26.0, 124.0, 94.0, 0.0, -857.0, 0.0, 3.0, 0.0, 0.0]
2025-08-30 14:27:03,795 - INFO - [165.25, -4.94, -2.75, 165.25, -4.94, -2.75, 165.25, -4.94, -2.75, 89.0, 26.0, 122.0, 90.0, 0.0, -948.0, 0.0, 3.0, 0.0, 0.0]
2025-08-30 14:27:03,942 - INFO - [167.75, -5.0, -2.63, 167.75, -5.0, -2.63, 167.75, -5.0, -2.63, 90.0, 27.0, 121.0, 108.0, 0.0, -1029.0, 0.0, 3.0, 0.0, 0.0]
2025-08-30 14:27:04,091 - INFO - [170.25, -5.13, -2.44, 170.25, -5.13, -2.44, 170.25, -5.13, -2.44, 100.0, 27.0, 125.0, 96.0, 0.0, -1101.0, 0.0, 3.0, 0.0, 0.0]
2025-08-30 14:27:04,239 - INFO - [171.94, -5.13, -2.25, 171.94, -5.13, -2.25, 171.94, -5.13, -2.25, 96.0, 28.0, 128.0, 121.0, 0.0, -1153.0, 0.0, 3.0, 0.0, 0.0]
2025-08-30 14:27:04,387 - INFO - [174.0, -5.13, -2.25, 174.0, -5.13, -2.25, 174.0, -5.13, -2.25, 96.0, 28.0, 134.0, 96.0, 0.0, -1225.0, 0.0, 3.0, 0.0, 0.0]
2025-08-30 14:27:04,536 - INFO - [176.94, -5.19, -2.13, 176.94, -5.19, -2.13, 176.94, -5.19, -2.13, 102.0, 28.0, 121.0, 87.0, 0.0, -1321.0, 0.0, 3.0, 0.0, 0.0]
2025-08-30 14:27:04,685 - INFO - [180.69, -5.25, -1.88, 180.69, -5.25, -1.88, 180.69, -5.25, -1.88, 105.0, 27.0, 103.0, 11.0, 0.0, -1425.0, 0.0, 3.0, 0.0, 0.0]
2025-08-30 14:27:04,833 - INFO - [184.56, -5.44, -1.56, 184.56, -5.44, -1.56, 184.56, -5.44, -1.56, 105.0, 26.0, 109.0, 12.0, 0.0, -1525.0, 0.0, 3.0, 0.0, 0.0]
2025-08-30 14:27:04,982 - INFO - [187.56, -5.31, -1.69, 187.56, -5.31, -1.69, 187.56, -5.31, -1.69, 116.0, 26.0, 119.0, 67.0, 0.0, -1615.0, 0.0, 3.0, 0.0, 0.0]
2025-08-30 14:27:05,130 - INFO - [190.63, -5.44, -1.31, 190.63, -5.44, -1.31, 190.63, -5.44, -1.31, 122.0, 25.0, 113.0, 68.0, 0.0, -1698.0, 0.0, 3.0, 0.0, 0.0]
2025-08-30 14:27:05,279 - INFO - [192.69, -5.44, -1.13, 192.69, -5.44, -1.13, 192.69, -5.44, -1.13, 135.0, 25.0, 111.0, 64.0, 0.0, -1755.0, 0.0, 3.0, 0.0, 0.0]
2025-08-30 14:27:05,428 - INFO - [194.69, -5.5, -1.19, 194.69, -5.5, -1.19, 194.69, -5.5, -1.19, 147.0, 24.0, 104.0, 66.0, 0.0, -1816.0, 0.0, 3.0, 0.0, 0.0]
2025-08-30 14:27:05,577 - INFO - [197.56, -5.63, -1.44, 197.56, -5.63, -1.44, 197.56, -5.63, -1.44, 132.0, 23.0, 48.0, 60.0, 0.0, -1907.0, 0.0, 3.0, 0.0, 0.0]
2025-08-30 14:27:05,725 - INFO - [201.06, -5.56, -1.31, 201.06, -5.56, -1.31, 201.06, -5.56, -1.31, 71.0, 22.0, 49.0, 61.0, 0.0, -2008.0, 0.0, 3.0, 0.0, 0.0]
2025-08-30 14:27:05,872 - INFO - [204.38, -5.31, -1.69, 204.38, -5.31, -1.69, 204.38, -5.31, -1.69, 0.0, 22.0, 62.0, 63.0, 0.0, -2110.0, 0.0, 3.0, 0.0, 0.0]
2025-08-30 14:27:05,873 - WARNING - Might crash, too close
2025-08-30 14:27:06,027 - INFO - [207.5, -5.38, -1.56, 207.5, -5.38, -1.56, 207.5, -5.38, -1.56, 166.0, 21.0, 73.0, 60.0, 0.0, -2200.0, 0.0, 3.0, 0.0, 0.0]
2025-08-30 14:27:06,171 - INFO - [210.19, -5.38, -1.5, 210.19, -5.38, -1.5, 210.19, -5.38, -1.5, 159.0, 21.0, 108.0, 58.0, 0.0, -2286.0, 0.0, 3.0, 0.0, 0.0]
2025-08-30 14:27:06,321 - INFO - [212.94, -5.31, -1.5, 212.94, -5.31, -1.5, 212.94, -5.31, -1.5, 162.0, 20.0, 114.0, 60.0, 0.0, -2352.0, 0.0, 3.0, 0.0, 0.0]
2025-08-30 14:27:06,468 - INFO - [214.5, -4.81, -1.69, 214.5, -4.81, -1.69, 214.5, -4.81, -1.69, 156.0, 21.0, 116.0, 64.0, 0.0, -2404.0, 0.0, 3.0, 0.0, 0.0]
2025-08-30 14:27:06,616 - INFO - [216.63, -5.0, -1.94, 216.63, -5.0, -1.94, 216.63, -5.0, -1.94, 158.0, 20.0, 116.0, 64.0, 0.0, -2473.0, 0.0, 3.0, 0.0, 0.0]
2025-08-30 14:27:06,763 - INFO - [219.94, -5.13, -1.94, 219.94, -5.13, -1.94, 219.94, -5.13, -1.94, 154.0, 20.0, 120.0, 65.0, 0.0, -2567.0, 0.0, 3.0, 0.0, 0.0]
2025-08-30 14:27:06,912 - INFO - [223.63, -5.13, -2.0, 223.63, -5.13, -2.0, 223.63, -5.13, -2.0, 151.0, 18.0, 123.0, 67.0, 0.0, -2666.0, 0.0, 3.0, 0.0, 0.0]
2025-08-30 14:27:07,060 - INFO - [227.25, -5.31, -1.75, 227.25, -5.31, -1.75, 227.25, -5.31, -1.75, 148.0, 17.0, 122.0, 69.0, 0.0, -2765.0, 0.0, 3.0, 0.0, 0.0]
2025-08-30 14:27:07,208 - INFO - [229.75, -5.44, -1.75, 229.75, -5.44, -1.75, 229.75, -5.44, -1.75, 147.0, 16.0, 123.0, 69.0, 0.0, -2850.0, 0.0, 3.0, 0.0, 0.0]
2025-08-30 14:27:07,356 - INFO - [232.25, -5.38, -1.56, 232.25, -5.38, -1.56, 232.25, -5.38, -1.56, 145.0, 15.0, 114.0, 70.0, 0.0, -2933.0, 0.0, 3.0, 0.0, 0.0]
2025-08-30 14:27:07,504 - INFO - [234.56, -5.31, -1.5, 234.56, -5.31, -1.5, 234.56, -5.31, -1.5, 143.0, 14.0, 114.0, 71.0, 0.0, -2992.0, 0.0, 3.0, 0.0, 0.0]
2025-08-30 14:27:07,652 - INFO - [236.63, -5.38, -1.31, 236.63, -5.38, -1.31, 236.63, -5.38, -1.31, 144.0, 12.0, 107.0, 72.0, 0.0, -3050.0, 0.0, 3.0, 0.0, 0.0]
2025-08-30 14:27:07,800 - INFO - [239.5, -5.56, -1.5, 239.5, -5.56, -1.5, 239.5, -5.56, -1.5, 138.0, 12.0, 90.0, 74.0, 0.0, -3137.0, 0.0, 3.0, 0.0, 0.0]
2025-08-30 14:27:07,950 - INFO - [243.19, -5.5, -1.25, 243.19, -5.5, -1.25, 243.19, -5.5, -1.25, 142.0, 9.0, 41.0, 78.0, 0.0, -3240.0, 0.0, 3.0, 0.0, 0.0]
2025-08-30 14:27:07,950 - WARNING - Close to the right wall!
2025-08-30 14:27:08,099 - INFO - [247.25, -5.5, -1.0, 247.25, -5.5, -1.0, 247.25, -5.5, -1.0, 31.0, 6.0, 46.0, 84.0, 0.0, -3341.0, 0.0, 3.0, 0.0, 0.0]
2025-08-30 14:27:08,100 - WARNING - Close to the right wall!
2025-08-30 14:27:08,247 - INFO - [250.81, -5.56, -0.88, 250.81, -5.56, -0.88, 250.81, -5.56, -0.88, 22.0, 5.0, 109.0, 88.0, 0.0, -3435.0, 0.0, 3.0, 0.0, 0.0]
2025-08-30 14:27:08,248 - WARNING - Close to the right wall!
2025-08-30 14:27:08,395 - INFO - [253.06, -5.38, -0.81, 253.06, -5.38, -0.81, 253.06, -5.38, -0.81, 23.0, 9.0, 112.0, 49.0, 0.0, -3518.0, 0.0, 3.0, 0.0, 0.0]
2025-08-30 14:27:08,395 - WARNING - Close to the right wall!
2025-08-30 14:27:08,544 - INFO - [255.63, -5.44, -0.63, 255.63, -5.44, -0.63, 255.63, -5.44, -0.63, 12.0, 0.0, 110.0, 50.0, 0.0, -3590.0, 0.0, 3.0, 0.0, 0.0]
2025-08-30 14:27:08,544 - WARNING - Close to the right wall!
2025-08-30 14:27:08,693 - INFO - [257.25, -5.31, -0.44, 257.25, -5.31, -0.44, 257.25, -5.31, -0.44, 9.0, 0.0, 107.0, 93.0, 0.0, -3645.0, 0.0, 3.0, 0.0, 0.0]
2025-08-30 14:27:08,694 - WARNING - Close to the right wall!
2025-08-30 14:27:08,840 - INFO - [259.06, -5.25, -0.56, 259.06, -5.25, -0.56, 259.06, -5.25, -0.56, 5.0, 0.0, 107.0, 101.0, 0.0, -3698.0, 0.0, 3.0, 0.0, 0.0]
2025-08-30 14:27:08,841 - WARNING - Close to the right wall!
2025-08-30 14:27:08,989 - INFO - [259.0, -5.38, -0.44, 259.0, -5.38, -0.44, 259.0, -5.38, -0.44, 2.0, 0.0, 102.0, 102.0, 0.0, -3717.0, 0.0, 3.0, 0.0, 0.0]
2025-08-30 14:27:08,991 - WARNING - Close to the right wall!
2025-08-30 14:27:09,138 - INFO - [259.06, -5.38, -0.38, 259.06, -5.38, -0.38, 259.06, -5.38, -0.38, 0.0, 0.0, 108.0, 98.0, 0.0, -3739.0, 0.0, 3.0, 0.0, 0.0]
2025-08-30 14:27:09,138 - WARNING - Close to the right wall!
2025-08-30 14:27:09,287 - INFO - [259.0, -5.06, -1.25, 259.0, -5.06, -1.25, 259.0, -5.06, -1.25, 1.0, 0.0, 106.0, 100.0, 0.0, -3767.0, 0.0, 3.0, 0.0, 0.0]
2025-08-30 14:27:09,287 - WARNING - Close to the right wall!
2025-08-30 14:27:09,436 - INFO - [259.0, -4.88, -1.88, 259.0, -4.88, -1.88, 259.0, -4.88, -1.88, 7.0, 0.0, 104.0, 98.0, 0.0, -3790.0, 0.0, 3.0, 0.0, 0.0]
2025-08-30 14:27:09,438 - WARNING - Close to the right wall!
2025-08-30 14:27:09,584 - INFO - [258.94, -4.75, -2.25, 258.94, -4.75, -2.25, 258.94, -4.75, -2.25, 18.0, 0.0, 106.0, 96.0, 0.0, -3806.0, 0.0, 3.0, 0.0, 0.0]
2025-08-30 14:27:09,584 - WARNING - Close to the right wall!
2025-08-30 14:27:09,731 - INFO - [258.94, -4.63, -2.5, 258.94, -4.63, -2.5, 258.94, -4.63, -2.5, 0.0, 0.0, 104.0, 99.0, 0.0, -3817.0, 0.0, 3.0, 0.0, 0.0]
2025-08-30 14:27:09,732 - WARNING - Close to the right wall!
2025-08-30 14:27:09,881 - INFO - [258.94, -4.56, -2.75, 258.94, -4.56, -2.75, 258.94, -4.56, -2.75, 7.0, 0.0, 106.0, 96.0, 0.0, -3824.0, 0.0, 3.0, 0.0, 0.0]
2025-08-30 14:27:09,881 - WARNING - Close to the right wall!
2025-08-30 14:27:10,030 - INFO - [258.94, -4.5, -2.94, 258.94, -4.5, -2.94, 258.94, -4.5, -2.94, 0.0, 0.0, 106.0, 99.0, 0.0, -3834.0, 0.0, 3.0, 0.0, 0.0]
2025-08-30 14:27:10,030 - WARNING - Close to the right wall!
2025-08-30 14:27:10,177 - INFO - [258.94, -4.44, -3.06, 258.94, -4.44, -3.06, 258.94, -4.44, -3.06, 0.0, 0.0, 106.0, 95.0, 0.0, -3834.0, 0.0, 3.0, 0.0, 0.0]
2025-08-30 14:27:10,177 - WARNING - Close to the right wall!
2025-08-30 14:27:10,232 - INFO - Camera stopped
2025-08-30 14:27:12,046 - INFO - Camera closed successfully.
