2025-08-29 15:40:07,877 - INFO - Camera configuration has been adjusted!
2025-08-29 15:40:07,878 - INFO - Configuration successful!
2025-08-29 15:40:09,398 - INFO - Camera started
2025-08-29 15:40:09,455 - INFO - [187.63, -3.38, -3.56, 187.63, -3.38, -3.56, 187.63, -3.38, -3.56, 108.0, 74.0, 48228.0, 14.0, 809.0, -14796.0, 2.0, 3.0, 0.0, 0.0]
2025-08-29 15:40:10,036 - INFO - [187.63, -3.38, -3.56, 187.63, -3.38, -3.56, 187.63, -3.38, -3.56, 108.0, 74.0, 48228.0, 14.0, 809.0, -14796.0, 2.0, 3.0, 0.0, 0.0]
2025-08-29 15:40:10,276 - INFO - [187.69, -3.44, -3.56, 187.69, -3.44, -3.56, 187.69, -3.44, -3.56, 107.0, 74.0, 48228.0, 15.0, 809.0, -14838.0, 2.0, 3.0, 0.0, 0.0]
2025-08-29 15:40:10,401 - INFO - [188.44, -3.63, -3.5, 188.44, -3.63, -3.5, 188.44, -3.63, -3.5, 105.0, 72.0, 48228.0, 16.0, 809.0, -14911.0, 1.0, 3.0, 0.0, 0.0]
2025-08-29 15:40:10,526 - INFO - [190.31, -3.63, -3.44, 190.31, -3.63, -3.44, 190.31, -3.63, -3.44, 103.0, 10.0, 48228.0, 16.0, 809.0, -14972.0, 1.0, 3.0, 0.0, 0.0]
2025-08-29 15:40:10,651 - INFO - [192.06, -3.75, -3.25, 192.06, -3.75, -3.25, 192.06, -3.75, -3.25, 102.0, 9.0, 48228.0, 18.0, 809.0, -15034.0, 1.0, 3.0, 0.0, 0.0]
2025-08-29 15:40:10,652 - WARNING - Close to the right wall!
2025-08-29 15:40:10,776 - INFO - [194.44, -3.94, -3.38, 194.44, -3.94, -3.38, 194.44, -3.94, -3.38, 100.0, 9.0, 48228.0, 17.0, 328.0, -15117.0, 2.0, 3.0, 0.0, 0.0]
2025-08-29 15:40:10,777 - WARNING - Close to the right wall!
2025-08-29 15:40:10,901 - INFO - [197.44, -4.0, -3.25, 197.44, -4.0, -3.25, 197.44, -4.0, -3.25, 98.0, 9.0, 48228.0, 18.0, 328.0, -15212.0, 2.0, 3.0, 0.0, 0.0]
2025-08-29 15:40:10,901 - WARNING - Close to the right wall!
2025-08-29 15:40:11,025 - INFO - [200.06, -4.13, -3.13, 200.06, -4.13, -3.13, 200.06, -4.13, -3.13, 96.0, 68.0, 48228.0, 21.0, 328.0, -15312.0, 2.0, 3.0, 0.0, 0.0]
2025-08-29 15:40:11,150 - INFO - [202.81, -4.31, -3.13, 202.81, -4.31, -3.13, 202.81, -4.31, -3.13, 96.0, 68.0, 48228.0, 22.0, 328.0, -15409.0, 3.0, 3.0, 0.0, 0.0]
2025-08-29 15:40:11,275 - INFO - [205.13, -4.44, -2.94, 205.13, -4.44, -2.94, 205.13, -4.44, -2.94, 92.0, 68.0, 48228.0, 20.0, 328.0, -15498.0, 3.0, 3.0, 0.0, 0.0]
2025-08-29 15:40:11,399 - INFO - [207.5, -4.5, -2.81, 207.5, -4.5, -2.81, 207.5, -4.5, -2.81, 101.0, 68.0, 48228.0, 26.0, 328.0, -15570.0, 3.0, 3.0, 0.0, 0.0]
2025-08-29 15:40:11,524 - INFO - [209.44, -4.56, -2.63, 209.44, -4.56, -2.63, 209.44, -4.56, -2.63, 98.0, 67.0, 48228.0, 26.0, 328.0, -15630.0, 3.0, 3.0, 0.0, 0.0]
2025-08-29 15:40:11,649 - INFO - [211.69, -4.81, -2.63, 211.69, -4.81, -2.63, 211.69, -4.81, -2.63, 98.0, 66.0, 48228.0, 28.0, 328.0, -15709.0, 3.0, 3.0, 0.0, 0.0]
2025-08-29 15:40:11,773 - INFO - [214.75, -4.88, -2.63, 214.75, -4.88, -2.63, 214.75, -4.88, -2.63, 93.0, 68.0, 48228.0, 29.0, 328.0, -15798.0, 3.0, 3.0, 0.0, 0.0]
2025-08-29 15:40:11,897 - INFO - [217.5, -4.94, -2.56, 217.5, -4.94, -2.56, 217.5, -4.94, -2.56, 83.0, 67.0, 48228.0, 35.0, 328.0, -15895.0, 3.0, 3.0, 0.0, 0.0]
2025-08-29 15:40:12,022 - INFO - [219.94, -5.06, -2.38, 219.94, -5.06, -2.38, 219.94, -5.06, -2.38, 100.0, 65.0, 48228.0, 38.0, 328.0, -15989.0, 3.0, 3.0, 0.0, 0.0]
2025-08-29 15:40:12,146 - INFO - [222.06, -5.19, -2.38, 222.06, -5.19, -2.38, 222.06, -5.19, -2.38, 105.0, 63.0, 48228.0, 43.0, 328.0, -16079.0, 3.0, 3.0, 0.0, 0.0]
2025-08-29 15:40:12,273 - INFO - [224.25, -5.31, -2.19, 224.25, -5.31, -2.19, 224.25, -5.31, -2.19, 0.0, 64.0, 48228.0, 45.0, 328.0, -16159.0, 3.0, 3.0, 0.0, 0.0]
2025-08-29 15:40:12,274 - WARNING - Might crash, too close
2025-08-29 15:40:12,396 - INFO - [226.38, -5.38, -2.0, 226.38, -5.38, -2.0, 226.38, -5.38, -2.0, 0.0, 65.0, 48228.0, 48.0, 328.0, -16218.0, 3.0, 3.0, 0.0, 0.0]
2025-08-29 15:40:12,396 - WARNING - Might crash, too close
2025-08-29 15:40:12,522 - INFO - [228.56, -5.5, -2.0, 228.56, -5.5, -2.0, 228.56, -5.5, -2.0, 0.0, 61.0, 48228.0, 51.0, 328.0, -16293.0, 3.0, 3.0, 0.0, 0.0]
2025-08-29 15:40:12,522 - WARNING - Might crash, too close
2025-08-29 15:40:12,646 - INFO - [231.63, -5.5, -2.0, 231.63, -5.5, -2.0, 231.63, -5.5, -2.0, 96.0, 63.0, 48228.0, 60.0, 328.0, -16383.0, 3.0, 3.0, 0.0, 0.0]
2025-08-29 15:40:12,771 - INFO - [235.0, -5.56, -1.88, 235.0, -5.56, -1.88, 235.0, -5.56, -1.88, 0.0, 62.0, 48228.0, 66.0, 328.0, -16481.0, 3.0, 3.0, 0.0, 0.0]
2025-08-29 15:40:12,772 - WARNING - Might crash, too close
2025-08-29 15:40:12,894 - INFO - [237.88, -5.63, -1.63, 237.88, -5.63, -1.63, 237.88, -5.63, -1.63, 0.0, 65.0, 48228.0, 81.0, 328.0, -16578.0, 3.0, 3.0, 0.0, 0.0]
2025-08-29 15:40:12,895 - WARNING - Might crash, too close
2025-08-29 15:40:13,019 - INFO - [240.19, -5.63, -1.63, 240.19, -5.63, -1.63, 240.19, -5.63, -1.63, 119.0, 58.0, 48228.0, 66.0, 328.0, -16664.0, 3.0, 3.0, 0.0, 0.0]
2025-08-29 15:40:13,143 - INFO - [242.13, -5.44, -1.69, 242.13, -5.44, -1.69, 242.13, -5.44, -1.69, 124.0, 63.0, 48228.0, 68.0, 328.0, -16744.0, 3.0, 3.0, 0.0, 0.0]
2025-08-29 15:40:13,268 - INFO - [243.88, -5.38, -1.56, 243.88, -5.38, -1.56, 243.88, -5.38, -1.56, 124.0, 59.0, 48228.0, 58.0, 328.0, -16809.0, 3.0, 3.0, 0.0, 0.0]
2025-08-29 15:40:13,392 - INFO - [245.94, -5.44, -1.19, 245.94, -5.44, -1.19, 245.94, -5.44, -1.19, 133.0, 60.0, 48228.0, 67.0, 328.0, -16880.0, 3.0, 3.0, 0.0, 0.0]
2025-08-29 15:40:13,519 - INFO - [248.5, -5.5, -1.25, 248.5, -5.5, -1.25, 248.5, -5.5, -1.25, 142.0, 62.0, 48228.0, 56.0, 328.0, -16966.0, 3.0, 3.0, 0.0, 0.0]
2025-08-29 15:40:13,641 - INFO - [251.88, -5.38, -1.06, 251.88, -5.38, -1.06, 251.88, -5.38, -1.06, 162.0, 60.0, 48228.0, 51.0, 328.0, -17062.0, 3.0, 3.0, 0.0, 0.0]
2025-08-29 15:40:13,767 - INFO - [254.81, -5.44, -0.88, 254.81, -5.44, -0.88, 254.81, -5.44, -0.88, 133.0, 64.0, 48228.0, 56.0, 328.0, -17163.0, 3.0, 3.0, 0.0, 0.0]
2025-08-29 15:40:13,891 - INFO - [257.75, -5.5, -0.94, 257.75, -5.5, -0.94, 257.75, -5.5, -0.94, 23.0, 64.0, 48228.0, 56.0, 328.0, -17257.0, 3.0, 3.0, 0.0, 0.0]
2025-08-29 15:40:14,017 - INFO - [259.94, -5.56, -0.94, 259.94, -5.56, -0.94, 259.94, -5.56, -0.94, 16.0, 65.0, 48228.0, 57.0, 328.0, -17345.0, 3.0, 3.0, 0.0, 0.0]
2025-08-29 15:40:14,142 - INFO - [261.88, -5.44, -0.81, 261.88, -5.44, -0.81, 261.88, -5.44, -0.81, 13.0, 64.0, 48228.0, 58.0, 328.0, -17411.0, 3.0, 3.0, 0.0, 0.0]
2025-08-29 15:40:14,143 - WARNING - Might crash, too close
2025-08-29 15:40:14,267 - INFO - [263.75, -5.38, -0.56, 263.75, -5.38, -0.56, 263.75, -5.38, -0.56, 11.0, 65.0, 48228.0, 56.0, 328.0, -17473.0, 3.0, 3.0, 0.0, 0.0]
2025-08-29 15:40:14,268 - WARNING - Might crash, too close
2025-08-29 15:40:14,392 - INFO - [265.81, -5.44, -0.63, 265.81, -5.44, -0.63, 265.81, -5.44, -0.63, 8.0, 64.0, 48228.0, 59.0, 328.0, -17554.0, 3.0, 3.0, 0.0, 0.0]
2025-08-29 15:40:14,393 - WARNING - Might crash, too close
2025-08-29 15:40:14,516 - INFO - [268.81, -5.44, -0.44, 268.81, -5.44, -0.44, 268.81, -5.44, -0.44, 45.0, 77.0, 48228.0, 59.0, 328.0, -17643.0, 3.0, 3.0, 0.0, 0.0]
2025-08-29 15:40:14,641 - INFO - [271.69, -5.25, -0.5, 271.69, -5.25, -0.5, 271.69, -5.25, -0.5, 209.0, 107.0, 48228.0, 60.0, 328.0, -17738.0, 3.0, 3.0, 0.0, 0.0]
2025-08-29 15:40:14,765 - INFO - [274.69, -5.06, -0.81, 274.69, -5.06, -0.81, 274.69, -5.06, -0.81, 205.0, 226.0, 48228.0, 62.0, 328.0, -17833.0, 3.0, 3.0, 0.0, 0.0]
2025-08-29 15:40:14,890 - INFO - [276.75, -5.13, -0.75, 276.75, -5.13, -0.75, 276.75, -5.13, -0.75, 202.0, 225.0, 48228.0, 0.0, 328.0, -17915.0, 3.0, 3.0, 0.0, 0.0]
2025-08-29 15:40:14,891 - WARNING - Close to the left wall!
2025-08-29 15:40:15,016 - INFO - [278.94, -5.19, -0.63, 278.94, -5.19, -0.63, 278.94, -5.19, -0.63, 200.0, 219.0, 48228.0, 0.0, 328.0, -17986.0, 3.0, 3.0, 0.0, 0.0]
2025-08-29 15:40:15,017 - WARNING - Close to the left wall!
2025-08-29 15:40:15,141 - INFO - [280.56, -5.0, -0.5, 280.56, -5.0, -0.5, 280.56, -5.0, -0.5, 201.0, 164.0, 48228.0, 0.0, 328.0, -18032.0, 3.0, 3.0, 0.0, 0.0]
2025-08-29 15:40:15,142 - WARNING - Close to the left wall!
2025-08-29 15:40:15,266 - INFO - [281.69, -5.13, -0.31, 281.69, -5.13, -0.31, 281.69, -5.13, -0.31, 198.0, 26.0, 48228.0, 0.0, 6412.0, -18072.0, 3.0, 3.0, 0.0, 0.0]
2025-08-29 15:40:15,267 - WARNING - Close to the left wall!
2025-08-29 15:40:15,391 - INFO - [283.25, -5.25, -0.31, 283.25, -5.25, -0.31, 283.25, -5.25, -0.31, 199.0, 23.0, 48228.0, 4.0, 6412.0, -18130.0, 3.0, 3.0, 0.0, 0.0]
2025-08-29 15:40:15,391 - WARNING - Close to the left wall!
2025-08-29 15:40:15,514 - INFO - [285.25, -5.13, -0.38, 285.25, -5.13, -0.38, 285.25, -5.13, -0.38, 200.0, 22.0, 48228.0, 65.0, 6412.0, -18198.0, 3.0, 3.0, 0.0, 0.0]
2025-08-29 15:40:15,639 - INFO - [287.38, -5.13, -0.13, 287.38, -5.13, -0.13, 287.38, -5.13, -0.13, 201.0, 21.0, 48228.0, 66.0, 6412.0, -18267.0, 3.0, 3.0, 0.0, 0.0]
2025-08-29 15:40:15,762 - INFO - [289.5, -5.06, 0.0, 289.5, -5.06, 0.0, 289.5, -5.06, 0.0, 199.0, 20.0, 48228.0, 67.0, 6412.0, -18339.0, 3.0, 3.0, 0.0, 0.0]
2025-08-29 15:40:15,888 - INFO - [291.75, -5.13, -0.06, 291.75, -5.13, -0.06, 291.75, -5.13, -0.06, 108.0, 20.0, 48228.0, 70.0, 6412.0, -18423.0, 3.0, 3.0, 0.0, 0.0]
2025-08-29 15:40:16,012 - INFO - [294.0, -5.06, -0.31, 294.0, -5.06, -0.31, 294.0, -5.06, -0.31, 75.0, 17.0, 48228.0, 71.0, 6412.0, -18506.0, 3.0, 3.0, 0.0, 0.0]
2025-08-29 15:40:16,137 - INFO - [296.13, -5.13, -0.06, 296.13, -5.13, -0.06, 296.13, -5.13, -0.06, 60.0, 19.0, 48228.0, 70.0, 6412.0, -18587.0, 3.0, 3.0, 0.0, 0.0]
2025-08-29 15:40:16,261 - INFO - [298.06, -5.0, 0.0, 298.06, -5.0, 0.0, 298.06, -5.0, 0.0, 52.0, 15.0, 48228.0, 75.0, 6412.0, -18651.0, 3.0, 3.0, 0.0, 0.0]
2025-08-29 15:40:16,385 - INFO - [300.25, -5.0, 0.25, 300.25, -5.0, 0.25, 300.25, -5.0, 0.25, 43.0, 13.0, 48228.0, 81.0, 6412.0, -18717.0, 3.0, 3.0, 0.0, 0.0]
2025-08-29 15:40:16,510 - INFO - [302.94, -4.94, 0.25, 302.94, -4.94, 0.25, 302.94, -4.94, 0.25, 35.0, 15.0, 48228.0, 82.0, 6412.0, -18804.0, 3.0, 3.0, 0.0, 0.0]
2025-08-29 15:40:16,634 - INFO - [306.0, -4.94, 0.0, 306.0, -4.94, 0.0, 306.0, -4.94, 0.0, 27.0, 14.0, 48228.0, 88.0, 6412.0, -18896.0, 3.0, 3.0, 0.0, 0.0]
2025-08-29 15:40:16,758 - INFO - [309.0, -4.75, 0.0, 309.0, -4.75, 0.0, 309.0, -4.75, 0.0, 21.0, 8.0, 48228.0, 91.0, 6412.0, -18992.0, 3.0, 3.0, 0.0, 0.0]
2025-08-29 15:40:16,758 - WARNING - Close to the right wall!
2025-08-29 15:40:16,884 - INFO - [311.19, -4.75, -0.06, 311.19, -4.75, -0.06, 311.19, -4.75, -0.06, 23.0, 3.0, 48228.0, 93.0, 6412.0, -19085.0, 3.0, 3.0, 0.0, 0.0]
2025-08-29 15:40:16,886 - WARNING - Close to the right wall!
2025-08-29 15:40:17,008 - INFO - [313.31, -4.75, 0.06, 313.31, -4.75, 0.06, 313.31, -4.75, 0.06, 11.0, 5.0, 48228.0, 93.0, 6412.0, -19173.0, 3.0, 3.0, 0.0, 0.0]
2025-08-29 15:40:17,009 - WARNING - Close to the right wall!
2025-08-29 15:40:17,133 - INFO - [315.5, -4.81, 0.13, 315.5, -4.81, 0.13, 315.5, -4.81, 0.13, 11.0, 1.0, 48228.0, 110.0, 6412.0, -19246.0, 3.0, 3.0, 0.0, 0.0]
2025-08-29 15:40:17,134 - WARNING - Close to the right wall!
2025-08-29 15:40:17,259 - INFO - [317.69, -4.69, 0.31, 317.69, -4.69, 0.31, 317.69, -4.69, 0.31, 0.0, 0.0, 48228.0, 107.0, 0.0, -19311.0, 3.0, 3.0, 0.0, 0.0]
2025-08-29 15:40:17,259 - WARNING - Close to the right wall!
2025-08-29 15:40:17,383 - INFO - [317.88, -4.75, 0.13, 317.88, -4.75, 0.13, 317.88, -4.75, 0.13, 0.0, 0.0, 48228.0, 114.0, 0.0, -19354.0, 3.0, 3.0, 0.0, 0.0]
2025-08-29 15:40:17,384 - WARNING - Close to the right wall!
2025-08-29 15:40:17,507 - INFO - [317.81, -4.75, 0.19, 317.81, -4.75, 0.19, 317.81, -4.75, 0.19, 0.0, 0.0, 48228.0, 108.0, 0.0, -19354.0, 3.0, 3.0, 0.0, 0.0]
2025-08-29 15:40:17,508 - WARNING - Close to the right wall!
2025-08-29 15:40:17,563 - INFO - Camera stopped
2025-08-29 15:40:19,173 - INFO - Camera closed successfully.
