2025-08-30 14:29:00,080 - INFO - Camera configuration has been adjusted!
2025-08-30 14:29:00,082 - INFO - Configuration successful!
2025-08-30 14:29:01,606 - INFO - Camera started
2025-08-30 14:29:01,629 - INFO - [359.94, -3.81, -3.38, 359.94, -3.81, -3.38, 359.94, -3.81, -3.38, 103.0, 10.0, 90.0, 70.0, 0.0, 0.0, 0.0, 3.0, 0.0, 0.0]
2025-08-30 14:29:02,181 - INFO - [0.06, -3.81, -3.44, 0.06, -3.81, -3.44, 0.06, -3.81, -3.44, 103.0, 10.0, 90.0, 68.0, 0.0, 0.0, 0.0, 3.0, 0.0, 0.0]
2025-08-30 14:29:02,330 - INFO - [0.06, -3.81, -3.44, 0.06, -3.81, -3.44, 0.06, -3.81, -3.44, 103.0, 10.0, 90.0, 68.0, 0.0, -19.0, 0.0, 3.0, 0.0, 0.0]
2025-08-30 14:29:02,613 - INFO - [1.88, -4.06, -3.44, 1.88, -4.06, -3.44, 1.88, -4.06, -3.44, 100.0, 9.0, 49.0, 15.0, 0.0, -165.0, 0.0, 3.0, 0.0, 0.0]
2025-08-30 14:29:02,613 - WARNING - Close to the right wall!
2025-08-30 14:29:02,760 - INFO - [4.94, -4.19, -3.31, 4.94, -4.19, -3.31, 4.94, -4.19, -3.31, 94.0, 20.0, 56.0, 79.0, 0.0, -260.0, 0.0, 3.0, 0.0, 0.0]
2025-08-30 14:29:02,908 - INFO - [8.13, -4.31, -3.31, 8.13, -4.31, -3.31, 8.13, -4.31, -3.31, 91.0, 28.0, 0.0, 81.0, 0.0, -354.0, 0.0, 3.0, 0.0, 0.0]
2025-08-30 14:29:03,053 - INFO - [10.81, -4.44, -3.19, 10.81, -4.44, -3.19, 10.81, -4.44, -3.19, 86.0, 32.0, 62.0, 82.0, 0.0, -442.0, 0.0, 3.0, 0.0, 0.0]
2025-08-30 14:29:03,201 - INFO - [13.81, -4.56, -3.0, 13.81, -4.56, -3.0, 13.81, -4.56, -3.0, 27.0, 32.0, 91.0, 83.0, 0.0, -520.0, 0.0, 3.0, 0.0, 0.0]
2025-08-30 14:29:03,347 - INFO - [16.06, -4.5, -2.81, 16.06, -4.5, -2.81, 16.06, -4.5, -2.81, 25.0, 33.0, 135.0, 86.0, 0.0, -586.0, 0.0, 3.0, 0.0, 0.0]
2025-08-30 14:29:03,495 - INFO - [19.06, -4.88, -2.88, 19.06, -4.88, -2.88, 19.06, -4.88, -2.88, 23.0, 32.0, 140.0, 86.0, 0.0, -675.0, 0.0, 3.0, 0.0, 0.0]
2025-08-30 14:29:03,644 - INFO - [22.5, -4.94, -2.75, 22.5, -4.94, -2.75, 22.5, -4.94, -2.75, 81.0, 31.0, 144.0, 88.0, 0.0, -762.0, 0.0, 3.0, 0.0, 0.0]
2025-08-30 14:29:03,792 - INFO - [25.75, -4.75, -2.69, 25.75, -4.75, -2.69, 25.75, -4.75, -2.69, 88.0, 31.0, 128.0, 96.0, 0.0, -855.0, 0.0, 3.0, 0.0, 0.0]
2025-08-30 14:29:03,938 - INFO - [28.94, -4.94, -2.44, 28.94, -4.94, -2.44, 28.94, -4.94, -2.44, 86.0, 31.0, 123.0, 93.0, 0.0, -949.0, 0.0, 3.0, 0.0, 0.0]
2025-08-30 14:29:04,086 - INFO - [31.44, -5.06, -2.31, 31.44, -5.06, -2.31, 31.44, -5.06, -2.31, 87.0, 31.0, 117.0, 104.0, 0.0, -1039.0, 0.0, 3.0, 0.0, 0.0]
2025-08-30 14:29:04,235 - INFO - [34.25, -5.13, -2.19, 34.25, -5.13, -2.19, 34.25, -5.13, -2.19, 92.0, 32.0, 126.0, 111.0, 0.0, -1122.0, 0.0, 3.0, 0.0, 0.0]
2025-08-30 14:29:04,382 - INFO - [36.56, -5.19, -1.94, 36.56, -5.19, -1.94, 36.56, -5.19, -1.94, 91.0, 33.0, 132.0, 119.0, 0.0, -1187.0, 0.0, 3.0, 0.0, 0.0]
2025-08-30 14:29:04,530 - INFO - [39.31, -5.31, -1.88, 39.31, -5.31, -1.88, 39.31, -5.31, -1.88, 93.0, 31.0, 138.0, 89.0, 0.0, -1273.0, 0.0, 3.0, 0.0, 0.0]
2025-08-30 14:29:04,678 - INFO - [42.88, -5.31, -1.75, 42.88, -5.31, -1.75, 42.88, -5.31, -1.75, 99.0, 30.0, 112.0, 11.0, 0.0, -1364.0, 0.0, 3.0, 0.0, 0.0]
2025-08-30 14:29:04,825 - INFO - [46.63, -5.25, -1.63, 46.63, -5.25, -1.63, 46.63, -5.25, -1.63, 107.0, 30.0, 105.0, 11.0, 0.0, -1458.0, 0.0, 3.0, 0.0, 0.0]
2025-08-30 14:29:04,972 - INFO - [50.06, -5.38, -1.31, 50.06, -5.38, -1.31, 50.06, -5.38, -1.31, 112.0, 29.0, 114.0, 61.0, 0.0, -1553.0, 0.0, 3.0, 0.0, 0.0]
2025-08-30 14:29:05,120 - INFO - [52.94, -5.25, -1.56, 52.94, -5.25, -1.56, 52.94, -5.25, -1.56, 112.0, 29.0, 122.0, 73.0, 0.0, -1647.0, 0.0, 3.0, 0.0, 0.0]
2025-08-30 14:29:05,267 - INFO - [55.69, -5.31, -1.31, 55.69, -5.31, -1.31, 55.69, -5.31, -1.31, 120.0, 28.0, 112.0, 63.0, 0.0, -1734.0, 0.0, 3.0, 0.0, 0.0]
2025-08-30 14:29:05,414 - INFO - [57.5, -5.31, -1.06, 57.5, -5.31, -1.06, 57.5, -5.31, -1.06, 130.0, 29.0, 107.0, 65.0, 0.0, -1806.0, 0.0, 3.0, 0.0, 0.0]
2025-08-30 14:29:05,561 - INFO - [60.44, -5.38, -1.0, 60.44, -5.38, -1.0, 60.44, -5.38, -1.0, 138.0, 27.0, 68.0, 62.0, 0.0, -1893.0, 0.0, 3.0, 0.0, 0.0]
2025-08-30 14:29:05,708 - INFO - [64.25, -5.38, -0.94, 64.25, -5.38, -0.94, 64.25, -5.38, -0.94, 72.0, 27.0, 51.0, 63.0, 0.0, -1988.0, 0.0, 3.0, 0.0, 0.0]
2025-08-30 14:29:05,857 - INFO - [67.63, -5.31, -0.69, 67.63, -5.31, -0.69, 67.63, -5.31, -0.69, 68.0, 26.0, 63.0, 57.0, 0.0, -2082.0, 0.0, 3.0, 0.0, 0.0]
2025-08-30 14:29:05,871 - INFO - Turn completed
2025-08-30 14:29:06,004 - INFO - [71.38, -5.25, -0.5, 71.38, -5.25, -0.5, 71.38, -5.25, -0.5, 169.0, 25.0, 75.0, 57.0, 0.0, -2179.0, 0.0, 3.0, 0.0, 0.0]
2025-08-30 14:29:06,152 - INFO - [74.5, -5.06, -0.69, 74.5, -5.06, -0.69, 74.5, -5.06, -0.69, 168.0, 24.0, 111.0, 58.0, 0.0, -2236.0, 0.0, 3.0, 0.0, 0.0]
2025-08-30 14:29:06,300 - INFO - [75.25, -4.94, -0.75, 75.25, -4.94, -0.75, 75.25, -4.94, -0.75, 156.0, 24.0, 115.0, 57.0, 0.0, -2190.0, 0.0, 3.0, 0.0, 0.0]
2025-08-30 14:29:06,448 - INFO - [73.88, -4.31, -1.19, 73.88, -4.31, -1.19, 73.88, -4.31, -1.19, 174.0, 24.0, 95.0, 56.0, 0.0, -2105.0, 0.0, 3.0, 0.0, 0.0]
2025-08-30 14:29:06,597 - INFO - [73.25, -3.94, -1.5, 73.25, -3.94, -1.5, 73.25, -3.94, -1.5, 156.0, 23.0, 75.0, 59.0, 0.0, -1984.0, 0.0, 3.0, 0.0, 0.0]
2025-08-30 14:29:06,743 - INFO - [72.75, -3.88, -1.69, 72.75, -3.88, -1.69, 72.75, -3.88, -1.69, 180.0, 22.0, 67.0, 62.0, 0.0, -1838.0, 0.0, 3.0, 0.0, 0.0]
2025-08-30 14:29:06,891 - INFO - [72.19, -3.94, -1.56, 72.19, -3.94, -1.56, 72.19, -3.94, -1.56, 177.0, 21.0, 61.0, 63.0, 0.0, -1682.0, 0.0, 3.0, 0.0, 0.0]
2025-08-30 14:29:06,891 - INFO - Going back
2025-08-30 14:29:07,038 - INFO - [71.69, -4.0, -1.75, 71.69, -4.0, -1.75, 71.69, -4.0, -1.75, 191.0, 21.0, 56.0, 65.0, 0.0, -1570.0, 0.0, 3.0, 0.0, 0.0]
2025-08-30 14:29:07,075 - INFO - Camera stopped
2025-08-30 14:29:08,886 - INFO - Camera closed successfully.
