2025-08-29 19:43:48,417 - INFO - Camera configuration has been adjusted!
2025-08-29 19:43:48,418 - INFO - Configuration successful!
2025-08-29 19:43:49,945 - INFO - Camera started
2025-08-29 19:43:50,178 - INFO - [359.94, -3.75, -2.44, 359.94, -3.75, -2.44, 359.94, -3.75, -2.44, 103.0, 12.0, 161.0, 60.0, 0.0, 0.0, 0.0, 3.0, 0.0, 0.0, 0.0, 0.0, 0.0, 1.0]
2025-08-29 19:43:50,666 - INFO - [359.94, -3.81, -2.5, 359.94, -3.81, -2.5, 359.94, -3.81, -2.5, 103.0, 12.0, 161.0, 58.0, 0.0, 0.0, 0.0, 3.0, 0.0, 0.0, 0.0, 90.0, 0.0, 1.0]
2025-08-29 19:43:50,910 - INFO - [0.0, -3.81, -2.56, 0.0, -3.81, -2.56, 0.0, -3.81, -2.56, 103.0, 12.0, 160.0, 59.0, 0.0, 0.0, 0.0, 3.0, 0.0, 0.0, 200.0, 15.0, 0.0, 1.0]
2025-08-29 19:43:51,154 - INFO - [359.94, -3.75, -2.5, 359.94, -3.75, -2.5, 359.94, -3.75, -2.5, 102.0, 12.0, 156.0, 12.0, 0.0, -74.0, 0.0, 3.0, 0.0, 0.0, 200.0, 15.0, 0.0, 1.0]
2025-08-29 19:43:51,398 - INFO - [357.94, -3.81, -2.56, 357.94, -3.81, -2.56, 357.94, -3.81, -2.56, 98.0, 216.0, 148.0, 11.0, 0.0, -233.0, 0.0, 3.0, 0.0, 0.0, 200.0, 15.0, 0.0, 1.0]
2025-08-29 19:43:51,643 - INFO - [353.63, -3.56, -2.56, 353.63, -3.56, -2.56, 353.63, -3.56, -2.56, 91.0, 218.0, 133.0, 56.0, 0.0, -385.0, 0.0, 3.0, 0.0, 0.0, 200.0, 15.0, 0.0, 1.0]
2025-08-29 19:43:51,887 - INFO - [349.81, -3.44, -2.63, 349.81, -3.44, -2.63, 349.81, -3.44, -2.63, 87.0, 225.0, 115.0, 52.0, 0.0, -544.0, 0.0, 3.0, 0.0, 0.0, 200.0, 15.0, 0.0, 1.0]
2025-08-29 19:43:52,133 - INFO - [346.0, -3.31, -2.69, 346.0, -3.31, -2.69, 346.0, -3.31, -2.69, 83.0, 215.0, 79.0, 51.0, 0.0, -694.0, 0.0, 3.0, 0.0, 0.0, 200.0, 15.0, 0.0, 1.0]
2025-08-29 19:43:52,377 - INFO - [342.56, -3.44, -2.63, 342.56, -3.44, -2.63, 342.56, -3.44, -2.63, 83.0, 126.0, 68.0, 53.0, 0.0, -843.0, 0.0, 3.0, 0.0, 0.0, 200.0, 15.0, 0.0, 1.0]
2025-08-29 19:43:52,622 - INFO - [338.94, -3.25, -2.5, 338.94, -3.25, -2.5, 338.94, -3.25, -2.5, 79.0, 28.0, 59.0, 55.0, 0.0, -990.0, 0.0, 3.0, 0.0, 0.0, 200.0, 15.0, 0.0, 1.0]
2025-08-29 19:43:52,866 - INFO - [335.56, -3.06, -2.56, 335.56, -3.06, -2.56, 335.56, -3.06, -2.56, 76.0, 60.0, 56.0, 56.0, 0.0, -1141.0, 0.0, 3.0, 0.0, 0.0, 200.0, 165.0, 0.0, 1.0]
2025-08-29 19:43:53,111 - INFO - [331.56, -3.06, -2.56, 331.56, -3.06, -2.56, 331.56, -3.06, -2.56, 78.0, 141.0, 52.0, 57.0, 0.0, -1288.0, 0.0, 3.0, 0.0, 0.0, 200.0, 165.0, 0.0, 1.0]
2025-08-29 19:43:53,355 - INFO - [332.0, -3.06, -2.69, 332.0, -3.06, -2.69, 332.0, -3.06, -2.69, 69.0, 152.0, 62.0, 58.0, 0.0, -1469.0, 0.0, 3.0, 0.0, 0.0, 200.0, 165.0, 0.0, 1.0]
2025-08-29 19:43:53,600 - INFO - [338.25, -3.38, -2.63, 338.25, -3.38, -2.63, 338.25, -3.38, -2.63, 57.0, 175.0, 87.0, 57.0, 0.0, -1645.0, 0.0, 3.0, 0.0, 0.0, 200.0, 165.0, 0.0, 1.0]
2025-08-29 19:43:53,844 - INFO - [344.0, -3.63, -2.63, 344.0, -3.63, -2.63, 344.0, -3.63, -2.63, 51.0, 208.0, 107.0, 53.0, 0.0, -1796.0, 0.0, 3.0, 0.0, 0.0, 200.0, 165.0, 0.0, 1.0]
2025-08-29 19:43:54,091 - INFO - [347.81, -3.75, -2.38, 347.81, -3.75, -2.38, 347.81, -3.75, -2.38, 45.0, 242.0, 132.0, 54.0, 0.0, -1905.0, 0.0, 3.0, 0.0, 0.0, 200.0, 165.0, 0.0, 1.0]
2025-08-29 19:43:54,336 - INFO - [352.19, -3.88, -2.31, 352.19, -3.88, -2.31, 352.19, -3.88, -2.31, 42.0, 236.0, 138.0, 54.0, 0.0, -2053.0, 0.0, 3.0, 0.0, 0.0, 200.0, 165.0, 0.0, 1.0]
2025-08-29 19:43:54,582 - INFO - [358.56, -4.06, -2.13, 358.56, -4.06, -2.13, 358.56, -4.06, -2.13, 37.0, 128.0, 144.0, 57.0, 0.0, -2230.0, 0.0, 3.0, 0.0, 0.0, 200.0, 165.0, 0.0, 1.0]
2025-08-29 19:43:54,826 - INFO - [3.94, -4.25, -2.13, 3.94, -4.25, -2.13, 3.94, -4.25, -2.13, 34.0, 226.0, 41.0, 59.0, 0.0, -2397.0, 0.0, 3.0, 0.0, 0.0, 200.0, 165.0, 0.0, 1.0]
2025-08-29 19:43:55,069 - INFO - [8.56, -4.19, -2.06, 8.56, -4.19, -2.06, 8.56, -4.19, -2.06, 27.0, 233.0, 66.0, 61.0, 0.0, -2513.0, 0.0, 3.0, 0.0, 0.0, 200.0, 165.0, 0.0, 1.0]
2025-08-29 19:43:55,314 - INFO - [12.0, -4.25, -1.88, 12.0, -4.25, -1.88, 12.0, -4.25, -1.88, 24.0, 244.0, 153.0, 62.0, 0.0, -2639.0, 0.0, 3.0, 0.0, 0.0, 200.0, 165.0, 0.0, 1.0]
2025-08-29 19:43:55,558 - INFO - [17.25, -4.25, -1.63, 17.25, -4.25, -1.63, 17.25, -4.25, -1.63, 21.0, 0.0, 118.0, 71.0, 0.0, -2787.0, 0.0, 3.0, 0.0, 0.0, 200.0, 165.0, 0.0, 1.0]
2025-08-29 19:43:55,558 - WARNING - Close to the right wall!
2025-08-29 19:43:55,802 - INFO - [23.06, -4.38, -1.5, 23.06, -4.38, -1.5, 23.06, -4.38, -1.5, 12.0, 0.0, 112.0, 38.0, 0.0, -2934.0, 0.0, 3.0, 0.0, 0.0, 200.0, 165.0, 0.0, 1.0]
2025-08-29 19:43:55,839 - WARNING - Close to the right wall!
2025-08-29 19:43:56,047 - INFO - [27.13, -4.38, -1.44, 27.13, -4.38, -1.44, 27.13, -4.38, -1.44, 15.0, 0.0, 114.0, 24.0, 0.0, -3075.0, 0.0, 3.0, 0.0, 0.0, 200.0, 165.0, 0.0, 1.0]
2025-08-29 19:43:56,048 - WARNING - Close to the right wall!
2025-08-29 19:43:56,292 - INFO - [30.56, -4.44, -1.13, 30.56, -4.44, -1.13, 30.56, -4.44, -1.13, 24.0, 0.0, 121.0, 4.0, 0.0, -3192.0, 0.0, 3.0, 0.0, 0.0, 200.0, 165.0, 0.0, 1.0]
2025-08-29 19:43:56,292 - WARNING - Close to the left wall!
2025-08-29 19:43:56,536 - INFO - [36.06, -4.44, -1.25, 36.06, -4.44, -1.25, 36.06, -4.44, -1.25, 12.0, 146.0, 87.0, 2.0, 0.0, -3354.0, 0.0, 3.0, 0.0, 0.0, 200.0, 165.0, 0.0, 1.0]
2025-08-29 19:43:56,536 - WARNING - Close to the left wall!
2025-08-29 19:43:56,780 - INFO - [42.38, -4.56, -1.06, 42.38, -4.56, -1.06, 42.38, -4.56, -1.06, 0.0, 126.0, 101.0, 0.0, 0.0, -3515.0, 0.0, 3.0, 0.0, 0.0, 200.0, 165.0, 0.0, 1.0]
2025-08-29 19:43:56,780 - WARNING - Close to the left wall!
2025-08-29 19:43:57,024 - INFO - [46.94, -4.5, -0.94, 46.94, -4.5, -0.94, 46.94, -4.5, -0.94, 0.0, 122.0, 101.0, 0.0, 0.0, -3655.0, 0.0, 3.0, 0.0, 0.0, 200.0, 165.0, 0.0, 1.0]
2025-08-29 19:43:57,024 - WARNING - Close to the left wall!
2025-08-29 19:43:57,268 - INFO - [50.5, -4.5, -0.63, 50.5, -4.5, -0.63, 50.5, -4.5, -0.63, 31.0, 114.0, 100.0, 0.0, 0.0, -3765.0, 0.0, 3.0, 0.0, 0.0, 200.0, 165.0, 0.0, 1.0]
2025-08-29 19:43:57,268 - WARNING - Close to the left wall!
2025-08-29 19:43:57,512 - INFO - [54.88, -4.56, -0.63, 54.88, -4.56, -0.63, 54.88, -4.56, -0.63, 0.0, 110.0, 100.0, 0.0, 0.0, -3915.0, 0.0, 3.0, 0.0, 0.0, 200.0, 165.0, 0.0, 1.0]
2025-08-29 19:43:57,512 - WARNING - Close to the left wall!
2025-08-29 19:43:57,758 - INFO - [60.63, -4.38, -0.56, 60.63, -4.38, -0.56, 60.63, -4.38, -0.56, 6.0, 101.0, 97.0, 0.0, 0.0, -4078.0, 0.0, 3.0, 0.0, 0.0, 200.0, 165.0, 0.0, 1.0]
2025-08-29 19:43:57,758 - WARNING - Close to the left wall!
2025-08-29 19:43:58,002 - INFO - [66.31, -4.63, -0.25, 66.31, -4.63, -0.25, 66.31, -4.63, -0.25, 4.0, 100.0, 94.0, 0.0, 0.0, -4170.0, 0.0, 3.0, 0.0, 0.0, 200.0, 165.0, 0.0, 1.0]
2025-08-29 19:43:58,002 - WARNING - Close to the left wall!
2025-08-29 19:43:58,247 - INFO - [66.81, -4.44, -0.38, 66.81, -4.44, -0.38, 66.81, -4.44, -0.38, 14.0, 99.0, 96.0, 0.0, 0.0, -4170.0, 0.0, 3.0, 0.0, 0.0, 200.0, 165.0, 0.0, 1.0]
2025-08-29 19:43:58,247 - WARNING - Close to the left wall!
2025-08-29 19:43:58,491 - INFO - [66.81, -4.31, -1.0, 66.81, -4.31, -1.0, 66.81, -4.31, -1.0, 11.0, 96.0, 95.0, 0.0, 0.0, -4170.0, 0.0, 3.0, 0.0, 0.0, 200.0, 165.0, 0.0, 1.0]
2025-08-29 19:43:58,492 - WARNING - Close to the left wall!
2025-08-29 19:43:58,736 - INFO - [66.75, -4.19, -1.44, 66.75, -4.19, -1.44, 66.75, -4.19, -1.44, 0.0, 101.0, 96.0, 0.0, 0.0, -4170.0, 0.0, 3.0, 0.0, 0.0, 200.0, 165.0, 0.0, 1.0]
2025-08-29 19:43:58,736 - WARNING - Close to the left wall!
2025-08-29 19:43:58,980 - INFO - [66.75, -4.13, -1.69, 66.75, -4.13, -1.69, 66.75, -4.13, -1.69, 8.0, 97.0, 97.0, 0.0, 0.0, -4170.0, 0.0, 3.0, 0.0, 0.0, 200.0, 165.0, 0.0, 1.0]
2025-08-29 19:43:58,980 - WARNING - Close to the left wall!
2025-08-29 19:43:59,225 - INFO - [66.75, -4.13, -1.88, 66.75, -4.13, -1.88, 66.75, -4.13, -1.88, 10.0, 100.0, 97.0, 0.0, 0.0, -4170.0, 0.0, 3.0, 0.0, 0.0, 200.0, 165.0, 0.0, 1.0]
2025-08-29 19:43:59,226 - WARNING - Close to the left wall!
2025-08-29 19:43:59,468 - INFO - [66.75, -4.06, -2.06, 66.75, -4.06, -2.06, 66.75, -4.06, -2.06, 8.0, 104.0, 96.0, 0.0, 0.0, -4170.0, 0.0, 3.0, 0.0, 0.0, 200.0, 165.0, 0.0, 1.0]
2025-08-29 19:43:59,469 - WARNING - Close to the left wall!
2025-08-29 19:43:59,714 - INFO - [66.75, -4.06, -2.13, 66.75, -4.06, -2.13, 66.75, -4.06, -2.13, 4.0, 100.0, 95.0, 0.0, 0.0, -4170.0, 0.0, 3.0, 0.0, 0.0, 200.0, 165.0, 0.0, 1.0]
2025-08-29 19:43:59,714 - WARNING - Close to the left wall!
2025-08-29 19:43:59,958 - INFO - [66.75, -4.06, -2.25, 66.75, -4.06, -2.25, 66.75, -4.06, -2.25, 7.0, 98.0, 96.0, 0.0, 0.0, -4170.0, 0.0, 3.0, 0.0, 0.0, 200.0, 165.0, 0.0, 1.0]
2025-08-29 19:43:59,958 - WARNING - Close to the left wall!
2025-08-29 19:44:00,202 - INFO - [66.75, -4.06, -2.31, 66.75, -4.06, -2.31, 66.75, -4.06, -2.31, 13.0, 99.0, 95.0, 0.0, 0.0, -4170.0, 0.0, 3.0, 0.0, 0.0, 200.0, 165.0, 0.0, 1.0]
2025-08-29 19:44:00,202 - WARNING - Close to the left wall!
2025-08-29 19:44:00,447 - INFO - [66.75, -4.06, -2.31, 66.75, -4.06, -2.31, 66.75, -4.06, -2.31, 23.0, 101.0, 94.0, 0.0, 0.0, -4170.0, 0.0, 3.0, 0.0, 0.0, 200.0, 165.0, 0.0, 1.0]
2025-08-29 19:44:00,447 - WARNING - Close to the left wall!
2025-08-29 19:44:00,692 - INFO - [66.75, -4.06, -2.31, 66.75, -4.06, -2.31, 66.75, -4.06, -2.31, 5.0, 100.0, 95.0, 0.0, 0.0, -4170.0, 0.0, 3.0, 0.0, 0.0, 200.0, 165.0, 0.0, 1.0]
2025-08-29 19:44:00,692 - WARNING - Close to the left wall!
2025-08-29 19:44:00,936 - INFO - [66.75, -4.06, -2.31, 66.75, -4.06, -2.31, 66.75, -4.06, -2.31, 0.0, 99.0, 97.0, 0.0, 0.0, -4170.0, 0.0, 3.0, 0.0, 0.0, 200.0, 165.0, 0.0, 1.0]
2025-08-29 19:44:00,937 - WARNING - Close to the left wall!
2025-08-29 19:44:01,181 - INFO - [66.75, -4.06, -2.31, 66.75, -4.06, -2.31, 66.75, -4.06, -2.31, 7.0, 99.0, 95.0, 0.0, 0.0, -4170.0, 0.0, 3.0, 0.0, 0.0, 200.0, 165.0, 0.0, 1.0]
2025-08-29 19:44:01,181 - WARNING - Close to the left wall!
2025-08-29 19:44:01,426 - INFO - [66.75, -4.06, -2.31, 66.75, -4.06, -2.31, 66.75, -4.06, -2.31, 5.0, 101.0, 94.0, 0.0, 0.0, -4170.0, 0.0, 3.0, 0.0, 0.0, 200.0, 165.0, 0.0, 1.0]
2025-08-29 19:44:01,426 - WARNING - Close to the left wall!
2025-08-29 19:44:01,670 - INFO - [66.88, -3.94, -2.44, 66.88, -3.94, -2.44, 66.88, -3.94, -2.44, 0.0, 98.0, 95.0, 0.0, 0.0, -4174.0, 0.0, 3.0, 0.0, 0.0, 200.0, 165.0, 0.0, 1.0]
2025-08-29 19:44:01,670 - WARNING - Close to the left wall!
2025-08-29 19:44:01,915 - INFO - [70.81, -4.56, -2.44, 70.81, -4.56, -2.44, 70.81, -4.56, -2.44, 14.0, 93.0, 87.0, 0.0, 0.0, -4274.0, 0.0, 3.0, 0.0, 0.0, 200.0, 165.0, 0.0, 1.0]
2025-08-29 19:44:01,915 - WARNING - Close to the left wall!
2025-08-29 19:44:02,158 - INFO - [74.88, -4.25, -2.06, 74.88, -4.25, -2.06, 74.88, -4.25, -2.06, 21.0, 90.0, 95.0, 0.0, 0.0, -4314.0, 0.0, 3.0, 0.0, 0.0, 200.0, 165.0, 0.0, 1.0]
2025-08-29 19:44:02,158 - WARNING - Close to the left wall!
2025-08-29 19:44:02,403 - INFO - [74.88, -4.25, -2.13, 74.88, -4.25, -2.13, 74.88, -4.25, -2.13, 13.0, 92.0, 94.0, 0.0, 0.0, -4314.0, 0.0, 3.0, 0.0, 0.0, 200.0, 165.0, 0.0, 1.0]
2025-08-29 19:44:02,404 - WARNING - Close to the left wall!
2025-08-29 19:44:02,647 - INFO - [74.88, -4.19, -2.25, 74.88, -4.19, -2.25, 74.88, -4.19, -2.25, 13.0, 91.0, 94.0, 0.0, 0.0, -4314.0, 0.0, 3.0, 0.0, 0.0, 200.0, 165.0, 0.0, 1.0]
2025-08-29 19:44:02,647 - WARNING - Close to the left wall!
2025-08-29 19:44:02,892 - INFO - [74.88, -4.13, -2.31, 74.88, -4.13, -2.31, 74.88, -4.13, -2.31, 26.0, 91.0, 95.0, 0.0, 0.0, -4314.0, 0.0, 3.0, 0.0, 0.0, 200.0, 165.0, 0.0, 1.0]
2025-08-29 19:44:02,892 - WARNING - Close to the left wall!
2025-08-29 19:44:03,136 - INFO - [74.88, -4.13, -2.38, 74.88, -4.13, -2.38, 74.88, -4.13, -2.38, 20.0, 91.0, 93.0, 0.0, 0.0, -4314.0, 0.0, 3.0, 0.0, 0.0, 200.0, 165.0, 0.0, 1.0]
2025-08-29 19:44:03,136 - WARNING - Close to the left wall!
2025-08-29 19:44:03,381 - INFO - [74.88, -4.13, -2.38, 74.88, -4.13, -2.38, 74.88, -4.13, -2.38, 19.0, 88.0, 97.0, 0.0, 0.0, -4314.0, 0.0, 3.0, 0.0, 0.0, 200.0, 165.0, 0.0, 1.0]
2025-08-29 19:44:03,381 - WARNING - Close to the left wall!
2025-08-29 19:44:03,626 - INFO - [75.44, -4.63, -2.25, 75.44, -4.63, -2.25, 75.44, -4.63, -2.25, 24.0, 2.0, 87.0, 0.0, 0.0, -4330.0, 0.0, 3.0, 0.0, 0.0, 200.0, 165.0, 0.0, 1.0]
2025-08-29 19:44:03,626 - WARNING - Close to the left wall!
2025-08-29 19:44:03,870 - INFO - [79.0, -4.56, -2.0, 79.0, -4.56, -2.0, 79.0, -4.56, -2.0, 41.0, 88.0, 98.0, 0.0, 0.0, -4444.0, 0.0, 3.0, 0.0, 0.0, 200.0, 165.0, 0.0, 1.0]
2025-08-29 19:44:03,871 - WARNING - Close to the left wall!
2025-08-29 19:44:04,113 - INFO - [84.94, -4.63, -2.0, 84.94, -4.63, -2.0, 84.94, -4.63, -2.0, 175.0, 85.0, 100.0, 8.0, 0.0, -4600.0, 0.0, 3.0, 0.0, 0.0, 200.0, 165.0, 0.0, 1.0]
2025-08-29 19:44:04,114 - WARNING - Close to the left wall!
2025-08-29 19:44:04,127 - INFO - Turn completed
2025-08-29 19:44:04,127 - INFO - Not going back
2025-08-29 19:44:04,358 - INFO - [90.75, -4.75, -1.69, 90.75, -4.75, -1.69, 90.75, -4.75, -1.69, 173.0, 83.0, 105.0, 5.0, 0.0, -4750.0, 0.0, 3.0, 0.0, 0.0, 200.0, 165.0, 0.0, 1.0]
2025-08-29 19:44:04,359 - WARNING - Close to the left wall!
2025-08-29 19:44:04,410 - INFO - Camera stopped
2025-08-29 19:44:06,221 - INFO - Camera closed successfully.
