2025-08-29 14:09:36,884 - INFO - Camera configuration has been adjusted!
2025-08-29 14:09:36,886 - INFO - Configuration successful!
2025-08-29 14:09:38,422 - INFO - Camera started
2025-08-29 14:09:38,443 - INFO - [359.94, -3.75, -3.31, 359.94, -3.75, -3.31, 359.94, -3.75, -3.31, 106.0, 12.0, 44132.0, 76.0, 0.0, 0.0, 0.0, 3.0, 0.0, 0.0]
2025-08-29 14:09:39,504 - INFO - [359.94, -3.75, -3.38, 359.94, -3.75, -3.38, 359.94, -3.75, -3.38, 106.0, 11.0, 44132.0, 75.0, 0.0, 0.0, 0.0, 3.0, 0.0, 0.0]
2025-08-29 14:09:39,702 - INFO - [359.88, -3.69, -3.38, 359.88, -3.69, -3.38, 359.88, -3.69, -3.38, 106.0, 12.0, 44132.0, 74.0, 0.0, -47.0, 0.0, 3.0, 0.0, 0.0]
2025-08-29 14:09:39,806 - INFO - [359.44, -3.63, -3.25, 359.44, -3.63, -3.25, 359.44, -3.63, -3.25, 104.0, 13.0, 44132.0, 75.0, 0.0, -98.0, 0.0, 3.0, 0.0, 0.0]
2025-08-29 14:09:39,865 - INFO - [359.06, -3.75, -3.19, 359.06, -3.75, -3.19, 359.06, -3.75, -3.19, 103.0, 14.0, 44132.0, 73.0, 0.0, -130.0, 0.0, 3.0, 0.0, 0.0]
2025-08-29 14:09:39,970 - INFO - [357.38, -3.81, -3.31, 357.38, -3.81, -3.31, 357.38, -3.81, -3.31, 102.0, 13.0, 44132.0, 59.0, 0.0, -193.0, 0.0, 3.0, 0.0, 0.0]
2025-08-29 14:09:40,072 - INFO - [355.69, -3.75, -3.44, 355.69, -3.75, -3.44, 355.69, -3.75, -3.44, 98.0, 211.0, 44132.0, 12.0, 0.0, -256.0, 0.0, 3.0, 0.0, 0.0]
2025-08-29 14:09:40,176 - INFO - [353.19, -3.63, -3.5, 353.19, -3.63, -3.5, 353.19, -3.63, -3.5, 96.0, 220.0, 44132.0, 11.0, 0.0, -322.0, 0.0, 3.0, 0.0, 0.0]
2025-08-29 14:09:40,282 - INFO - [350.88, -3.44, -3.56, 350.88, -3.44, -3.56, 350.88, -3.44, -3.56, 95.0, 227.0, 44132.0, 11.0, 0.0, -393.0, 0.0, 3.0, 0.0, 0.0]
2025-08-29 14:09:40,386 - INFO - [348.88, -3.38, -3.56, 348.88, -3.38, -3.56, 348.88, -3.38, -3.56, 94.0, 233.0, 44132.0, 12.0, 0.0, -462.0, 0.0, 3.0, 0.0, 0.0]
2025-08-29 14:09:40,493 - INFO - [347.25, -3.25, -3.69, 347.25, -3.25, -3.69, 347.25, -3.25, -3.69, 90.0, 0.0, 44132.0, 67.0, 0.0, -534.0, 0.0, 3.0, 0.0, 0.0]
2025-08-29 14:09:40,494 - WARNING - Close to the right wall!
2025-08-29 14:09:40,597 - INFO - [345.5, -3.25, -3.63, 345.5, -3.25, -3.63, 345.5, -3.25, -3.63, 91.0, 0.0, 44132.0, 69.0, 0.0, -602.0, 0.0, 3.0, 0.0, 0.0]
2025-08-29 14:09:40,598 - WARNING - Close to the right wall!
2025-08-29 14:09:40,705 - INFO - [344.0, -3.19, -3.69, 344.0, -3.19, -3.69, 344.0, -3.19, -3.69, 88.0, 0.0, 44132.0, 67.0, 0.0, -668.0, 0.0, 3.0, 0.0, 0.0]
2025-08-29 14:09:40,705 - WARNING - Close to the right wall!
2025-08-29 14:09:40,761 - INFO - [343.0, -2.88, -3.56, 343.0, -2.88, -3.56, 343.0, -2.88, -3.56, 90.0, 0.0, 44132.0, 69.0, 0.0, -696.0, 0.0, 3.0, 0.0, 0.0]
2025-08-29 14:09:40,762 - WARNING - Close to the right wall!
2025-08-29 14:09:40,818 - INFO - [342.25, -2.88, -3.5, 342.25, -2.88, -3.5, 342.25, -2.88, -3.5, 88.0, 135.0, 44132.0, 67.0, 0.0, -723.0, 0.0, 3.0, 0.0, 0.0]
2025-08-29 14:09:40,875 - INFO - [341.44, -2.81, -3.5, 341.44, -2.81, -3.5, 341.44, -2.81, -3.5, 90.0, 128.0, 44132.0, 66.0, 0.0, -751.0, 0.0, 3.0, 0.0, 0.0]
2025-08-29 14:09:40,979 - INFO - [339.94, -2.75, -3.63, 339.94, -2.75, -3.63, 339.94, -2.75, -3.63, 87.0, 132.0, 44132.0, 66.0, 0.0, -810.0, 0.0, 3.0, 0.0, 0.0]
2025-08-29 14:09:41,037 - INFO - [339.06, -2.69, -3.63, 339.06, -2.69, -3.63, 339.06, -2.69, -3.63, 88.0, 0.0, 44132.0, 68.0, 0.0, -845.0, 0.0, 3.0, 0.0, 0.0]
2025-08-29 14:09:41,038 - WARNING - Close to the right wall!
2025-08-29 14:09:41,095 - INFO - [337.94, -2.69, -3.69, 337.94, -2.69, -3.69, 337.94, -2.69, -3.69, 84.0, 0.0, 44132.0, 64.0, 0.0, -879.0, 0.0, 3.0, 0.0, 0.0]
2025-08-29 14:09:41,097 - WARNING - Close to the right wall!
2025-08-29 14:09:41,155 - INFO - [336.88, -2.63, -3.63, 336.88, -2.63, -3.63, 336.88, -2.63, -3.63, 86.0, 0.0, 44132.0, 64.0, 0.0, -912.0, 0.0, 3.0, 0.0, 0.0]
2025-08-29 14:09:41,155 - WARNING - Close to the right wall!
2025-08-29 14:09:41,260 - INFO - [334.94, -2.5, -3.69, 334.94, -2.5, -3.69, 334.94, -2.5, -3.69, 91.0, 187.0, 44132.0, 62.0, 0.0, -981.0, 0.0, 3.0, 0.0, 0.0]
2025-08-29 14:09:41,316 - INFO - [334.25, -2.69, -3.81, 334.25, -2.69, -3.81, 334.25, -2.69, -3.81, 77.0, 174.0, 44132.0, 62.0, 0.0, -1023.0, 0.0, 3.0, 0.0, 0.0]
2025-08-29 14:09:41,372 - INFO - [334.06, -2.81, -3.75, 334.06, -2.81, -3.75, 334.06, -2.81, -3.75, 73.0, 167.0, 44132.0, 65.0, 0.0, -1069.0, 0.0, 3.0, 0.0, 0.0]
2025-08-29 14:09:41,430 - INFO - [334.25, -2.88, -3.81, 334.25, -2.88, -3.81, 334.25, -2.88, -3.81, 78.0, 185.0, 44132.0, 62.0, 809.0, -1117.0, 0.0, 3.0, 0.0, 0.0]
2025-08-29 14:09:41,489 - INFO - [335.25, -2.88, -3.94, 335.25, -2.88, -3.94, 335.25, -2.88, -3.94, 80.0, 179.0, 44132.0, 62.0, 809.0, -1165.0, 0.0, 3.0, 0.0, 0.0]
2025-08-29 14:09:41,546 - INFO - [336.44, -3.0, -3.81, 336.44, -3.0, -3.81, 336.44, -3.0, -3.81, 78.0, 199.0, 44132.0, 59.0, 809.0, -1210.0, 0.0, 3.0, 0.0, 0.0]
2025-08-29 14:09:41,604 - INFO - [337.69, -3.13, -3.75, 337.69, -3.13, -3.75, 337.69, -3.13, -3.75, 74.0, 190.0, 44132.0, 60.0, 809.0, -1249.0, 0.0, 3.0, 0.0, 0.0]
2025-08-29 14:09:41,662 - INFO - [338.69, -3.13, -3.75, 338.69, -3.13, -3.75, 338.69, -3.13, -3.75, 71.0, 203.0, 44132.0, 60.0, 809.0, -1282.0, 0.0, 3.0, 0.0, 0.0]
2025-08-29 14:09:41,719 - INFO - [339.63, -3.19, -3.69, 339.63, -3.19, -3.69, 339.63, -3.19, -3.69, 71.0, 201.0, 44132.0, 60.0, 809.0, -1310.0, 0.0, 3.0, 0.0, 0.0]
2025-08-29 14:09:41,776 - INFO - [340.44, -3.13, -3.63, 340.44, -3.13, -3.63, 340.44, -3.13, -3.63, 67.0, 206.0, 44132.0, 59.0, 809.0, -1338.0, 0.0, 3.0, 0.0, 0.0]
2025-08-29 14:09:41,834 - INFO - [341.13, -3.19, -3.56, 341.13, -3.19, -3.56, 341.13, -3.19, -3.56, 65.0, 226.0, 44132.0, 58.0, 328.0, -1369.0, 0.0, 3.0, 0.0, 0.0]
2025-08-29 14:09:41,893 - INFO - [342.25, -3.31, -3.63, 342.25, -3.31, -3.63, 342.25, -3.31, -3.63, 62.0, 243.0, 44132.0, 59.0, 328.0, -1404.0, 0.0, 3.0, 0.0, 0.0]
2025-08-29 14:09:41,951 - INFO - [343.44, -3.44, -3.69, 343.44, -3.44, -3.69, 343.44, -3.44, -3.69, 61.0, 236.0, 44132.0, 57.0, 328.0, -1442.0, 0.0, 3.0, 0.0, 0.0]
2025-08-29 14:09:42,055 - INFO - [345.56, -3.63, -3.56, 345.56, -3.63, -3.56, 345.56, -3.63, -3.56, 61.0, 242.0, 44132.0, 58.0, 328.0, -1516.0, 0.0, 3.0, 0.0, 0.0]
2025-08-29 14:09:42,113 - INFO - [346.94, -3.75, -3.5, 346.94, -3.75, -3.5, 346.94, -3.75, -3.5, 60.0, 232.0, 44132.0, 57.0, 328.0, -1559.0, 0.0, 3.0, 0.0, 0.0]
2025-08-29 14:09:42,170 - INFO - [348.19, -3.69, -3.56, 348.19, -3.69, -3.56, 348.19, -3.69, -3.56, 56.0, 226.0, 44132.0, 58.0, 328.0, -1603.0, 0.0, 3.0, 0.0, 0.0]
2025-08-29 14:09:42,226 - INFO - [349.5, -3.75, -3.5, 349.5, -3.75, -3.5, 349.5, -3.75, -3.5, 55.0, 190.0, 44132.0, 57.0, 328.0, -1648.0, 0.0, 3.0, 0.0, 0.0]
2025-08-29 14:09:42,286 - INFO - [350.63, -3.88, -3.44, 350.63, -3.88, -3.44, 350.63, -3.88, -3.44, 54.0, 131.0, 44132.0, 57.0, 328.0, -1693.0, 0.0, 3.0, 0.0, 0.0]
2025-08-29 14:09:42,441 - INFO - [353.56, -4.13, -3.38, 353.56, -4.13, -3.38, 353.56, -4.13, -3.38, 50.0, 127.0, 44132.0, 58.0, 328.0, -1802.0, 0.0, 3.0, 0.0, 0.0]
2025-08-29 14:09:42,544 - INFO - [355.5, -4.25, -3.25, 355.5, -4.25, -3.25, 355.5, -4.25, -3.25, 48.0, 137.0, 44132.0, 58.0, 328.0, -1870.0, 0.0, 3.0, 0.0, 0.0]
2025-08-29 14:09:42,603 - INFO - [356.5, -4.25, -3.25, 356.5, -4.25, -3.25, 356.5, -4.25, -3.25, 47.0, 177.0, 44132.0, 59.0, 328.0, -1898.0, 0.0, 3.0, 0.0, 0.0]
2025-08-29 14:09:42,659 - INFO - [357.38, -4.19, -3.13, 357.38, -4.19, -3.13, 357.38, -4.19, -3.13, 47.0, 225.0, 44132.0, 59.0, 328.0, -1925.0, 0.0, 3.0, 0.0, 0.0]
2025-08-29 14:09:42,765 - INFO - [358.94, -4.25, -3.0, 358.94, -4.25, -3.0, 358.94, -4.25, -3.0, 46.0, 229.0, 44132.0, 60.0, 328.0, -1981.0, 0.0, 3.0, 0.0, 0.0]
2025-08-29 14:09:42,822 - INFO - [0.06, -4.38, -3.13, 0.06, -4.38, -3.13, 0.06, -4.38, -3.13, 45.0, 229.0, 44132.0, 61.0, 328.0, -2016.0, 0.0, 3.0, 0.0, 0.0]
2025-08-29 14:09:42,880 - INFO - [1.06, -4.5, -3.19, 1.06, -4.5, -3.19, 1.06, -4.5, -3.19, 44.0, 228.0, 44132.0, 61.0, 328.0, -2051.0, 0.0, 3.0, 0.0, 0.0]
2025-08-29 14:09:42,983 - INFO - [3.44, -4.69, -3.0, 3.44, -4.69, -3.0, 3.44, -4.69, -3.0, 43.0, 225.0, 44132.0, 61.0, 328.0, -2124.0, 0.0, 3.0, 0.0, 0.0]
2025-08-29 14:09:43,088 - INFO - [5.69, -4.81, -2.94, 5.69, -4.81, -2.94, 5.69, -4.81, -2.94, 38.0, 182.0, 44132.0, 63.0, 328.0, -2199.0, 0.0, 3.0, 0.0, 0.0]
2025-08-29 14:09:43,194 - INFO - [8.0, -4.81, -2.88, 8.0, -4.81, -2.88, 8.0, -4.81, -2.88, 36.0, 89.0, 44132.0, 63.0, 328.0, -2280.0, 0.0, 3.0, 0.0, 0.0]
2025-08-29 14:09:43,300 - INFO - [9.81, -5.06, -2.81, 9.81, -5.06, -2.81, 9.81, -5.06, -2.81, 34.0, 20.0, 44132.0, 64.0, 328.0, -2357.0, 0.0, 3.0, 0.0, 0.0]
2025-08-29 14:09:43,359 - INFO - [10.81, -5.0, -2.75, 10.81, -5.0, -2.75, 10.81, -5.0, -2.75, 33.0, 19.0, 44132.0, 64.0, 328.0, -2397.0, 0.0, 3.0, 0.0, 0.0]
2025-08-29 14:09:43,463 - INFO - [12.38, -5.13, -2.5, 12.38, -5.13, -2.5, 12.38, -5.13, -2.5, 31.0, 18.0, 44132.0, 66.0, 328.0, -2465.0, 0.0, 3.0, 0.0, 0.0]
2025-08-29 14:09:43,569 - INFO - [14.0, -5.06, -2.5, 14.0, -5.06, -2.5, 14.0, -5.06, -2.5, 28.0, 17.0, 44132.0, 68.0, 328.0, -2521.0, 0.0, 3.0, 0.0, 0.0]
2025-08-29 14:09:43,626 - INFO - [14.88, -5.06, -2.31, 14.88, -5.06, -2.31, 14.88, -5.06, -2.31, 30.0, 17.0, 44132.0, 68.0, 328.0, -2548.0, 0.0, 3.0, 0.0, 0.0]
2025-08-29 14:09:43,684 - INFO - [15.81, -5.06, -2.31, 15.81, -5.06, -2.31, 15.81, -5.06, -2.31, 27.0, 18.0, 44132.0, 69.0, 328.0, -2579.0, 0.0, 3.0, 0.0, 0.0]
2025-08-29 14:09:43,741 - INFO - [16.81, -5.06, -2.31, 16.81, -5.06, -2.31, 16.81, -5.06, -2.31, 29.0, 19.0, 44132.0, 70.0, 328.0, -2614.0, 0.0, 3.0, 0.0, 0.0]
2025-08-29 14:09:43,799 - INFO - [17.94, -5.13, -2.31, 17.94, -5.13, -2.31, 17.94, -5.13, -2.31, 27.0, 20.0, 44132.0, 70.0, 328.0, -2651.0, 0.0, 3.0, 0.0, 0.0]
2025-08-29 14:09:43,904 - INFO - [20.13, -5.13, -2.25, 20.13, -5.13, -2.25, 20.13, -5.13, -2.25, 24.0, 79.0, 44132.0, 76.0, 328.0, -2723.0, 0.0, 3.0, 0.0, 0.0]
2025-08-29 14:09:43,963 - INFO - [21.63, -5.19, -2.19, 21.63, -5.19, -2.19, 21.63, -5.19, -2.19, 25.0, 0.0, 44132.0, 58.0, 328.0, -2767.0, 0.0, 3.0, 0.0, 0.0]
2025-08-29 14:09:43,964 - WARNING - Close to the right wall!
2025-08-29 14:09:44,067 - INFO - [24.19, -5.19, -2.06, 24.19, -5.19, -2.06, 24.19, -5.19, -2.06, 22.0, 0.0, 44132.0, 49.0, 328.0, -2845.0, 0.0, 3.0, 0.0, 0.0]
2025-08-29 14:09:44,068 - WARNING - Close to the right wall!
2025-08-29 14:09:44,126 - INFO - [25.38, -5.19, -2.0, 25.38, -5.19, -2.0, 25.38, -5.19, -2.0, 22.0, 0.0, 44132.0, 43.0, 328.0, -2890.0, 0.0, 3.0, 0.0, 0.0]
2025-08-29 14:09:44,126 - WARNING - Close to the right wall!
2025-08-29 14:09:44,182 - INFO - [26.63, -5.25, -2.0, 26.63, -5.25, -2.0, 26.63, -5.25, -2.0, 20.0, 0.0, 44132.0, 41.0, 328.0, -2934.0, 0.0, 3.0, 0.0, 0.0]
2025-08-29 14:09:44,183 - WARNING - Close to the right wall!
2025-08-29 14:09:44,240 - INFO - [27.69, -5.38, -2.0, 27.69, -5.38, -2.0, 27.69, -5.38, -2.0, 20.0, 0.0, 44132.0, 37.0, 328.0, -2974.0, 0.0, 3.0, 0.0, 0.0]
2025-08-29 14:09:44,241 - WARNING - Close to the right wall!
2025-08-29 14:09:44,297 - INFO - [28.38, -5.25, -2.13, 28.38, -5.25, -2.13, 28.38, -5.25, -2.13, 14.0, 0.0, 44132.0, 33.0, 328.0, -3013.0, 0.0, 3.0, 0.0, 0.0]
2025-08-29 14:09:44,298 - WARNING - Close to the right wall!
2025-08-29 14:09:44,403 - INFO - [30.06, -5.44, -1.88, 30.06, -5.44, -1.88, 30.06, -5.44, -1.88, 27.0, 0.0, 44132.0, 26.0, 328.0, -3084.0, 0.0, 3.0, 0.0, 0.0]
2025-08-29 14:09:44,404 - WARNING - Close to the right wall!
2025-08-29 14:09:44,461 - INFO - [31.13, -5.5, -1.75, 31.13, -5.5, -1.75, 31.13, -5.5, -1.75, 15.0, 0.0, 44132.0, 26.0, 328.0, -3115.0, 0.0, 3.0, 0.0, 0.0]
2025-08-29 14:09:44,462 - WARNING - Close to the right wall!
2025-08-29 14:09:44,567 - INFO - [32.25, -5.44, -1.56, 32.25, -5.44, -1.56, 32.25, -5.44, -1.56, 21.0, 0.0, 44132.0, 22.0, 328.0, -3165.0, 0.0, 3.0, 0.0, 0.0]
2025-08-29 14:09:44,567 - WARNING - Close to the right wall!
2025-08-29 14:09:44,672 - INFO - [34.06, -5.44, -1.56, 34.06, -5.44, -1.56, 34.06, -5.44, -1.56, 16.0, 0.0, 44132.0, 0.0, 328.0, -3227.0, 0.0, 3.0, 0.0, 0.0]
2025-08-29 14:09:44,674 - WARNING - Close to the left wall!
2025-08-29 14:09:44,730 - INFO - [35.06, -5.5, -1.56, 35.06, -5.5, -1.56, 35.06, -5.5, -1.56, 8.0, 0.0, 44132.0, 0.0, 328.0, -3265.0, 0.0, 3.0, 0.0, 0.0]
2025-08-29 14:09:44,734 - WARNING - Close to the left wall!
2025-08-29 14:09:44,834 - INFO - [37.31, -5.56, -1.44, 37.31, -5.56, -1.44, 37.31, -5.56, -1.44, 9.0, 150.0, 44132.0, 19.0, 328.0, -3338.0, 0.0, 3.0, 0.0, 0.0]
2025-08-29 14:09:44,834 - WARNING - Might crash, too close
2025-08-29 14:09:44,891 - INFO - [38.75, -5.56, -1.44, 38.75, -5.56, -1.44, 38.75, -5.56, -1.44, 19.0, 132.0, 44132.0, 0.0, 328.0, -3381.0, 0.0, 3.0, 0.0, 0.0]
2025-08-29 14:09:44,891 - WARNING - Close to the left wall!
2025-08-29 14:09:44,948 - INFO - [40.06, -5.56, -1.31, 40.06, -5.56, -1.31, 40.06, -5.56, -1.31, 27.0, 121.0, 44132.0, 11.0, 328.0, -3425.0, 0.0, 3.0, 0.0, 0.0]
2025-08-29 14:09:45,007 - INFO - [41.44, -5.56, -1.19, 41.44, -5.56, -1.19, 41.44, -5.56, -1.19, 0.0, 127.0, 44132.0, 0.0, 328.0, -3469.0, 0.0, 3.0, 0.0, 0.0]
2025-08-29 14:09:45,008 - WARNING - Close to the left wall!
2025-08-29 14:09:45,111 - INFO - [43.88, -5.5, -1.19, 43.88, -5.5, -1.19, 43.88, -5.5, -1.19, 9.0, 112.0, 44132.0, 0.0, 328.0, -3548.0, 0.0, 3.0, 0.0, 0.0]
2025-08-29 14:09:45,112 - WARNING - Close to the left wall!
2025-08-29 14:09:45,170 - INFO - [44.88, -5.5, -1.13, 44.88, -5.5, -1.13, 44.88, -5.5, -1.13, 0.0, 121.0, 44132.0, 0.0, 328.0, -3590.0, 0.0, 3.0, 0.0, 0.0]
2025-08-29 14:09:45,171 - WARNING - Close to the left wall!
2025-08-29 14:09:45,228 - INFO - [45.88, -5.5, -1.06, 45.88, -5.5, -1.06, 45.88, -5.5, -1.06, 11.0, 123.0, 44132.0, 2.0, 328.0, -3629.0, 0.0, 3.0, 0.0, 0.0]
2025-08-29 14:09:45,229 - WARNING - Close to the left wall!
2025-08-29 14:09:45,287 - INFO - [46.88, -5.63, -0.94, 46.88, -5.63, -0.94, 46.88, -5.63, -0.94, 6.0, 110.0, 44132.0, 0.0, 328.0, -3667.0, 0.0, 3.0, 0.0, 0.0]
2025-08-29 14:09:45,287 - WARNING - Close to the left wall!
2025-08-29 14:09:45,389 - INFO - [48.5, -5.5, -0.94, 48.5, -5.5, -0.94, 48.5, -5.5, -0.94, 6.0, 113.0, 44132.0, 0.0, 328.0, -3728.0, 0.0, 3.0, 0.0, 0.0]
2025-08-29 14:09:45,390 - WARNING - Close to the left wall!
2025-08-29 14:09:45,493 - INFO - [49.69, -5.31, -0.81, 49.69, -5.31, -0.81, 49.69, -5.31, -0.81, 3.0, 114.0, 44132.0, 0.0, 328.0, -3782.0, 0.0, 3.0, 0.0, 0.0]
2025-08-29 14:09:45,494 - WARNING - Close to the left wall!
2025-08-29 14:09:45,598 - INFO - [51.75, -5.44, -0.75, 51.75, -5.44, -0.75, 51.75, -5.44, -0.75, 3.0, 115.0, 44132.0, 0.0, 328.0, -3844.0, 0.0, 3.0, 0.0, 0.0]
2025-08-29 14:09:45,599 - WARNING - Close to the left wall!
2025-08-29 14:09:45,703 - INFO - [53.38, -5.31, -0.81, 53.38, -5.31, -0.81, 53.38, -5.31, -0.81, 7.0, 109.0, 44132.0, 0.0, 809.0, -3917.0, 0.0, 3.0, 0.0, 0.0]
2025-08-29 14:09:45,703 - WARNING - Close to the left wall!
2025-08-29 14:09:45,808 - INFO - [56.13, -5.31, -0.56, 56.13, -5.31, -0.56, 56.13, -5.31, -0.56, 3.0, 111.0, 44132.0, 0.0, 809.0, -3995.0, 0.0, 3.0, 0.0, 0.0]
2025-08-29 14:09:45,808 - WARNING - Close to the left wall!
2025-08-29 14:09:45,914 - INFO - [58.44, -5.31, -0.44, 58.44, -5.31, -0.44, 58.44, -5.31, -0.44, 6.0, 104.0, 44132.0, 0.0, 6412.0, -4077.0, 0.0, 3.0, 0.0, 0.0]
2025-08-29 14:09:45,915 - WARNING - Close to the left wall!
2025-08-29 14:09:46,020 - INFO - [60.94, -5.25, -0.44, 60.94, -5.25, -0.44, 60.94, -5.25, -0.44, 2.0, 103.0, 44132.0, 0.0, 6412.0, -4158.0, 0.0, 3.0, 0.0, 0.0]
2025-08-29 14:09:46,020 - WARNING - Close to the left wall!
2025-08-29 14:09:46,126 - INFO - [62.69, -5.38, -0.25, 62.69, -5.38, -0.25, 62.69, -5.38, -0.25, 0.0, 104.0, 44132.0, 0.0, 6412.0, -4213.0, 0.0, 3.0, 0.0, 0.0]
2025-08-29 14:09:46,126 - WARNING - Close to the left wall!
2025-08-29 14:09:46,231 - INFO - [63.19, -6.13, 0.19, 63.19, -6.13, 0.19, 63.19, -6.13, 0.19, 20.0, 98.0, 44132.0, 0.0, 6412.0, -4227.0, 0.0, 3.0, 0.0, 0.0]
2025-08-29 14:09:46,231 - WARNING - Close to the left wall!
2025-08-29 14:09:46,288 - INFO - [63.19, -6.31, 0.06, 63.19, -6.31, 0.06, 63.19, -6.31, 0.06, 19.0, 102.0, 44132.0, 0.0, 6412.0, -4227.0, 0.0, 3.0, 0.0, 0.0]
2025-08-29 14:09:46,289 - WARNING - Close to the left wall!
2025-08-29 14:09:46,345 - INFO - [63.19, -6.38, 0.06, 63.19, -6.38, 0.06, 63.19, -6.38, 0.06, 0.0, 100.0, 44132.0, 0.0, 6412.0, -4227.0, 0.0, 3.0, 0.0, 0.0]
2025-08-29 14:09:46,346 - WARNING - Close to the left wall!
2025-08-29 14:09:46,402 - INFO - [63.19, -6.31, 0.0, 63.19, -6.31, 0.0, 63.19, -6.31, 0.0, 0.0, 101.0, 44132.0, 0.0, 6412.0, -4227.0, 0.0, 3.0, 0.0, 0.0]
2025-08-29 14:09:46,403 - WARNING - Close to the left wall!
2025-08-29 14:09:46,459 - INFO - [63.19, -6.25, -0.06, 63.19, -6.25, -0.06, 63.19, -6.25, -0.06, 0.0, 97.0, 44132.0, 0.0, 6412.0, -4227.0, 0.0, 3.0, 0.0, 0.0]
2025-08-29 14:09:46,459 - WARNING - Close to the left wall!
2025-08-29 14:09:46,518 - INFO - [63.19, -6.19, -0.19, 63.19, -6.19, -0.19, 63.19, -6.19, -0.19, 0.0, 102.0, 44132.0, 0.0, 6412.0, -4227.0, 0.0, 3.0, 0.0, 0.0]
2025-08-29 14:09:46,518 - WARNING - Close to the left wall!
2025-08-29 14:09:46,622 - INFO - [63.13, -6.0, -0.44, 63.13, -6.0, -0.44, 63.13, -6.0, -0.44, 0.0, 101.0, 44132.0, 0.0, 6412.0, -4227.0, 0.0, 3.0, 0.0, 0.0]
2025-08-29 14:09:46,622 - WARNING - Close to the left wall!
2025-08-29 14:09:46,734 - INFO - [63.13, -5.88, -0.63, 63.13, -5.88, -0.63, 63.13, -5.88, -0.63, 0.0, 101.0, 44132.0, 0.0, 6412.0, -4227.0, 0.0, 3.0, 0.0, 0.0]
2025-08-29 14:09:46,735 - WARNING - Close to the left wall!
2025-08-29 14:09:46,834 - INFO - [63.13, -5.75, -0.75, 63.13, -5.75, -0.75, 63.13, -5.75, -0.75, 10.0, 99.0, 44132.0, 0.0, 6412.0, -4227.0, 0.0, 3.0, 0.0, 0.0]
2025-08-29 14:09:46,834 - WARNING - Close to the left wall!
2025-08-29 14:09:46,892 - INFO - [63.13, -5.69, -0.81, 63.13, -5.69, -0.81, 63.13, -5.69, -0.81, 12.0, 100.0, 44132.0, 0.0, 6412.0, -4227.0, 0.0, 3.0, 0.0, 0.0]
2025-08-29 14:09:46,892 - WARNING - Close to the left wall!
2025-08-29 14:09:46,949 - INFO - [63.13, -5.63, -0.88, 63.13, -5.63, -0.88, 63.13, -5.63, -0.88, 0.0, 99.0, 44132.0, 0.0, 6412.0, -4227.0, 0.0, 3.0, 0.0, 0.0]
2025-08-29 14:09:46,949 - WARNING - Close to the left wall!
2025-08-29 14:09:47,006 - INFO - [63.13, -5.63, -0.94, 63.13, -5.63, -0.94, 63.13, -5.63, -0.94, 0.0, 101.0, 44132.0, 0.0, 6412.0, -4227.0, 0.0, 3.0, 0.0, 0.0]
2025-08-29 14:09:47,007 - WARNING - Close to the left wall!
2025-08-29 14:09:47,064 - INFO - [63.13, -5.56, -1.0, 63.13, -5.56, -1.0, 63.13, -5.56, -1.0, 6.0, 99.0, 44132.0, 0.0, 6412.0, -4227.0, 0.0, 3.0, 0.0, 0.0]
2025-08-29 14:09:47,064 - WARNING - Close to the left wall!
2025-08-29 14:09:47,122 - INFO - [63.13, -5.56, -1.0, 63.13, -5.56, -1.0, 63.13, -5.56, -1.0, 0.0, 102.0, 44132.0, 0.0, 6412.0, -4227.0, 0.0, 3.0, 0.0, 0.0]
2025-08-29 14:09:47,122 - WARNING - Close to the left wall!
2025-08-29 14:09:47,180 - INFO - [63.13, -5.5, -1.06, 63.13, -5.5, -1.06, 63.13, -5.5, -1.06, 0.0, 101.0, 44132.0, 0.0, 6412.0, -4227.0, 0.0, 3.0, 0.0, 0.0]
2025-08-29 14:09:47,180 - WARNING - Close to the left wall!
2025-08-29 14:09:47,237 - INFO - [63.13, -5.5, -1.06, 63.13, -5.5, -1.06, 63.13, -5.5, -1.06, 0.0, 103.0, 44132.0, 0.0, 6412.0, -4227.0, 0.0, 3.0, 0.0, 0.0]
2025-08-29 14:09:47,237 - WARNING - Close to the left wall!
2025-08-29 14:09:47,294 - INFO - [63.13, -5.44, -1.13, 63.13, -5.44, -1.13, 63.13, -5.44, -1.13, 3.0, 100.0, 44132.0, 0.0, 6412.0, -4227.0, 0.0, 3.0, 0.0, 0.0]
2025-08-29 14:09:47,294 - WARNING - Close to the left wall!
2025-08-29 14:09:47,352 - INFO - [63.13, -5.44, -1.13, 63.13, -5.44, -1.13, 63.13, -5.44, -1.13, 8.0, 102.0, 44132.0, 0.0, 6412.0, -4227.0, 0.0, 3.0, 0.0, 0.0]
2025-08-29 14:09:47,352 - WARNING - Close to the left wall!
2025-08-29 14:09:47,410 - INFO - [63.13, -5.44, -1.19, 63.13, -5.44, -1.19, 63.13, -5.44, -1.19, 4.0, 102.0, 44132.0, 0.0, 6412.0, -4227.0, 0.0, 3.0, 0.0, 0.0]
2025-08-29 14:09:47,410 - WARNING - Close to the left wall!
2025-08-29 14:09:47,514 - INFO - [63.13, -5.38, -1.19, 63.13, -5.38, -1.19, 63.13, -5.38, -1.19, 3.0, 102.0, 44132.0, 0.0, 6412.0, -4227.0, 0.0, 3.0, 0.0, 0.0]
2025-08-29 14:09:47,514 - WARNING - Close to the left wall!
2025-08-29 14:09:47,572 - INFO - [63.13, -5.38, -1.25, 63.13, -5.38, -1.25, 63.13, -5.38, -1.25, 3.0, 100.0, 44132.0, 0.0, 6412.0, -4227.0, 0.0, 3.0, 0.0, 0.0]
2025-08-29 14:09:47,572 - WARNING - Close to the left wall!
2025-08-29 14:09:47,630 - INFO - [63.13, -5.31, -1.25, 63.13, -5.31, -1.25, 63.13, -5.31, -1.25, 0.0, 102.0, 44132.0, 0.0, 6412.0, -4227.0, 0.0, 3.0, 0.0, 0.0]
2025-08-29 14:09:47,630 - WARNING - Close to the left wall!
2025-08-29 14:09:47,688 - INFO - [63.13, -5.31, -1.31, 63.13, -5.31, -1.31, 63.13, -5.31, -1.31, 0.0, 100.0, 44132.0, 0.0, 6412.0, -4227.0, 0.0, 3.0, 0.0, 0.0]
2025-08-29 14:09:47,688 - WARNING - Close to the left wall!
2025-08-29 14:09:47,745 - INFO - [63.13, -5.31, -1.31, 63.13, -5.31, -1.31, 63.13, -5.31, -1.31, 0.0, 99.0, 44132.0, 0.0, 6412.0, -4227.0, 0.0, 3.0, 0.0, 0.0]
2025-08-29 14:09:47,745 - WARNING - Close to the left wall!
2025-08-29 14:09:47,802 - INFO - [63.13, -5.25, -1.31, 63.13, -5.25, -1.31, 63.13, -5.25, -1.31, 0.0, 101.0, 44132.0, 0.0, 6412.0, -4227.0, 0.0, 3.0, 0.0, 0.0]
2025-08-29 14:09:47,802 - WARNING - Close to the left wall!
2025-08-29 14:09:47,860 - INFO - [63.13, -5.25, -1.38, 63.13, -5.25, -1.38, 63.13, -5.25, -1.38, 7.0, 101.0, 44132.0, 0.0, 6412.0, -4227.0, 0.0, 3.0, 0.0, 0.0]
2025-08-29 14:09:47,860 - WARNING - Close to the left wall!
2025-08-29 14:09:47,917 - INFO - [63.13, -5.25, -1.38, 63.13, -5.25, -1.38, 63.13, -5.25, -1.38, 2.0, 103.0, 44132.0, 0.0, 6412.0, -4227.0, 0.0, 3.0, 0.0, 0.0]
2025-08-29 14:09:47,917 - WARNING - Close to the left wall!
2025-08-29 14:09:47,975 - INFO - [63.13, -5.25, -1.38, 63.13, -5.25, -1.38, 63.13, -5.25, -1.38, 8.0, 103.0, 44132.0, 0.0, 6412.0, -4227.0, 0.0, 3.0, 0.0, 0.0]
2025-08-29 14:09:47,975 - WARNING - Close to the left wall!
2025-08-29 14:09:48,033 - INFO - [63.13, -5.25, -1.44, 63.13, -5.25, -1.44, 63.13, -5.25, -1.44, 0.0, 103.0, 44132.0, 0.0, 6412.0, -4227.0, 0.0, 3.0, 0.0, 0.0]
2025-08-29 14:09:48,034 - WARNING - Close to the left wall!
2025-08-29 14:09:48,137 - INFO - [63.06, -5.19, -1.44, 63.06, -5.19, -1.44, 63.06, -5.19, -1.44, 0.0, 102.0, 44132.0, 0.0, 6412.0, -4227.0, 0.0, 3.0, 0.0, 0.0]
2025-08-29 14:09:48,138 - WARNING - Close to the left wall!
2025-08-29 14:09:48,196 - INFO - [63.06, -5.19, -1.44, 63.06, -5.19, -1.44, 63.06, -5.19, -1.44, 0.0, 102.0, 44132.0, 0.0, 6412.0, -4227.0, 0.0, 3.0, 0.0, 0.0]
2025-08-29 14:09:48,198 - WARNING - Close to the left wall!
2025-08-29 14:09:48,251 - INFO - [63.06, -5.19, -1.44, 63.06, -5.19, -1.44, 63.06, -5.19, -1.44, 0.0, 99.0, 44132.0, 0.0, 6412.0, -4227.0, 0.0, 3.0, 0.0, 0.0]
2025-08-29 14:09:48,252 - WARNING - Close to the left wall!
2025-08-29 14:09:48,309 - INFO - [63.06, -5.19, -1.5, 63.06, -5.19, -1.5, 63.06, -5.19, -1.5, 2.0, 99.0, 44132.0, 0.0, 6412.0, -4227.0, 0.0, 3.0, 0.0, 0.0]
2025-08-29 14:09:48,309 - WARNING - Close to the left wall!
2025-08-29 14:09:48,368 - INFO - [63.06, -5.19, -1.5, 63.06, -5.19, -1.5, 63.06, -5.19, -1.5, 0.0, 102.0, 44132.0, 0.0, 6412.0, -4227.0, 0.0, 3.0, 0.0, 0.0]
2025-08-29 14:09:48,368 - WARNING - Close to the left wall!
2025-08-29 14:09:48,425 - INFO - [63.06, -5.13, -1.5, 63.06, -5.13, -1.5, 63.06, -5.13, -1.5, 0.0, 99.0, 44132.0, 0.0, 6412.0, -4227.0, 0.0, 3.0, 0.0, 0.0]
2025-08-29 14:09:48,426 - WARNING - Close to the left wall!
2025-08-29 14:09:48,482 - INFO - [63.06, -5.13, -1.5, 63.06, -5.13, -1.5, 63.06, -5.13, -1.5, 0.0, 103.0, 44132.0, 0.0, 6412.0, -4227.0, 0.0, 3.0, 0.0, 0.0]
2025-08-29 14:09:48,483 - WARNING - Close to the left wall!
2025-08-29 14:09:48,539 - INFO - [63.06, -5.13, -1.5, 63.06, -5.13, -1.5, 63.06, -5.13, -1.5, 4.0, 104.0, 44132.0, 0.0, 6412.0, -4227.0, 0.0, 3.0, 0.0, 0.0]
2025-08-29 14:09:48,539 - WARNING - Close to the left wall!
2025-08-29 14:09:48,598 - INFO - [63.06, -5.13, -1.5, 63.06, -5.13, -1.5, 63.06, -5.13, -1.5, 0.0, 102.0, 44132.0, 0.0, 6412.0, -4227.0, 0.0, 3.0, 0.0, 0.0]
2025-08-29 14:09:48,598 - WARNING - Close to the left wall!
2025-08-29 14:09:48,655 - INFO - [63.06, -5.13, -1.5, 63.06, -5.13, -1.5, 63.06, -5.13, -1.5, 0.0, 106.0, 44132.0, 0.0, 6412.0, -4227.0, 0.0, 3.0, 0.0, 0.0]
2025-08-29 14:09:48,655 - WARNING - Close to the left wall!
2025-08-29 14:09:48,712 - INFO - [63.13, -5.06, -1.5, 63.13, -5.06, -1.5, 63.13, -5.06, -1.5, 0.0, 105.0, 44132.0, 0.0, 6412.0, -4227.0, 0.0, 3.0, 0.0, 0.0]
2025-08-29 14:09:48,712 - WARNING - Close to the left wall!
2025-08-29 14:09:48,770 - INFO - [63.44, -5.31, -1.56, 63.44, -5.31, -1.56, 63.44, -5.31, -1.56, 2.0, 98.0, 44132.0, 0.0, 6412.0, -4230.0, 0.0, 3.0, 0.0, 0.0]
2025-08-29 14:09:48,770 - WARNING - Close to the left wall!
2025-08-29 14:09:48,875 - INFO - [67.88, -9.25, -1.38, 67.88, -9.25, -1.38, 67.88, -9.25, -1.38, 7.0, 94.0, 44132.0, 0.0, 6412.0, -4261.0, 0.0, 3.0, 0.0, 0.0]
2025-08-29 14:09:48,875 - WARNING - Close to the left wall!
2025-08-29 14:09:48,981 - INFO - [73.94, -12.81, -1.19, 73.94, -12.81, -1.19, 73.94, -12.81, -1.19, 143.0, 90.0, 44132.0, 0.0, 6412.0, -4301.0, 0.0, 3.0, 0.0, 0.0]
2025-08-29 14:09:48,981 - WARNING - Close to the left wall!
2025-08-29 14:09:49,087 - INFO - [76.94, -14.31, -0.81, 76.94, -14.31, -0.81, 76.94, -14.31, -0.81, 184.0, 86.0, 44132.0, 0.0, 6412.0, -4346.0, 0.0, 3.0, 0.0, 0.0]
2025-08-29 14:09:49,087 - WARNING - Close to the left wall!
2025-08-29 14:09:49,192 - INFO - [76.31, -4.06, -1.5, 76.31, -4.06, -1.5, 76.31, -4.06, -1.5, 31.0, 88.0, 44132.0, 0.0, 6412.0, -4397.0, 0.0, 3.0, 0.0, 0.0]
2025-08-29 14:09:49,192 - WARNING - Close to the left wall!
2025-08-29 14:09:49,298 - INFO - [77.88, -4.44, -1.25, 77.88, -4.44, -1.25, 77.88, -4.44, -1.25, 35.0, 88.0, 44132.0, 0.0, 328.0, -4488.0, 0.0, 3.0, 0.0, 0.0]
2025-08-29 14:09:49,298 - WARNING - Close to the left wall!
2025-08-29 14:09:49,354 - INFO - [79.69, -4.38, -1.38, 79.69, -4.38, -1.38, 79.69, -4.38, -1.38, 44.0, 88.0, 44132.0, 0.0, 328.0, -4539.0, 0.0, 3.0, 0.0, 0.0]
2025-08-29 14:09:49,354 - WARNING - Close to the left wall!
2025-08-29 14:09:49,462 - INFO - [82.44, -4.5, -1.13, 82.44, -4.5, -1.13, 82.44, -4.5, -1.13, 84.0, 86.0, 44132.0, 0.0, 328.0, -4625.0, 0.0, 3.0, 0.0, 0.0]
2025-08-29 14:09:49,463 - WARNING - Close to the left wall!
2025-08-29 14:09:49,564 - INFO - [84.94, -4.5, -1.06, 84.94, -4.5, -1.06, 84.94, -4.5, -1.06, 162.0, 85.0, 44132.0, 0.0, 328.0, -4710.0, 0.0, 3.0, 0.0, 0.0]
2025-08-29 14:09:49,564 - WARNING - Close to the left wall!
2025-08-29 14:09:49,621 - INFO - [86.25, -4.56, -1.0, 86.25, -4.56, -1.0, 86.25, -4.56, -1.0, 164.0, 85.0, 44132.0, 6.0, 328.0, -4754.0, 0.0, 3.0, 0.0, 0.0]
2025-08-29 14:09:49,621 - WARNING - Close to the left wall!
2025-08-29 14:09:49,678 - INFO - [87.5, -4.63, -1.0, 87.5, -4.63, -1.0, 87.5, -4.63, -1.0, 162.0, 85.0, 44132.0, 7.0, 328.0, -4795.0, 0.0, 3.0, 0.0, 0.0]
2025-08-29 14:09:49,679 - WARNING - Close to the left wall!
2025-08-29 14:09:49,784 - INFO - [89.13, -4.56, -0.94, 89.13, -4.56, -0.94, 89.13, -4.56, -0.94, 160.0, 84.0, 44132.0, 7.0, 328.0, -4868.0, 0.0, 3.0, 0.0, 0.0]
2025-08-29 14:09:49,784 - WARNING - Close to the left wall!
2025-08-29 14:09:49,842 - INFO - [90.06, -4.56, -0.88, 90.06, -4.56, -0.88, 90.06, -4.56, -0.88, 159.0, 83.0, 44132.0, 6.0, 328.0, -4906.0, 0.0, 3.0, 0.0, 0.0]
2025-08-29 14:09:49,842 - WARNING - Close to the left wall!
2025-08-29 14:09:49,947 - INFO - [91.75, -4.63, -0.75, 91.75, -4.63, -0.75, 91.75, -4.63, -0.75, 157.0, 83.0, 44132.0, 7.0, 328.0, -4962.0, 0.0, 3.0, 0.0, 0.0]
2025-08-29 14:09:49,947 - WARNING - Close to the left wall!
2025-08-29 14:09:50,005 - INFO - [92.69, -4.63, -0.63, 92.69, -4.63, -0.63, 92.69, -4.63, -0.63, 157.0, 83.0, 44132.0, 6.0, 328.0, -4989.0, 0.0, 3.0, 0.0, 0.0]
2025-08-29 14:09:50,005 - WARNING - Close to the left wall!
2025-08-29 14:09:50,062 - INFO - [93.63, -4.5, -0.63, 93.63, -4.5, -0.63, 93.63, -4.5, -0.63, 156.0, 83.0, 44132.0, 8.0, 328.0, -5020.0, 0.0, 3.0, 0.0, 0.0]
2025-08-29 14:09:50,063 - WARNING - Close to the left wall!
2025-08-29 14:09:50,119 - INFO - [94.63, -4.56, -0.56, 94.63, -4.56, -0.56, 94.63, -4.56, -0.56, 155.0, 82.0, 44132.0, 7.0, 328.0, -5054.0, 0.0, 3.0, 0.0, 0.0]
2025-08-29 14:09:50,119 - WARNING - Close to the left wall!
2025-08-29 14:09:50,176 - INFO - [95.69, -4.63, -0.5, 95.69, -4.63, -0.5, 95.69, -4.63, -0.5, 156.0, 81.0, 44132.0, 6.0, 328.0, -5091.0, 0.0, 3.0, 0.0, 0.0]
2025-08-29 14:09:50,176 - WARNING - Close to the left wall!
2025-08-29 14:09:50,281 - INFO - [98.19, -4.56, -0.63, 98.19, -4.56, -0.63, 98.19, -4.56, -0.63, 156.0, 82.0, 44132.0, 10.0, 328.0, -5163.0, 0.0, 3.0, 0.0, 0.0]
2025-08-29 14:09:50,386 - INFO - [100.75, -4.63, -0.63, 100.75, -4.63, -0.63, 100.75, -4.63, -0.63, 153.0, 81.0, 44132.0, 8.0, 328.0, -5241.0, 0.0, 3.0, 0.0, 0.0]
2025-08-29 14:09:50,386 - WARNING - Close to the left wall!
2025-08-29 14:09:50,445 - INFO - [102.25, -4.56, -0.56, 102.25, -4.56, -0.56, 102.25, -4.56, -0.56, 160.0, 79.0, 44132.0, 8.0, 328.0, -5282.0, 0.0, 3.0, 0.0, 0.0]
2025-08-29 14:09:50,445 - WARNING - Close to the left wall!
2025-08-29 14:09:50,503 - INFO - [103.63, -4.56, -0.44, 103.63, -4.56, -0.44, 103.63, -4.56, -0.44, 156.0, 81.0, 44132.0, 8.0, 328.0, -5326.0, 0.0, 3.0, 0.0, 0.0]
2025-08-29 14:09:50,503 - WARNING - Close to the left wall!
2025-08-29 14:09:50,609 - INFO - [105.81, -4.69, -0.38, 105.81, -4.69, -0.38, 105.81, -4.69, -0.38, 160.0, 81.0, 44132.0, 11.0, 328.0, -5403.0, 0.0, 3.0, 0.0, 0.0]
2025-08-29 14:09:50,718 - INFO - [107.56, -4.63, -0.44, 107.56, -4.63, -0.44, 107.56, -4.63, -0.44, 105.0, 79.0, 44132.0, 12.0, 328.0, -5470.0, 0.0, 3.0, 0.0, 0.0]
2025-08-29 14:09:50,817 - INFO - [109.06, -4.63, -0.44, 109.06, -4.63, -0.44, 109.06, -4.63, -0.44, 42.0, 77.0, 44132.0, 6.0, 328.0, -5537.0, 0.0, 3.0, 0.0, 0.0]
2025-08-29 14:09:50,822 - WARNING - Close to the left wall!
2025-08-29 14:09:50,921 - INFO - [110.75, -4.56, -0.31, 110.75, -4.56, -0.31, 110.75, -4.56, -0.31, 39.0, 79.0, 44132.0, 12.0, 328.0, -5587.0, 0.0, 3.0, 0.0, 0.0]
2025-08-29 14:09:51,026 - INFO - [112.25, -4.63, -0.06, 112.25, -4.63, -0.06, 112.25, -4.63, -0.06, 38.0, 79.0, 44132.0, 14.0, 328.0, -5638.0, 0.0, 3.0, 0.0, 0.0]
2025-08-29 14:09:51,130 - INFO - [113.88, -4.56, -0.19, 113.88, -4.56, -0.19, 113.88, -4.56, -0.19, 37.0, 77.0, 44132.0, 10.0, 328.0, -5704.0, 0.0, 3.0, 0.0, 0.0]
2025-08-29 14:09:51,234 - INFO - [116.5, -4.56, -0.06, 116.5, -4.56, -0.06, 116.5, -4.56, -0.06, 49.0, 76.0, 44132.0, 21.0, 328.0, -5777.0, 0.0, 3.0, 0.0, 0.0]
2025-08-29 14:09:51,340 - INFO - [119.0, -4.56, 0.06, 119.0, -4.56, 0.06, 119.0, -4.56, 0.06, 0.0, 78.0, 44132.0, 20.0, 328.0, -5858.0, 0.0, 3.0, 0.0, 0.0]
2025-08-29 14:09:51,342 - WARNING - Might crash, too close
2025-08-29 14:09:51,446 - INFO - [121.75, -4.44, 0.0, 121.75, -4.44, 0.0, 121.75, -4.44, 0.0, 0.0, 81.0, 44132.0, 26.0, 328.0, -5936.0, 0.0, 3.0, 0.0, 0.0]
2025-08-29 14:09:51,446 - WARNING - Might crash, too close
2025-08-29 14:09:51,552 - INFO - [124.0, -4.44, -0.06, 124.0, -4.44, -0.06, 124.0, -4.44, -0.06, 0.0, 78.0, 44132.0, 30.0, 328.0, -6014.0, 0.0, 3.0, 0.0, 0.0]
2025-08-29 14:09:51,552 - WARNING - Might crash, too close
2025-08-29 14:09:51,657 - INFO - [126.0, -4.38, -0.38, 126.0, -4.38, -0.38, 126.0, -4.38, -0.38, 0.0, 79.0, 44132.0, 32.0, 6412.0, -6081.0, 0.0, 3.0, 0.0, 0.0]
2025-08-29 14:09:51,657 - WARNING - Might crash, too close
2025-08-29 14:09:51,716 - INFO - [126.81, -4.38, -0.38, 126.81, -4.38, -0.38, 126.81, -4.38, -0.38, 0.0, 77.0, 44132.0, 35.0, 6412.0, -6120.0, 0.0, 3.0, 0.0, 0.0]
2025-08-29 14:09:51,716 - WARNING - Might crash, too close
2025-08-29 14:09:51,773 - INFO - [127.88, -4.38, -0.38, 127.88, -4.38, -0.38, 127.88, -4.38, -0.38, 0.0, 80.0, 44132.0, 36.0, 6412.0, -6155.0, 0.0, 3.0, 0.0, 0.0]
2025-08-29 14:09:51,774 - WARNING - Might crash, too close
2025-08-29 14:09:51,830 - INFO - [128.88, -4.38, -0.44, 128.88, -4.38, -0.44, 128.88, -4.38, -0.44, 0.0, 81.0, 44132.0, 38.0, 6412.0, -6184.0, 0.0, 3.0, 0.0, 0.0]
2025-08-29 14:09:51,830 - WARNING - Might crash, too close
2025-08-29 14:09:51,934 - INFO - [130.25, -4.31, -0.25, 130.25, -4.31, -0.25, 130.25, -4.31, -0.25, 0.0, 78.0, 44132.0, 39.0, 6412.0, -6235.0, 0.0, 3.0, 0.0, 0.0]
2025-08-29 14:09:51,934 - WARNING - Might crash, too close
2025-08-29 14:09:52,039 - INFO - [132.13, -4.38, -0.25, 132.13, -4.38, -0.25, 132.13, -4.38, -0.25, 0.0, 77.0, 44132.0, 44.0, 6412.0, -6299.0, 0.0, 3.0, 0.0, 0.0]
2025-08-29 14:09:52,039 - WARNING - Might crash, too close
2025-08-29 14:09:52,097 - INFO - [133.06, -4.38, -0.25, 133.06, -4.38, -0.25, 133.06, -4.38, -0.25, 0.0, 79.0, 44132.0, 44.0, 6412.0, -6338.0, 0.0, 3.0, 0.0, 0.0]
2025-08-29 14:09:52,098 - WARNING - Might crash, too close
2025-08-29 14:09:52,155 - INFO - [134.44, -4.5, -0.13, 134.44, -4.5, -0.13, 134.44, -4.5, -0.13, 0.0, 80.0, 44132.0, 49.0, 6412.0, -6378.0, 0.0, 3.0, 0.0, 0.0]
2025-08-29 14:09:52,155 - WARNING - Might crash, too close
2025-08-29 14:09:52,260 - INFO - [137.0, -4.38, 0.0, 137.0, -4.38, 0.0, 137.0, -4.38, 0.0, 0.0, 81.0, 44132.0, 57.0, 6412.0, -6456.0, 0.0, 3.0, 0.0, 0.0]
2025-08-29 14:09:52,260 - WARNING - Might crash, too close
2025-08-29 14:09:52,367 - INFO - [139.56, -4.38, 0.06, 139.56, -4.38, 0.06, 139.56, -4.38, 0.06, 0.0, 79.0, 44132.0, 62.0, 6412.0, -6537.0, 0.0, 3.0, 0.0, 0.0]
2025-08-29 14:09:52,367 - WARNING - Might crash, too close
2025-08-29 14:09:52,472 - INFO - [142.06, -4.38, 0.13, 142.06, -4.38, 0.13, 142.06, -4.38, 0.13, 0.0, 83.0, 44132.0, 69.0, 6412.0, -6617.0, 0.0, 3.0, 0.0, 0.0]
2025-08-29 14:09:52,474 - WARNING - Might crash, too close
2025-08-29 14:09:52,576 - INFO - [144.0, -4.38, 0.13, 144.0, -4.38, 0.13, 144.0, -4.38, 0.13, 0.0, 84.0, 44132.0, 0.0, 6412.0, -6687.0, 0.0, 3.0, 0.0, 0.0]
2025-08-29 14:09:52,576 - WARNING - Close to the left wall!
2025-08-29 14:09:52,633 - INFO - [145.0, -4.38, 0.19, 145.0, -4.38, 0.19, 145.0, -4.38, 0.19, 0.0, 86.0, 44132.0, 17.0, 6412.0, -6723.0, 0.0, 3.0, 0.0, 0.0]
2025-08-29 14:09:52,633 - WARNING - Might crash, too close
2025-08-29 14:09:52,691 - INFO - [145.94, -4.38, 0.19, 145.94, -4.38, 0.19, 145.94, -4.38, 0.19, 0.0, 82.0, 44132.0, 16.0, 6412.0, -6758.0, 0.0, 3.0, 0.0, 0.0]
2025-08-29 14:09:52,692 - WARNING - Might crash, too close
2025-08-29 14:09:52,749 - INFO - [147.0, -4.38, 0.19, 147.0, -4.38, 0.19, 147.0, -4.38, 0.19, 0.0, 83.0, 44132.0, 16.0, 6412.0, -6786.0, 0.0, 3.0, 0.0, 0.0]
2025-08-29 14:09:52,749 - WARNING - Might crash, too close
2025-08-29 14:09:52,806 - INFO - [147.81, -4.25, 0.13, 147.81, -4.25, 0.13, 147.81, -4.25, 0.13, 0.0, 86.0, 44132.0, 18.0, 6412.0, -6810.0, 0.0, 3.0, 0.0, 0.0]
2025-08-29 14:09:52,806 - WARNING - Might crash, too close
2025-08-29 14:09:52,864 - INFO - [148.56, -4.25, 0.25, 148.56, -4.25, 0.25, 148.56, -4.25, 0.25, 0.0, 100.0, 44132.0, 20.0, 6412.0, -6835.0, 0.0, 3.0, 0.0, 0.0]
2025-08-29 14:09:52,864 - WARNING - Might crash, too close
2025-08-29 14:09:52,922 - INFO - [149.38, -4.19, 0.38, 149.38, -4.19, 0.38, 149.38, -4.19, 0.38, 0.0, 116.0, 44132.0, 36.0, 6412.0, -6863.0, 0.0, 3.0, 0.0, 0.0]
2025-08-29 14:09:52,923 - WARNING - Might crash, too close
2025-08-29 14:09:53,025 - INFO - [151.06, -4.19, 0.13, 151.06, -4.19, 0.13, 151.06, -4.19, 0.13, 50.0, 0.0, 44132.0, 112.0, 6412.0, -6924.0, 0.0, 3.0, 0.0, 0.0]
2025-08-29 14:09:53,025 - WARNING - Close to the right wall!
2025-08-29 14:09:53,083 - INFO - [151.94, -4.25, 0.13, 151.94, -4.25, 0.13, 151.94, -4.25, 0.13, 40.0, 194.0, 44132.0, 122.0, 6412.0, -6959.0, 0.0, 3.0, 0.0, 0.0]
2025-08-29 14:09:53,141 - INFO - [153.13, -4.19, 0.19, 153.13, -4.19, 0.19, 153.13, -4.19, 0.19, 37.0, 194.0, 44132.0, 131.0, 6412.0, -6995.0, 0.0, 3.0, 0.0, 0.0]
2025-08-29 14:09:53,198 - INFO - [154.44, -4.06, 0.13, 154.44, -4.06, 0.13, 154.44, -4.06, 0.13, 37.0, 190.0, 44132.0, 0.0, 6412.0, -7034.0, 0.0, 3.0, 0.0, 0.0]
2025-08-29 14:09:53,199 - WARNING - Close to the left wall!
2025-08-29 14:09:53,255 - INFO - [155.38, -4.0, 0.19, 155.38, -4.0, 0.19, 155.38, -4.0, 0.19, 35.0, 189.0, 44132.0, 0.0, 6412.0, -7075.0, 0.0, 3.0, 0.0, 0.0]
2025-08-29 14:09:53,255 - WARNING - Close to the left wall!
2025-08-29 14:09:53,314 - INFO - [156.88, -3.94, 0.25, 156.88, -3.94, 0.25, 156.88, -3.94, 0.25, 33.0, 179.0, 44132.0, 107.0, 6412.0, -7118.0, 0.0, 3.0, 0.0, 0.0]
2025-08-29 14:09:53,372 - INFO - [158.13, -3.88, 0.31, 158.13, -3.88, 0.31, 158.13, -3.88, 0.31, 32.0, 178.0, 44132.0, 126.0, 6412.0, -7159.0, 0.0, 3.0, 0.0, 0.0]
2025-08-29 14:09:53,429 - INFO - [159.31, -3.75, 0.31, 159.31, -3.75, 0.31, 159.31, -3.75, 0.31, 30.0, 173.0, 44132.0, 114.0, 6412.0, -7198.0, 0.0, 3.0, 0.0, 0.0]
2025-08-29 14:09:53,486 - INFO - [160.25, -3.69, 0.31, 160.25, -3.69, 0.31, 160.25, -3.69, 0.31, 28.0, 156.0, 44132.0, 124.0, 6412.0, -7236.0, 0.0, 3.0, 0.0, 0.0]
2025-08-29 14:09:53,544 - INFO - [161.25, -3.63, 0.19, 161.25, -3.63, 0.19, 161.25, -3.63, 0.19, 27.0, 120.0, 44132.0, 111.0, 6412.0, -7273.0, 0.0, 3.0, 0.0, 0.0]
2025-08-29 14:09:53,601 - INFO - [162.25, -3.81, 0.63, 162.25, -3.81, 0.63, 162.25, -3.81, 0.63, 26.0, 117.0, 44132.0, 116.0, 6412.0, -7310.0, 0.0, 3.0, 0.0, 0.0]
2025-08-29 14:09:53,707 - INFO - [164.19, -3.81, 0.63, 164.19, -3.81, 0.63, 164.19, -3.81, 0.63, 23.0, 115.0, 44132.0, 116.0, 6412.0, -7377.0, 0.0, 3.0, 0.0, 0.0]
2025-08-29 14:09:53,812 - INFO - [166.19, -3.75, 0.56, 166.19, -3.75, 0.56, 166.19, -3.75, 0.56, 21.0, 114.0, 44132.0, 113.0, 6412.0, -7432.0, 0.0, 3.0, 0.0, 0.0]
2025-08-29 14:09:53,869 - INFO - [167.19, -3.69, 0.69, 167.19, -3.69, 0.69, 167.19, -3.69, 0.69, 20.0, 118.0, 44132.0, 121.0, 6412.0, -7462.0, 0.0, 3.0, 0.0, 0.0]
2025-08-29 14:09:53,907 - INFO - Camera stopped
2025-08-29 14:09:55,717 - INFO - Camera closed successfully.
