2025-08-31 14:36:03,051 - INFO - Camera configuration has been adjusted!
2025-08-31 14:36:03,053 - INFO - Configuration successful!
2025-08-31 14:36:04,575 - INFO - Camera started
2025-08-31 14:36:04,639 - INFO - [359.88, -4.25, -2.19, 359.88, -4.25, -2.19, 359.88, -4.25, -2.19, 102.0, 15.0, 45.0, 71.0, 0.0, 0.0, 0.0, 3.0, 0.0, 0.0]
2025-08-31 14:36:04,920 - INFO - Steering 15; Speed 200
2025-08-31 14:36:05,186 - INFO - [0.0, -4.25, -2.25, 0.0, -4.25, -2.25, 0.0, -4.25, -2.25, 102.0, 13.0, 45.0, 71.0, 0.0, 0.0, 0.0, 3.0, 0.0, 0.0]
2025-08-31 14:36:05,353 - INFO - Steering 15; Speed 200
2025-08-31 14:36:05,454 - INFO - [359.94, -4.25, -2.25, 359.94, -4.25, -2.25, 359.94, -4.25, -2.25, 102.0, 255.0, 47.0, 15.0, 0.0, -50.0, 0.0, 3.0, 0.0, 0.0]
2025-08-31 14:36:05,476 - INFO - Steering 15; Speed 200
2025-08-31 14:36:05,600 - INFO - [358.94, -4.25, -2.25, 358.94, -4.25, -2.25, 358.94, -4.25, -2.25, 99.0, 189.0, 53.0, 14.0, 0.0, -137.0, 0.0, 3.0, 0.0, 0.0]
2025-08-31 14:36:05,624 - INFO - Steering 15; Speed 200
2025-08-31 14:36:05,751 - INFO - [357.0, -4.19, -2.31, 357.0, -4.19, -2.31, 357.0, -4.19, -2.31, 96.0, 222.0, 62.0, 13.0, 0.0, -227.0, 0.0, 3.0, 0.0, 0.0]
2025-08-31 14:36:05,776 - INFO - Steering 15; Speed 200
2025-08-31 14:36:05,899 - INFO - [355.0, -4.19, -2.25, 355.0, -4.19, -2.25, 355.0, -4.19, -2.25, 94.0, 221.0, 98.0, 71.0, 0.0, -313.0, 0.0, 3.0, 0.0, 0.0]
2025-08-31 14:36:05,915 - INFO - Steering 15; Speed 200
2025-08-31 14:36:06,044 - INFO - [353.06, -4.13, -2.31, 353.06, -4.13, -2.31, 353.06, -4.13, -2.31, 92.0, 223.0, 101.0, 71.0, 0.0, -388.0, 0.0, 3.0, 0.0, 0.0]
2025-08-31 14:36:06,060 - INFO - Steering 15; Speed 200
2025-08-31 14:36:06,192 - INFO - [351.5, -4.13, -2.31, 351.5, -4.13, -2.31, 351.5, -4.13, -2.31, 90.0, 226.0, 101.0, 71.0, 0.0, -457.0, 0.0, 3.0, 0.0, 0.0]
2025-08-31 14:36:06,211 - INFO - Steering 15; Speed 200
2025-08-31 14:36:06,340 - INFO - [349.44, -3.94, -2.44, 349.44, -3.94, -2.44, 349.44, -3.94, -2.44, 88.0, 226.0, 99.0, 70.0, 0.0, -528.0, 0.0, 3.0, 0.0, 0.0]
2025-08-31 14:36:06,354 - INFO - Steering 15; Speed 200
2025-08-31 14:36:06,487 - INFO - [347.31, -3.81, -2.63, 347.31, -3.81, -2.63, 347.31, -3.81, -2.63, 85.0, 233.0, 94.0, 70.0, 0.0, -603.0, 0.0, 3.0, 0.0, 0.0]
2025-08-31 14:36:06,505 - INFO - Steering 15; Speed 200
2025-08-31 14:36:06,633 - INFO - [345.06, -3.63, -2.63, 345.06, -3.63, -2.63, 345.06, -3.63, -2.63, 84.0, 234.0, 83.0, 69.0, 0.0, -680.0, 0.0, 3.0, 0.0, 0.0]
2025-08-31 14:36:06,652 - INFO - Steering 15; Speed 200
2025-08-31 14:36:06,782 - INFO - [342.88, -3.56, -2.75, 342.88, -3.56, -2.75, 342.88, -3.56, -2.75, 82.0, 244.0, 75.0, 68.0, 0.0, -764.0, 0.0, 3.0, 0.0, 0.0]
2025-08-31 14:36:06,798 - INFO - Steering 15; Speed 200
2025-08-31 14:36:06,930 - INFO - [340.69, -3.38, -2.88, 340.69, -3.38, -2.88, 340.69, -3.38, -2.88, 81.0, 240.0, 70.0, 67.0, 0.0, -848.0, 0.0, 3.0, 0.0, 0.0]
2025-08-31 14:36:06,945 - INFO - Steering 15; Speed 200
2025-08-31 14:36:07,076 - INFO - [338.94, -3.31, -2.88, 338.94, -3.31, -2.88, 338.94, -3.31, -2.88, 80.0, 215.0, 67.0, 67.0, 0.0, -930.0, 0.0, 3.0, 0.0, 0.0]
2025-08-31 14:36:07,093 - INFO - Steering 165; Speed 200
2025-08-31 14:36:07,223 - INFO - [337.13, -3.31, -2.88, 337.13, -3.31, -2.88, 337.13, -3.31, -2.88, 79.0, 190.0, 64.0, 66.0, 0.0, -1003.0, 1.0, 3.0, 0.0, 0.0]
2025-08-31 14:36:07,245 - INFO - Steering 165; Speed 200
2025-08-31 14:36:07,361 - INFO - [335.56, -3.31, -2.81, 335.56, -3.31, -2.81, 335.56, -3.31, -2.81, 78.0, 65535.0, 64.0, 576.0, 0.0, -1066.0, 1.0, 3.0, 0.0, 0.0]
2025-08-31 14:36:07,380 - INFO - Steering 165; Speed 200
2025-08-31 14:36:07,509 - INFO - [333.75, -3.19, -3.06, 333.75, -3.19, -3.06, 333.75, -3.19, -3.06, 77.0, 255.0, 255.0, 65.0, 0.0, -1141.0, 1.0, 3.0, 0.0, 0.0]
2025-08-31 14:36:07,524 - INFO - Steering 165; Speed 200
2025-08-31 14:36:07,657 - INFO - [333.44, -3.5, -3.25, 333.44, -3.5, -3.25, 333.44, -3.5, -3.25, 74.0, 151.0, 64.0, 62.0, 0.0, -1248.0, 2.0, 3.0, 0.0, 0.0]
2025-08-31 14:36:07,674 - INFO - Steering 165; Speed 200
2025-08-31 14:36:07,808 - INFO - [337.38, -3.69, -3.31, 337.38, -3.69, -3.31, 337.38, -3.69, -3.31, 67.0, 175.0, 83.0, 60.0, 0.0, -1369.0, 2.0, 3.0, 0.0, 0.0]
2025-08-31 14:36:07,822 - INFO - Steering 165; Speed 200
2025-08-31 14:36:07,955 - INFO - [341.31, -3.94, -3.31, 341.31, -3.94, -3.31, 341.31, -3.94, -3.31, 61.0, 203.0, 99.0, 59.0, 0.0, -1469.0, 2.0, 3.0, 0.0, 0.0]
2025-08-31 14:36:07,969 - INFO - Steering 165; Speed 200
2025-08-31 14:36:08,103 - INFO - [343.75, -4.06, -3.13, 343.75, -4.06, -3.13, 343.75, -4.06, -3.13, 58.0, 228.0, 107.0, 59.0, 0.0, -1542.0, 2.0, 3.0, 0.0, 0.0]
2025-08-31 14:36:08,122 - INFO - Steering 165; Speed 200
2025-08-31 14:36:08,252 - INFO - [346.0, -4.31, -2.94, 346.0, -4.31, -2.94, 346.0, -4.31, -2.94, 55.0, 242.0, 116.0, 58.0, 0.0, -1597.0, 2.0, 3.0, 0.0, 0.0]
2025-08-31 14:36:08,270 - INFO - Steering 165; Speed 200
2025-08-31 14:36:08,401 - INFO - [347.25, -4.31, -2.81, 347.25, -4.31, -2.81, 347.25, -4.31, -2.81, 54.0, 246.0, 120.0, 58.0, 0.0, -1639.0, 2.0, 3.0, 0.0, 0.0]
2025-08-31 14:36:08,418 - INFO - Steering 165; Speed 200
2025-08-31 14:36:08,549 - INFO - [349.19, -4.31, -2.63, 349.19, -4.31, -2.63, 349.19, -4.31, -2.63, 52.0, 241.0, 125.0, 58.0, 0.0, -1696.0, 2.0, 3.0, 0.0, 0.0]
2025-08-31 14:36:08,566 - INFO - Steering 165; Speed 200
2025-08-31 14:36:08,699 - INFO - [351.56, -4.5, -2.63, 351.56, -4.5, -2.63, 351.56, -4.5, -2.63, 49.0, 239.0, 102.0, 58.0, 0.0, -1763.0, 2.0, 3.0, 0.0, 0.0]
2025-08-31 14:36:08,713 - INFO - Steering 165; Speed 200
2025-08-31 14:36:08,846 - INFO - [353.88, -4.56, -2.63, 353.88, -4.56, -2.63, 353.88, -4.56, -2.63, 46.0, 239.0, 67.0, 58.0, 0.0, -1834.0, 1.0, 3.0, 0.0, 0.0]
2025-08-31 14:36:08,863 - INFO - Steering 165; Speed 200
2025-08-31 14:36:08,995 - INFO - [356.88, -4.63, -2.38, 356.88, -4.63, -2.38, 356.88, -4.63, -2.38, 44.0, 233.0, 63.0, 59.0, 0.0, -1916.0, 1.0, 3.0, 0.0, 0.0]
2025-08-31 14:36:09,011 - INFO - Steering 165; Speed 200
2025-08-31 14:36:09,144 - INFO - [0.0, -4.69, -2.19, 0.0, -4.69, -2.19, 0.0, -4.69, -2.19, 41.0, 229.0, 63.0, 60.0, 0.0, -2001.0, 1.0, 3.0, 0.0, 0.0]
2025-08-31 14:36:09,161 - INFO - Steering 165; Speed 200
2025-08-31 14:36:09,291 - INFO - [2.69, -4.75, -2.19, 2.69, -4.75, -2.19, 2.69, -4.75, -2.19, 39.0, 219.0, 65.0, 62.0, 0.0, -2078.0, 1.0, 3.0, 0.0, 0.0]
2025-08-31 14:36:09,309 - INFO - Steering 165; Speed 200
2025-08-31 14:36:09,438 - INFO - [4.25, -4.81, -2.06, 4.25, -4.81, -2.06, 4.25, -4.81, -2.06, 37.0, 186.0, 67.0, 62.0, 0.0, -2137.0, 1.0, 3.0, 0.0, 0.0]
2025-08-31 14:36:09,455 - INFO - Steering 165; Speed 200
2025-08-31 14:36:09,585 - INFO - [5.94, -4.81, -1.94, 5.94, -4.81, -1.94, 5.94, -4.81, -1.94, 36.0, 101.0, 69.0, 63.0, 0.0, -2195.0, 1.0, 3.0, 0.0, 0.0]
2025-08-31 14:36:09,604 - INFO - Steering 165; Speed 200
2025-08-31 14:36:09,732 - INFO - [7.56, -4.88, -1.88, 7.56, -4.88, -1.88, 7.56, -4.88, -1.88, 35.0, 21.0, 39.0, 64.0, 0.0, -2243.0, 1.0, 3.0, 0.0, 0.0]
2025-08-31 14:36:09,749 - INFO - Steering 165; Speed 200
2025-08-31 14:36:09,880 - INFO - [9.5, -4.88, -1.56, 9.5, -4.88, -1.56, 9.5, -4.88, -1.56, 33.0, 21.0, 40.0, 66.0, 0.0, -2303.0, 1.0, 3.0, 0.0, 0.0]
2025-08-31 14:36:09,898 - INFO - Steering 165; Speed 200
2025-08-31 14:36:10,026 - INFO - [12.19, -4.94, -1.5, 12.19, -4.94, -1.5, 12.19, -4.94, -1.5, 32.0, 20.0, 43.0, 68.0, 0.0, -2375.0, 1.0, 3.0, 0.0, 0.0]
2025-08-31 14:36:10,042 - INFO - Steering 165; Speed 200
2025-08-31 14:36:10,174 - INFO - [14.69, -4.88, -1.31, 14.69, -4.88, -1.31, 14.69, -4.88, -1.31, 30.0, 19.0, 80.0, 70.0, 0.0, -2446.0, 1.0, 3.0, 0.0, 0.0]
2025-08-31 14:36:10,189 - INFO - Steering 165; Speed 200
2025-08-31 14:36:10,321 - INFO - [17.31, -4.94, -1.06, 17.31, -4.94, -1.06, 17.31, -4.94, -1.06, 29.0, 17.0, 88.0, 73.0, 0.0, -2521.0, 1.0, 3.0, 0.0, 0.0]
2025-08-31 14:36:10,337 - INFO - Steering 165; Speed 200
2025-08-31 14:36:10,468 - INFO - [19.94, -5.0, -0.94, 19.94, -5.0, -0.94, 19.94, -5.0, -0.94, 27.0, 17.0, 135.0, 168.0, 0.0, -2601.0, 1.0, 3.0, 0.0, 0.0]
2025-08-31 14:36:10,483 - INFO - Steering 165; Speed 200
2025-08-31 14:36:10,616 - INFO - [22.44, -5.0, -0.94, 22.44, -5.0, -0.94, 22.44, -5.0, -0.94, 25.0, 19.0, 131.0, 63.0, 0.0, -2682.0, 1.0, 3.0, 0.0, 0.0]
2025-08-31 14:36:10,632 - INFO - Steering 165; Speed 200
2025-08-31 14:36:10,765 - INFO - [24.38, -5.0, -0.81, 24.38, -5.0, -0.81, 24.38, -5.0, -0.81, 24.0, 167.0, 132.0, 54.0, 0.0, -2748.0, 1.0, 3.0, 0.0, 0.0]
2025-08-31 14:36:10,782 - INFO - Steering 165; Speed 200
2025-08-31 14:36:10,912 - INFO - [26.25, -5.19, -0.56, 26.25, -5.19, -0.56, 26.25, -5.19, -0.56, 23.0, 187.0, 119.0, 47.0, 0.0, -2808.0, 1.0, 3.0, 0.0, 0.0]
2025-08-31 14:36:10,929 - INFO - Steering 165; Speed 200
2025-08-31 14:36:11,060 - INFO - [27.94, -5.06, -0.63, 27.94, -5.06, -0.63, 27.94, -5.06, -0.63, 22.0, 185.0, 104.0, 42.0, 0.0, -2859.0, 1.0, 3.0, 0.0, 0.0]
2025-08-31 14:36:11,075 - INFO - Steering 165; Speed 200
2025-08-31 14:36:11,208 - INFO - [30.19, -5.0, -0.38, 30.19, -5.0, -0.38, 30.19, -5.0, -0.38, 21.0, 177.0, 102.0, 36.0, 0.0, -2926.0, 1.0, 3.0, 0.0, 0.0]
2025-08-31 14:36:11,228 - INFO - Steering 165; Speed 200
2025-08-31 14:36:11,356 - INFO - [33.31, -5.19, -0.38, 33.31, -5.19, -0.38, 33.31, -5.19, -0.38, 20.0, 147.0, 112.0, 29.0, 0.0, -3009.0, 1.0, 3.0, 0.0, 0.0]
2025-08-31 14:36:11,371 - INFO - Steering 165; Speed 200
2025-08-31 14:36:11,508 - INFO - [37.0, -5.19, -0.13, 37.0, -5.19, -0.13, 37.0, -5.19, -0.13, 22.0, 128.0, 113.0, 23.0, 0.0, -3101.0, 1.0, 3.0, 0.0, 0.0]
2025-08-31 14:36:11,550 - INFO - Steering 165; Speed 200
2025-08-31 14:36:11,656 - INFO - [40.81, -5.13, 0.13, 40.81, -5.13, 0.13, 40.81, -5.13, 0.13, 22.0, 121.0, 110.0, 19.0, 0.0, -3196.0, 1.0, 3.0, 0.0, 0.0]
2025-08-31 14:36:11,682 - INFO - Steering 165; Speed 200
2025-08-31 14:36:11,801 - INFO - [43.56, -4.88, 0.0, 43.56, -4.88, 0.0, 43.56, -4.88, 0.0, 21.0, 115.0, 109.0, 16.0, 0.0, -3281.0, 1.0, 3.0, 0.0, 0.0]
2025-08-31 14:36:11,817 - INFO - Steering 165; Speed 200
2025-08-31 14:36:11,948 - INFO - [45.38, -4.75, -0.06, 45.38, -4.75, -0.06, 45.38, -4.75, -0.06, 21.0, 114.0, 108.0, 14.0, 0.0, -3347.0, 1.0, 3.0, 0.0, 0.0]
2025-08-31 14:36:11,982 - INFO - Steering 165; Speed 200
2025-08-31 14:36:12,095 - INFO - [47.25, -4.88, 0.0, 47.25, -4.88, 0.0, 47.25, -4.88, 0.0, 21.0, 110.0, 106.0, 13.0, 0.0, -3408.0, 1.0, 3.0, 0.0, 0.0]
2025-08-31 14:36:12,113 - INFO - Steering 165; Speed 200
2025-08-31 14:36:12,242 - INFO - [48.63, -4.81, 0.0, 48.63, -4.81, 0.0, 48.63, -4.81, 0.0, 19.0, 110.0, 106.0, 11.0, 0.0, -3458.0, 1.0, 3.0, 0.0, 0.0]
2025-08-31 14:36:12,260 - INFO - Steering 165; Speed 200
2025-08-31 14:36:12,389 - INFO - [50.44, -4.63, 0.13, 50.44, -4.63, 0.13, 50.44, -4.63, 0.13, 22.0, 107.0, 105.0, 10.0, 0.0, -3519.0, 1.0, 3.0, 0.0, 0.0]
2025-08-31 14:36:12,404 - INFO - Steering 165; Speed 200
2025-08-31 14:36:12,536 - INFO - [53.44, -4.63, 0.19, 53.44, -4.63, 0.19, 53.44, -4.63, 0.19, 21.0, 104.0, 104.0, 11.0, 0.0, -3597.0, 1.0, 3.0, 0.0, 0.0]
2025-08-31 14:36:12,549 - INFO - Steering 165; Speed 200
2025-08-31 14:36:12,684 - INFO - [57.06, -4.69, 0.31, 57.06, -4.69, 0.31, 57.06, -4.69, 0.31, 22.0, 100.0, 103.0, 11.0, 0.0, -3691.0, 1.0, 3.0, 0.0, 0.0]
2025-08-31 14:36:12,698 - INFO - Steering 165; Speed 200
2025-08-31 14:36:12,833 - INFO - [61.0, -4.63, -0.06, 61.0, -4.63, -0.06, 61.0, -4.63, -0.06, 22.0, 95.0, 103.0, 9.0, 0.0, -3787.0, 1.0, 3.0, 0.0, 0.0]
2025-08-31 14:36:12,833 - WARNING - Close to the left wall!
2025-08-31 14:36:12,848 - INFO - Steering 165; Speed 200
2025-08-31 14:36:12,982 - INFO - [64.56, -4.56, 0.0, 64.56, -4.56, 0.0, 64.56, -4.56, 0.0, 25.0, 93.0, 103.0, 6.0, 0.0, -3882.0, 1.0, 3.0, 0.0, 0.0]
2025-08-31 14:36:12,982 - WARNING - Close to the left wall!
2025-08-31 14:36:12,998 - INFO - Steering 165; Speed 200
2025-08-31 14:36:13,127 - INFO - [67.06, -4.56, 0.06, 67.06, -4.56, 0.06, 67.06, -4.56, 0.06, 28.0, 91.0, 104.0, 6.0, 0.0, -3951.0, 1.0, 3.0, 0.0, 0.0]
2025-08-31 14:36:13,128 - WARNING - Close to the left wall!
2025-08-31 14:36:13,143 - INFO - Steering 165; Speed 200
2025-08-31 14:36:13,276 - INFO - [68.88, -4.56, 0.25, 68.88, -4.56, 0.25, 68.88, -4.56, 0.25, 30.0, 89.0, 104.0, 6.0, 0.0, -4010.0, 1.0, 3.0, 0.0, 0.0]
2025-08-31 14:36:13,276 - WARNING - Close to the left wall!
2025-08-31 14:36:13,291 - INFO - Steering 165; Speed 200
2025-08-31 14:36:13,422 - INFO - [70.44, -4.44, 0.38, 70.44, -4.44, 0.38, 70.44, -4.44, 0.38, 33.0, 90.0, 106.0, 4.0, 0.0, -4061.0, 1.0, 3.0, 0.0, 0.0]
2025-08-31 14:36:13,423 - WARNING - Close to the left wall!
2025-08-31 14:36:13,438 - INFO - Steering 165; Speed 200
2025-08-31 14:36:13,570 - INFO - [71.88, -4.38, 0.38, 71.88, -4.38, 0.38, 71.88, -4.38, 0.38, 36.0, 88.0, 106.0, 4.0, 0.0, -4111.0, 2.0, 3.0, 0.0, 0.0]
2025-08-31 14:36:13,571 - WARNING - Close to the left wall!
2025-08-31 14:36:13,587 - INFO - Steering 165; Speed 200
2025-08-31 14:36:13,718 - INFO - [73.88, -4.56, 0.0, 73.88, -4.56, 0.0, 73.88, -4.56, 0.0, 43.0, 87.0, 107.0, 4.0, 0.0, -4179.0, 2.0, 3.0, 0.0, 0.0]
2025-08-31 14:36:13,719 - WARNING - Close to the left wall!
2025-08-31 14:36:13,736 - INFO - Steering 165; Speed 200
2025-08-31 14:36:13,866 - INFO - [76.81, -4.5, 0.0, 76.81, -4.5, 0.0, 76.81, -4.5, 0.0, 55.0, 86.0, 108.0, 5.0, 0.0, -4259.0, 2.0, 3.0, 0.0, 0.0]
2025-08-31 14:36:13,867 - WARNING - Close to the left wall!
2025-08-31 14:36:13,881 - INFO - Steering 165; Speed 200
2025-08-31 14:36:14,013 - INFO - [80.38, -4.44, 0.19, 80.38, -4.44, 0.19, 80.38, -4.44, 0.19, 86.0, 84.0, 110.0, 9.0, 0.0, -4352.0, 2.0, 3.0, 0.0, 0.0]
2025-08-31 14:36:14,014 - WARNING - Close to the left wall!
2025-08-31 14:36:14,028 - INFO - Turn completed
2025-08-31 14:36:14,029 - INFO - Not going back
2025-08-31 14:36:14,030 - INFO - Steering 165; Speed 200
2025-08-31 14:36:14,159 - INFO - [83.81, -4.44, 0.31, 83.81, -4.44, 0.31, 83.81, -4.44, 0.31, 170.0, 82.0, 111.0, 9.0, 0.0, -4444.0, 2.0, 3.0, 0.0, 0.0]
2025-08-31 14:36:14,160 - WARNING - Close to the left wall!
2025-08-31 14:36:14,207 - INFO - Camera stopped
2025-08-31 14:36:16,019 - INFO - Camera closed successfully.
