2025-08-29 15:12:53,266 - INFO - Camera configuration has been adjusted!
2025-08-29 15:12:53,267 - INFO - Configuration successful!
2025-08-29 15:12:54,790 - INFO - Camera started
2025-08-29 15:12:54,882 - INFO - [359.88, -3.56, -3.0, 359.88, -3.56, -3.0, 359.88, -3.56, -3.0, 107.0, 75.0, 48228.0, 14.0, 809.0, 0.0, 0.0, 3.0, 0.0, 0.0]
2025-08-29 15:12:55,351 - INFO - [0.06, -3.69, -3.06, 0.06, -3.69, -3.06, 0.06, -3.69, -3.06, 107.0, 76.0, 48228.0, 14.0, 809.0, 0.0, 0.0, 3.0, 0.0, 0.0]
2025-08-29 15:12:55,591 - INFO - [0.06, -3.69, -3.06, 0.06, -3.69, -3.06, 0.06, -3.69, -3.06, 106.0, 75.0, 48228.0, 14.0, 809.0, -48.0, 0.0, 3.0, 0.0, 0.0]
2025-08-29 15:12:55,715 - INFO - [0.75, -3.75, -3.19, 0.75, -3.75, -3.19, 0.75, -3.75, -3.19, 104.0, 12.0, 48228.0, 13.0, 809.0, -122.0, 0.0, 3.0, 0.0, 0.0]
2025-08-29 15:12:55,839 - INFO - [2.5, -3.94, -3.06, 2.5, -3.94, -3.06, 2.5, -3.94, -3.06, 102.0, 11.0, 48228.0, 15.0, 809.0, -207.0, 0.0, 3.0, 0.0, 0.0]
2025-08-29 15:12:55,962 - INFO - [4.31, -4.0, -2.94, 4.31, -4.0, -2.94, 4.31, -4.0, -2.94, 99.0, 11.0, 48228.0, 15.0, 809.0, -280.0, 0.0, 3.0, 0.0, 0.0]
2025-08-29 15:12:56,087 - INFO - [5.88, -3.94, -2.81, 5.88, -3.94, -2.81, 5.88, -3.94, -2.81, 97.0, 18.0, 48228.0, 15.0, 809.0, -347.0, 0.0, 3.0, 0.0, 0.0]
2025-08-29 15:12:56,212 - INFO - [7.94, -4.06, -2.94, 7.94, -4.06, -2.94, 7.94, -4.06, -2.94, 95.0, 71.0, 48228.0, 15.0, 809.0, -431.0, 0.0, 3.0, 0.0, 0.0]
2025-08-29 15:12:56,341 - INFO - [10.19, -4.19, -2.75, 10.19, -4.19, -2.75, 10.19, -4.19, -2.75, 94.0, 71.0, 48228.0, 18.0, 809.0, -525.0, 0.0, 3.0, 0.0, 0.0]
2025-08-29 15:12:56,462 - INFO - [12.44, -4.13, -2.75, 12.44, -4.13, -2.75, 12.44, -4.13, -2.75, 89.0, 70.0, 48228.0, 18.0, 809.0, -623.0, 0.0, 3.0, 0.0, 0.0]
2025-08-29 15:12:56,587 - INFO - [14.88, -4.25, -2.69, 14.88, -4.25, -2.69, 14.88, -4.25, -2.69, 90.0, 69.0, 48228.0, 17.0, 809.0, -721.0, 0.0, 3.0, 0.0, 0.0]
2025-08-29 15:12:56,712 - INFO - [16.81, -4.38, -2.63, 16.81, -4.38, -2.63, 16.81, -4.38, -2.63, 82.0, 68.0, 48228.0, 17.0, 809.0, -812.0, 0.0, 3.0, 0.0, 0.0]
2025-08-29 15:12:56,836 - INFO - [19.25, -4.25, -2.56, 19.25, -4.25, -2.56, 19.25, -4.25, -2.56, 85.0, 69.0, 48228.0, 23.0, 809.0, -885.0, 0.0, 3.0, 0.0, 0.0]
2025-08-29 15:12:56,960 - INFO - [21.19, -4.31, -2.38, 21.19, -4.31, -2.38, 21.19, -4.31, -2.38, 86.0, 64.0, 48228.0, 24.0, 809.0, -947.0, 0.0, 3.0, 0.0, 0.0]
2025-08-29 15:12:57,085 - INFO - [23.63, -4.5, -2.44, 23.63, -4.5, -2.44, 23.63, -4.5, -2.44, 89.0, 68.0, 48228.0, 26.0, 809.0, -1024.0, 0.0, 3.0, 0.0, 0.0]
2025-08-29 15:12:57,210 - INFO - [26.25, -4.63, -2.38, 26.25, -4.63, -2.38, 26.25, -4.63, -2.38, 89.0, 67.0, 48228.0, 29.0, 809.0, -1113.0, 0.0, 3.0, 0.0, 0.0]
2025-08-29 15:12:57,334 - INFO - [28.5, -4.56, -2.31, 28.5, -4.56, -2.31, 28.5, -4.56, -2.31, 82.0, 67.0, 48228.0, 32.0, 809.0, -1203.0, 0.0, 3.0, 0.0, 0.0]
2025-08-29 15:12:57,458 - INFO - [31.19, -4.75, -2.19, 31.19, -4.75, -2.19, 31.19, -4.75, -2.19, 88.0, 69.0, 48228.0, 35.0, 809.0, -1295.0, 0.0, 3.0, 0.0, 0.0]
2025-08-29 15:12:57,582 - INFO - [33.31, -4.75, -2.25, 33.31, -4.75, -2.25, 33.31, -4.75, -2.25, 78.0, 65.0, 48228.0, 39.0, 809.0, -1382.0, 0.0, 3.0, 0.0, 0.0]
2025-08-29 15:12:57,707 - INFO - [35.69, -5.0, -2.0, 35.69, -5.0, -2.0, 35.69, -5.0, -2.0, 96.0, 62.0, 48228.0, 43.0, 809.0, -1460.0, 0.0, 3.0, 0.0, 0.0]
2025-08-29 15:12:57,831 - INFO - [37.75, -4.94, -1.94, 37.75, -4.94, -1.94, 37.75, -4.94, -1.94, 88.0, 62.0, 48228.0, 45.0, 6412.0, -1517.0, 0.0, 3.0, 0.0, 0.0]
2025-08-29 15:12:57,955 - INFO - [39.44, -5.0, -1.81, 39.44, -5.0, -1.81, 39.44, -5.0, -1.81, 0.0, 63.0, 48228.0, 50.0, 6412.0, -1581.0, 0.0, 3.0, 0.0, 0.0]
2025-08-29 15:12:57,955 - WARNING - Might crash, too close
2025-08-29 15:12:58,080 - INFO - [42.25, -5.19, -2.0, 42.25, -5.19, -2.0, 42.25, -5.19, -2.0, 0.0, 65.0, 48228.0, 54.0, 6412.0, -1661.0, 0.0, 3.0, 0.0, 0.0]
2025-08-29 15:12:58,082 - WARNING - Might crash, too close
2025-08-29 15:12:58,205 - INFO - [45.19, -5.25, -2.06, 45.19, -5.25, -2.06, 45.19, -5.25, -2.06, 79.0, 62.0, 48228.0, 62.0, 6412.0, -1752.0, 0.0, 3.0, 0.0, 0.0]
2025-08-29 15:12:58,330 - INFO - [47.94, -5.19, -1.94, 47.94, -5.19, -1.94, 47.94, -5.19, -1.94, 0.0, 64.0, 48228.0, 68.0, 6412.0, -1843.0, 0.0, 3.0, 0.0, 0.0]
2025-08-29 15:12:58,330 - WARNING - Might crash, too close
2025-08-29 15:12:58,457 - INFO - [50.38, -5.19, -1.75, 50.38, -5.19, -1.75, 50.38, -5.19, -1.75, 0.0, 61.0, 48228.0, 78.0, 6412.0, -1933.0, 0.0, 3.0, 0.0, 0.0]
2025-08-29 15:12:58,457 - WARNING - Might crash, too close
2025-08-29 15:12:58,581 - INFO - [52.5, -5.13, -1.88, 52.5, -5.13, -1.88, 52.5, -5.13, -1.88, 0.0, 67.0, 48228.0, 56.0, 6412.0, -2013.0, 0.0, 3.0, 0.0, 0.0]
2025-08-29 15:12:58,581 - WARNING - Might crash, too close
2025-08-29 15:12:58,706 - INFO - [54.94, -5.13, -1.75, 54.94, -5.13, -1.75, 54.94, -5.13, -1.75, 105.0, 62.0, 48228.0, 63.0, 6412.0, -2078.0, 0.0, 3.0, 0.0, 0.0]
2025-08-29 15:12:58,829 - INFO - [56.69, -4.75, -1.88, 56.69, -4.75, -1.88, 56.69, -4.75, -1.88, 113.0, 64.0, 48228.0, 56.0, 6412.0, -2117.0, 0.0, 3.0, 0.0, 0.0]
2025-08-29 15:12:58,954 - INFO - [58.38, -4.69, -1.75, 58.38, -4.69, -1.75, 58.38, -4.69, -1.75, 122.0, 66.0, 48228.0, 50.0, 6412.0, -2156.0, 0.0, 3.0, 0.0, 0.0]
2025-08-29 15:12:59,082 - INFO - [60.56, -4.81, -1.63, 60.56, -4.81, -1.63, 60.56, -4.81, -1.63, 127.0, 68.0, 48228.0, 57.0, 6412.0, -2214.0, 0.0, 3.0, 0.0, 0.0]
2025-08-29 15:12:59,207 - INFO - [63.44, -4.81, -1.44, 63.44, -4.81, -1.44, 63.44, -4.81, -1.44, 138.0, 70.0, 48228.0, 51.0, 6412.0, -2284.0, 0.0, 3.0, 0.0, 0.0]
2025-08-29 15:12:59,332 - INFO - [66.81, -4.88, -1.06, 66.81, -4.88, -1.06, 66.81, -4.88, -1.06, 162.0, 73.0, 48228.0, 56.0, 6412.0, -2367.0, 0.0, 3.0, 0.0, 0.0]
2025-08-29 15:12:59,456 - INFO - [70.94, -5.0, -1.0, 70.94, -5.0, -1.0, 70.94, -5.0, -1.0, 211.0, 87.0, 48228.0, 52.0, 6412.0, -2454.0, 0.0, 3.0, 0.0, 0.0]
2025-08-29 15:12:59,580 - INFO - [74.13, -4.94, -0.81, 74.13, -4.94, -0.81, 74.13, -4.94, -0.81, 222.0, 96.0, 48228.0, 55.0, 6412.0, -2537.0, 0.0, 3.0, 0.0, 0.0]
2025-08-29 15:12:59,622 - INFO - Camera stopped
2025-08-29 15:13:01,434 - INFO - Camera closed successfully.
