2025-08-29 14:20:14,260 - INFO - Camera configuration has been adjusted!
2025-08-29 14:20:14,262 - INFO - Configuration successful!
2025-08-29 14:20:15,785 - INFO - Camera started
2025-08-29 14:20:15,881 - INFO - [359.94, -3.69, -3.06, 359.94, -3.69, -3.06, 359.94, -3.69, -3.06, 107.0, 12.0, 48228.0, 74.0, 0.0, 0.0, 0.0, 3.0, 0.0, 0.0]
2025-08-29 14:20:16,347 - INFO - [0.0, -3.69, -3.19, 0.0, -3.69, -3.19, 0.0, -3.69, -3.19, 107.0, 12.0, 48228.0, 73.0, 0.0, 0.0, 0.0, 3.0, 0.0, 0.0]
2025-08-29 14:20:16,586 - INFO - [0.0, -3.75, -3.06, 0.0, -3.75, -3.06, 0.0, -3.75, -3.06, 106.0, 12.0, 48228.0, 74.0, 0.0, -47.0, 0.0, 3.0, 0.0, 0.0]
2025-08-29 14:20:16,659 - INFO - [359.06, -3.69, -3.06, 359.06, -3.69, -3.06, 359.06, -3.69, -3.06, 102.0, 13.0, 48228.0, 56.0, 0.0, -148.0, 0.0, 3.0, 0.0, 0.0]
2025-08-29 14:20:16,712 - INFO - [358.31, -3.56, -3.0, 358.31, -3.56, -3.0, 358.31, -3.56, -3.0, 103.0, 13.0, 48228.0, 0.0, 0.0, -181.0, 0.0, 3.0, 0.0, 0.0]
2025-08-29 14:20:16,712 - WARNING - Close to the left wall!
2025-08-29 14:20:16,785 - INFO - [357.25, -3.5, -3.0, 357.25, -3.5, -3.0, 357.25, -3.5, -3.0, 98.0, 191.0, 48228.0, 12.0, 6412.0, -227.0, 0.0, 3.0, 0.0, 0.0]
2025-08-29 14:20:16,837 - INFO - [356.25, -3.5, -3.06, 356.25, -3.5, -3.06, 356.25, -3.5, -3.06, 97.0, 216.0, 48228.0, 12.0, 6412.0, -264.0, 0.0, 3.0, 0.0, 0.0]
2025-08-29 14:20:16,909 - INFO - [355.0, -3.44, -3.19, 355.0, -3.44, -3.19, 355.0, -3.44, -3.19, 96.0, 218.0, 48228.0, 12.0, 6412.0, -314.0, 0.0, 3.0, 0.0, 0.0]
2025-08-29 14:20:16,961 - INFO - [354.13, -3.38, -3.19, 354.13, -3.38, -3.19, 354.13, -3.38, -3.19, 94.0, 218.0, 48228.0, 11.0, 6412.0, -350.0, 0.0, 3.0, 0.0, 0.0]
2025-08-29 14:20:17,033 - INFO - [352.75, -3.38, -3.13, 352.75, -3.38, -3.13, 352.75, -3.38, -3.13, 93.0, 222.0, 48228.0, 12.0, 6412.0, -402.0, 0.0, 3.0, 0.0, 0.0]
2025-08-29 14:20:17,085 - INFO - [351.75, -3.25, -3.13, 351.75, -3.25, -3.13, 351.75, -3.25, -3.13, 91.0, 226.0, 48228.0, 63.0, 6412.0, -440.0, 0.0, 3.0, 0.0, 0.0]
2025-08-29 14:20:17,159 - INFO - [350.19, -3.19, -3.19, 350.19, -3.19, -3.19, 350.19, -3.19, -3.19, 91.0, 220.0, 48228.0, 70.0, 6412.0, -491.0, 0.0, 3.0, 0.0, 0.0]
2025-08-29 14:20:17,210 - INFO - [349.19, -3.19, -3.25, 349.19, -3.19, -3.25, 349.19, -3.19, -3.25, 90.0, 212.0, 48228.0, 70.0, 6412.0, -528.0, 0.0, 3.0, 0.0, 0.0]
2025-08-29 14:20:17,262 - INFO - [348.25, -3.19, -3.25, 348.25, -3.19, -3.25, 348.25, -3.19, -3.25, 91.0, 223.0, 48228.0, 69.0, 328.0, -565.0, 0.0, 3.0, 0.0, 0.0]
2025-08-29 14:20:17,313 - INFO - [347.44, -3.13, -3.31, 347.44, -3.13, -3.31, 347.44, -3.13, -3.31, 87.0, 0.0, 48228.0, 69.0, 328.0, -603.0, 0.0, 3.0, 0.0, 0.0]
2025-08-29 14:20:17,314 - WARNING - Close to the right wall!
2025-08-29 14:20:17,388 - INFO - [346.25, -3.06, -3.31, 346.25, -3.06, -3.31, 346.25, -3.06, -3.31, 87.0, 0.0, 48228.0, 68.0, 328.0, -656.0, 0.0, 3.0, 0.0, 0.0]
2025-08-29 14:20:17,389 - WARNING - Close to the right wall!
2025-08-29 14:20:17,460 - INFO - [344.81, -3.06, -3.31, 344.81, -3.06, -3.31, 344.81, -3.06, -3.31, 88.0, 0.0, 48228.0, 68.0, 328.0, -705.0, 0.0, 3.0, 0.0, 0.0]
2025-08-29 14:20:17,461 - WARNING - Close to the right wall!
2025-08-29 14:20:17,512 - INFO - [343.88, -3.0, -3.31, 343.88, -3.0, -3.31, 343.88, -3.0, -3.31, 84.0, 0.0, 48228.0, 67.0, 328.0, -736.0, 0.0, 3.0, 0.0, 0.0]
2025-08-29 14:20:17,512 - WARNING - Close to the right wall!
2025-08-29 14:20:17,564 - INFO - [343.06, -2.88, -3.31, 343.06, -2.88, -3.31, 343.06, -2.88, -3.31, 85.0, 178.0, 48228.0, 67.0, 328.0, -764.0, 0.0, 3.0, 0.0, 0.0]
2025-08-29 14:20:17,636 - INFO - [342.19, -2.75, -3.25, 342.19, -2.75, -3.25, 342.19, -2.75, -3.25, 86.0, 128.0, 48228.0, 66.0, 328.0, -803.0, 0.0, 3.0, 0.0, 0.0]
2025-08-29 14:20:17,712 - INFO - [341.13, -2.81, -3.19, 341.13, -2.81, -3.19, 341.13, -2.81, -3.19, 85.0, 130.0, 48228.0, 66.0, 328.0, -846.0, 0.0, 3.0, 0.0, 0.0]
2025-08-29 14:20:17,763 - INFO - [340.25, -2.88, -3.31, 340.25, -2.88, -3.31, 340.25, -2.88, -3.31, 82.0, 213.0, 48228.0, 64.0, 328.0, -878.0, 0.0, 3.0, 0.0, 0.0]
2025-08-29 14:20:17,835 - INFO - [339.13, -2.75, -3.38, 339.13, -2.75, -3.38, 339.13, -2.75, -3.38, 78.0, 0.0, 48228.0, 63.0, 328.0, -924.0, 0.0, 3.0, 0.0, 0.0]
2025-08-29 14:20:17,835 - WARNING - Close to the right wall!
2025-08-29 14:20:17,905 - INFO - [337.94, -2.69, -3.31, 337.94, -2.69, -3.31, 337.94, -2.69, -3.31, 83.0, 0.0, 48228.0, 64.0, 328.0, -972.0, 0.0, 3.0, 0.0, 0.0]
2025-08-29 14:20:17,906 - WARNING - Close to the right wall!
2025-08-29 14:20:17,959 - INFO - [337.0, -2.69, -3.31, 337.0, -2.69, -3.31, 337.0, -2.69, -3.31, 81.0, 199.0, 48228.0, 64.0, 328.0, -1007.0, 0.0, 3.0, 0.0, 0.0]
2025-08-29 14:20:18,012 - INFO - [336.0, -2.63, -3.31, 336.0, -2.63, -3.31, 336.0, -2.63, -3.31, 82.0, 180.0, 48228.0, 61.0, 328.0, -1041.0, 0.0, 3.0, 0.0, 0.0]
2025-08-29 14:20:18,084 - INFO - [334.63, -2.69, -3.31, 334.63, -2.69, -3.31, 334.63, -2.69, -3.31, 84.0, 183.0, 48228.0, 60.0, 328.0, -1092.0, 0.0, 3.0, 0.0, 0.0]
2025-08-29 14:20:18,157 - INFO - [334.06, -2.75, -3.38, 334.06, -2.75, -3.38, 334.06, -2.75, -3.38, 81.0, 170.0, 48228.0, 62.0, 328.0, -1147.0, 0.0, 3.0, 0.0, 0.0]
2025-08-29 14:20:18,209 - INFO - [334.06, -2.88, -3.5, 334.06, -2.88, -3.5, 334.06, -2.88, -3.5, 73.0, 172.0, 48228.0, 60.0, 328.0, -1189.0, 0.0, 3.0, 0.0, 0.0]
2025-08-29 14:20:18,262 - INFO - [334.25, -2.75, -3.63, 334.25, -2.75, -3.63, 334.25, -2.75, -3.63, 74.0, 172.0, 48228.0, 58.0, 6412.0, -1235.0, 0.0, 3.0, 0.0, 0.0]
2025-08-29 14:20:18,316 - INFO - [335.06, -2.81, -3.63, 335.06, -2.81, -3.63, 335.06, -2.81, -3.63, 75.0, 183.0, 48228.0, 58.0, 6412.0, -1279.0, 0.0, 3.0, 0.0, 0.0]
2025-08-29 14:20:18,386 - INFO - [337.0, -3.0, -3.5, 337.0, -3.0, -3.5, 337.0, -3.0, -3.5, 71.0, 188.0, 48228.0, 55.0, 6412.0, -1331.0, 0.0, 3.0, 0.0, 0.0]
2025-08-29 14:20:18,459 - INFO - [338.5, -3.13, -3.44, 338.5, -3.13, -3.44, 338.5, -3.13, -3.44, 66.0, 190.0, 48228.0, 59.0, 6412.0, -1368.0, 0.0, 3.0, 0.0, 0.0]
2025-08-29 14:20:18,512 - INFO - [339.44, -3.13, -3.31, 339.44, -3.13, -3.31, 339.44, -3.13, -3.31, 67.0, 196.0, 48228.0, 57.0, 6412.0, -1393.0, 0.0, 3.0, 0.0, 0.0]
2025-08-29 14:20:18,565 - INFO - [340.38, -3.19, -3.31, 340.38, -3.19, -3.31, 340.38, -3.19, -3.31, 67.0, 209.0, 48228.0, 57.0, 6412.0, -1420.0, 0.0, 3.0, 0.0, 0.0]
2025-08-29 14:20:18,637 - INFO - [342.06, -3.31, -3.38, 342.06, -3.31, -3.38, 342.06, -3.31, -3.38, 63.0, 225.0, 48228.0, 57.0, 6412.0, -1463.0, 0.0, 3.0, 0.0, 0.0]
2025-08-29 14:20:18,688 - INFO - [343.19, -3.38, -3.38, 343.19, -3.38, -3.38, 343.19, -3.38, -3.38, 62.0, 241.0, 48228.0, 56.0, 6412.0, -1497.0, 0.0, 3.0, 0.0, 0.0]
2025-08-29 14:20:18,741 - INFO - [344.44, -3.44, -3.38, 344.44, -3.44, -3.38, 344.44, -3.44, -3.38, 61.0, 239.0, 48228.0, 56.0, 6412.0, -1532.0, 0.0, 3.0, 0.0, 0.0]
2025-08-29 14:20:18,795 - INFO - [345.88, -3.5, -3.44, 345.88, -3.5, -3.44, 345.88, -3.5, -3.44, 59.0, 241.0, 48228.0, 57.0, 6412.0, -1571.0, 0.0, 3.0, 0.0, 0.0]
2025-08-29 14:20:18,867 - INFO - [348.0, -3.63, -3.25, 348.0, -3.63, -3.25, 348.0, -3.63, -3.25, 55.0, 223.0, 48228.0, 57.0, 6412.0, -1625.0, 0.0, 3.0, 0.0, 0.0]
2025-08-29 14:20:18,920 - INFO - [349.56, -3.75, -3.19, 349.56, -3.75, -3.19, 349.56, -3.75, -3.19, 55.0, 191.0, 48228.0, 57.0, 6412.0, -1663.0, 0.0, 3.0, 0.0, 0.0]
2025-08-29 14:20:18,994 - INFO - [351.5, -3.81, -3.06, 351.5, -3.81, -3.06, 351.5, -3.81, -3.06, 52.0, 128.0, 48228.0, 57.0, 6412.0, -1716.0, 0.0, 3.0, 0.0, 0.0]
2025-08-29 14:20:19,067 - INFO - [353.31, -3.88, -3.06, 353.31, -3.88, -3.06, 353.31, -3.88, -3.06, 51.0, 128.0, 48228.0, 58.0, 6412.0, -1770.0, 0.0, 3.0, 0.0, 0.0]
2025-08-29 14:20:19,181 - INFO - [355.88, -4.0, -3.13, 355.88, -4.0, -3.13, 355.88, -4.0, -3.13, 50.0, 224.0, 48228.0, 58.0, 6412.0, -1845.0, 0.0, 3.0, 0.0, 0.0]
2025-08-29 14:20:19,275 - INFO - [357.5, -4.13, -2.94, 357.5, -4.13, -2.94, 357.5, -4.13, -2.94, 49.0, 229.0, 48228.0, 58.0, 6412.0, -1904.0, 0.0, 3.0, 0.0, 0.0]
2025-08-29 14:20:19,348 - INFO - [358.81, -4.19, -2.88, 358.81, -4.19, -2.88, 358.81, -4.19, -2.88, 46.0, 230.0, 48228.0, 60.0, 6412.0, -1943.0, 0.0, 3.0, 0.0, 0.0]
2025-08-29 14:20:19,421 - INFO - [359.94, -4.19, -2.88, 359.94, -4.19, -2.88, 359.94, -4.19, -2.88, 46.0, 229.0, 48228.0, 60.0, 6412.0, -1973.0, 0.0, 3.0, 0.0, 0.0]
2025-08-29 14:20:19,472 - INFO - [0.69, -4.25, -2.75, 0.69, -4.25, -2.75, 0.69, -4.25, -2.75, 45.0, 229.0, 48228.0, 61.0, 6412.0, -1992.0, 0.0, 3.0, 0.0, 0.0]
2025-08-29 14:20:19,545 - INFO - [1.63, -4.25, -2.69, 1.63, -4.25, -2.69, 1.63, -4.25, -2.69, 45.0, 229.0, 48228.0, 61.0, 6412.0, -2026.0, 0.0, 3.0, 0.0, 0.0]
2025-08-29 14:20:19,599 - INFO - [2.31, -4.31, -2.69, 2.31, -4.31, -2.69, 2.31, -4.31, -2.69, 45.0, 228.0, 48228.0, 61.0, 6412.0, -2055.0, 0.0, 3.0, 0.0, 0.0]
2025-08-29 14:20:19,671 - INFO - [3.75, -4.44, -2.69, 3.75, -4.44, -2.69, 3.75, -4.44, -2.69, 44.0, 228.0, 48228.0, 61.0, 6412.0, -2101.0, 0.0, 3.0, 0.0, 0.0]
2025-08-29 14:20:19,743 - INFO - [5.38, -4.5, -2.75, 5.38, -4.5, -2.75, 5.38, -4.5, -2.75, 40.0, 222.0, 48228.0, 63.0, 6412.0, -2147.0, 0.0, 3.0, 0.0, 0.0]
2025-08-29 14:20:19,795 - INFO - [6.75, -4.56, -2.69, 6.75, -4.56, -2.69, 6.75, -4.56, -2.69, 39.0, 212.0, 48228.0, 62.0, 328.0, -2183.0, 0.0, 3.0, 0.0, 0.0]
2025-08-29 14:20:19,847 - INFO - [8.19, -4.69, -2.63, 8.19, -4.69, -2.63, 8.19, -4.69, -2.63, 38.0, 200.0, 48228.0, 63.0, 328.0, -2223.0, 0.0, 3.0, 0.0, 0.0]
2025-08-29 14:20:19,922 - INFO - [10.19, -4.75, -2.63, 10.19, -4.75, -2.63, 10.19, -4.75, -2.63, 37.0, 188.0, 48228.0, 64.0, 328.0, -2276.0, 0.0, 3.0, 0.0, 0.0]
2025-08-29 14:20:19,994 - INFO - [12.44, -4.88, -2.56, 12.44, -4.88, -2.56, 12.44, -4.88, -2.56, 35.0, 133.0, 48228.0, 65.0, 328.0, -2329.0, 0.0, 3.0, 0.0, 0.0]
2025-08-29 14:20:20,066 - INFO - [13.94, -4.81, -2.38, 13.94, -4.81, -2.38, 13.94, -4.81, -2.38, 35.0, 49.0, 48228.0, 67.0, 328.0, -2381.0, 0.0, 3.0, 0.0, 0.0]
2025-08-29 14:20:20,141 - INFO - [15.81, -4.81, -2.31, 15.81, -4.81, -2.31, 15.81, -4.81, -2.31, 34.0, 18.0, 48228.0, 67.0, 328.0, -2432.0, 0.0, 3.0, 0.0, 0.0]
2025-08-29 14:20:20,213 - INFO - [17.56, -4.81, -2.25, 17.56, -4.81, -2.25, 17.56, -4.81, -2.25, 33.0, 17.0, 48228.0, 68.0, 328.0, -2481.0, 0.0, 3.0, 0.0, 0.0]
2025-08-29 14:20:20,286 - INFO - [19.44, -4.94, -2.06, 19.44, -4.94, -2.06, 19.44, -4.94, -2.06, 31.0, 16.0, 48228.0, 69.0, 328.0, -2530.0, 0.0, 3.0, 0.0, 0.0]
2025-08-29 14:20:20,338 - INFO - [20.69, -4.94, -2.06, 20.69, -4.94, -2.06, 20.69, -4.94, -2.06, 33.0, 15.0, 48228.0, 73.0, 328.0, -2560.0, 0.0, 3.0, 0.0, 0.0]
2025-08-29 14:20:20,412 - INFO - [21.81, -4.94, -2.0, 21.81, -4.94, -2.0, 21.81, -4.94, -2.0, 31.0, 14.0, 48228.0, 75.0, 328.0, -2594.0, 0.0, 3.0, 0.0, 0.0]
2025-08-29 14:20:20,486 - INFO - [23.19, -4.94, -1.81, 23.19, -4.94, -1.81, 23.19, -4.94, -1.81, 31.0, 14.0, 48228.0, 77.0, 6412.0, -2626.0, 0.0, 3.0, 0.0, 0.0]
2025-08-29 14:20:20,537 - INFO - [23.88, -4.94, -1.75, 23.88, -4.94, -1.75, 23.88, -4.94, -1.75, 29.0, 13.0, 48228.0, 66.0, 6412.0, -2652.0, 0.0, 3.0, 0.0, 0.0]
2025-08-29 14:20:20,611 - INFO - [25.25, -5.06, -1.81, 25.25, -5.06, -1.81, 25.25, -5.06, -1.81, 29.0, 12.0, 48228.0, 56.0, 6412.0, -2698.0, 0.0, 3.0, 0.0, 0.0]
2025-08-29 14:20:20,686 - INFO - [26.81, -5.06, -1.75, 26.81, -5.06, -1.75, 26.81, -5.06, -1.75, 27.0, 13.0, 48228.0, 46.0, 6412.0, -2745.0, 0.0, 3.0, 0.0, 0.0]
2025-08-29 14:20:20,758 - INFO - [28.75, -5.06, -1.69, 28.75, -5.06, -1.69, 28.75, -5.06, -1.69, 27.0, 13.0, 48228.0, 43.0, 6412.0, -2793.0, 0.0, 3.0, 0.0, 0.0]
2025-08-29 14:20:20,810 - INFO - [30.13, -5.13, -1.56, 30.13, -5.13, -1.56, 30.13, -5.13, -1.56, 27.0, 14.0, 48228.0, 40.0, 6412.0, -2831.0, 0.0, 3.0, 0.0, 0.0]
2025-08-29 14:20:20,886 - INFO - [32.0, -5.13, -1.5, 32.0, -5.13, -1.5, 32.0, -5.13, -1.5, 25.0, 16.0, 48228.0, 40.0, 6412.0, -2888.0, 0.0, 3.0, 0.0, 0.0]
2025-08-29 14:20:20,958 - INFO - [33.94, -5.19, -1.25, 33.94, -5.19, -1.25, 33.94, -5.19, -1.25, 25.0, 77.0, 48228.0, 35.0, 6412.0, -2941.0, 0.0, 3.0, 0.0, 0.0]
2025-08-29 14:20:21,010 - INFO - [35.25, -5.25, -1.19, 35.25, -5.25, -1.19, 35.25, -5.25, -1.19, 26.0, 103.0, 48228.0, 27.0, 6412.0, -2978.0, 0.0, 3.0, 0.0, 0.0]
2025-08-29 14:20:21,083 - INFO - [36.94, -5.25, -1.25, 36.94, -5.25, -1.25, 36.94, -5.25, -1.25, 27.0, 114.0, 48228.0, 27.0, 6412.0, -3030.0, 0.0, 3.0, 0.0, 0.0]
2025-08-29 14:20:21,136 - INFO - [38.0, -5.19, -1.25, 38.0, -5.19, -1.25, 38.0, -5.19, -1.25, 24.0, 115.0, 48228.0, 27.0, 6412.0, -3064.0, 0.0, 3.0, 0.0, 0.0]
2025-08-29 14:20:21,210 - INFO - [39.75, -5.25, -1.0, 39.75, -5.25, -1.0, 39.75, -5.25, -1.0, 24.0, 109.0, 48228.0, 24.0, 6412.0, -3110.0, 0.0, 3.0, 0.0, 0.0]
2025-08-29 14:20:21,280 - INFO - [41.06, -5.31, -0.94, 41.06, -5.31, -0.94, 41.06, -5.31, -0.94, 25.0, 110.0, 48228.0, 0.0, 6412.0, -3153.0, 0.0, 3.0, 0.0, 0.0]
2025-08-29 14:20:21,281 - WARNING - Close to the left wall!
2025-08-29 14:20:21,333 - INFO - [42.19, -5.31, -0.81, 42.19, -5.31, -0.81, 42.19, -5.31, -0.81, 24.0, 113.0, 48228.0, 9.0, 6412.0, -3179.0, 0.0, 3.0, 0.0, 0.0]
2025-08-29 14:20:21,333 - WARNING - Close to the left wall!
2025-08-29 14:20:21,385 - INFO - [42.94, -5.25, -0.81, 42.94, -5.25, -0.81, 42.94, -5.25, -0.81, 24.0, 102.0, 48228.0, 0.0, 6412.0, -3202.0, 0.0, 3.0, 0.0, 0.0]
2025-08-29 14:20:21,385 - WARNING - Close to the left wall!
2025-08-29 14:20:21,439 - INFO - [43.69, -5.25, -0.63, 43.69, -5.25, -0.63, 43.69, -5.25, -0.63, 24.0, 112.0, 48228.0, 4.0, 6412.0, -3224.0, 0.0, 3.0, 0.0, 0.0]
2025-08-29 14:20:21,439 - WARNING - Close to the left wall!
2025-08-29 14:20:21,490 - INFO - [44.81, -5.19, -0.56, 44.81, -5.19, -0.56, 44.81, -5.19, -0.56, 25.0, 106.0, 48228.0, 0.0, 6412.0, -3248.0, 0.0, 3.0, 0.0, 0.0]
2025-08-29 14:20:21,493 - WARNING - Close to the left wall!
2025-08-29 14:20:21,562 - INFO - [46.13, -5.25, -0.5, 46.13, -5.25, -0.5, 46.13, -5.25, -0.5, 24.0, 100.0, 48228.0, 9.0, 6412.0, -3287.0, 0.0, 3.0, 0.0, 0.0]
2025-08-29 14:20:21,563 - WARNING - Close to the left wall!
2025-08-29 14:20:21,615 - INFO - [47.19, -5.25, -0.5, 47.19, -5.25, -0.5, 47.19, -5.25, -0.5, 25.0, 102.0, 48228.0, 12.0, 6412.0, -3320.0, 0.0, 3.0, 0.0, 0.0]
2025-08-29 14:20:21,690 - INFO - [48.94, -5.31, -0.5, 48.94, -5.31, -0.5, 48.94, -5.31, -0.5, 24.0, 94.0, 48228.0, 12.0, 6412.0, -3368.0, 0.0, 3.0, 0.0, 0.0]
2025-08-29 14:20:21,763 - INFO - [50.94, -5.25, -0.5, 50.94, -5.25, -0.5, 50.94, -5.25, -0.5, 26.0, 94.0, 48228.0, 4.0, 328.0, -3416.0, 0.0, 3.0, 0.0, 0.0]
2025-08-29 14:20:21,765 - WARNING - Close to the left wall!
2025-08-29 14:20:21,836 - INFO - [52.69, -5.19, -0.31, 52.69, -5.19, -0.31, 52.69, -5.19, -0.31, 26.0, 98.0, 48228.0, 19.0, 328.0, -3469.0, 0.0, 3.0, 0.0, 0.0]
2025-08-29 14:20:21,888 - INFO - [53.94, -5.19, -0.31, 53.94, -5.19, -0.31, 53.94, -5.19, -0.31, 27.0, 94.0, 48228.0, 0.0, 328.0, -3508.0, 0.0, 3.0, 0.0, 0.0]
2025-08-29 14:20:21,888 - WARNING - Close to the left wall!
2025-08-29 14:20:21,941 - INFO - [55.25, -5.13, -0.19, 55.25, -5.13, -0.19, 55.25, -5.13, -0.19, 26.0, 88.0, 48228.0, 13.0, 328.0, -3547.0, 0.0, 3.0, 0.0, 0.0]
2025-08-29 14:20:22,013 - INFO - [57.0, -5.13, -0.25, 57.0, -5.13, -0.25, 57.0, -5.13, -0.25, 28.0, 90.0, 48228.0, 0.0, 328.0, -3600.0, 0.0, 3.0, 0.0, 0.0]
2025-08-29 14:20:22,014 - WARNING - Close to the left wall!
2025-08-29 14:20:22,086 - INFO - [58.56, -5.13, -0.25, 58.56, -5.13, -0.25, 58.56, -5.13, -0.25, 29.0, 91.0, 48228.0, 0.0, 328.0, -3651.0, 0.0, 3.0, 0.0, 0.0]
2025-08-29 14:20:22,087 - WARNING - Close to the left wall!
2025-08-29 14:20:22,160 - INFO - [59.81, -5.06, -0.25, 59.81, -5.06, -0.25, 59.81, -5.06, -0.25, 30.0, 88.0, 48228.0, 12.0, 328.0, -3700.0, 0.0, 3.0, 0.0, 0.0]
2025-08-29 14:20:22,213 - INFO - [61.0, -5.06, -0.19, 61.0, -5.06, -0.19, 61.0, -5.06, -0.19, 31.0, 91.0, 48228.0, 3.0, 328.0, -3733.0, 0.0, 3.0, 0.0, 0.0]
2025-08-29 14:20:22,213 - WARNING - Close to the left wall!
2025-08-29 14:20:22,286 - INFO - [62.56, -5.06, -0.13, 62.56, -5.06, -0.13, 62.56, -5.06, -0.13, 33.0, 90.0, 48228.0, 18.0, 328.0, -3775.0, 0.0, 3.0, 0.0, 0.0]
2025-08-29 14:20:22,359 - INFO - [64.0, -5.06, 0.0, 64.0, -5.06, 0.0, 64.0, -5.06, 0.0, 32.0, 86.0, 48228.0, 11.0, 328.0, -3811.0, 0.0, 3.0, 0.0, 0.0]
2025-08-29 14:20:22,432 - INFO - [65.25, -5.06, 0.13, 65.25, -5.06, 0.13, 65.25, -5.06, 0.13, 34.0, 84.0, 48228.0, 0.0, 6412.0, -3844.0, 0.0, 3.0, 0.0, 0.0]
2025-08-29 14:20:22,433 - WARNING - Close to the left wall!
2025-08-29 14:20:22,484 - INFO - [66.44, -5.0, 0.13, 66.44, -5.0, 0.13, 66.44, -5.0, 0.13, 38.0, 85.0, 48228.0, 0.0, 6412.0, -3873.0, 0.0, 3.0, 0.0, 0.0]
2025-08-29 14:20:22,485 - WARNING - Close to the left wall!
2025-08-29 14:20:22,536 - INFO - [67.38, -5.0, 0.19, 67.38, -5.0, 0.19, 67.38, -5.0, 0.19, 42.0, 83.0, 48228.0, 6.0, 6412.0, -3903.0, 0.0, 3.0, 0.0, 0.0]
2025-08-29 14:20:22,537 - WARNING - Close to the left wall!
2025-08-29 14:20:22,587 - INFO - [68.5, -5.06, 0.19, 68.5, -5.06, 0.19, 68.5, -5.06, 0.19, 42.0, 84.0, 48228.0, 18.0, 6412.0, -3937.0, 0.0, 3.0, 0.0, 0.0]
2025-08-29 14:20:22,639 - INFO - [69.81, -5.0, 0.19, 69.81, -5.0, 0.19, 69.81, -5.0, 0.19, 48.0, 80.0, 48228.0, 7.0, 6412.0, -3972.0, 0.0, 3.0, 0.0, 0.0]
2025-08-29 14:20:22,640 - WARNING - Close to the left wall!
2025-08-29 14:20:22,692 - INFO - [71.19, -4.94, 0.25, 71.19, -4.94, 0.25, 71.19, -4.94, 0.25, 48.0, 81.0, 48228.0, 9.0, 6412.0, -4010.0, 0.0, 3.0, 0.0, 0.0]
2025-08-29 14:20:22,693 - WARNING - Close to the left wall!
2025-08-29 14:20:22,745 - INFO - [72.63, -4.94, 0.31, 72.63, -4.94, 0.31, 72.63, -4.94, 0.31, 59.0, 79.0, 48228.0, 11.0, 6412.0, -4048.0, 0.0, 3.0, 0.0, 0.0]
2025-08-29 14:20:22,798 - INFO - [74.25, -4.81, 0.13, 74.25, -4.81, 0.13, 74.25, -4.81, 0.13, 67.0, 79.0, 48228.0, 6.0, 6412.0, -4087.0, 0.0, 3.0, 0.0, 0.0]
2025-08-29 14:20:22,798 - WARNING - Close to the left wall!
2025-08-29 14:20:22,890 - INFO - [77.06, -4.88, 0.25, 77.06, -4.88, 0.25, 77.06, -4.88, 0.25, 90.0, 77.0, 48228.0, 10.0, 6412.0, -4159.0, 0.0, 3.0, 0.0, 0.0]
2025-08-29 14:20:22,966 - INFO - [78.88, -4.88, 0.38, 78.88, -4.88, 0.38, 78.88, -4.88, 0.38, 112.0, 77.0, 48228.0, 11.0, 6412.0, -4215.0, 0.0, 3.0, 0.0, 0.0]
2025-08-29 14:20:23,038 - INFO - [80.69, -4.88, 0.38, 80.69, -4.88, 0.38, 80.69, -4.88, 0.38, 150.0, 76.0, 48228.0, 10.0, 6412.0, -4266.0, 0.0, 3.0, 0.0, 0.0]
2025-08-29 14:20:23,174 - INFO - [83.06, -4.75, 0.5, 83.06, -4.75, 0.5, 83.06, -4.75, 0.5, 175.0, 75.0, 48228.0, 13.0, 6412.0, -4358.0, 0.0, 3.0, 0.0, 0.0]
2025-08-29 14:20:23,249 - INFO - [84.75, -4.75, 0.56, 84.75, -4.75, 0.56, 84.75, -4.75, 0.56, 170.0, 74.0, 48228.0, 13.0, 6412.0, -4399.0, 0.0, 3.0, 0.0, 0.0]
2025-08-29 14:20:23,342 - INFO - [86.25, -4.69, 0.75, 86.25, -4.69, 0.75, 86.25, -4.69, 0.75, 169.0, 75.0, 48228.0, 14.0, 6412.0, -4443.0, 0.0, 3.0, 0.0, 0.0]
2025-08-29 14:20:23,416 - INFO - [87.44, -4.63, 0.81, 87.44, -4.63, 0.81, 87.44, -4.63, 0.81, 167.0, 74.0, 48228.0, 14.0, 6412.0, -4483.0, 0.0, 3.0, 0.0, 0.0]
2025-08-29 14:20:23,468 - INFO - [88.31, -4.63, 0.88, 88.31, -4.63, 0.88, 88.31, -4.63, 0.88, 165.0, 73.0, 48228.0, 14.0, 6412.0, -4514.0, 0.0, 3.0, 0.0, 0.0]
2025-08-29 14:20:23,540 - INFO - [90.38, -4.69, 0.88, 90.38, -4.69, 0.88, 90.38, -4.69, 0.88, 165.0, 73.0, 48228.0, 15.0, 6412.0, -4561.0, 0.0, 3.0, 0.0, 0.0]
2025-08-29 14:20:23,613 - INFO - [92.19, -4.56, 0.13, 92.19, -4.56, 0.13, 92.19, -4.56, 0.13, 163.0, 72.0, 48228.0, 16.0, 6412.0, -4612.0, 0.0, 3.0, 0.0, 0.0]
2025-08-29 14:20:23,666 - INFO - [93.63, -4.56, 0.13, 93.63, -4.56, 0.13, 93.63, -4.56, 0.13, 163.0, 71.0, 48228.0, 17.0, 6412.0, -4651.0, 0.0, 3.0, 0.0, 0.0]
2025-08-29 14:20:23,738 - INFO - [95.56, -4.5, 0.25, 95.56, -4.5, 0.25, 95.56, -4.5, 0.25, 162.0, 70.0, 48228.0, 17.0, 6412.0, -4706.0, 0.0, 3.0, 0.0, 0.0]
2025-08-29 14:20:23,811 - INFO - [98.0, -4.44, 0.38, 98.0, -4.44, 0.38, 98.0, -4.44, 0.38, 152.0, 70.0, 48228.0, 18.0, 6412.0, -4763.0, 0.0, 3.0, 0.0, 0.0]
2025-08-29 14:20:23,884 - INFO - [100.06, -4.44, 0.5, 100.06, -4.44, 0.5, 100.06, -4.44, 0.5, 55.0, 70.0, 48228.0, 19.0, 0.0, -4820.0, 0.0, 3.0, 0.0, 0.0]
2025-08-29 14:20:23,934 - INFO - [101.13, -4.44, 0.5, 101.13, -4.44, 0.5, 101.13, -4.44, 0.5, 54.0, 70.0, 48228.0, 18.0, 6412.0, -4858.0, 0.0, 3.0, 0.0, 0.0]
2025-08-29 14:20:24,010 - INFO - [102.63, -4.38, 0.5, 102.63, -4.38, 0.5, 102.63, -4.38, 0.5, 53.0, 69.0, 48228.0, 21.0, 328.0, -4908.0, 0.0, 3.0, 0.0, 0.0]
2025-08-29 14:20:24,083 - INFO - [104.31, -4.38, 0.63, 104.31, -4.38, 0.63, 104.31, -4.38, 0.63, 52.0, 69.0, 48228.0, 24.0, 328.0, -4958.0, 0.0, 3.0, 0.0, 0.0]
2025-08-29 14:20:24,156 - INFO - [105.75, -4.31, 0.69, 105.75, -4.31, 0.69, 105.75, -4.31, 0.69, 116.0, 68.0, 48228.0, 20.0, 328.0, -5002.0, 0.0, 3.0, 0.0, 0.0]
2025-08-29 14:20:24,207 - INFO - [106.69, -4.31, 0.75, 106.69, -4.31, 0.75, 106.69, -4.31, 0.75, 143.0, 68.0, 48228.0, 19.0, 328.0, -5027.0, 0.0, 3.0, 0.0, 0.0]
2025-08-29 14:20:24,261 - INFO - [107.56, -4.31, 0.81, 107.56, -4.31, 0.81, 107.56, -4.31, 0.81, 165.0, 68.0, 48228.0, 20.0, 328.0, -5052.0, 0.0, 3.0, 0.0, 0.0]
2025-08-29 14:20:24,333 - INFO - [108.69, -4.25, 0.94, 108.69, -4.25, 0.94, 108.69, -4.25, 0.94, 0.0, 69.0, 48228.0, 23.0, 328.0, -5091.0, 0.0, 3.0, 0.0, 0.0]
2025-08-29 14:20:24,334 - WARNING - Might crash, too close
2025-08-29 14:20:24,386 - INFO - [109.75, -4.25, 1.0, 109.75, -4.25, 1.0, 109.75, -4.25, 1.0, 0.0, 68.0, 48228.0, 23.0, 328.0, -5121.0, 0.0, 3.0, 0.0, 0.0]
2025-08-29 14:20:24,386 - WARNING - Might crash, too close
2025-08-29 14:20:24,458 - INFO - [111.44, -4.31, 0.94, 111.44, -4.31, 0.94, 111.44, -4.31, 0.94, 0.0, 66.0, 48228.0, 24.0, 328.0, -5167.0, 0.0, 3.0, 0.0, 0.0]
2025-08-29 14:20:24,458 - WARNING - Might crash, too close
2025-08-29 14:20:24,532 - INFO - [113.13, -4.19, 0.94, 113.13, -4.19, 0.94, 113.13, -4.19, 0.94, 0.0, 67.0, 48228.0, 25.0, 328.0, -5217.0, 0.0, 3.0, 0.0, 0.0]
2025-08-29 14:20:24,533 - WARNING - Might crash, too close
2025-08-29 14:20:24,606 - INFO - [115.38, -4.19, 1.06, 115.38, -4.19, 1.06, 115.38, -4.19, 1.06, 0.0, 67.0, 48228.0, 29.0, 328.0, -5272.0, 0.0, 3.0, 0.0, 0.0]
2025-08-29 14:20:24,606 - WARNING - Might crash, too close
2025-08-29 14:20:24,682 - INFO - [117.06, -4.19, 0.81, 117.06, -4.19, 0.81, 117.06, -4.19, 0.81, 0.0, 67.0, 48228.0, 32.0, 328.0, -5327.0, 0.0, 3.0, 0.0, 0.0]
2025-08-29 14:20:24,682 - WARNING - Might crash, too close
2025-08-29 14:20:24,752 - INFO - [119.31, -4.13, 0.94, 119.31, -4.13, 0.94, 119.31, -4.13, 0.94, 0.0, 65.0, 48228.0, 33.0, 328.0, -5384.0, 0.0, 3.0, 0.0, 0.0]
2025-08-29 14:20:24,753 - WARNING - Might crash, too close
2025-08-29 14:20:24,826 - INFO - [121.56, -4.06, 1.0, 121.56, -4.06, 1.0, 121.56, -4.06, 1.0, 0.0, 66.0, 48228.0, 35.0, 328.0, -5443.0, 0.0, 3.0, 0.0, 0.0]
2025-08-29 14:20:24,826 - WARNING - Might crash, too close
2025-08-29 14:20:24,877 - INFO - [122.94, -4.13, 1.06, 122.94, -4.13, 1.06, 122.94, -4.13, 1.06, 0.0, 66.0, 48228.0, 39.0, 328.0, -5480.0, 0.0, 3.0, 0.0, 0.0]
2025-08-29 14:20:24,878 - WARNING - Might crash, too close
2025-08-29 14:20:24,950 - INFO - [124.44, -4.0, 1.06, 124.44, -4.0, 1.06, 124.44, -4.0, 1.06, 0.0, 68.0, 48228.0, 39.0, 6412.0, -5529.0, 0.0, 3.0, 0.0, 0.0]
2025-08-29 14:20:24,951 - WARNING - Might crash, too close
2025-08-29 14:20:25,004 - INFO - [125.44, -3.94, 1.13, 125.44, -3.94, 1.13, 125.44, -3.94, 1.13, 0.0, 65.0, 48228.0, 44.0, 6412.0, -5564.0, 0.0, 3.0, 0.0, 0.0]
2025-08-29 14:20:25,004 - WARNING - Might crash, too close
2025-08-29 14:20:25,078 - INFO - [127.38, -3.94, 1.19, 127.38, -3.94, 1.19, 127.38, -3.94, 1.19, 0.0, 68.0, 48228.0, 45.0, 6412.0, -5610.0, 0.0, 3.0, 0.0, 0.0]
2025-08-29 14:20:25,079 - WARNING - Might crash, too close
2025-08-29 14:20:25,150 - INFO - [128.75, -3.88, 1.31, 128.75, -3.88, 1.31, 128.75, -3.88, 1.31, 0.0, 68.0, 48228.0, 46.0, 6412.0, -5644.0, 0.0, 3.0, 0.0, 0.0]
2025-08-29 14:20:25,150 - WARNING - Might crash, too close
2025-08-29 14:20:25,201 - INFO - [129.69, -3.69, 0.94, 129.69, -3.69, 0.94, 129.69, -3.69, 0.94, 191.0, 66.0, 48228.0, 46.0, 6412.0, -5667.0, 0.0, 3.0, 0.0, 0.0]
2025-08-29 14:20:25,274 - INFO - [131.0, -3.63, 1.0, 131.0, -3.63, 1.0, 131.0, -3.63, 1.0, 0.0, 67.0, 48228.0, 52.0, 6412.0, -5705.0, 0.0, 3.0, 0.0, 0.0]
2025-08-29 14:20:25,275 - WARNING - Might crash, too close
2025-08-29 14:20:25,348 - INFO - [132.44, -3.81, 0.81, 132.44, -3.81, 0.81, 132.44, -3.81, 0.81, 0.0, 69.0, 48228.0, 54.0, 6412.0, -5750.0, 0.0, 3.0, 0.0, 0.0]
2025-08-29 14:20:25,349 - WARNING - Might crash, too close
2025-08-29 14:20:25,421 - INFO - [134.31, -4.0, 0.0, 134.31, -4.0, 0.0, 134.31, -4.0, 0.0, 0.0, 68.0, 48228.0, 57.0, 6412.0, -5796.0, 0.0, 3.0, 0.0, 0.0]
2025-08-29 14:20:25,421 - WARNING - Might crash, too close
2025-08-29 14:20:25,494 - INFO - [135.94, -3.94, -0.25, 135.94, -3.94, -0.25, 135.94, -3.94, -0.25, 0.0, 68.0, 48228.0, 59.0, 6412.0, -5843.0, 0.0, 3.0, 0.0, 0.0]
2025-08-29 14:20:25,494 - WARNING - Might crash, too close
2025-08-29 14:20:25,546 - INFO - [137.25, -3.94, -0.13, 137.25, -3.94, -0.13, 137.25, -3.94, -0.13, 0.0, 67.0, 48228.0, 64.0, 6412.0, -5879.0, 0.0, 3.0, 0.0, 0.0]
2025-08-29 14:20:25,546 - WARNING - Might crash, too close
2025-08-29 14:20:25,619 - INFO - [139.0, -3.88, -0.38, 139.0, -3.88, -0.38, 139.0, -3.88, -0.38, 57.0, 71.0, 48228.0, 73.0, 6412.0, -5933.0, 0.0, 3.0, 0.0, 0.0]
2025-08-29 14:20:25,691 - INFO - [140.81, -3.88, -0.31, 140.81, -3.88, -0.31, 140.81, -3.88, -0.31, 51.0, 69.0, 48228.0, 78.0, 6412.0, -5982.0, 0.0, 3.0, 0.0, 0.0]
2025-08-29 14:20:25,743 - INFO - [142.06, -3.94, -0.19, 142.06, -3.94, -0.19, 142.06, -3.94, -0.19, 50.0, 69.0, 48228.0, 84.0, 6412.0, -6018.0, 0.0, 3.0, 0.0, 0.0]
2025-08-29 14:20:25,796 - INFO - [143.19, -4.0, -0.13, 143.19, -4.0, -0.13, 143.19, -4.0, -0.13, 48.0, 74.0, 48228.0, 83.0, 6412.0, -6054.0, 0.0, 3.0, 0.0, 0.0]
2025-08-29 14:20:25,870 - INFO - [144.75, -4.13, -0.13, 144.75, -4.13, -0.13, 144.75, -4.13, -0.13, 45.0, 87.0, 48228.0, 67.0, 6412.0, -6100.0, 0.0, 3.0, 0.0, 0.0]
2025-08-29 14:20:25,922 - INFO - [145.81, -4.13, -0.13, 145.81, -4.13, -0.13, 145.81, -4.13, -0.13, 44.0, 99.0, 48228.0, 32.0, 6412.0, -6128.0, 0.0, 3.0, 0.0, 0.0]
2025-08-29 14:20:25,973 - INFO - [146.63, -4.19, -0.06, 146.63, -4.19, -0.06, 146.63, -4.19, -0.06, 42.0, 119.0, 48228.0, 33.0, 6412.0, -6157.0, 0.0, 3.0, 0.0, 0.0]
2025-08-29 14:20:26,025 - INFO - [147.44, -4.19, 0.0, 147.44, -4.19, 0.0, 147.44, -4.19, 0.0, 40.0, 130.0, 48228.0, 32.0, 6412.0, -6186.0, 0.0, 3.0, 0.0, 0.0]
2025-08-29 14:20:26,099 - INFO - [148.81, -3.94, -0.06, 148.81, -3.94, -0.06, 148.81, -3.94, -0.06, 39.0, 186.0, 48228.0, 33.0, 6412.0, -6226.0, 0.0, 3.0, 0.0, 0.0]
2025-08-29 14:20:26,173 - INFO - [150.0, -3.88, 0.0, 150.0, -3.88, 0.0, 150.0, -3.88, 0.0, 37.0, 0.0, 48228.0, 37.0, 6412.0, -6259.0, 0.0, 3.0, 0.0, 0.0]
2025-08-29 14:20:26,173 - WARNING - Close to the right wall!
2025-08-29 14:20:26,245 - INFO - [151.31, -3.81, 0.13, 151.31, -3.81, 0.13, 151.31, -3.81, 0.13, 35.0, 178.0, 48228.0, 101.0, 6412.0, -6290.0, 0.0, 3.0, 0.0, 0.0]
2025-08-29 14:20:26,318 - INFO - [152.63, -3.75, 0.19, 152.63, -3.75, 0.19, 152.63, -3.75, 0.19, 34.0, 177.0, 48228.0, 135.0, 6412.0, -6328.0, 0.0, 3.0, 0.0, 0.0]
2025-08-29 14:20:26,392 - INFO - [154.19, -4.13, -0.25, 154.19, -4.13, -0.25, 154.19, -4.13, -0.25, 32.0, 185.0, 48228.0, 0.0, 6412.0, -6375.0, 0.0, 3.0, 0.0, 0.0]
2025-08-29 14:20:26,392 - WARNING - Close to the left wall!
2025-08-29 14:20:26,464 - INFO - [156.25, -4.13, -0.38, 156.25, -4.13, -0.38, 156.25, -4.13, -0.38, 29.0, 161.0, 48228.0, 0.0, 6412.0, -6426.0, 0.0, 3.0, 0.0, 0.0]
2025-08-29 14:20:26,464 - WARNING - Close to the left wall!
2025-08-29 14:20:26,516 - INFO - [157.63, -4.06, -0.31, 157.63, -4.06, -0.31, 157.63, -4.06, -0.31, 27.0, 158.0, 48228.0, 139.0, 6412.0, -6465.0, 0.0, 3.0, 0.0, 0.0]
2025-08-29 14:20:26,591 - INFO - [159.88, -4.25, -0.19, 159.88, -4.25, -0.19, 159.88, -4.25, -0.19, 25.0, 103.0, 48228.0, 129.0, 6412.0, -6521.0, 0.0, 3.0, 0.0, 0.0]
2025-08-29 14:20:26,666 - INFO - [162.25, -4.25, -0.19, 162.25, -4.25, -0.19, 162.25, -4.25, -0.19, 23.0, 101.0, 48228.0, 125.0, 6412.0, -6583.0, 0.0, 3.0, 0.0, 0.0]
2025-08-29 14:20:26,738 - INFO - [164.31, -4.25, -0.31, 164.31, -4.25, -0.31, 164.31, -4.25, -0.31, 20.0, 100.0, 48228.0, 131.0, 6412.0, -6642.0, 0.0, 3.0, 0.0, 0.0]
2025-08-29 14:20:26,791 - INFO - [165.31, -4.25, -0.19, 165.31, -4.25, -0.19, 165.31, -4.25, -0.19, 22.0, 101.0, 48228.0, 130.0, 6412.0, -6683.0, 0.0, 3.0, 0.0, 0.0]
2025-08-29 14:20:26,866 - INFO - [167.06, -4.31, -0.25, 167.06, -4.31, -0.25, 167.06, -4.31, -0.25, 20.0, 130.0, 48228.0, 128.0, 6412.0, -6738.0, 0.0, 3.0, 0.0, 0.0]
2025-08-29 14:20:26,918 - INFO - [168.38, -4.38, -0.19, 168.38, -4.38, -0.19, 168.38, -4.38, -0.19, 18.0, 153.0, 48228.0, 130.0, 6412.0, -6773.0, 0.0, 3.0, 0.0, 0.0]
2025-08-29 14:20:26,991 - INFO - [169.63, -4.38, -0.13, 169.63, -4.38, -0.13, 169.63, -4.38, -0.13, 18.0, 159.0, 48228.0, 132.0, 6412.0, -6819.0, 0.0, 3.0, 0.0, 0.0]
2025-08-29 14:20:27,065 - INFO - [171.13, -4.25, -0.19, 171.13, -4.25, -0.19, 171.13, -4.25, -0.19, 16.0, 160.0, 48228.0, 132.0, 6412.0, -6858.0, 0.0, 3.0, 0.0, 0.0]
2025-08-29 14:20:27,159 - INFO - [172.88, -4.13, -0.06, 172.88, -4.13, -0.06, 172.88, -4.13, -0.06, 15.0, 158.0, 48228.0, 132.0, 6412.0, -6902.0, 0.0, 3.0, 0.0, 0.0]
2025-08-29 14:20:27,280 - INFO - [175.19, -4.31, -0.56, 175.19, -4.31, -0.56, 175.19, -4.31, -0.56, 13.0, 157.0, 48228.0, 133.0, 6412.0, -6968.0, 0.0, 3.0, 0.0, 0.0]
2025-08-29 14:20:27,288 - WARNING - Might crash, too close
2025-08-29 14:20:27,389 - INFO - [178.25, -4.5, -0.94, 178.25, -4.5, -0.94, 178.25, -4.5, -0.94, 11.0, 156.0, 48228.0, 135.0, 6412.0, -7048.0, 0.0, 3.0, 0.0, 0.0]
2025-08-29 14:20:27,392 - WARNING - Might crash, too close
2025-08-29 14:20:27,507 - INFO - [181.44, -4.56, -0.81, 181.44, -4.56, -0.81, 181.44, -4.56, -0.81, 8.0, 155.0, 48228.0, 135.0, 6412.0, -7131.0, 0.0, 3.0, 0.0, 0.0]
2025-08-29 14:20:27,508 - WARNING - Might crash, too close
2025-08-29 14:20:27,578 - INFO - [183.5, -4.5, -0.75, 183.5, -4.5, -0.75, 183.5, -4.5, -0.75, 6.0, 157.0, 48228.0, 136.0, 6412.0, -7187.0, 0.0, 3.0, 0.0, 0.0]
2025-08-29 14:20:27,578 - WARNING - Might crash, too close
2025-08-29 14:20:27,609 - INFO - [184.38, -4.5, -0.69, 184.38, -4.5, -0.69, 184.38, -4.5, -0.69, 6.0, 157.0, 48228.0, 137.0, 6412.0, -7209.0, 0.0, 3.0, 0.0, 0.0]
2025-08-29 14:20:27,609 - WARNING - Might crash, too close
2025-08-29 14:20:27,615 - INFO - Camera stopped
2025-08-29 14:20:29,428 - INFO - Camera closed successfully.
