2025-08-29 14:22:32,090 - INFO - Camera configuration has been adjusted!
2025-08-29 14:22:32,091 - INFO - Configuration successful!
2025-08-29 14:22:33,617 - INFO - Camera started
2025-08-29 14:22:33,646 - INFO - [359.88, -3.63, -3.25, 359.88, -3.63, -3.25, 359.88, -3.63, -3.25, 104.0, 13.0, 48228.0, 73.0, 6412.0, 0.0, 0.0, 3.0, 0.0, 0.0]
2025-08-29 14:22:34,176 - INFO - [0.06, -3.69, -3.38, 0.06, -3.69, -3.38, 0.06, -3.69, -3.38, 103.0, 13.0, 48228.0, 73.0, 6412.0, 0.0, 0.0, 3.0, 0.0, 0.0]
2025-08-29 14:22:34,495 - INFO - [359.13, -3.75, -3.38, 359.13, -3.75, -3.38, 359.13, -3.75, -3.38, 99.0, 12.0, 48228.0, 12.0, 328.0, -162.0, 0.0, 3.0, 0.0, 0.0]
2025-08-29 14:22:34,580 - INFO - [357.56, -3.69, -3.38, 357.56, -3.69, -3.38, 357.56, -3.69, -3.38, 97.0, 216.0, 48228.0, 11.0, 328.0, -223.0, 0.0, 3.0, 0.0, 0.0]
2025-08-29 14:22:34,648 - INFO - [356.38, -3.56, -3.44, 356.38, -3.56, -3.44, 356.38, -3.56, -3.44, 96.0, 217.0, 48228.0, 12.0, 328.0, -266.0, 0.0, 3.0, 0.0, 0.0]
2025-08-29 14:22:34,716 - INFO - [355.06, -3.44, -3.31, 355.06, -3.44, -3.31, 355.06, -3.44, -3.31, 93.0, 219.0, 48228.0, 14.0, 328.0, -310.0, 0.0, 3.0, 0.0, 0.0]
2025-08-29 14:22:34,782 - INFO - [353.88, -3.44, -3.38, 353.88, -3.44, -3.38, 353.88, -3.44, -3.38, 92.0, 217.0, 48228.0, 68.0, 328.0, -354.0, 0.0, 3.0, 0.0, 0.0]
2025-08-29 14:22:34,849 - INFO - [352.81, -3.38, -3.5, 352.81, -3.38, -3.5, 352.81, -3.38, -3.5, 91.0, 224.0, 48228.0, 71.0, 328.0, -399.0, 0.0, 3.0, 0.0, 0.0]
2025-08-29 14:22:34,917 - INFO - [351.63, -3.25, -3.56, 351.63, -3.25, -3.56, 351.63, -3.25, -3.56, 90.0, 226.0, 48228.0, 71.0, 328.0, -445.0, 0.0, 3.0, 0.0, 0.0]
2025-08-29 14:22:34,983 - INFO - [350.31, -3.13, -3.5, 350.31, -3.13, -3.5, 350.31, -3.13, -3.5, 89.0, 220.0, 48228.0, 71.0, 328.0, -492.0, 0.0, 3.0, 0.0, 0.0]
2025-08-29 14:22:35,049 - INFO - [349.25, -3.0, -3.56, 349.25, -3.0, -3.56, 349.25, -3.0, -3.56, 88.0, 220.0, 48228.0, 70.0, 328.0, -539.0, 0.0, 3.0, 0.0, 0.0]
2025-08-29 14:22:35,117 - INFO - [347.94, -2.94, -3.5, 347.94, -2.94, -3.5, 347.94, -2.94, -3.5, 87.0, 219.0, 48228.0, 69.0, 328.0, -586.0, 0.0, 3.0, 0.0, 0.0]
2025-08-29 14:22:35,183 - INFO - [346.63, -2.94, -3.5, 346.63, -2.94, -3.5, 346.63, -2.94, -3.5, 85.0, 234.0, 48228.0, 69.0, 328.0, -635.0, 0.0, 3.0, 0.0, 0.0]
2025-08-29 14:22:35,232 - INFO - [345.88, -2.94, -3.5, 345.88, -2.94, -3.5, 345.88, -2.94, -3.5, 84.0, 0.0, 48228.0, 68.0, 328.0, -670.0, 0.0, 3.0, 0.0, 0.0]
2025-08-29 14:22:35,232 - WARNING - Close to the right wall!
2025-08-29 14:22:35,299 - INFO - [344.69, -2.88, -3.56, 344.69, -2.88, -3.56, 344.69, -2.88, -3.56, 86.0, 225.0, 48228.0, 68.0, 328.0, -715.0, 0.0, 3.0, 0.0, 0.0]
2025-08-29 14:22:35,347 - INFO - [343.75, -2.81, -3.69, 343.75, -2.81, -3.69, 343.75, -2.81, -3.69, 82.0, 175.0, 48228.0, 67.0, 328.0, -748.0, 0.0, 3.0, 0.0, 0.0]
2025-08-29 14:22:35,414 - INFO - [342.75, -2.88, -3.56, 342.75, -2.88, -3.56, 342.75, -2.88, -3.56, 83.0, 126.0, 48228.0, 67.0, 328.0, -795.0, 0.0, 3.0, 0.0, 0.0]
2025-08-29 14:22:35,463 - INFO - [341.94, -2.94, -3.56, 341.94, -2.94, -3.56, 341.94, -2.94, -3.56, 85.0, 127.0, 48228.0, 66.0, 328.0, -826.0, 0.0, 3.0, 0.0, 0.0]
2025-08-29 14:22:35,530 - INFO - [340.75, -2.81, -3.5, 340.75, -2.81, -3.5, 340.75, -2.81, -3.5, 87.0, 215.0, 48228.0, 67.0, 6412.0, -866.0, 0.0, 3.0, 0.0, 0.0]
2025-08-29 14:22:35,597 - INFO - [339.75, -2.63, -3.5, 339.75, -2.63, -3.5, 339.75, -2.63, -3.5, 76.0, 210.0, 48228.0, 66.0, 6412.0, -900.0, 0.0, 3.0, 0.0, 0.0]
2025-08-29 14:22:35,664 - INFO - [338.88, -2.56, -3.5, 338.88, -2.56, -3.5, 338.88, -2.56, -3.5, 78.0, 0.0, 48228.0, 66.0, 6412.0, -938.0, 0.0, 3.0, 0.0, 0.0]
2025-08-29 14:22:35,669 - WARNING - Close to the right wall!
2025-08-29 14:22:35,733 - INFO - [337.75, -2.5, -3.56, 337.75, -2.5, -3.56, 337.75, -2.5, -3.56, 79.0, 193.0, 48228.0, 64.0, 6412.0, -981.0, 0.0, 3.0, 0.0, 0.0]
2025-08-29 14:22:35,800 - INFO - [336.5, -2.5, -3.63, 336.5, -2.5, -3.63, 336.5, -2.5, -3.63, 77.0, 188.0, 48228.0, 64.0, 6412.0, -1022.0, 0.0, 3.0, 0.0, 0.0]
2025-08-29 14:22:35,866 - INFO - [335.63, -2.44, -3.69, 335.63, -2.44, -3.69, 335.63, -2.44, -3.69, 80.0, 177.0, 48228.0, 64.0, 6412.0, -1066.0, 0.0, 3.0, 0.0, 0.0]
2025-08-29 14:22:35,934 - INFO - [335.19, -2.56, -3.69, 335.19, -2.56, -3.69, 335.19, -2.56, -3.69, 75.0, 168.0, 48228.0, 63.0, 6412.0, -1121.0, 0.0, 3.0, 0.0, 0.0]
2025-08-29 14:22:35,982 - INFO - [335.38, -2.69, -3.69, 335.38, -2.69, -3.69, 335.38, -2.69, -3.69, 77.0, 163.0, 48228.0, 62.0, 6412.0, -1163.0, 0.0, 3.0, 0.0, 0.0]
2025-08-29 14:22:36,050 - INFO - [336.63, -2.69, -3.69, 336.63, -2.69, -3.69, 336.63, -2.69, -3.69, 71.0, 168.0, 48228.0, 62.0, 6412.0, -1223.0, 0.0, 3.0, 0.0, 0.0]
2025-08-29 14:22:36,117 - INFO - [338.44, -2.88, -3.63, 338.44, -2.88, -3.63, 338.44, -2.88, -3.63, 67.0, 198.0, 48228.0, 59.0, 6412.0, -1281.0, 0.0, 3.0, 0.0, 0.0]
2025-08-29 14:22:36,185 - INFO - [340.44, -3.0, -3.63, 340.44, -3.0, -3.63, 340.44, -3.0, -3.63, 66.0, 197.0, 48228.0, 59.0, 6412.0, -1332.0, 0.0, 3.0, 0.0, 0.0]
2025-08-29 14:22:36,253 - INFO - [342.06, -3.13, -3.56, 342.06, -3.13, -3.56, 342.06, -3.13, -3.56, 62.0, 230.0, 48228.0, 59.0, 6412.0, -1378.0, 0.0, 3.0, 0.0, 0.0]
2025-08-29 14:22:36,319 - INFO - [343.69, -3.38, -3.44, 343.69, -3.38, -3.44, 343.69, -3.38, -3.44, 60.0, 237.0, 48228.0, 58.0, 6412.0, -1422.0, 0.0, 3.0, 0.0, 0.0]
2025-08-29 14:22:36,389 - INFO - [345.0, -3.44, -3.44, 345.0, -3.44, -3.44, 345.0, -3.44, -3.44, 59.0, 237.0, 48228.0, 59.0, 6412.0, -1458.0, 0.0, 3.0, 0.0, 0.0]
2025-08-29 14:22:36,474 - INFO - [346.25, -3.38, -3.38, 346.25, -3.38, -3.38, 346.25, -3.38, -3.38, 56.0, 244.0, 48228.0, 58.0, 6412.0, -1494.0, 0.0, 3.0, 0.0, 0.0]
2025-08-29 14:22:36,541 - INFO - [347.38, -3.44, -3.31, 347.38, -3.44, -3.31, 347.38, -3.44, -3.31, 56.0, 228.0, 48228.0, 59.0, 6412.0, -1524.0, 0.0, 3.0, 0.0, 0.0]
2025-08-29 14:22:36,608 - INFO - [348.31, -3.5, -3.31, 348.31, -3.5, -3.31, 348.31, -3.5, -3.31, 56.0, 224.0, 48228.0, 58.0, 6412.0, -1561.0, 0.0, 3.0, 0.0, 0.0]
2025-08-29 14:22:36,678 - INFO - [349.75, -3.75, -3.44, 349.75, -3.75, -3.44, 349.75, -3.75, -3.44, 54.0, 192.0, 48228.0, 59.0, 6412.0, -1605.0, 0.0, 3.0, 0.0, 0.0]
2025-08-29 14:22:36,760 - INFO - [351.88, -3.94, -3.44, 351.88, -3.94, -3.44, 351.88, -3.94, -3.44, 52.0, 127.0, 48228.0, 59.0, 6412.0, -1663.0, 0.0, 3.0, 0.0, 0.0]
2025-08-29 14:22:36,828 - INFO - [353.5, -4.0, -3.31, 353.5, -4.0, -3.31, 353.5, -4.0, -3.31, 50.0, 127.0, 48228.0, 59.0, 6412.0, -1712.0, 0.0, 3.0, 0.0, 0.0]
2025-08-29 14:22:36,916 - INFO - [356.0, -4.13, -3.25, 356.0, -4.13, -3.25, 356.0, -4.13, -3.25, 49.0, 225.0, 48228.0, 59.0, 6412.0, -1777.0, 0.0, 3.0, 0.0, 0.0]
2025-08-29 14:22:36,986 - INFO - [357.69, -4.13, -3.19, 357.69, -4.13, -3.19, 357.69, -4.13, -3.19, 48.0, 228.0, 48228.0, 60.0, 6412.0, -1826.0, 0.0, 3.0, 0.0, 0.0]
2025-08-29 14:22:37,051 - INFO - [359.31, -4.31, -3.06, 359.31, -4.31, -3.06, 359.31, -4.31, -3.06, 46.0, 228.0, 48228.0, 62.0, 6412.0, -1877.0, 0.0, 3.0, 0.0, 0.0]
2025-08-29 14:22:37,140 - INFO - [1.5, -4.5, -3.13, 1.5, -4.5, -3.13, 1.5, -4.5, -3.13, 45.0, 227.0, 48228.0, 63.0, 6412.0, -1939.0, 0.0, 3.0, 0.0, 0.0]
2025-08-29 14:22:37,207 - INFO - [2.63, -4.56, -3.06, 2.63, -4.56, -3.06, 2.63, -4.56, -3.06, 44.0, 226.0, 48228.0, 63.0, 6412.0, -1981.0, 0.0, 3.0, 0.0, 0.0]
2025-08-29 14:22:37,278 - INFO - [3.88, -4.69, -2.94, 3.88, -4.69, -2.94, 3.88, -4.69, -2.94, 44.0, 227.0, 48228.0, 63.0, 6412.0, -2022.0, 0.0, 3.0, 0.0, 0.0]
2025-08-29 14:22:37,359 - INFO - [5.75, -4.88, -2.81, 5.75, -4.88, -2.81, 5.75, -4.88, -2.81, 40.0, 225.0, 48228.0, 63.0, 6412.0, -2068.0, 0.0, 3.0, 0.0, 0.0]
2025-08-29 14:22:37,427 - INFO - [7.0, -4.88, -2.75, 7.0, -4.88, -2.75, 7.0, -4.88, -2.75, 39.0, 214.0, 48228.0, 64.0, 6412.0, -2097.0, 0.0, 3.0, 0.0, 0.0]
2025-08-29 14:22:37,494 - INFO - [7.88, -4.88, -2.63, 7.88, -4.88, -2.63, 7.88, -4.88, -2.63, 38.0, 201.0, 48228.0, 64.0, 6412.0, -2126.0, 0.0, 3.0, 0.0, 0.0]
2025-08-29 14:22:37,561 - INFO - [9.19, -4.88, -2.63, 9.19, -4.88, -2.63, 9.19, -4.88, -2.63, 37.0, 197.0, 48228.0, 65.0, 6412.0, -2161.0, 0.0, 3.0, 0.0, 0.0]
2025-08-29 14:22:37,628 - INFO - [10.63, -5.0, -2.69, 10.63, -5.0, -2.69, 10.63, -5.0, -2.69, 37.0, 161.0, 48228.0, 66.0, 6412.0, -2202.0, 0.0, 3.0, 0.0, 0.0]
2025-08-29 14:22:37,694 - INFO - [12.19, -5.06, -2.75, 12.19, -5.06, -2.75, 12.19, -5.06, -2.75, 36.0, 94.0, 48228.0, 67.0, 6412.0, -2245.0, 0.0, 3.0, 0.0, 0.0]
2025-08-29 14:22:37,763 - INFO - [13.44, -5.06, -2.63, 13.44, -5.06, -2.63, 13.44, -5.06, -2.63, 34.0, 31.0, 48228.0, 68.0, 6412.0, -2290.0, 0.0, 3.0, 0.0, 0.0]
2025-08-29 14:22:37,833 - INFO - [15.25, -5.13, -2.38, 15.25, -5.13, -2.38, 15.25, -5.13, -2.38, 34.0, 16.0, 48228.0, 69.0, 6412.0, -2338.0, 0.0, 3.0, 0.0, 0.0]
2025-08-29 14:22:37,900 - INFO - [16.88, -5.06, -2.31, 16.88, -5.06, -2.31, 16.88, -5.06, -2.31, 33.0, 15.0, 48228.0, 71.0, 6412.0, -2387.0, 0.0, 3.0, 0.0, 0.0]
2025-08-29 14:22:37,964 - INFO - [18.5, -5.13, -2.19, 18.5, -5.13, -2.19, 18.5, -5.13, -2.19, 32.0, 14.0, 48228.0, 69.0, 6412.0, -2438.0, 0.0, 3.0, 0.0, 0.0]
2025-08-29 14:22:38,013 - INFO - [19.81, -5.19, -2.13, 19.81, -5.19, -2.13, 19.81, -5.19, -2.13, 31.0, 14.0, 48228.0, 72.0, 6412.0, -2475.0, 0.0, 3.0, 0.0, 0.0]
2025-08-29 14:22:38,081 - INFO - [21.25, -5.19, -2.06, 21.25, -5.19, -2.06, 21.25, -5.19, -2.06, 31.0, 13.0, 48228.0, 77.0, 6412.0, -2523.0, 0.0, 3.0, 0.0, 0.0]
2025-08-29 14:22:38,147 - INFO - [22.5, -5.19, -2.13, 22.5, -5.19, -2.13, 22.5, -5.19, -2.13, 29.0, 12.0, 48228.0, 75.0, 6412.0, -2566.0, 0.0, 3.0, 0.0, 0.0]
2025-08-29 14:22:38,214 - INFO - [23.81, -5.25, -2.0, 23.81, -5.25, -2.0, 23.81, -5.25, -2.0, 29.0, 12.0, 48228.0, 58.0, 6412.0, -2608.0, 0.0, 3.0, 0.0, 0.0]
2025-08-29 14:22:38,282 - INFO - [25.31, -5.38, -1.88, 25.31, -5.38, -1.88, 25.31, -5.38, -1.88, 27.0, 13.0, 48228.0, 49.0, 6412.0, -2648.0, 0.0, 3.0, 0.0, 0.0]
2025-08-29 14:22:38,348 - INFO - [26.75, -5.44, -1.75, 26.75, -5.44, -1.75, 26.75, -5.44, -1.75, 27.0, 14.0, 48228.0, 49.0, 6412.0, -2680.0, 0.0, 3.0, 0.0, 0.0]
2025-08-29 14:22:38,416 - INFO - [27.69, -5.44, -1.69, 27.69, -5.44, -1.69, 27.69, -5.44, -1.69, 27.0, 15.0, 48228.0, 45.0, 6412.0, -2709.0, 0.0, 3.0, 0.0, 0.0]
2025-08-29 14:22:38,464 - INFO - [28.38, -5.44, -1.56, 28.38, -5.44, -1.56, 28.38, -5.44, -1.56, 25.0, 36.0, 48228.0, 45.0, 6412.0, -2730.0, 0.0, 3.0, 0.0, 0.0]
2025-08-29 14:22:38,550 - INFO - [30.0, -5.44, -1.56, 30.0, -5.44, -1.56, 30.0, -5.44, -1.56, 24.0, 133.0, 48228.0, 40.0, 6412.0, -2773.0, 0.0, 3.0, 0.0, 0.0]
2025-08-29 14:22:38,657 - INFO - [32.31, -5.5, -1.63, 32.31, -5.5, -1.63, 32.31, -5.5, -1.63, 25.0, 133.0, 48228.0, 35.0, 6412.0, -2840.0, 0.0, 3.0, 0.0, 0.0]
2025-08-29 14:22:38,733 - INFO - [34.06, -5.5, -1.5, 34.06, -5.5, -1.5, 34.06, -5.5, -1.5, 23.0, 130.0, 48228.0, 29.0, 6412.0, -2887.0, 0.0, 3.0, 0.0, 0.0]
2025-08-29 14:22:38,810 - INFO - [36.19, -5.5, -1.25, 36.19, -5.5, -1.25, 36.19, -5.5, -1.25, 25.0, 129.0, 48228.0, 28.0, 6412.0, -2948.0, 0.0, 3.0, 0.0, 0.0]
2025-08-29 14:22:38,878 - INFO - [38.13, -5.56, -1.13, 38.13, -5.56, -1.13, 38.13, -5.56, -1.13, 25.0, 104.0, 48228.0, 27.0, 6412.0, -2996.0, 0.0, 3.0, 0.0, 0.0]
2025-08-29 14:22:38,946 - INFO - [40.06, -5.63, -0.94, 40.06, -5.63, -0.94, 40.06, -5.63, -0.94, 26.0, 112.0, 48228.0, 22.0, 6412.0, -3047.0, 0.0, 3.0, 0.0, 0.0]
2025-08-29 14:22:39,013 - INFO - [41.63, -5.63, -0.88, 41.63, -5.63, -0.88, 41.63, -5.63, -0.88, 25.0, 102.0, 48228.0, 0.0, 6412.0, -3096.0, 0.0, 3.0, 0.0, 0.0]
2025-08-29 14:22:39,013 - WARNING - Close to the left wall!
2025-08-29 14:22:39,080 - INFO - [42.69, -5.63, -0.81, 42.69, -5.63, -0.81, 42.69, -5.63, -0.81, 24.0, 108.0, 48228.0, 7.0, 6412.0, -3142.0, 0.0, 3.0, 0.0, 0.0]
2025-08-29 14:22:39,080 - WARNING - Close to the left wall!
2025-08-29 14:22:39,148 - INFO - [44.06, -5.56, -0.88, 44.06, -5.56, -0.88, 44.06, -5.56, -0.88, 25.0, 110.0, 48228.0, 27.0, 6412.0, -3185.0, 0.0, 3.0, 0.0, 0.0]
2025-08-29 14:22:39,215 - INFO - [45.38, -5.63, -0.69, 45.38, -5.63, -0.69, 45.38, -5.63, -0.69, 0.0, 103.0, 48228.0, 0.0, 6412.0, -3228.0, 0.0, 3.0, 0.0, 0.0]
2025-08-29 14:22:39,216 - WARNING - Close to the left wall!
2025-08-29 14:22:39,282 - INFO - [46.44, -5.69, -0.56, 46.44, -5.69, -0.56, 46.44, -5.69, -0.56, 23.0, 99.0, 48228.0, 0.0, 6412.0, -3268.0, 0.0, 3.0, 0.0, 0.0]
2025-08-29 14:22:39,282 - WARNING - Close to the left wall!
2025-08-29 14:22:39,350 - INFO - [47.81, -5.69, -0.5, 47.81, -5.69, -0.5, 47.81, -5.69, -0.5, 23.0, 99.0, 48228.0, 0.0, 6412.0, -3302.0, 0.0, 3.0, 0.0, 0.0]
2025-08-29 14:22:39,350 - WARNING - Close to the left wall!
2025-08-29 14:22:39,399 - INFO - [48.69, -5.69, -0.38, 48.69, -5.69, -0.38, 48.69, -5.69, -0.38, 22.0, 105.0, 48228.0, 4.0, 6412.0, -3322.0, 0.0, 3.0, 0.0, 0.0]
2025-08-29 14:22:39,399 - WARNING - Close to the left wall!
2025-08-29 14:22:39,465 - INFO - [49.75, -5.63, -0.25, 49.75, -5.63, -0.25, 49.75, -5.63, -0.25, 20.0, 97.0, 48228.0, 9.0, 6412.0, -3353.0, 0.0, 3.0, 0.0, 0.0]
2025-08-29 14:22:39,465 - WARNING - Close to the left wall!
2025-08-29 14:22:39,533 - INFO - [50.81, -5.63, -0.19, 50.81, -5.63, -0.19, 50.81, -5.63, -0.19, 23.0, 97.0, 48228.0, 6.0, 6412.0, -3390.0, 0.0, 3.0, 0.0, 0.0]
2025-08-29 14:22:39,535 - WARNING - Close to the left wall!
2025-08-29 14:22:39,601 - INFO - [52.5, -5.56, -0.19, 52.5, -5.56, -0.19, 52.5, -5.56, -0.19, 23.0, 93.0, 48228.0, 8.0, 6412.0, -3434.0, 0.0, 3.0, 0.0, 0.0]
2025-08-29 14:22:39,602 - WARNING - Close to the left wall!
2025-08-29 14:22:39,669 - INFO - [54.19, -5.5, -0.19, 54.19, -5.5, -0.19, 54.19, -5.5, -0.19, 24.0, 96.0, 48228.0, 9.0, 6412.0, -3479.0, 0.0, 3.0, 0.0, 0.0]
2025-08-29 14:22:39,670 - WARNING - Close to the left wall!
2025-08-29 14:22:39,735 - INFO - [56.19, -5.5, 0.0, 56.19, -5.5, 0.0, 56.19, -5.5, 0.0, 26.0, 95.0, 48228.0, 10.0, 6412.0, -3528.0, 0.0, 3.0, 0.0, 0.0]
2025-08-29 14:22:39,803 - INFO - [57.81, -5.44, -0.06, 57.81, -5.44, -0.06, 57.81, -5.44, -0.06, 26.0, 93.0, 48228.0, 11.0, 6412.0, -3579.0, 0.0, 3.0, 0.0, 0.0]
2025-08-29 14:22:39,870 - INFO - [59.88, -5.31, -0.31, 59.88, -5.31, -0.31, 59.88, -5.31, -0.31, 30.0, 91.0, 48228.0, 17.0, 6412.0, -3630.0, 0.0, 3.0, 0.0, 0.0]
2025-08-29 14:22:39,936 - INFO - [61.88, -5.31, -0.5, 61.88, -5.31, -0.5, 61.88, -5.31, -0.5, 32.0, 87.0, 48228.0, 0.0, 6412.0, -3681.0, 0.0, 3.0, 0.0, 0.0]
2025-08-29 14:22:39,936 - WARNING - Close to the left wall!
2025-08-29 14:22:40,004 - INFO - [63.44, -5.31, -0.38, 63.44, -5.31, -0.38, 63.44, -5.31, -0.38, 30.0, 89.0, 48228.0, 0.0, 6412.0, -3732.0, 0.0, 3.0, 0.0, 0.0]
2025-08-29 14:22:40,004 - WARNING - Close to the left wall!
2025-08-29 14:22:40,053 - INFO - [64.69, -5.31, -0.44, 64.69, -5.31, -0.44, 64.69, -5.31, -0.44, 35.0, 85.0, 48228.0, 7.0, 6412.0, -3765.0, 0.0, 3.0, 0.0, 0.0]
2025-08-29 14:22:40,053 - WARNING - Close to the left wall!
2025-08-29 14:22:40,120 - INFO - [66.06, -5.31, -0.44, 66.06, -5.31, -0.44, 66.06, -5.31, -0.44, 37.0, 86.0, 48228.0, 0.0, 6412.0, -3808.0, 0.0, 3.0, 0.0, 0.0]
2025-08-29 14:22:40,120 - WARNING - Close to the left wall!
2025-08-29 14:22:40,187 - INFO - [67.13, -5.38, -0.25, 67.13, -5.38, -0.25, 67.13, -5.38, -0.25, 39.0, 84.0, 48228.0, 6.0, 6412.0, -3852.0, 0.0, 3.0, 0.0, 0.0]
2025-08-29 14:22:40,187 - WARNING - Close to the left wall!
2025-08-29 14:22:40,254 - INFO - [68.44, -5.38, -0.19, 68.44, -5.38, -0.19, 68.44, -5.38, -0.19, 42.0, 82.0, 48228.0, 8.0, 6412.0, -3891.0, 0.0, 3.0, 0.0, 0.0]
2025-08-29 14:22:40,254 - WARNING - Close to the left wall!
2025-08-29 14:22:40,323 - INFO - [69.56, -5.38, -0.06, 69.56, -5.38, -0.06, 69.56, -5.38, -0.06, 43.0, 80.0, 48228.0, 14.0, 6412.0, -3921.0, 0.0, 3.0, 0.0, 0.0]
2025-08-29 14:22:40,389 - INFO - [70.69, -5.44, 0.13, 70.69, -5.44, 0.13, 70.69, -5.44, 0.13, 48.0, 83.0, 48228.0, 0.0, 6412.0, -3949.0, 0.0, 3.0, 0.0, 0.0]
2025-08-29 14:22:40,389 - WARNING - Close to the left wall!
2025-08-29 14:22:40,456 - INFO - [71.81, -5.44, 0.19, 71.81, -5.44, 0.19, 71.81, -5.44, 0.19, 49.0, 81.0, 48228.0, 0.0, 6412.0, -3984.0, 0.0, 3.0, 0.0, 0.0]
2025-08-29 14:22:40,456 - WARNING - Close to the left wall!
2025-08-29 14:22:40,528 - INFO - [73.13, -5.44, 0.13, 73.13, -5.44, 0.13, 73.13, -5.44, 0.13, 54.0, 81.0, 48228.0, 0.0, 6412.0, -4025.0, 0.0, 3.0, 0.0, 0.0]
2025-08-29 14:22:40,528 - WARNING - Close to the left wall!
2025-08-29 14:22:40,590 - INFO - [74.69, -5.38, 0.06, 74.69, -5.38, 0.06, 74.69, -5.38, 0.06, 64.0, 79.0, 48228.0, 3.0, 6412.0, -4069.0, 0.0, 3.0, 0.0, 0.0]
2025-08-29 14:22:40,593 - WARNING - Close to the left wall!
2025-08-29 14:22:40,658 - INFO - [76.13, -5.25, 0.06, 76.13, -5.25, 0.06, 76.13, -5.25, 0.06, 77.0, 79.0, 48228.0, 0.0, 6412.0, -4115.0, 0.0, 3.0, 0.0, 0.0]
2025-08-29 14:22:40,658 - WARNING - Close to the left wall!
2025-08-29 14:22:40,725 - INFO - [78.0, -5.25, 0.19, 78.0, -5.25, 0.19, 78.0, -5.25, 0.19, 92.0, 78.0, 48228.0, 10.0, 6412.0, -4166.0, 0.0, 3.0, 0.0, 0.0]
2025-08-29 14:22:40,793 - INFO - [80.06, -5.25, 0.31, 80.06, -5.25, 0.31, 80.06, -5.25, 0.31, 132.0, 77.0, 48228.0, 12.0, 6412.0, -4220.0, 0.0, 3.0, 0.0, 0.0]
2025-08-29 14:22:40,815 - INFO - Turn completed
2025-08-29 14:22:40,840 - INFO - [81.44, -5.13, 0.31, 81.44, -5.13, 0.31, 81.44, -5.13, 0.31, 168.0, 77.0, 48228.0, 12.0, 6412.0, -4255.0, 0.0, 3.0, 0.0, 0.0]
2025-08-29 14:22:40,870 - INFO - [82.06, -5.06, 0.13, 82.06, -5.06, 0.13, 82.06, -5.06, 0.13, 170.0, 76.0, 48228.0, 12.0, 6412.0, -4269.0, 0.0, 3.0, 0.0, 0.0]
2025-08-29 14:22:41,873 - INFO - []
2025-08-29 14:22:41,890 - INFO - [82.94, -5.06, 0.19, 82.94, -5.06, 0.19, 82.94, -5.06, 0.19, 170.0, 65535.0, 48228.0, 12.0, 6412.0, -3439.0, 0.0, 3.0, 0.0, 0.0]
2025-08-29 14:22:41,909 - INFO - Camera stopped
2025-08-29 14:22:43,715 - INFO - Camera closed successfully.
