2025-08-29 14:15:19,200 - INFO - Camera configuration has been adjusted!
2025-08-29 14:15:19,201 - INFO - Configuration successful!
2025-08-29 14:15:20,722 - INFO - Camera started
2025-08-29 14:15:20,775 - INFO - [0.0, -3.63, -3.13, 0.0, -3.63, -3.13, 0.0, -3.63, -3.13, 110.0, 12.0, 48228.0, 77.0, 6412.0, 0.0, 0.0, 3.0, 0.0, 0.0]
2025-08-29 14:15:21,309 - INFO - [0.06, -3.69, -3.19, 0.06, -3.69, -3.19, 0.06, -3.69, -3.19, 111.0, 12.0, 48228.0, 77.0, 6412.0, 0.0, 0.0, 3.0, 0.0, 0.0]
2025-08-29 14:15:21,510 - INFO - [0.0, -3.63, -3.13, 0.0, -3.63, -3.13, 0.0, -3.63, -3.13, 109.0, 12.0, 48228.0, 76.0, 6412.0, -55.0, 0.0, 3.0, 0.0, 0.0]
2025-08-29 14:15:21,618 - INFO - [359.69, -3.63, -3.06, 359.69, -3.63, -3.06, 359.69, -3.63, -3.06, 107.0, 12.0, 48228.0, 74.0, 6412.0, -117.0, 0.0, 3.0, 0.0, 0.0]
2025-08-29 14:15:21,769 - INFO - [357.44, -3.56, -3.25, 357.44, -3.56, -3.25, 357.44, -3.56, -3.25, 102.0, 14.0, 48228.0, 73.0, 6412.0, -220.0, 0.0, 3.0, 0.0, 0.0]
2025-08-29 14:15:21,874 - INFO - [355.25, -3.5, -3.19, 355.25, -3.5, -3.19, 355.25, -3.5, -3.19, 101.0, 14.0, 48228.0, 71.0, 6412.0, -290.0, 0.0, 3.0, 0.0, 0.0]
2025-08-29 14:15:21,980 - INFO - [353.13, -3.31, -3.25, 353.13, -3.31, -3.25, 353.13, -3.31, -3.25, 100.0, 221.0, 48228.0, 12.0, 6412.0, -361.0, 0.0, 3.0, 0.0, 0.0]
2025-08-29 14:15:22,086 - INFO - [350.81, -3.25, -3.31, 350.81, -3.25, -3.31, 350.81, -3.25, -3.31, 98.0, 229.0, 48228.0, 10.0, 6412.0, -433.0, 0.0, 3.0, 0.0, 0.0]
2025-08-29 14:15:22,143 - INFO - [350.0, -3.19, -3.38, 350.0, -3.19, -3.38, 350.0, -3.19, -3.38, 97.0, 223.0, 48228.0, 10.0, 6412.0, -473.0, 0.0, 3.0, 0.0, 0.0]
2025-08-29 14:15:22,247 - INFO - [348.19, -3.13, -3.44, 348.19, -3.13, -3.44, 348.19, -3.13, -3.44, 94.0, 235.0, 48228.0, 8.0, 6412.0, -545.0, 0.0, 3.0, 0.0, 0.0]
2025-08-29 14:15:22,248 - WARNING - Close to the left wall!
2025-08-29 14:15:22,304 - INFO - [347.38, -3.13, -3.38, 347.38, -3.13, -3.38, 347.38, -3.13, -3.38, 97.0, 231.0, 48228.0, 10.0, 6412.0, -585.0, 0.0, 3.0, 0.0, 0.0]
2025-08-29 14:15:22,361 - INFO - [346.44, -3.06, -3.44, 346.44, -3.06, -3.44, 346.44, -3.06, -3.44, 91.0, 0.0, 48228.0, 16.0, 6412.0, -620.0, 0.0, 3.0, 0.0, 0.0]
2025-08-29 14:15:22,362 - WARNING - Close to the right wall!
2025-08-29 14:15:22,417 - INFO - [345.5, -2.94, -3.44, 345.5, -2.94, -3.44, 345.5, -2.94, -3.44, 93.0, 0.0, 48228.0, 60.0, 6412.0, -651.0, 0.0, 3.0, 0.0, 0.0]
2025-08-29 14:15:22,418 - WARNING - Close to the right wall!
2025-08-29 14:15:22,475 - INFO - [344.75, -2.81, -3.38, 344.75, -2.81, -3.38, 344.75, -2.81, -3.38, 93.0, 0.0, 48228.0, 67.0, 6412.0, -681.0, 0.0, 3.0, 0.0, 0.0]
2025-08-29 14:15:22,476 - WARNING - Close to the right wall!
2025-08-29 14:15:22,533 - INFO - [343.88, -2.81, -3.38, 343.88, -2.81, -3.38, 343.88, -2.81, -3.38, 93.0, 0.0, 48228.0, 67.0, 6412.0, -711.0, 0.0, 3.0, 0.0, 0.0]
2025-08-29 14:15:22,534 - WARNING - Close to the right wall!
2025-08-29 14:15:22,590 - INFO - [343.0, -2.81, -3.38, 343.0, -2.81, -3.38, 343.0, -2.81, -3.38, 90.0, 0.0, 48228.0, 67.0, 6412.0, -744.0, 0.0, 3.0, 0.0, 0.0]
2025-08-29 14:15:22,591 - WARNING - Close to the right wall!
2025-08-29 14:15:22,649 - INFO - [342.06, -2.81, -3.5, 342.06, -2.81, -3.5, 342.06, -2.81, -3.5, 90.0, 143.0, 48228.0, 67.0, 6412.0, -778.0, 0.0, 3.0, 0.0, 0.0]
2025-08-29 14:15:22,752 - INFO - [340.44, -2.69, -3.5, 340.44, -2.69, -3.5, 340.44, -2.69, -3.5, 90.0, 130.0, 48228.0, 64.0, 6412.0, -841.0, 0.0, 3.0, 0.0, 0.0]
2025-08-29 14:15:22,808 - INFO - [339.31, -2.63, -3.5, 339.31, -2.63, -3.5, 339.31, -2.63, -3.5, 91.0, 175.0, 48228.0, 67.0, 6412.0, -877.0, 0.0, 3.0, 0.0, 0.0]
2025-08-29 14:15:22,867 - INFO - [338.44, -2.56, -3.44, 338.44, -2.56, -3.44, 338.44, -2.56, -3.44, 84.0, 0.0, 48228.0, 65.0, 6412.0, -912.0, 0.0, 3.0, 0.0, 0.0]
2025-08-29 14:15:22,868 - WARNING - Close to the right wall!
2025-08-29 14:15:22,971 - INFO - [336.31, -2.5, -3.31, 336.31, -2.5, -3.31, 336.31, -2.5, -3.31, 90.0, 192.0, 48228.0, 65.0, 6412.0, -979.0, 0.0, 3.0, 0.0, 0.0]
2025-08-29 14:15:23,029 - INFO - [335.31, -2.5, -3.38, 335.31, -2.5, -3.38, 335.31, -2.5, -3.38, 95.0, 171.0, 48228.0, 65.0, 6412.0, -1015.0, 0.0, 3.0, 0.0, 0.0]
2025-08-29 14:15:23,087 - INFO - [334.5, -2.5, -3.44, 334.5, -2.5, -3.44, 334.5, -2.5, -3.44, 89.0, 178.0, 48228.0, 63.0, 6412.0, -1054.0, 0.0, 3.0, 0.0, 0.0]
2025-08-29 14:15:23,145 - INFO - [334.0, -2.44, -3.63, 334.0, -2.44, -3.63, 334.0, -2.44, -3.63, 82.0, 178.0, 48228.0, 63.0, 6412.0, -1095.0, 0.0, 3.0, 0.0, 0.0]
2025-08-29 14:15:23,202 - INFO - [333.88, -2.31, -3.63, 333.88, -2.31, -3.63, 333.88, -2.31, -3.63, 80.0, 174.0, 48228.0, 63.0, 6412.0, -1140.0, 0.0, 3.0, 0.0, 0.0]
2025-08-29 14:15:23,259 - INFO - [334.13, -2.38, -3.56, 334.13, -2.38, -3.56, 334.13, -2.38, -3.56, 75.0, 176.0, 48228.0, 61.0, 6412.0, -1189.0, 0.0, 3.0, 0.0, 0.0]
2025-08-29 14:15:23,316 - INFO - [335.31, -2.5, -3.5, 335.31, -2.5, -3.5, 335.31, -2.5, -3.5, 82.0, 173.0, 48228.0, 59.0, 6412.0, -1231.0, 0.0, 3.0, 0.0, 0.0]
2025-08-29 14:15:23,422 - INFO - [337.06, -2.56, -3.38, 337.06, -2.56, -3.38, 337.06, -2.56, -3.38, 75.0, 189.0, 48228.0, 59.0, 6412.0, -1286.0, 0.0, 3.0, 0.0, 0.0]
2025-08-29 14:15:23,526 - INFO - [338.56, -2.56, -3.38, 338.56, -2.56, -3.38, 338.56, -2.56, -3.38, 72.0, 205.0, 48228.0, 58.0, 6412.0, -1346.0, 0.0, 3.0, 0.0, 0.0]
2025-08-29 14:15:23,632 - INFO - [340.44, -2.81, -3.5, 340.44, -2.81, -3.5, 340.44, -2.81, -3.5, 70.0, 0.0, 48228.0, 58.0, 6412.0, -1414.0, 0.0, 3.0, 0.0, 0.0]
2025-08-29 14:15:23,632 - WARNING - Close to the right wall!
2025-08-29 14:15:23,691 - INFO - [341.5, -2.81, -3.56, 341.5, -2.81, -3.56, 341.5, -2.81, -3.56, 68.0, 227.0, 48228.0, 56.0, 6412.0, -1456.0, 0.0, 3.0, 0.0, 0.0]
2025-08-29 14:15:23,749 - INFO - [342.81, -2.94, -3.44, 342.81, -2.94, -3.44, 342.81, -2.94, -3.44, 68.0, 240.0, 48228.0, 57.0, 6412.0, -1499.0, 0.0, 3.0, 0.0, 0.0]
2025-08-29 14:15:23,853 - INFO - [345.13, -3.13, -3.31, 345.13, -3.13, -3.31, 345.13, -3.13, -3.31, 62.0, 243.0, 48228.0, 56.0, 6412.0, -1580.0, 0.0, 3.0, 0.0, 0.0]
2025-08-29 14:15:23,910 - INFO - [346.38, -3.19, -3.25, 346.38, -3.19, -3.25, 346.38, -3.19, -3.25, 61.0, 224.0, 48228.0, 57.0, 6412.0, -1624.0, 0.0, 3.0, 0.0, 0.0]
2025-08-29 14:15:23,969 - INFO - [347.63, -3.19, -3.31, 347.63, -3.19, -3.31, 347.63, -3.19, -3.31, 61.0, 217.0, 48228.0, 56.0, 6412.0, -1669.0, 0.0, 3.0, 0.0, 0.0]
2025-08-29 14:15:24,072 - INFO - [349.5, -3.31, -3.38, 349.5, -3.31, -3.38, 349.5, -3.31, -3.38, 57.0, 197.0, 48228.0, 55.0, 6412.0, -1746.0, 0.0, 3.0, 0.0, 0.0]
2025-08-29 14:15:24,178 - INFO - [351.56, -3.5, -3.19, 351.56, -3.5, -3.19, 351.56, -3.5, -3.19, 54.0, 131.0, 48228.0, 56.0, 6412.0, -1820.0, 0.0, 3.0, 0.0, 0.0]
2025-08-29 14:15:24,283 - INFO - [353.38, -3.56, -3.06, 353.38, -3.56, -3.06, 353.38, -3.56, -3.06, 51.0, 128.0, 48228.0, 57.0, 6412.0, -1878.0, 0.0, 3.0, 0.0, 0.0]
2025-08-29 14:15:24,389 - INFO - [355.19, -3.56, -2.94, 355.19, -3.56, -2.94, 355.19, -3.56, -2.94, 49.0, 131.0, 48228.0, 57.0, 6412.0, -1932.0, 0.0, 3.0, 0.0, 0.0]
2025-08-29 14:15:24,446 - INFO - [356.0, -3.56, -2.94, 356.0, -3.56, -2.94, 356.0, -3.56, -2.94, 48.0, 165.0, 48228.0, 57.0, 6412.0, -1967.0, 0.0, 3.0, 0.0, 0.0]
2025-08-29 14:15:24,553 - INFO - [358.06, -3.63, -3.0, 358.06, -3.63, -3.0, 358.06, -3.63, -3.0, 47.0, 230.0, 48228.0, 57.0, 6412.0, -2035.0, 0.0, 3.0, 0.0, 0.0]
2025-08-29 14:15:24,610 - INFO - [359.25, -3.69, -2.94, 359.25, -3.69, -2.94, 359.25, -3.69, -2.94, 46.0, 231.0, 48228.0, 59.0, 6412.0, -2072.0, 0.0, 3.0, 0.0, 0.0]
2025-08-29 14:15:24,667 - INFO - [0.38, -3.81, -2.94, 0.38, -3.81, -2.94, 0.38, -3.81, -2.94, 46.0, 230.0, 48228.0, 59.0, 6412.0, -2113.0, 0.0, 3.0, 0.0, 0.0]
2025-08-29 14:15:24,771 - INFO - [2.63, -4.0, -2.88, 2.63, -4.0, -2.88, 2.63, -4.0, -2.88, 44.0, 229.0, 48228.0, 60.0, 6412.0, -2190.0, 0.0, 3.0, 0.0, 0.0]
2025-08-29 14:15:24,828 - INFO - [3.81, -4.06, -2.75, 3.81, -4.06, -2.75, 3.81, -4.06, -2.75, 43.0, 228.0, 48228.0, 61.0, 6412.0, -2232.0, 0.0, 3.0, 0.0, 0.0]
2025-08-29 14:15:24,887 - INFO - [4.88, -4.19, -2.69, 4.88, -4.19, -2.69, 4.88, -4.19, -2.69, 41.0, 215.0, 48228.0, 61.0, 6412.0, -2275.0, 0.0, 3.0, 0.0, 0.0]
2025-08-29 14:15:24,992 - INFO - [6.56, -4.06, -2.81, 6.56, -4.06, -2.81, 6.56, -4.06, -2.81, 38.0, 172.0, 48228.0, 61.0, 6412.0, -2351.0, 0.0, 3.0, 0.0, 0.0]
2025-08-29 14:15:25,097 - INFO - [8.25, -4.38, -2.63, 8.25, -4.38, -2.63, 8.25, -4.38, -2.63, 36.0, 22.0, 48228.0, 61.0, 6412.0, -2422.0, 0.0, 3.0, 0.0, 0.0]
2025-08-29 14:15:25,157 - INFO - [9.25, -4.44, -2.63, 9.25, -4.44, -2.63, 9.25, -4.44, -2.63, 35.0, 21.0, 48228.0, 62.0, 6412.0, -2456.0, 0.0, 3.0, 0.0, 0.0]
2025-08-29 14:15:25,260 - INFO - [10.63, -4.5, -2.38, 10.63, -4.5, -2.38, 10.63, -4.5, -2.38, 33.0, 21.0, 48228.0, 63.0, 6412.0, -2504.0, 0.0, 3.0, 0.0, 0.0]
2025-08-29 14:15:25,317 - INFO - [11.5, -4.44, -2.31, 11.5, -4.44, -2.31, 11.5, -4.44, -2.31, 32.0, 20.0, 48228.0, 64.0, 6412.0, -2533.0, 0.0, 3.0, 0.0, 0.0]
2025-08-29 14:15:25,375 - INFO - [12.5, -4.44, -2.31, 12.5, -4.44, -2.31, 12.5, -4.44, -2.31, 32.0, 20.0, 48228.0, 64.0, 6412.0, -2564.0, 0.0, 3.0, 0.0, 0.0]
2025-08-29 14:15:25,432 - INFO - [13.81, -4.44, -2.38, 13.81, -4.44, -2.38, 13.81, -4.44, -2.38, 31.0, 19.0, 48228.0, 65.0, 6412.0, -2603.0, 0.0, 3.0, 0.0, 0.0]
2025-08-29 14:15:25,538 - INFO - [16.31, -4.5, -2.38, 16.31, -4.5, -2.38, 16.31, -4.5, -2.38, 28.0, 18.0, 48228.0, 67.0, 6412.0, -2681.0, 0.0, 3.0, 0.0, 0.0]
2025-08-29 14:15:25,595 - INFO - [17.75, -4.5, -2.25, 17.75, -4.5, -2.25, 17.75, -4.5, -2.25, 28.0, 17.0, 48228.0, 67.0, 6412.0, -2724.0, 0.0, 3.0, 0.0, 0.0]
2025-08-29 14:15:25,654 - INFO - [19.31, -4.5, -2.25, 19.31, -4.5, -2.25, 19.31, -4.5, -2.25, 26.0, 17.0, 48228.0, 71.0, 6412.0, -2768.0, 0.0, 3.0, 0.0, 0.0]
2025-08-29 14:15:25,711 - INFO - [20.38, -4.5, -2.19, 20.38, -4.5, -2.19, 20.38, -4.5, -2.19, 27.0, 19.0, 48228.0, 73.0, 6412.0, -2813.0, 0.0, 3.0, 0.0, 0.0]
2025-08-29 14:15:25,768 - INFO - [21.81, -4.56, -2.0, 21.81, -4.56, -2.0, 21.81, -4.56, -2.0, 25.0, 20.0, 48228.0, 76.0, 6412.0, -2856.0, 0.0, 3.0, 0.0, 0.0]
2025-08-29 14:15:25,873 - INFO - [23.75, -4.63, -2.13, 23.75, -4.63, -2.13, 23.75, -4.63, -2.13, 24.0, 0.0, 48228.0, 49.0, 6412.0, -2933.0, 0.0, 3.0, 0.0, 0.0]
2025-08-29 14:15:25,874 - WARNING - Close to the right wall!
2025-08-29 14:15:25,977 - INFO - [25.63, -4.69, -2.0, 25.63, -4.69, -2.0, 25.63, -4.69, -2.0, 22.0, 0.0, 48228.0, 48.0, 6412.0, -3006.0, 0.0, 3.0, 0.0, 0.0]
2025-08-29 14:15:25,977 - WARNING - Close to the right wall!
2025-08-29 14:15:26,081 - INFO - [27.25, -4.75, -2.0, 27.25, -4.75, -2.0, 27.25, -4.75, -2.0, 19.0, 0.0, 48228.0, 38.0, 6412.0, -3073.0, 0.0, 3.0, 0.0, 0.0]
2025-08-29 14:15:26,086 - WARNING - Close to the right wall!
2025-08-29 14:15:26,236 - INFO - [29.44, -4.81, -1.75, 29.44, -4.81, -1.75, 29.44, -4.81, -1.75, 18.0, 0.0, 48228.0, 30.0, 6412.0, -3152.0, 0.0, 3.0, 0.0, 0.0]
2025-08-29 14:15:26,239 - WARNING - Close to the right wall!
2025-08-29 14:15:26,339 - INFO - [31.19, -4.88, -1.69, 31.19, -4.88, -1.69, 31.19, -4.88, -1.69, 19.0, 0.0, 48228.0, 24.0, 6412.0, -3219.0, 0.0, 3.0, 0.0, 0.0]
2025-08-29 14:15:26,339 - WARNING - Close to the right wall!
2025-08-29 14:15:26,444 - INFO - [33.44, -4.88, -1.69, 33.44, -4.88, -1.69, 33.44, -4.88, -1.69, 11.0, 0.0, 48228.0, 0.0, 6412.0, -3297.0, 0.0, 3.0, 0.0, 0.0]
2025-08-29 14:15:26,445 - WARNING - Close to the left wall!
2025-08-29 14:15:26,503 - INFO - [34.88, -4.88, -1.56, 34.88, -4.88, -1.56, 34.88, -4.88, -1.56, 26.0, 0.0, 48228.0, 11.0, 6412.0, -3341.0, 0.0, 3.0, 0.0, 0.0]
2025-08-29 14:15:26,504 - WARNING - Close to the right wall!
2025-08-29 14:15:26,561 - INFO - [36.44, -4.88, -1.5, 36.44, -4.88, -1.5, 36.44, -4.88, -1.5, 19.0, 144.0, 48228.0, 4.0, 6412.0, -3387.0, 0.0, 3.0, 0.0, 0.0]
2025-08-29 14:15:26,561 - WARNING - Close to the left wall!
2025-08-29 14:15:26,667 - INFO - [38.88, -4.94, -1.31, 38.88, -4.94, -1.31, 38.88, -4.94, -1.31, 0.0, 129.0, 48228.0, 9.0, 6412.0, -3470.0, 0.0, 3.0, 0.0, 0.0]
2025-08-29 14:15:26,668 - WARNING - Close to the left wall!
2025-08-29 14:15:26,771 - INFO - [41.31, -5.0, -1.25, 41.31, -5.0, -1.25, 41.31, -5.0, -1.25, 8.0, 129.0, 48228.0, 0.0, 6412.0, -3547.0, 0.0, 3.0, 0.0, 0.0]
2025-08-29 14:15:26,771 - WARNING - Close to the left wall!
2025-08-29 14:15:26,874 - INFO - [43.06, -5.0, -1.19, 43.06, -5.0, -1.19, 43.06, -5.0, -1.19, 0.0, 118.0, 48228.0, 4.0, 6412.0, -3622.0, 0.0, 3.0, 0.0, 0.0]
2025-08-29 14:15:26,875 - WARNING - Close to the left wall!
2025-08-29 14:15:26,980 - INFO - [44.75, -5.0, -1.25, 44.75, -5.0, -1.25, 44.75, -5.0, -1.25, 11.0, 122.0, 48228.0, 0.0, 6412.0, -3688.0, 0.0, 3.0, 0.0, 0.0]
2025-08-29 14:15:26,980 - WARNING - Close to the left wall!
2025-08-29 14:15:27,037 - INFO - [45.56, -5.0, -1.19, 45.56, -5.0, -1.19, 45.56, -5.0, -1.19, 9.0, 113.0, 48228.0, 2.0, 6412.0, -3719.0, 0.0, 3.0, 0.0, 0.0]
2025-08-29 14:15:27,038 - WARNING - Close to the left wall!
2025-08-29 14:15:27,142 - INFO - [47.38, -5.13, -0.88, 47.38, -5.13, -0.88, 47.38, -5.13, -0.88, 7.0, 119.0, 48228.0, 0.0, 6412.0, -3778.0, 0.0, 3.0, 0.0, 0.0]
2025-08-29 14:15:27,142 - WARNING - Close to the left wall!
2025-08-29 14:15:27,199 - INFO - [48.25, -5.13, -0.94, 48.25, -5.13, -0.94, 48.25, -5.13, -0.94, 22.0, 117.0, 48228.0, 0.0, 6412.0, -3814.0, 0.0, 3.0, 0.0, 0.0]
2025-08-29 14:15:27,199 - WARNING - Close to the left wall!
2025-08-29 14:15:27,257 - INFO - [49.38, -5.13, -0.94, 49.38, -5.13, -0.94, 49.38, -5.13, -0.94, 9.0, 109.0, 48228.0, 0.0, 6412.0, -3851.0, 0.0, 3.0, 0.0, 0.0]
2025-08-29 14:15:27,257 - WARNING - Close to the left wall!
2025-08-29 14:15:27,314 - INFO - [50.5, -5.13, -0.94, 50.5, -5.13, -0.94, 50.5, -5.13, -0.94, 7.0, 116.0, 48228.0, 0.0, 6412.0, -3889.0, 0.0, 3.0, 0.0, 0.0]
2025-08-29 14:15:27,314 - WARNING - Close to the left wall!
2025-08-29 14:15:27,371 - INFO - [51.81, -5.06, -0.94, 51.81, -5.06, -0.94, 51.81, -5.06, -0.94, 0.0, 107.0, 48228.0, 0.0, 6412.0, -3929.0, 0.0, 3.0, 0.0, 0.0]
2025-08-29 14:15:27,372 - WARNING - Close to the left wall!
2025-08-29 14:15:27,429 - INFO - [52.94, -5.06, -1.0, 52.94, -5.06, -1.0, 52.94, -5.06, -1.0, 0.0, 112.0, 48228.0, 0.0, 6412.0, -3970.0, 0.0, 3.0, 0.0, 0.0]
2025-08-29 14:15:27,429 - WARNING - Close to the left wall!
2025-08-29 14:15:27,485 - INFO - [54.31, -5.06, -1.0, 54.31, -5.06, -1.0, 54.31, -5.06, -1.0, 11.0, 113.0, 48228.0, 0.0, 6412.0, -4009.0, 0.0, 3.0, 0.0, 0.0]
2025-08-29 14:15:27,486 - WARNING - Close to the left wall!
2025-08-29 14:15:27,591 - INFO - [56.44, -5.06, -0.81, 56.44, -5.06, -0.81, 56.44, -5.06, -0.81, 6.0, 106.0, 48228.0, 0.0, 6412.0, -4085.0, 0.0, 3.0, 0.0, 0.0]
2025-08-29 14:15:27,594 - WARNING - Close to the left wall!
2025-08-29 14:15:27,696 - INFO - [58.75, -5.0, -0.81, 58.75, -5.0, -0.81, 58.75, -5.0, -0.81, 9.0, 105.0, 48228.0, 0.0, 6412.0, -4156.0, 0.0, 3.0, 0.0, 0.0]
2025-08-29 14:15:27,697 - WARNING - Close to the left wall!
2025-08-29 14:15:27,754 - INFO - [59.88, -4.88, -1.0, 59.88, -4.88, -1.0, 59.88, -4.88, -1.0, 0.0, 104.0, 48228.0, 0.0, 6412.0, -4192.0, 0.0, 3.0, 0.0, 0.0]
2025-08-29 14:15:27,754 - WARNING - Close to the left wall!
2025-08-29 14:15:27,812 - INFO - [60.81, -4.81, -1.06, 60.81, -4.81, -1.06, 60.81, -4.81, -1.06, 13.0, 102.0, 48228.0, 0.0, 6412.0, -4229.0, 0.0, 3.0, 0.0, 0.0]
2025-08-29 14:15:27,813 - WARNING - Close to the left wall!
2025-08-29 14:15:27,916 - INFO - [62.69, -4.88, -1.0, 62.69, -4.88, -1.0, 62.69, -4.88, -1.0, 9.0, 104.0, 48228.0, 0.0, 6412.0, -4290.0, 0.0, 3.0, 0.0, 0.0]
2025-08-29 14:15:27,917 - WARNING - Close to the left wall!
2025-08-29 14:15:27,974 - INFO - [63.56, -4.63, -1.13, 63.56, -4.63, -1.13, 63.56, -4.63, -1.13, 12.0, 98.0, 48228.0, 0.0, 6412.0, -4316.0, 0.0, 3.0, 0.0, 0.0]
2025-08-29 14:15:27,975 - WARNING - Close to the left wall!
2025-08-29 14:15:28,032 - INFO - [64.25, -4.63, -1.0, 64.25, -4.63, -1.0, 64.25, -4.63, -1.0, 0.0, 103.0, 48228.0, 0.0, 6412.0, -4340.0, 0.0, 3.0, 0.0, 0.0]
2025-08-29 14:15:28,034 - WARNING - Close to the left wall!
2025-08-29 14:15:28,135 - INFO - [65.44, -4.56, -0.88, 65.44, -4.56, -0.88, 65.44, -4.56, -0.88, 0.0, 102.0, 48228.0, 0.0, 6412.0, -4374.0, 0.0, 3.0, 0.0, 0.0]
2025-08-29 14:15:28,135 - WARNING - Close to the left wall!
2025-08-29 14:15:28,192 - INFO - [65.63, -5.19, -0.69, 65.63, -5.19, -0.69, 65.63, -5.19, -0.69, 11.0, 98.0, 48228.0, 0.0, 6412.0, -4385.0, 0.0, 3.0, 0.0, 0.0]
2025-08-29 14:15:28,192 - WARNING - Close to the left wall!
2025-08-29 14:15:28,298 - INFO - [66.13, -4.94, -0.75, 66.13, -4.94, -0.75, 66.13, -4.94, -0.75, 6.0, 95.0, 48228.0, 0.0, 6412.0, -4396.0, 0.0, 3.0, 0.0, 0.0]
2025-08-29 14:15:28,299 - WARNING - Close to the left wall!
2025-08-29 14:15:28,357 - INFO - [66.19, -5.13, -0.69, 66.19, -5.13, -0.69, 66.19, -5.13, -0.69, 0.0, 98.0, 48228.0, 0.0, 6412.0, -4399.0, 0.0, 3.0, 0.0, 0.0]
2025-08-29 14:15:28,358 - WARNING - Close to the left wall!
2025-08-29 14:15:28,413 - INFO - [66.19, -4.81, -0.81, 66.19, -4.81, -0.81, 66.19, -4.81, -0.81, 0.0, 100.0, 48228.0, 0.0, 6412.0, -4403.0, 0.0, 3.0, 0.0, 0.0]
2025-08-29 14:15:28,414 - WARNING - Close to the left wall!
2025-08-29 14:15:28,472 - INFO - [66.19, -4.88, -0.81, 66.19, -4.88, -0.81, 66.19, -4.88, -0.81, 19.0, 100.0, 48228.0, 0.0, 6412.0, -4403.0, 0.0, 3.0, 0.0, 0.0]
2025-08-29 14:15:28,473 - WARNING - Close to the left wall!
2025-08-29 14:15:28,577 - INFO - [66.19, -4.94, -0.75, 66.19, -4.94, -0.75, 66.19, -4.94, -0.75, 9.0, 99.0, 48228.0, 0.0, 6412.0, -4403.0, 0.0, 3.0, 0.0, 0.0]
2025-08-29 14:15:28,577 - WARNING - Close to the left wall!
2025-08-29 14:15:28,683 - INFO - [66.19, -4.88, -0.88, 66.19, -4.88, -0.88, 66.19, -4.88, -0.88, 0.0, 99.0, 48228.0, 0.0, 6412.0, -4403.0, 0.0, 3.0, 0.0, 0.0]
2025-08-29 14:15:28,685 - WARNING - Close to the left wall!
2025-08-29 14:15:28,786 - INFO - [66.19, -4.81, -1.06, 66.19, -4.81, -1.06, 66.19, -4.81, -1.06, 7.0, 100.0, 48228.0, 0.0, 6412.0, -4403.0, 0.0, 3.0, 0.0, 0.0]
2025-08-29 14:15:28,786 - WARNING - Close to the left wall!
2025-08-29 14:15:28,844 - INFO - [66.13, -4.75, -1.19, 66.13, -4.75, -1.19, 66.13, -4.75, -1.19, 0.0, 98.0, 48228.0, 0.0, 6412.0, -4403.0, 0.0, 3.0, 0.0, 0.0]
2025-08-29 14:15:28,845 - WARNING - Close to the left wall!
2025-08-29 14:15:28,902 - INFO - [66.13, -4.69, -1.25, 66.13, -4.69, -1.25, 66.13, -4.69, -1.25, 0.0, 96.0, 48228.0, 0.0, 6412.0, -4403.0, 0.0, 3.0, 0.0, 0.0]
2025-08-29 14:15:28,902 - WARNING - Close to the left wall!
2025-08-29 14:15:29,007 - INFO - [66.13, -4.63, -1.44, 66.13, -4.63, -1.44, 66.13, -4.63, -1.44, 0.0, 98.0, 48228.0, 0.0, 6412.0, -4403.0, 0.0, 3.0, 0.0, 0.0]
2025-08-29 14:15:29,007 - WARNING - Close to the left wall!
2025-08-29 14:15:29,065 - INFO - [66.13, -4.63, -1.5, 66.13, -4.63, -1.5, 66.13, -4.63, -1.5, 8.0, 98.0, 48228.0, 0.0, 6412.0, -4403.0, 0.0, 3.0, 0.0, 0.0]
2025-08-29 14:15:29,065 - WARNING - Close to the left wall!
2025-08-29 14:15:29,122 - INFO - [66.13, -4.56, -1.56, 66.13, -4.56, -1.56, 66.13, -4.56, -1.56, 7.0, 98.0, 48228.0, 0.0, 6412.0, -4403.0, 0.0, 3.0, 0.0, 0.0]
2025-08-29 14:15:29,123 - WARNING - Close to the left wall!
2025-08-29 14:15:29,180 - INFO - [66.13, -4.56, -1.63, 66.13, -4.56, -1.63, 66.13, -4.56, -1.63, 0.0, 97.0, 48228.0, 0.0, 6412.0, -4403.0, 0.0, 3.0, 0.0, 0.0]
2025-08-29 14:15:29,180 - WARNING - Close to the left wall!
2025-08-29 14:15:29,238 - INFO - [66.13, -4.56, -1.69, 66.13, -4.56, -1.69, 66.13, -4.56, -1.69, 0.0, 99.0, 48228.0, 0.0, 6412.0, -4403.0, 0.0, 3.0, 0.0, 0.0]
2025-08-29 14:15:29,239 - WARNING - Close to the left wall!
2025-08-29 14:15:29,296 - INFO - [66.13, -4.5, -1.75, 66.13, -4.5, -1.75, 66.13, -4.5, -1.75, 8.0, 99.0, 48228.0, 0.0, 6412.0, -4403.0, 0.0, 3.0, 0.0, 0.0]
2025-08-29 14:15:29,296 - WARNING - Close to the left wall!
2025-08-29 14:15:29,357 - INFO - [66.13, -4.5, -1.75, 66.13, -4.5, -1.75, 66.13, -4.5, -1.75, 6.0, 96.0, 48228.0, 0.0, 6412.0, -4403.0, 0.0, 3.0, 0.0, 0.0]
2025-08-29 14:15:29,357 - WARNING - Close to the left wall!
2025-08-29 14:15:29,458 - INFO - [66.13, -4.44, -1.88, 66.13, -4.44, -1.88, 66.13, -4.44, -1.88, 3.0, 99.0, 48228.0, 0.0, 6412.0, -4403.0, 0.0, 3.0, 0.0, 0.0]
2025-08-29 14:15:29,459 - WARNING - Close to the left wall!
2025-08-29 14:15:29,563 - INFO - [66.13, -4.44, -1.94, 66.13, -4.44, -1.94, 66.13, -4.44, -1.94, 0.0, 94.0, 48228.0, 0.0, 6412.0, -4403.0, 0.0, 3.0, 0.0, 0.0]
2025-08-29 14:15:29,563 - WARNING - Close to the left wall!
2025-08-29 14:15:29,669 - INFO - [66.13, -4.44, -2.0, 66.13, -4.44, -2.0, 66.13, -4.44, -2.0, 0.0, 100.0, 48228.0, 0.0, 6412.0, -4403.0, 0.0, 3.0, 0.0, 0.0]
2025-08-29 14:15:29,669 - WARNING - Close to the left wall!
2025-08-29 14:15:29,726 - INFO - [66.13, -4.38, -2.0, 66.13, -4.38, -2.0, 66.13, -4.38, -2.0, 0.0, 97.0, 48228.0, 0.0, 6412.0, -4403.0, 0.0, 3.0, 0.0, 0.0]
2025-08-29 14:15:29,727 - WARNING - Close to the left wall!
2025-08-29 14:15:29,734 - INFO - Camera stopped
2025-08-29 14:15:31,545 - INFO - Camera closed successfully.
