2025-08-29 14:47:58,942 - INFO - Camera configuration has been adjusted!
2025-08-29 14:47:58,943 - INFO - Configuration successful!
2025-08-29 14:48:00,463 - INFO - Camera started
2025-08-29 14:48:00,515 - INFO - [0.06, -3.56, -2.5, 0.06, -3.56, -2.5, 0.06, -3.56, -2.5, 106.0, 14.0, 48228.0, 73.0, 6412.0, 0.0, 0.0, 3.0, 0.0, 0.0]
2025-08-29 14:48:01,097 - INFO - [0.06, -3.56, -2.63, 0.06, -3.56, -2.63, 0.06, -3.56, -2.63, 106.0, 14.0, 48228.0, 73.0, 6412.0, 0.0, 0.0, 3.0, 0.0, 0.0]
2025-08-29 14:48:01,336 - INFO - [0.13, -3.56, -2.63, 0.13, -3.56, -2.63, 0.13, -3.56, -2.63, 105.0, 14.0, 48228.0, 73.0, 6412.0, -45.0, 0.0, 3.0, 0.0, 0.0]
2025-08-29 14:48:01,460 - INFO - [359.81, -3.88, -2.56, 359.81, -3.88, -2.56, 359.81, -3.88, -2.56, 103.0, 14.0, 48228.0, 73.0, 6412.0, -120.0, 0.0, 3.0, 0.0, 0.0]
2025-08-29 14:48:01,583 - INFO - [357.63, -3.94, -2.56, 357.63, -3.94, -2.56, 357.63, -3.94, -2.56, 101.0, 15.0, 48228.0, 41.0, 6412.0, -211.0, 0.0, 3.0, 0.0, 0.0]
2025-08-29 14:48:01,709 - INFO - [355.5, -3.88, -2.69, 355.5, -3.88, -2.69, 355.5, -3.88, -2.69, 98.0, 216.0, 48228.0, 10.0, 6412.0, -301.0, 0.0, 3.0, 0.0, 0.0]
2025-08-29 14:48:01,833 - INFO - [352.94, -3.75, -2.75, 352.94, -3.75, -2.75, 352.94, -3.75, -2.75, 96.0, 221.0, 48228.0, 9.0, 6412.0, -381.0, 0.0, 3.0, 0.0, 0.0]
2025-08-29 14:48:01,833 - WARNING - Close to the left wall!
2025-08-29 14:48:01,958 - INFO - [351.25, -3.56, -2.69, 351.25, -3.56, -2.69, 351.25, -3.56, -2.69, 93.0, 224.0, 48228.0, 14.0, 6412.0, -450.0, 0.0, 3.0, 0.0, 0.0]
2025-08-29 14:48:02,083 - INFO - [349.69, -3.56, -2.81, 349.69, -3.56, -2.81, 349.69, -3.56, -2.81, 91.0, 225.0, 48228.0, 67.0, 6412.0, -527.0, 0.0, 3.0, 0.0, 0.0]
2025-08-29 14:48:02,209 - INFO - [347.56, -3.44, -2.94, 347.56, -3.44, -2.94, 347.56, -3.44, -2.94, 90.0, 146.0, 48228.0, 67.0, 6412.0, -610.0, 0.0, 3.0, 0.0, 0.0]
2025-08-29 14:48:02,332 - INFO - [345.06, -3.44, -3.0, 345.06, -3.44, -3.0, 345.06, -3.44, -3.0, 87.0, 192.0, 48228.0, 66.0, 6412.0, -695.0, 0.0, 3.0, 0.0, 0.0]
2025-08-29 14:48:02,455 - INFO - [342.31, -3.38, -2.94, 342.31, -3.38, -2.94, 342.31, -3.38, -2.94, 83.0, 0.0, 48228.0, 65.0, 6412.0, -783.0, 0.0, 3.0, 0.0, 0.0]
2025-08-29 14:48:02,455 - WARNING - Close to the right wall!
2025-08-29 14:48:02,580 - INFO - [340.13, -3.31, -3.13, 340.13, -3.31, -3.13, 340.13, -3.31, -3.13, 86.0, 244.0, 48228.0, 63.0, 6412.0, -871.0, 0.0, 3.0, 0.0, 0.0]
2025-08-29 14:48:02,708 - INFO - [337.94, -3.31, -3.0, 337.94, -3.31, -3.0, 337.94, -3.31, -3.0, 84.0, 0.0, 48228.0, 61.0, 6412.0, -958.0, 0.0, 3.0, 0.0, 0.0]
2025-08-29 14:48:02,708 - WARNING - Close to the right wall!
2025-08-29 14:48:02,829 - INFO - [335.75, -3.06, -3.06, 335.75, -3.06, -3.06, 335.75, -3.06, -3.06, 81.0, 0.0, 48228.0, 57.0, 6412.0, -1028.0, 0.0, 3.0, 0.0, 0.0]
2025-08-29 14:48:02,829 - WARNING - Close to the right wall!
2025-08-29 14:48:02,953 - INFO - [334.25, -2.88, -3.06, 334.25, -2.88, -3.06, 334.25, -2.88, -3.06, 86.0, 0.0, 48228.0, 57.0, 6412.0, -1099.0, 0.0, 3.0, 0.0, 0.0]
2025-08-29 14:48:02,954 - WARNING - Close to the right wall!
2025-08-29 14:48:03,078 - INFO - [332.25, -2.88, -3.31, 332.25, -2.88, -3.31, 332.25, -2.88, -3.31, 78.0, 0.0, 48228.0, 56.0, 6412.0, -1178.0, 0.0, 3.0, 0.0, 0.0]
2025-08-29 14:48:03,078 - WARNING - Close to the right wall!
2025-08-29 14:48:03,202 - INFO - [331.25, -3.06, -3.31, 331.25, -3.06, -3.31, 331.25, -3.06, -3.31, 74.0, 0.0, 48228.0, 57.0, 6412.0, -1273.0, 0.0, 3.0, 0.0, 0.0]
2025-08-29 14:48:03,202 - WARNING - Close to the right wall!
2025-08-29 14:48:03,327 - INFO - [332.75, -3.38, -3.31, 332.75, -3.38, -3.31, 332.75, -3.38, -3.31, 70.0, 0.0, 48228.0, 55.0, 6412.0, -1383.0, 0.0, 3.0, 0.0, 0.0]
2025-08-29 14:48:03,327 - WARNING - Close to the right wall!
2025-08-29 14:48:03,450 - INFO - [336.06, -3.63, -3.38, 336.06, -3.63, -3.38, 336.06, -3.63, -3.38, 64.0, 0.0, 48228.0, 53.0, 6412.0, -1480.0, 0.0, 3.0, 0.0, 0.0]
2025-08-29 14:48:03,450 - WARNING - Close to the right wall!
2025-08-29 14:48:03,576 - INFO - [338.69, -3.88, -3.19, 338.69, -3.88, -3.19, 338.69, -3.88, -3.19, 63.0, 0.0, 48228.0, 50.0, 6412.0, -1563.0, 1.0, 3.0, 0.0, 0.0]
2025-08-29 14:48:03,577 - WARNING - Close to the right wall!
2025-08-29 14:48:03,700 - INFO - [340.81, -3.75, -3.13, 340.81, -3.75, -3.13, 340.81, -3.75, -3.13, 58.0, 0.0, 48228.0, 51.0, 6412.0, -1622.0, 2.0, 3.0, 0.0, 0.0]
2025-08-29 14:48:03,700 - WARNING - Close to the right wall!
2025-08-29 14:48:03,824 - INFO - [342.88, -3.81, -3.0, 342.88, -3.81, -3.0, 342.88, -3.81, -3.0, 59.0, 0.0, 48228.0, 53.0, 6412.0, -1673.0, 2.0, 3.0, 0.0, 0.0]
2025-08-29 14:48:03,825 - WARNING - Close to the right wall!
2025-08-29 14:48:03,948 - INFO - [345.31, -4.19, -3.13, 345.31, -4.19, -3.13, 345.31, -4.19, -3.13, 55.0, 240.0, 48228.0, 52.0, 6412.0, -1746.0, 1.0, 3.0, 0.0, 0.0]
2025-08-29 14:48:04,073 - INFO - [348.5, -4.31, -3.13, 348.5, -4.31, -3.13, 348.5, -4.31, -3.13, 51.0, 240.0, 48228.0, 52.0, 6412.0, -1834.0, 1.0, 3.0, 0.0, 0.0]
2025-08-29 14:48:04,197 - INFO - [352.25, -4.44, -2.94, 352.25, -4.44, -2.94, 352.25, -4.44, -2.94, 48.0, 234.0, 48228.0, 53.0, 6412.0, -1930.0, 0.0, 3.0, 0.0, 0.0]
2025-08-29 14:48:04,322 - INFO - [355.81, -4.56, -2.75, 355.81, -4.56, -2.75, 355.81, -4.56, -2.75, 45.0, 231.0, 48228.0, 54.0, 6412.0, -2026.0, 0.0, 3.0, 0.0, 0.0]
2025-08-29 14:48:04,445 - INFO - [358.81, -4.75, -2.69, 358.81, -4.75, -2.69, 358.81, -4.75, -2.69, 42.0, 230.0, 48228.0, 55.0, 6412.0, -2111.0, 0.0, 3.0, 0.0, 0.0]
2025-08-29 14:48:04,571 - INFO - [1.25, -4.75, -2.56, 1.25, -4.75, -2.56, 1.25, -4.75, -2.56, 40.0, 228.0, 48228.0, 56.0, 6412.0, -2187.0, 0.0, 3.0, 0.0, 0.0]
2025-08-29 14:48:04,696 - INFO - [3.06, -4.63, -2.5, 3.06, -4.63, -2.5, 3.06, -4.63, -2.5, 39.0, 200.0, 48228.0, 57.0, 6412.0, -2243.0, 0.0, 3.0, 0.0, 0.0]
2025-08-29 14:48:04,820 - INFO - [5.0, -4.69, -2.25, 5.0, -4.69, -2.25, 5.0, -4.69, -2.25, 38.0, 131.0, 48228.0, 58.0, 6412.0, -2300.0, 0.0, 3.0, 0.0, 0.0]
2025-08-29 14:48:04,945 - INFO - [7.56, -4.75, -2.38, 7.56, -4.75, -2.38, 7.56, -4.75, -2.38, 35.0, 125.0, 48228.0, 59.0, 6412.0, -2382.0, 0.0, 3.0, 0.0, 0.0]
2025-08-29 14:48:05,069 - INFO - [10.94, -4.88, -2.13, 10.94, -4.88, -2.13, 10.94, -4.88, -2.13, 33.0, 23.0, 48228.0, 61.0, 6412.0, -2472.0, 0.0, 3.0, 0.0, 0.0]
2025-08-29 14:48:05,195 - INFO - [14.5, -4.88, -2.06, 14.5, -4.88, -2.06, 14.5, -4.88, -2.06, 31.0, 22.0, 48228.0, 63.0, 6412.0, -2569.0, 0.0, 3.0, 0.0, 0.0]
2025-08-29 14:48:05,319 - INFO - [17.69, -5.0, -1.94, 17.69, -5.0, -1.94, 17.69, -5.0, -1.94, 29.0, 20.0, 48228.0, 65.0, 6412.0, -2663.0, 0.0, 3.0, 0.0, 0.0]
2025-08-29 14:48:05,442 - INFO - [20.69, -5.06, -1.81, 20.69, -5.06, -1.81, 20.69, -5.06, -1.81, 27.0, 19.0, 48228.0, 71.0, 6412.0, -2747.0, 0.0, 3.0, 0.0, 0.0]
2025-08-29 14:48:05,567 - INFO - [23.19, -5.19, -1.56, 23.19, -5.19, -1.56, 23.19, -5.19, -1.56, 27.0, 17.0, 48228.0, 56.0, 6412.0, -2818.0, 0.0, 3.0, 0.0, 0.0]
2025-08-29 14:48:05,693 - INFO - [25.19, -5.19, -1.38, 25.19, -5.19, -1.38, 25.19, -5.19, -1.38, 26.0, 17.0, 48228.0, 37.0, 6412.0, -2874.0, 0.0, 3.0, 0.0, 0.0]
2025-08-29 14:48:05,815 - INFO - [27.69, -5.13, -1.31, 27.69, -5.13, -1.31, 27.69, -5.13, -1.31, 24.0, 18.0, 48228.0, 31.0, 6412.0, -2945.0, 0.0, 3.0, 0.0, 0.0]
2025-08-29 14:48:05,940 - INFO - [30.69, -5.19, -1.38, 30.69, -5.19, -1.38, 30.69, -5.19, -1.38, 33.0, 23.0, 48228.0, 28.0, 6412.0, -3034.0, 0.0, 3.0, 0.0, 0.0]
2025-08-29 14:48:06,064 - INFO - [34.19, -5.19, -1.44, 34.19, -5.19, -1.44, 34.19, -5.19, -1.44, 23.0, 88.0, 48228.0, 25.0, 6412.0, -3129.0, 0.0, 3.0, 0.0, 0.0]
2025-08-29 14:48:06,189 - INFO - [37.63, -5.25, -1.19, 37.63, -5.25, -1.19, 37.63, -5.25, -1.19, 24.0, 120.0, 48228.0, 17.0, 6412.0, -3229.0, 0.0, 3.0, 0.0, 0.0]
2025-08-29 14:48:06,312 - INFO - [40.63, -5.31, -1.13, 40.63, -5.31, -1.13, 40.63, -5.31, -1.13, 15.0, 111.0, 48228.0, 12.0, 6412.0, -3319.0, 0.0, 3.0, 0.0, 0.0]
2025-08-29 14:48:06,436 - INFO - [43.69, -5.38, -0.88, 43.69, -5.38, -0.88, 43.69, -5.38, -0.88, 15.0, 114.0, 48228.0, 13.0, 6412.0, -3402.0, 0.0, 3.0, 0.0, 0.0]
2025-08-29 14:48:06,561 - INFO - [45.81, -5.38, -0.69, 45.81, -5.38, -0.69, 45.81, -5.38, -0.69, 19.0, 104.0, 48228.0, 10.0, 6412.0, -3462.0, 0.0, 3.0, 0.0, 0.0]
2025-08-29 14:48:06,686 - INFO - [47.94, -5.31, -0.5, 47.94, -5.31, -0.5, 47.94, -5.31, -0.5, 17.0, 105.0, 48228.0, 0.0, 6412.0, -3523.0, 0.0, 3.0, 0.0, 0.0]
2025-08-29 14:48:06,686 - WARNING - Close to the left wall!
2025-08-29 14:48:06,810 - INFO - [51.0, -5.31, -0.69, 51.0, -5.31, -0.69, 51.0, -5.31, -0.69, 22.0, 106.0, 48228.0, 1.0, 6412.0, -3604.0, 0.0, 3.0, 0.0, 0.0]
2025-08-29 14:48:06,810 - WARNING - Close to the left wall!
2025-08-29 14:48:06,935 - INFO - [54.19, -5.25, -0.69, 54.19, -5.25, -0.69, 54.19, -5.25, -0.69, 23.0, 101.0, 48228.0, 6.0, 6412.0, -3696.0, 0.0, 3.0, 0.0, 0.0]
2025-08-29 14:48:06,936 - WARNING - Close to the left wall!
2025-08-29 14:48:07,059 - INFO - [57.75, -5.19, -0.5, 57.75, -5.19, -0.5, 57.75, -5.19, -0.5, 24.0, 100.0, 48228.0, 0.0, 6412.0, -3789.0, 0.0, 3.0, 0.0, 0.0]
2025-08-29 14:48:07,059 - WARNING - Close to the left wall!
2025-08-29 14:48:07,184 - INFO - [60.56, -5.19, -0.56, 60.56, -5.19, -0.56, 60.56, -5.19, -0.56, 27.0, 93.0, 48228.0, 0.0, 6412.0, -3886.0, 0.0, 3.0, 0.0, 0.0]
2025-08-29 14:48:07,185 - WARNING - Close to the left wall!
2025-08-29 14:48:07,308 - INFO - [63.0, -5.13, -0.56, 63.0, -5.13, -0.56, 63.0, -5.13, -0.56, 29.0, 86.0, 48228.0, 7.0, 6412.0, -3972.0, 0.0, 3.0, 0.0, 0.0]
2025-08-29 14:48:07,308 - WARNING - Close to the left wall!
2025-08-29 14:48:07,434 - INFO - [66.0, -5.19, -0.38, 66.0, -5.19, -0.38, 66.0, -5.19, -0.38, 34.0, 89.0, 48228.0, 10.0, 6412.0, -4049.0, 0.0, 3.0, 0.0, 0.0]
2025-08-29 14:48:07,559 - INFO - [68.06, -5.19, -0.13, 68.06, -5.19, -0.13, 68.06, -5.19, -0.13, 37.0, 85.0, 48228.0, 1.0, 6412.0, -4105.0, 0.0, 3.0, 0.0, 0.0]
2025-08-29 14:48:07,559 - WARNING - Close to the left wall!
2025-08-29 14:48:07,683 - INFO - [70.88, -5.13, -0.06, 70.88, -5.13, -0.06, 70.88, -5.13, -0.06, 44.0, 84.0, 48228.0, 6.0, 6412.0, -4178.0, 0.0, 3.0, 0.0, 0.0]
2025-08-29 14:48:07,683 - WARNING - Close to the left wall!
2025-08-29 14:48:07,808 - INFO - [73.94, -5.06, 0.0, 73.94, -5.06, 0.0, 73.94, -5.06, 0.0, 58.0, 81.0, 48228.0, 5.0, 6412.0, -4267.0, 0.0, 3.0, 0.0, 0.0]
2025-08-29 14:48:07,808 - WARNING - Close to the left wall!
2025-08-29 14:48:07,933 - INFO - [77.56, -5.0, 0.13, 77.56, -5.0, 0.13, 77.56, -5.0, 0.13, 93.0, 80.0, 48228.0, 7.0, 6412.0, -4364.0, 0.0, 3.0, 0.0, 0.0]
2025-08-29 14:48:07,933 - WARNING - Close to the left wall!
2025-08-29 14:48:08,058 - INFO - [81.25, -4.94, 0.06, 81.25, -4.94, 0.06, 81.25, -4.94, 0.06, 171.0, 79.0, 48228.0, 11.0, 6412.0, -4460.0, 0.0, 3.0, 0.0, 0.0]
2025-08-29 14:48:08,074 - INFO - Turn completed
2025-08-29 14:48:08,182 - INFO - [83.94, -4.88, 0.06, 83.94, -4.88, 0.06, 83.94, -4.88, 0.06, 170.0, 77.0, 48228.0, 12.0, 6412.0, -4546.0, 0.0, 3.0, 0.0, 0.0]
2025-08-29 14:48:08,305 - INFO - [86.69, -4.81, 0.19, 86.69, -4.81, 0.19, 86.69, -4.81, 0.19, 167.0, 77.0, 48228.0, 12.0, 6412.0, -4620.0, 0.0, 3.0, 0.0, 0.0]
2025-08-29 14:48:08,429 - INFO - [88.13, -4.81, 0.13, 88.13, -4.81, 0.13, 88.13, -4.81, 0.13, 167.0, 76.0, 48228.0, 12.0, 6412.0, -4595.0, 0.0, 3.0, 0.0, 0.0]
2025-08-29 14:48:08,555 - INFO - [87.44, -4.56, 0.0, 87.44, -4.56, 0.0, 87.44, -4.56, 0.0, 168.0, 77.0, 48228.0, 13.0, 6412.0, -4551.0, 0.0, 3.0, 0.0, 0.0]
2025-08-29 14:48:08,679 - INFO - [86.69, -3.44, -0.88, 86.69, -3.44, -0.88, 86.69, -3.44, -0.88, 170.0, 77.0, 48228.0, 13.0, 6412.0, -4470.0, 0.0, 3.0, 0.0, 0.0]
2025-08-29 14:48:08,803 - INFO - [86.25, -3.0, -1.06, 86.25, -3.0, -1.06, 86.25, -3.0, -1.06, 174.0, 77.0, 48228.0, 12.0, 6412.0, -4356.0, 0.0, 3.0, 0.0, 0.0]
2025-08-29 14:48:08,928 - INFO - [85.63, -2.81, -1.25, 85.63, -2.81, -1.25, 85.63, -2.81, -1.25, 178.0, 77.0, 48228.0, 11.0, 6412.0, -4228.0, 0.0, 3.0, 0.0, 0.0]
2025-08-29 14:48:09,052 - INFO - [85.31, -2.81, -1.38, 85.31, -2.81, -1.38, 85.31, -2.81, -1.38, 182.0, 78.0, 48228.0, 12.0, 6412.0, -4092.0, 0.0, 3.0, 0.0, 0.0]
2025-08-29 14:48:09,052 - INFO - Going back
2025-08-29 14:48:09,176 - INFO - [84.94, -3.0, -1.31, 84.94, -3.0, -1.31, 84.94, -3.0, -1.31, 187.0, 77.0, 48228.0, 12.0, 6412.0, -3968.0, 0.0, 3.0, 0.0, 0.0]
2025-08-29 14:48:09,224 - INFO - Camera stopped
2025-08-29 14:48:10,835 - INFO - Camera closed successfully.
