2025-08-31 14:33:54,018 - INFO - Camera configuration has been adjusted!
2025-08-31 14:33:54,019 - INFO - Configuration successful!
2025-08-31 14:33:55,556 - INFO - Camera started
2025-08-31 14:33:55,673 - INFO - [359.88, -4.13, -2.81, 359.88, -4.13, -2.81, 359.88, -4.13, -2.81, 101.0, 11.0, 105.0, 15.0, 0.0, 0.0, 0.0, 3.0, 0.0, 0.0]
2025-08-31 14:33:55,924 - INFO - Steering 165; Speed 205
2025-08-31 14:33:56,631 - INFO - [0.06, -4.19, -2.94, 0.06, -4.19, -2.94, 0.06, -4.19, -2.94, 102.0, 11.0, 104.0, 14.0, 0.0, 0.0, 0.0, 3.0, 0.0, 0.0]
2025-08-31 14:33:56,780 - INFO - Steering 165; Speed 205
2025-08-31 14:33:56,914 - INFO - [0.19, -4.19, -2.94, 0.19, -4.19, -2.94, 0.19, -4.19, -2.94, 101.0, 10.0, 102.0, 15.0, 0.0, -67.0, 0.0, 3.0, 0.0, 0.0]
2025-08-31 14:33:56,930 - INFO - Steering 165; Speed 205
2025-08-31 14:33:57,062 - INFO - [1.81, -4.5, -2.88, 1.81, -4.5, -2.88, 1.81, -4.5, -2.88, 98.0, 9.0, 95.0, 15.0, 0.0, -151.0, 0.0, 3.0, 0.0, 0.0]
2025-08-31 14:33:57,063 - WARNING - Close to the right wall!
2025-08-31 14:33:57,081 - INFO - Steering 165; Speed 205
2025-08-31 14:33:57,213 - INFO - [4.44, -4.5, -2.94, 4.44, -4.5, -2.94, 4.44, -4.5, -2.94, 96.0, 9.0, 86.0, 17.0, 0.0, -231.0, 0.0, 3.0, 0.0, 0.0]
2025-08-31 14:33:57,216 - WARNING - Close to the right wall!
2025-08-31 14:33:57,258 - INFO - Steering 165; Speed 205
2025-08-31 14:33:57,356 - INFO - [6.5, -4.5, -2.75, 6.5, -4.5, -2.75, 6.5, -4.5, -2.75, 95.0, 72.0, 87.0, 18.0, 0.0, -295.0, 0.0, 3.0, 0.0, 0.0]
2025-08-31 14:33:57,371 - INFO - Steering 165; Speed 205
2025-08-31 14:33:57,505 - INFO - [9.88, -4.56, -2.63, 9.88, -4.56, -2.63, 9.88, -4.56, -2.63, 93.0, 74.0, 95.0, 20.0, 0.0, -380.0, 0.0, 3.0, 0.0, 0.0]
2025-08-31 14:33:57,528 - INFO - Steering 165; Speed 205
2025-08-31 14:33:57,651 - INFO - [13.31, -4.63, -2.5, 13.31, -4.63, -2.5, 13.31, -4.63, -2.5, 92.0, 73.0, 76.0, 22.0, 0.0, -467.0, 0.0, 3.0, 0.0, 0.0]
2025-08-31 14:33:57,677 - INFO - Steering 158; Speed 205
2025-08-31 14:33:57,799 - INFO - [16.25, -4.69, -2.25, 16.25, -4.69, -2.25, 16.25, -4.69, -2.25, 91.0, 72.0, 66.0, 23.0, 0.0, -558.0, 0.0, 3.0, 0.0, 0.0]
2025-08-31 14:33:57,816 - INFO - Steering 158; Speed 205
2025-08-31 14:33:57,947 - INFO - [19.69, -4.88, -2.25, 19.69, -4.88, -2.25, 19.69, -4.88, -2.25, 90.0, 72.0, 57.0, 27.0, 0.0, -657.0, 0.0, 3.0, 0.0, 0.0]
2025-08-31 14:33:57,965 - INFO - Steering 158; Speed 205
2025-08-31 14:33:58,093 - INFO - [22.38, -4.81, -2.19, 22.38, -4.81, -2.19, 22.38, -4.81, -2.19, 89.0, 72.0, 54.0, 28.0, 0.0, -739.0, 0.0, 3.0, 0.0, 0.0]
2025-08-31 14:33:58,109 - INFO - Steering 158; Speed 205
2025-08-31 14:33:58,240 - INFO - [24.13, -5.0, -2.0, 24.13, -5.0, -2.0, 24.13, -5.0, -2.0, 89.0, 71.0, 51.0, 30.0, 0.0, -812.0, 0.0, 3.0, 0.0, 0.0]
2025-08-31 14:33:58,257 - INFO - Steering 158; Speed 205
2025-08-31 14:33:58,388 - INFO - [25.81, -5.13, -2.0, 25.81, -5.13, -2.0, 25.81, -5.13, -2.0, 89.0, 71.0, 50.0, 32.0, 0.0, -874.0, 0.0, 3.0, 0.0, 0.0]
2025-08-31 14:33:58,401 - INFO - Steering 158; Speed 205
2025-08-31 14:33:58,535 - INFO - [28.63, -5.31, -1.5, 28.63, -5.31, -1.5, 28.63, -5.31, -1.5, 91.0, 71.0, 48.0, 35.0, 0.0, -947.0, 0.0, 3.0, 0.0, 0.0]
2025-08-31 14:33:58,553 - INFO - Steering 201.95999999999998; Speed 200
2025-08-31 14:33:58,684 - INFO - [31.63, -5.19, -1.75, 31.63, -5.19, -1.75, 31.63, -5.19, -1.75, 92.0, 70.0, 45.0, 39.0, 0.0, -1037.0, 0.0, 3.0, 0.0, 0.0]
2025-08-31 14:33:58,698 - INFO - Steering 197.01; Speed 200
2025-08-31 14:33:58,831 - INFO - [35.38, -5.25, -1.56, 35.38, -5.25, -1.56, 35.38, -5.25, -1.56, 94.0, 70.0, 45.0, 46.0, 0.0, -1137.0, 0.0, 3.0, 0.0, 0.0]
2025-08-31 14:33:58,847 - INFO - Steering 190.53; Speed 200
2025-08-31 14:33:58,979 - INFO - [39.19, -5.19, -1.31, 39.19, -5.19, -1.31, 39.19, -5.19, -1.31, 97.0, 72.0, 43.0, 52.0, 0.0, -1235.0, 0.0, 3.0, 0.0, 0.0]
2025-08-31 14:33:58,995 - INFO - Steering 186.3; Speed 200
2025-08-31 14:33:59,126 - INFO - [42.38, -5.0, -1.44, 42.38, -5.0, -1.44, 42.38, -5.0, -1.44, 99.0, 72.0, 42.0, 57.0, 0.0, -1305.0, 0.0, 3.0, 0.0, 0.0]
2025-08-31 14:33:59,143 - INFO - Steering 189.14; Speed 200
2025-08-31 14:33:59,278 - INFO - [43.0, -4.56, -1.25, 43.0, -4.56, -1.25, 43.0, -4.56, -1.25, 100.0, 72.0, 43.0, 59.0, 0.0, -1330.0, 0.0, 3.0, 0.0, 0.0]
2025-08-31 14:33:59,294 - INFO - Steering 188.87; Speed 200
2025-08-31 14:33:59,425 - INFO - [43.38, -4.69, -1.31, 43.38, -4.69, -1.31, 43.38, -4.69, -1.31, 101.0, 71.0, 43.0, 60.0, 0.0, -1358.0, 1.0, 3.0, 0.0, 0.0]
2025-08-31 14:33:59,439 - INFO - Steering 187.43; Speed 200
2025-08-31 14:33:59,573 - INFO - [44.56, -5.0, -1.25, 44.56, -5.0, -1.25, 44.56, -5.0, -1.25, 103.0, 72.0, 43.0, 64.0, 0.0, -1407.0, 1.0, 3.0, 0.0, 0.0]
2025-08-31 14:33:59,591 - INFO - Steering 184.73; Speed 200
2025-08-31 14:33:59,721 - INFO - [46.5, -5.06, -1.13, 46.5, -5.06, -1.13, 46.5, -5.06, -1.13, 106.0, 72.0, 43.0, 70.0, 0.0, -1458.0, 1.0, 3.0, 0.0, 0.0]
2025-08-31 14:33:59,742 - INFO - Steering 182.93; Speed 200
2025-08-31 14:33:59,869 - INFO - [48.06, -5.0, -1.06, 48.06, -5.0, -1.06, 48.06, -5.0, -1.06, 110.0, 72.0, 43.0, 74.0, 0.0, -1506.0, 1.0, 3.0, 0.0, 0.0]
2025-08-31 14:33:59,885 - INFO - Steering 179.6; Speed 200
2025-08-31 14:34:00,018 - INFO - [50.88, -5.06, -0.75, 50.88, -5.06, -0.75, 50.88, -5.06, -0.75, 113.0, 74.0, 44.0, 123.0, 0.0, -1567.0, 1.0, 3.0, 0.0, 0.0]
2025-08-31 14:34:00,032 - INFO - Steering 174.56; Speed 200
2025-08-31 14:34:00,168 - INFO - [53.94, -5.06, -0.81, 53.94, -5.06, -0.81, 53.94, -5.06, -0.81, 122.0, 78.0, 43.0, 80.0, 0.0, -1636.0, 1.0, 3.0, 0.0, 0.0]
2025-08-31 14:34:00,182 - INFO - Steering 170.69; Speed 200
2025-08-31 14:34:00,315 - INFO - [56.81, -5.06, -0.63, 56.81, -5.06, -0.63, 56.81, -5.06, -0.63, 133.0, 80.0, 44.0, 75.0, 0.0, -1703.0, 1.0, 3.0, 0.0, 0.0]
2025-08-31 14:34:00,330 - INFO - Steering 165.38; Speed 200
2025-08-31 14:34:00,463 - INFO - [60.31, -5.13, -0.44, 60.31, -5.13, -0.44, 60.31, -5.13, -0.44, 147.0, 85.0, 44.0, 73.0, 0.0, -1772.0, 1.0, 3.0, 0.0, 0.0]
2025-08-31 14:34:00,477 - INFO - Steering 160.51999999999998; Speed 200
2025-08-31 14:34:00,613 - INFO - [63.19, -5.13, -0.25, 63.19, -5.13, -0.25, 63.19, -5.13, -0.25, 161.0, 89.0, 45.0, 71.0, 0.0, -1848.0, 1.0, 3.0, 0.0, 0.0]
2025-08-31 14:34:00,639 - INFO - Steering 155.93; Speed 200
2025-08-31 14:34:00,761 - INFO - [66.25, -5.0, -0.25, 66.25, -5.0, -0.25, 66.25, -5.0, -0.25, 87.0, 94.0, 46.0, 69.0, 0.0, -1921.0, 1.0, 3.0, 0.0, 0.0]
2025-08-31 14:34:00,777 - INFO - Steering 151.79; Speed 200
2025-08-31 14:34:00,910 - INFO - [68.0, -4.94, -0.25, 68.0, -4.94, -0.25, 68.0, -4.94, -0.25, 34.0, 98.0, 47.0, 68.0, 0.0, -1977.0, 1.0, 3.0, 0.0, 0.0]
2025-08-31 14:34:00,927 - INFO - Steering 149.36; Speed 200
2025-08-31 14:34:01,058 - INFO - [69.5, -4.88, -0.06, 69.5, -4.88, -0.06, 69.5, -4.88, -0.06, 31.0, 100.0, 48.0, 67.0, 0.0, -2034.0, 1.0, 3.0, 0.0, 0.0]
2025-08-31 14:34:01,080 - INFO - Steering 145.67; Speed 200
2025-08-31 14:34:01,206 - INFO - [71.13, -4.88, 0.0, 71.13, -4.88, 0.0, 71.13, -4.88, 0.0, 28.0, 102.0, 50.0, 66.0, 0.0, -2089.0, 1.0, 3.0, 0.0, 0.0]
2025-08-31 14:34:01,231 - INFO - Steering 142.97; Speed 200
2025-08-31 14:34:01,350 - INFO - [72.56, -5.06, 0.38, 72.56, -5.06, 0.38, 72.56, -5.06, 0.38, 27.0, 105.0, 50.0, 66.0, 0.0, -2147.0, 1.0, 3.0, 0.0, 0.0]
2025-08-31 14:34:01,369 - INFO - Steering 139.37; Speed 200
2025-08-31 14:34:01,497 - INFO - [74.13, -5.56, 0.5, 74.13, -5.56, 0.5, 74.13, -5.56, 0.5, 62.0, 111.0, 53.0, 65.0, 0.0, -2203.0, 1.0, 3.0, 0.0, 0.0]
2025-08-31 14:34:01,514 - INFO - Steering 135.14; Speed 200
2025-08-31 14:34:01,644 - INFO - [75.81, -4.81, 0.19, 75.81, -4.81, 0.19, 75.81, -4.81, 0.19, 257.0, 120.0, 55.0, 65.0, 0.0, -2289.0, 1.0, 3.0, 0.0, 0.0]
2025-08-31 14:34:01,659 - INFO - Steering 128.21; Speed 200
2025-08-31 14:34:01,792 - INFO - [78.75, -4.75, 0.13, 78.75, -4.75, 0.13, 78.75, -4.75, 0.13, 247.0, 123.0, 58.0, 64.0, 0.0, -2389.0, 1.0, 3.0, 0.0, 0.0]
2025-08-31 14:34:01,805 - INFO - Steering 118.11375; Speed 200
2025-08-31 14:34:01,939 - INFO - [81.5, -4.81, 0.19, 81.5, -4.81, 0.19, 81.5, -4.81, 0.19, 227.0, 121.0, 60.0, 64.0, 0.0, -2495.0, 1.0, 3.0, 0.0, 0.0]
2025-08-31 14:34:01,956 - INFO - Steering 111.23025; Speed 200
2025-08-31 14:34:02,089 - INFO - [83.69, -4.56, -0.06, 83.69, -4.56, -0.06, 83.69, -4.56, -0.06, 222.0, 120.0, 63.0, 64.0, 0.0, -2593.0, 1.0, 3.0, 0.0, 0.0]
2025-08-31 14:34:02,111 - INFO - Steering 105.74894; Speed 200
2025-08-31 14:34:02,238 - INFO - [85.44, -4.5, 0.0, 85.44, -4.5, 0.0, 85.44, -4.5, 0.0, 218.0, 120.0, 66.0, 65.0, 0.0, -2689.0, 1.0, 3.0, 0.0, 0.0]
2025-08-31 14:34:02,258 - INFO - Steering 101.36938; Speed 200
2025-08-31 14:34:02,386 - INFO - [86.69, -4.31, -0.06, 86.69, -4.31, -0.06, 86.69, -4.31, -0.06, 211.0, 97.0, 69.0, 65.0, 0.0, -2785.0, 1.0, 3.0, 0.0, 0.0]
2025-08-31 14:34:02,404 - INFO - Turn completed
2025-08-31 14:34:02,404 - INFO - Not going back
2025-08-31 14:34:02,404 - INFO - Steering 98.24107000000001; Speed 200
2025-08-31 14:34:02,534 - INFO - [87.81, -4.44, -0.31, 87.81, -4.44, -0.31, 87.81, -4.44, -0.31, 211.0, 19.0, 73.0, 65.0, 0.0, -2898.0, 1.0, 3.0, 0.0, 0.0]
2025-08-31 14:34:02,598 - INFO - Camera stopped
2025-08-31 14:34:04,207 - INFO - Camera closed successfully.
