2025-08-29 14:47:20,797 - INFO - Camera configuration has been adjusted!
2025-08-29 14:47:20,798 - INFO - Configuration successful!
2025-08-29 14:47:22,323 - INFO - Camera started
2025-08-29 14:47:22,349 - INFO - [13.06, -2.88, -2.75, 13.06, -2.88, -2.75, 13.06, -2.88, -2.75, 103.0, 9.0, 48228.0, 78.0, 6412.0, -14094.0, 0.0, 3.0, 0.0, 0.0]
2025-08-29 14:47:22,349 - WARNING - Close to the right wall!
2025-08-29 14:47:22,932 - INFO - [13.06, -2.88, -2.75, 13.06, -2.88, -2.75, 13.06, -2.88, -2.75, 103.0, 9.0, 48228.0, 78.0, 6412.0, -14094.0, 0.0, 3.0, 0.0, 0.0]
2025-08-29 14:47:22,932 - WARNING - Close to the right wall!
2025-08-29 14:47:23,171 - INFO - [13.06, -2.88, -2.69, 13.06, -2.88, -2.69, 13.06, -2.88, -2.69, 102.0, 9.0, 48228.0, 77.0, 6412.0, -14139.0, 0.0, 3.0, 0.0, 0.0]
2025-08-29 14:47:23,171 - WARNING - Close to the right wall!
2025-08-29 14:47:23,296 - INFO - [12.56, -3.38, -2.56, 12.56, -3.38, -2.56, 12.56, -3.38, -2.56, 100.0, 9.0, 48228.0, 15.0, 6412.0, -14218.0, 0.0, 3.0, 0.0, 0.0]
2025-08-29 14:47:23,296 - WARNING - Close to the right wall!
2025-08-29 14:47:23,421 - INFO - [10.63, -3.31, -2.56, 10.63, -3.31, -2.56, 10.63, -3.31, -2.56, 98.0, 206.0, 48228.0, 14.0, 6412.0, -14295.0, 0.0, 3.0, 0.0, 0.0]
2025-08-29 14:47:23,545 - INFO - [8.75, -3.31, -2.56, 8.75, -3.31, -2.56, 8.75, -3.31, -2.56, 96.0, 211.0, 48228.0, 14.0, 6412.0, -14374.0, 0.0, 3.0, 0.0, 0.0]
2025-08-29 14:47:23,670 - INFO - [6.75, -3.19, -2.69, 6.75, -3.19, -2.69, 6.75, -3.19, -2.69, 93.0, 212.0, 48228.0, 70.0, 6412.0, -14460.0, 0.0, 3.0, 0.0, 0.0]
2025-08-29 14:47:23,794 - INFO - [3.94, -3.06, -2.69, 3.94, -3.06, -2.69, 3.94, -3.06, -2.69, 90.0, 216.0, 48228.0, 74.0, 6412.0, -14547.0, 0.0, 3.0, 0.0, 0.0]
2025-08-29 14:47:23,919 - INFO - [1.63, -3.0, -2.63, 1.63, -3.0, -2.63, 1.63, -3.0, -2.63, 88.0, 217.0, 48228.0, 73.0, 6412.0, -14638.0, 0.0, 3.0, 0.0, 0.0]
2025-08-29 14:47:24,045 - INFO - [359.5, -2.94, -2.81, 359.5, -2.94, -2.81, 359.5, -2.94, -2.81, 86.0, 117.0, 48228.0, 72.0, 6412.0, -14728.0, 0.0, 3.0, 0.0, 0.0]
2025-08-29 14:47:24,167 - INFO - [357.38, -2.94, -2.81, 357.38, -2.94, -2.81, 357.38, -2.94, -2.81, 84.0, 211.0, 48228.0, 71.0, 6412.0, -14814.0, 0.0, 3.0, 0.0, 0.0]
2025-08-29 14:47:24,291 - INFO - [355.31, -2.88, -2.81, 355.31, -2.88, -2.81, 355.31, -2.88, -2.81, 84.0, 0.0, 48228.0, 69.0, 6412.0, -14886.0, 0.0, 3.0, 0.0, 0.0]
2025-08-29 14:47:24,291 - WARNING - Close to the right wall!
2025-08-29 14:47:24,416 - INFO - [353.69, -2.75, -2.75, 353.69, -2.75, -2.75, 353.69, -2.75, -2.75, 80.0, 0.0, 48228.0, 69.0, 6412.0, -14956.0, 0.0, 3.0, 0.0, 0.0]
2025-08-29 14:47:24,416 - WARNING - Close to the right wall!
2025-08-29 14:47:24,540 - INFO - [351.69, -2.88, -2.88, 351.69, -2.88, -2.88, 351.69, -2.88, -2.88, 81.0, 233.0, 48228.0, 69.0, 6412.0, -15035.0, 1.0, 3.0, 0.0, 0.0]
2025-08-29 14:47:24,665 - INFO - [349.69, -2.81, -2.81, 349.69, -2.81, -2.81, 349.69, -2.81, -2.81, 79.0, 0.0, 48228.0, 64.0, 6412.0, -15121.0, 1.0, 3.0, 0.0, 0.0]
2025-08-29 14:47:24,665 - WARNING - Close to the right wall!
2025-08-29 14:47:24,789 - INFO - [347.19, -2.56, -2.88, 347.19, -2.56, -2.88, 347.19, -2.56, -2.88, 75.0, 0.0, 48228.0, 64.0, 6412.0, -15205.0, 2.0, 3.0, 0.0, 0.0]
2025-08-29 14:47:24,789 - WARNING - Close to the right wall!
2025-08-29 14:47:24,914 - INFO - [345.06, -2.56, -2.88, 345.06, -2.56, -2.88, 345.06, -2.56, -2.88, 77.0, 0.0, 48228.0, 64.0, 6412.0, -15295.0, 2.0, 3.0, 0.0, 0.0]
2025-08-29 14:47:24,914 - WARNING - Close to the right wall!
2025-08-29 14:47:25,039 - INFO - [342.94, -2.44, -3.0, 342.94, -2.44, -3.0, 342.94, -2.44, -3.0, 70.0, 143.0, 48228.0, 58.0, 6412.0, -15382.0, 2.0, 3.0, 0.0, 0.0]
2025-08-29 14:47:25,162 - INFO - [340.81, -2.5, -2.94, 340.81, -2.5, -2.94, 340.81, -2.5, -2.94, 75.0, 81.0, 48228.0, 53.0, 6412.0, -15461.0, 2.0, 3.0, 0.0, 0.0]
2025-08-29 14:47:25,286 - INFO - [338.88, -2.38, -2.88, 338.88, -2.38, -2.88, 338.88, -2.38, -2.88, 80.0, 36.0, 48228.0, 64.0, 6412.0, -15523.0, 3.0, 3.0, 0.0, 0.0]
2025-08-29 14:47:25,412 - INFO - [337.19, -2.44, -2.94, 337.19, -2.44, -2.94, 337.19, -2.44, -2.94, 72.0, 39.0, 48228.0, 61.0, 6412.0, -15593.0, 3.0, 3.0, 0.0, 0.0]
2025-08-29 14:47:25,536 - INFO - [335.0, -2.38, -3.0, 335.0, -2.38, -3.0, 335.0, -2.38, -3.0, 73.0, 98.0, 48228.0, 59.0, 6412.0, -15669.0, 3.0, 3.0, 0.0, 0.0]
2025-08-29 14:47:25,660 - INFO - [332.56, -2.44, -2.94, 332.56, -2.44, -2.94, 332.56, -2.44, -2.94, 83.0, 92.0, 48228.0, 53.0, 6412.0, -15749.0, 3.0, 3.0, 0.0, 0.0]
2025-08-29 14:47:25,784 - INFO - [331.5, -2.94, -3.19, 331.5, -2.94, -3.19, 331.5, -2.94, -3.19, 74.0, 75.0, 48228.0, 56.0, 6412.0, -15843.0, 3.0, 3.0, 0.0, 0.0]
2025-08-29 14:47:25,909 - INFO - [333.38, -3.13, -3.31, 333.38, -3.13, -3.31, 333.38, -3.13, -3.31, 67.0, 87.0, 48228.0, 49.0, 6412.0, -15951.0, 2.0, 3.0, 0.0, 0.0]
2025-08-29 14:47:26,034 - INFO - [336.25, -3.38, -3.13, 336.25, -3.38, -3.13, 336.25, -3.38, -3.13, 63.0, 87.0, 48228.0, 49.0, 6412.0, -16043.0, 1.0, 3.0, 0.0, 0.0]
2025-08-29 14:47:26,159 - INFO - [338.88, -3.44, -3.06, 338.88, -3.44, -3.06, 338.88, -3.44, -3.06, 55.0, 88.0, 48228.0, 46.0, 6412.0, -16104.0, 1.0, 3.0, 0.0, 0.0]
2025-08-29 14:47:26,284 - INFO - [340.69, -3.44, -3.0, 340.69, -3.44, -3.0, 340.69, -3.44, -3.0, 53.0, 98.0, 48228.0, 45.0, 6412.0, -16160.0, 1.0, 3.0, 0.0, 0.0]
2025-08-29 14:47:26,408 - INFO - [343.13, -3.75, -3.06, 343.13, -3.75, -3.06, 343.13, -3.75, -3.06, 46.0, 95.0, 48228.0, 45.0, 6412.0, -16234.0, 1.0, 3.0, 0.0, 0.0]
2025-08-29 14:47:26,533 - INFO - [345.75, -3.81, -2.94, 345.75, -3.81, -2.94, 345.75, -3.81, -2.94, 43.0, 101.0, 48228.0, 45.0, 6412.0, -16315.0, 1.0, 3.0, 0.0, 0.0]
2025-08-29 14:47:26,656 - INFO - [348.94, -4.0, -2.75, 348.94, -4.0, -2.75, 348.94, -4.0, -2.75, 40.0, 109.0, 48228.0, 45.0, 6412.0, -16403.0, 1.0, 3.0, 0.0, 0.0]
2025-08-29 14:47:26,782 - INFO - [351.75, -4.06, -2.69, 351.75, -4.06, -2.69, 351.75, -4.06, -2.69, 37.0, 124.0, 48228.0, 42.0, 6412.0, -16492.0, 2.0, 3.0, 0.0, 0.0]
2025-08-29 14:47:26,906 - INFO - [354.31, -4.13, -2.69, 354.31, -4.13, -2.69, 354.31, -4.13, -2.69, 34.0, 120.0, 48228.0, 43.0, 6412.0, -16578.0, 3.0, 3.0, 0.0, 0.0]
2025-08-29 14:47:27,031 - INFO - [356.94, -4.25, -2.44, 356.94, -4.25, -2.44, 356.94, -4.25, -2.44, 32.0, 139.0, 48228.0, 43.0, 6412.0, -16656.0, 3.0, 3.0, 0.0, 0.0]
2025-08-29 14:47:27,156 - INFO - [359.0, -4.31, -2.31, 359.0, -4.31, -2.31, 359.0, -4.31, -2.31, 28.0, 157.0, 48228.0, 43.0, 6412.0, -16714.0, 3.0, 3.0, 0.0, 0.0]
2025-08-29 14:47:27,280 - INFO - [1.0, -4.31, -2.13, 1.0, -4.31, -2.13, 1.0, -4.31, -2.13, 26.0, 0.0, 48228.0, 43.0, 6412.0, -16772.0, 3.0, 3.0, 0.0, 0.0]
2025-08-29 14:47:27,280 - WARNING - Close to the right wall!
2025-08-29 14:47:27,404 - INFO - [3.81, -4.44, -2.19, 3.81, -4.44, -2.19, 3.81, -4.44, -2.19, 23.0, 244.0, 48228.0, 44.0, 6412.0, -16850.0, 3.0, 3.0, 0.0, 0.0]
2025-08-29 14:47:27,529 - INFO - [6.88, -4.56, -2.19, 6.88, -4.56, -2.19, 6.88, -4.56, -2.19, 22.0, 242.0, 48228.0, 45.0, 6412.0, -16938.0, 3.0, 3.0, 0.0, 0.0]
2025-08-29 14:47:27,653 - INFO - [10.31, -4.63, -1.94, 10.31, -4.63, -1.94, 10.31, -4.63, -1.94, 21.0, 240.0, 48228.0, 46.0, 6412.0, -17031.0, 3.0, 3.0, 0.0, 0.0]
2025-08-29 14:47:27,777 - INFO - [13.0, -4.63, -1.81, 13.0, -4.63, -1.81, 13.0, -4.63, -1.81, 17.0, 240.0, 48228.0, 48.0, 6412.0, -17127.0, 3.0, 3.0, 0.0, 0.0]
2025-08-29 14:47:27,901 - INFO - [15.56, -4.63, -1.88, 15.56, -4.63, -1.88, 15.56, -4.63, -1.88, 16.0, 240.0, 48228.0, 47.0, 6412.0, -17216.0, 3.0, 3.0, 0.0, 0.0]
2025-08-29 14:47:28,026 - INFO - [18.56, -4.75, -1.69, 18.56, -4.75, -1.69, 18.56, -4.75, -1.69, 15.0, 240.0, 48228.0, 48.0, 6412.0, -17294.0, 2.0, 3.0, 0.0, 0.0]
2025-08-29 14:47:28,151 - INFO - [20.69, -4.75, -1.5, 20.69, -4.75, -1.5, 20.69, -4.75, -1.5, 12.0, 243.0, 48228.0, 50.0, 6412.0, -17352.0, 2.0, 3.0, 0.0, 0.0]
2025-08-29 14:47:28,152 - WARNING - Might crash, too close
2025-08-29 14:47:28,275 - INFO - [23.13, -4.75, -1.56, 23.13, -4.75, -1.56, 23.13, -4.75, -1.56, 9.0, 247.0, 48228.0, 50.0, 6412.0, -17423.0, 2.0, 3.0, 0.0, 0.0]
2025-08-29 14:47:28,275 - WARNING - Might crash, too close
2025-08-29 14:47:28,399 - INFO - [26.63, -4.88, -1.69, 26.63, -4.88, -1.69, 26.63, -4.88, -1.69, 21.0, 0.0, 48228.0, 23.0, 6412.0, -17512.0, 2.0, 3.0, 0.0, 0.0]
2025-08-29 14:47:28,399 - WARNING - Close to the right wall!
2025-08-29 14:47:28,524 - INFO - [30.31, -5.0, -1.44, 30.31, -5.0, -1.44, 30.31, -5.0, -1.44, 0.0, 141.0, 48228.0, 0.0, 6412.0, -17610.0, 2.0, 3.0, 0.0, 0.0]
2025-08-29 14:47:28,524 - WARNING - Close to the left wall!
2025-08-29 14:47:28,648 - INFO - [34.13, -5.06, -1.56, 34.13, -5.06, -1.56, 34.13, -5.06, -1.56, 0.0, 139.0, 48228.0, 0.0, 6412.0, -17709.0, 2.0, 3.0, 0.0, 0.0]
2025-08-29 14:47:28,648 - WARNING - Close to the left wall!
2025-08-29 14:47:28,772 - INFO - [36.56, -5.0, -1.69, 36.56, -5.0, -1.69, 36.56, -5.0, -1.69, 0.0, 0.0, 48228.0, 0.0, 6412.0, -17783.0, 2.0, 3.0, 0.0, 0.0]
2025-08-29 14:47:28,772 - WARNING - Close to the left wall!
2025-08-29 14:47:28,897 - INFO - [36.63, -5.31, -1.44, 36.63, -5.31, -1.44, 36.63, -5.31, -1.44, 0.0, 0.0, 48228.0, 0.0, 6412.0, -17785.0, 2.0, 3.0, 0.0, 0.0]
2025-08-29 14:47:28,897 - WARNING - Close to the left wall!
2025-08-29 14:47:29,023 - INFO - [36.63, -5.5, -1.38, 36.63, -5.5, -1.38, 36.63, -5.5, -1.38, 0.0, 197.0, 48228.0, 0.0, 6412.0, -17785.0, 2.0, 3.0, 0.0, 0.0]
2025-08-29 14:47:29,023 - WARNING - Close to the left wall!
2025-08-29 14:47:29,148 - INFO - [36.63, -5.38, -1.38, 36.63, -5.38, -1.38, 36.63, -5.38, -1.38, 0.0, 201.0, 48228.0, 0.0, 6412.0, -17785.0, 2.0, 3.0, 0.0, 0.0]
2025-08-29 14:47:29,148 - WARNING - Close to the left wall!
2025-08-29 14:47:29,272 - INFO - [36.63, -5.44, -1.38, 36.63, -5.44, -1.38, 36.63, -5.44, -1.38, 0.0, 188.0, 48228.0, 0.0, 6412.0, -17785.0, 2.0, 3.0, 0.0, 0.0]
2025-08-29 14:47:29,272 - WARNING - Close to the left wall!
2025-08-29 14:47:29,396 - INFO - [36.63, -5.38, -1.44, 36.63, -5.38, -1.44, 36.63, -5.38, -1.44, 0.0, 206.0, 48228.0, 0.0, 6412.0, -17785.0, 2.0, 3.0, 0.0, 0.0]
2025-08-29 14:47:29,397 - WARNING - Close to the left wall!
2025-08-29 14:47:29,521 - INFO - [36.63, -5.25, -1.5, 36.63, -5.25, -1.5, 36.63, -5.25, -1.5, 0.0, 207.0, 48228.0, 0.0, 6412.0, -17785.0, 2.0, 3.0, 0.0, 0.0]
2025-08-29 14:47:29,522 - WARNING - Close to the left wall!
2025-08-29 14:47:29,645 - INFO - [36.63, -5.19, -1.63, 36.63, -5.19, -1.63, 36.63, -5.19, -1.63, 0.0, 199.0, 48228.0, 0.0, 6412.0, -17785.0, 2.0, 3.0, 0.0, 0.0]
2025-08-29 14:47:29,646 - WARNING - Close to the left wall!
2025-08-29 14:47:29,770 - INFO - [36.63, -5.06, -1.69, 36.63, -5.06, -1.69, 36.63, -5.06, -1.69, 0.0, 208.0, 48228.0, 0.0, 6412.0, -17785.0, 2.0, 3.0, 0.0, 0.0]
2025-08-29 14:47:29,770 - WARNING - Close to the left wall!
2025-08-29 14:47:29,894 - INFO - [36.63, -5.0, -1.75, 36.63, -5.0, -1.75, 36.63, -5.0, -1.75, 0.0, 197.0, 48228.0, 0.0, 6412.0, -17785.0, 2.0, 3.0, 0.0, 0.0]
2025-08-29 14:47:29,895 - WARNING - Close to the left wall!
2025-08-29 14:47:30,019 - INFO - [36.63, -4.94, -1.81, 36.63, -4.94, -1.81, 36.63, -4.94, -1.81, 0.0, 201.0, 48228.0, 0.0, 6412.0, -17785.0, 2.0, 3.0, 0.0, 0.0]
2025-08-29 14:47:30,020 - WARNING - Close to the left wall!
2025-08-29 14:47:30,144 - INFO - [36.63, -4.88, -1.81, 36.63, -4.88, -1.81, 36.63, -4.88, -1.81, 0.0, 195.0, 48228.0, 0.0, 6412.0, -17785.0, 2.0, 3.0, 0.0, 0.0]
2025-08-29 14:47:30,145 - WARNING - Close to the left wall!
2025-08-29 14:47:30,268 - INFO - [36.63, -4.81, -1.88, 36.63, -4.81, -1.88, 36.63, -4.81, -1.88, 0.0, 217.0, 48228.0, 0.0, 6412.0, -17785.0, 2.0, 3.0, 0.0, 0.0]
2025-08-29 14:47:30,270 - WARNING - Close to the left wall!
2025-08-29 14:47:30,394 - INFO - [36.63, -4.81, -1.94, 36.63, -4.81, -1.94, 36.63, -4.81, -1.94, 0.0, 204.0, 48228.0, 0.0, 6412.0, -17785.0, 2.0, 3.0, 0.0, 0.0]
2025-08-29 14:47:30,394 - WARNING - Close to the left wall!
2025-08-29 14:47:30,518 - INFO - [36.63, -4.75, -1.94, 36.63, -4.75, -1.94, 36.63, -4.75, -1.94, 0.0, 201.0, 48228.0, 0.0, 6412.0, -17785.0, 2.0, 3.0, 0.0, 0.0]
2025-08-29 14:47:30,518 - WARNING - Close to the left wall!
2025-08-29 14:47:30,643 - INFO - [36.63, -4.75, -2.0, 36.63, -4.75, -2.0, 36.63, -4.75, -2.0, 0.0, 181.0, 48228.0, 0.0, 6412.0, -17785.0, 2.0, 3.0, 0.0, 0.0]
2025-08-29 14:47:30,643 - WARNING - Close to the left wall!
2025-08-29 14:47:30,767 - INFO - [36.63, -4.69, -2.0, 36.63, -4.69, -2.0, 36.63, -4.69, -2.0, 0.0, 203.0, 48228.0, 0.0, 6412.0, -17785.0, 2.0, 3.0, 0.0, 0.0]
2025-08-29 14:47:30,768 - WARNING - Close to the left wall!
2025-08-29 14:47:30,891 - INFO - [36.63, -4.63, -2.06, 36.63, -4.63, -2.06, 36.63, -4.63, -2.06, 0.0, 191.0, 48228.0, 0.0, 6412.0, -17785.0, 2.0, 3.0, 0.0, 0.0]
2025-08-29 14:47:30,892 - WARNING - Close to the left wall!
2025-08-29 14:47:31,016 - INFO - [36.63, -4.63, -2.06, 36.63, -4.63, -2.06, 36.63, -4.63, -2.06, 0.0, 208.0, 48228.0, 0.0, 6412.0, -17785.0, 2.0, 3.0, 0.0, 0.0]
2025-08-29 14:47:31,017 - WARNING - Close to the left wall!
2025-08-29 14:47:31,141 - INFO - [37.25, -5.69, -1.81, 37.25, -5.69, -1.81, 37.25, -5.69, -1.81, 0.0, 0.0, 48228.0, 0.0, 6412.0, -17791.0, 2.0, 3.0, 0.0, 0.0]
2025-08-29 14:47:31,141 - WARNING - Close to the left wall!
2025-08-29 14:47:31,264 - INFO - [37.0, -10.81, -1.69, 37.0, -10.81, -1.69, 37.0, -10.81, -1.69, 0.0, 0.0, 48228.0, 0.0, 6412.0, -17813.0, 2.0, 3.0, 0.0, 0.0]
2025-08-29 14:47:31,265 - WARNING - Close to the left wall!
2025-08-29 14:47:31,390 - INFO - [37.63, -18.5, -1.19, 37.63, -18.5, -1.19, 37.63, -18.5, -1.19, 25.0, 0.0, 48228.0, 0.0, 6412.0, -17845.0, 2.0, 3.0, 0.0, 0.0]
2025-08-29 14:47:31,390 - WARNING - Close to the left wall!
2025-08-29 14:47:31,514 - INFO - [38.5, -26.0, -0.88, 38.5, -26.0, -0.88, 38.5, -26.0, -0.88, 75.0, 0.0, 48228.0, 51.0, 6412.0, -17887.0, 2.0, 3.0, 0.0, 0.0]
2025-08-29 14:47:31,514 - WARNING - Close to the right wall!
2025-08-29 14:47:31,639 - INFO - [38.75, -30.63, -1.31, 38.75, -30.63, -1.31, 38.75, -30.63, -1.31, 80.0, 292.0, 48228.0, 46.0, 6412.0, -17934.0, 2.0, 3.0, 0.0, 1.0]
2025-08-29 14:47:31,763 - INFO - [39.31, -30.81, -1.25, 39.31, -30.81, -1.25, 39.31, -30.81, -1.25, 81.0, 330.0, 48228.0, 46.0, 6412.0, -17939.0, 2.0, 3.0, 0.0, 1.0]
2025-08-29 14:47:31,887 - INFO - [39.19, -30.75, -1.31, 39.19, -30.75, -1.31, 39.19, -30.75, -1.31, 81.0, 331.0, 48228.0, 46.0, 6412.0, -17939.0, 2.0, 3.0, 0.0, 1.0]
2025-08-29 14:47:32,013 - INFO - [39.19, -30.81, -1.31, 39.19, -30.81, -1.31, 39.19, -30.81, -1.31, 81.0, 331.0, 48228.0, 45.0, 6412.0, -17939.0, 2.0, 3.0, 0.0, 1.0]
2025-08-29 14:47:32,138 - INFO - [39.19, -30.81, -1.31, 39.19, -30.81, -1.31, 39.19, -30.81, -1.31, 81.0, 331.0, 48228.0, 46.0, 6412.0, -17939.0, 2.0, 3.0, 0.0, 1.0]
2025-08-29 14:47:32,262 - INFO - [39.19, -30.88, -1.25, 39.19, -30.88, -1.25, 39.19, -30.88, -1.25, 81.0, 329.0, 48228.0, 45.0, 6412.0, -17939.0, 2.0, 3.0, 0.0, 1.0]
2025-08-29 14:47:32,387 - INFO - [39.19, -30.88, -1.25, 39.19, -30.88, -1.25, 39.19, -30.88, -1.25, 80.0, 325.0, 48228.0, 45.0, 6412.0, -17939.0, 2.0, 3.0, 0.0, 1.0]
2025-08-29 14:47:32,513 - INFO - [39.19, -30.88, -1.19, 39.19, -30.88, -1.19, 39.19, -30.88, -1.19, 81.0, 322.0, 48228.0, 45.0, 6412.0, -17939.0, 2.0, 3.0, 0.0, 1.0]
2025-08-29 14:47:32,635 - INFO - [39.25, -30.88, -1.19, 39.25, -30.88, -1.19, 39.25, -30.88, -1.19, 81.0, 16.0, 48228.0, 44.0, 6412.0, -17939.0, 2.0, 3.0, 0.0, 1.0]
2025-08-29 14:47:32,761 - INFO - [39.31, -31.0, -1.13, 39.31, -31.0, -1.13, 39.31, -31.0, -1.13, 81.0, 11.0, 48228.0, 46.0, 6412.0, -17939.0, 2.0, 3.0, 0.0, 1.0]
2025-08-29 14:47:32,885 - INFO - [39.19, -30.88, -1.19, 39.19, -30.88, -1.19, 39.19, -30.88, -1.19, 81.0, 260.0, 48228.0, 44.0, 6412.0, -17939.0, 2.0, 3.0, 1.0, 1.0]
2025-08-29 14:47:33,009 - INFO - [39.19, -30.94, -1.19, 39.19, -30.94, -1.19, 39.19, -30.94, -1.19, 80.0, 318.0, 48228.0, 46.0, 6412.0, -17939.0, 2.0, 3.0, 1.0, 1.0]
2025-08-29 14:47:33,134 - INFO - [39.31, -31.19, -1.13, 39.31, -31.19, -1.13, 39.31, -31.19, -1.13, 81.0, 376.0, 48228.0, 49.0, 6412.0, -17944.0, 2.0, 3.0, 1.0, 1.0]
2025-08-29 14:47:33,257 - INFO - [42.75, -35.19, -0.69, 42.75, -35.19, -0.69, 42.75, -35.19, -0.69, 33.0, 7.0, 48228.0, 57.0, 6412.0, -18038.0, 2.0, 3.0, 1.0, 1.0]
2025-08-29 14:47:33,258 - WARNING - Close to the right wall!
2025-08-29 14:47:33,381 - INFO - [41.63, -36.94, -0.44, 41.63, -36.94, -0.44, 41.63, -36.94, -0.44, 50.0, 163.0, 48228.0, 58.0, 6412.0, -18187.0, 2.0, 3.0, 1.0, 1.0]
2025-08-29 14:47:33,506 - INFO - [34.38, -26.75, -1.31, 34.38, -26.75, -1.31, 34.38, -26.75, -1.31, 25.0, 383.0, 48228.0, 57.0, 6412.0, -18337.0, 2.0, 3.0, 1.0, 1.0]
2025-08-29 14:47:33,630 - INFO - [32.44, -19.75, -4.0, 32.44, -19.75, -4.0, 32.44, -19.75, -4.0, 74.0, 381.0, 48228.0, 61.0, 6412.0, -18478.0, 2.0, 3.0, 1.0, 1.0]
2025-08-29 14:47:33,755 - INFO - [31.75, -11.69, -7.0, 31.75, -11.69, -7.0, 31.75, -11.69, -7.0, 145.0, 377.0, 48228.0, 67.0, 6412.0, -18617.0, 2.0, 3.0, 1.0, 1.0]
2025-08-29 14:47:33,882 - INFO - [28.25, -6.19, -8.25, 28.25, -6.19, -8.25, 28.25, -6.19, -8.25, 139.0, 352.0, 48228.0, 88.0, 6412.0, -18769.0, 2.0, 3.0, 1.0, 1.0]
2025-08-29 14:47:34,119 - INFO - [18.31, -2.63, -11.81, 18.31, -2.63, -11.81, 18.31, -2.63, -11.81, 13.0, 294.0, 48228.0, 129.0, 6412.0, -19052.0, 2.0, 3.0, 1.0, 1.0]
2025-08-29 14:47:34,119 - WARNING - Might crash, too close
2025-08-29 14:47:34,244 - INFO - [7.44, -1.94, -11.75, 7.44, -1.94, -11.75, 7.44, -1.94, -11.75, 13.0, 900.0, 48228.0, 132.0, 6412.0, -19189.0, 3.0, 3.0, 1.0, 1.0]
2025-08-29 14:47:34,245 - WARNING - Might crash, too close
2025-08-29 14:47:34,369 - INFO - [351.63, 0.63, -12.44, 351.63, 0.63, -12.44, 351.63, 0.63, -12.44, 29.0, 584.0, 48228.0, 131.0, 6412.0, -19337.0, 3.0, 3.0, 1.0, 1.0]
2025-08-29 14:47:34,493 - INFO - [334.31, -1.0, -14.69, 334.31, -1.0, -14.69, 334.31, -1.0, -14.69, 39.0, 349.0, 48228.0, 161.0, 6412.0, -19488.0, 3.0, 3.0, 1.0, 1.0]
2025-08-29 14:47:34,618 - INFO - [337.88, -10.69, -15.25, 337.88, -10.69, -15.25, 337.88, -10.69, -15.25, 37.0, 11.0, 48228.0, 147.0, 6412.0, -19616.0, 3.0, 3.0, 1.0, 1.0]
2025-08-29 14:47:34,742 - INFO - [358.19, -18.25, -15.25, 358.19, -18.25, -15.25, 358.19, -18.25, -15.25, 78.0, 9.0, 48228.0, 155.0, 6412.0, -19753.0, 3.0, 3.0, 1.0, 1.0]
2025-08-29 14:47:34,743 - WARNING - Close to the right wall!
2025-08-29 14:47:34,866 - INFO - [22.75, -21.81, -14.31, 22.75, -21.81, -14.31, 22.75, -21.81, -14.31, 231.0, 418.0, 48228.0, 139.0, 6412.0, -19896.0, 3.0, 3.0, 1.0, 1.0]
2025-08-29 14:47:34,979 - INFO - [48.38, -24.88, -6.88, 48.38, -24.88, -6.88, 48.38, -24.88, -6.88, 300.0, 428.0, 48228.0, 53.0, 6412.0, -20032.0, 3.0, 3.0, 1.0, 1.0]
2025-08-29 14:47:35,104 - INFO - [69.06, -17.06, -1.75, 69.06, -17.06, -1.75, 69.06, -17.06, -1.75, 592.0, 422.0, 48228.0, 28.0, 6412.0, -20165.0, 3.0, 3.0, 1.0, 1.0]
2025-08-29 14:47:35,229 - INFO - [81.56, -6.44, 3.44, 81.56, -6.44, 3.44, 81.56, -6.44, 3.44, 891.0, 375.0, 48228.0, 30.0, 6412.0, -20307.0, 3.0, 3.0, 1.0, 1.0]
2025-08-29 14:47:35,244 - INFO - Turn completed
2025-08-29 14:47:35,245 - INFO - Not going back
2025-08-29 14:47:35,352 - INFO - [93.81, -3.88, 2.75, 93.81, -3.88, 2.75, 93.81, -3.88, 2.75, 6.0, 345.0, 48228.0, 35.0, 6412.0, -20446.0, 3.0, 3.0, 1.0, 2.0]
2025-08-29 14:47:35,353 - WARNING - Might crash, too close
2025-08-29 14:47:35,396 - INFO - Camera stopped
2025-08-29 14:47:37,210 - INFO - Camera closed successfully.
