2025-08-29 14:52:43,030 - INFO - Camera configuration has been adjusted!
2025-08-29 14:52:43,033 - INFO - Configuration successful!
2025-08-29 14:52:44,555 - INFO - Camera started
2025-08-29 14:52:44,645 - INFO - [359.94, -3.63, -2.88, 359.94, -3.63, -2.88, 359.94, -3.63, -2.88, 110.0, 75.0, 48228.0, 13.0, 328.0, 0.0, 0.0, 3.0, 0.0, 0.0]
2025-08-29 14:52:45,112 - INFO - [0.0, -3.69, -3.0, 0.0, -3.69, -3.0, 0.0, -3.69, -3.0, 110.0, 76.0, 48228.0, 13.0, 328.0, 0.0, 0.0, 3.0, 0.0, 0.0]
2025-08-29 14:52:45,237 - INFO - [0.0, -3.69, -3.0, 0.0, -3.69, -3.0, 0.0, -3.69, -3.0, 110.0, 75.0, 48228.0, 13.0, 328.0, -4.0, 0.0, 3.0, 0.0, 0.0]
2025-08-29 14:52:45,478 - INFO - [0.81, -3.88, -3.0, 0.81, -3.88, -3.0, 0.81, -3.88, -3.0, 108.0, 75.0, 48228.0, 14.0, 328.0, -111.0, 0.0, 3.0, 0.0, 0.0]
2025-08-29 14:52:45,600 - INFO - [2.88, -4.06, -2.88, 2.88, -4.06, -2.88, 2.88, -4.06, -2.88, 105.0, 68.0, 48228.0, 15.0, 328.0, -201.0, 0.0, 3.0, 0.0, 0.0]
2025-08-29 14:52:45,724 - INFO - [4.75, -4.06, -3.0, 4.75, -4.06, -3.0, 4.75, -4.06, -3.0, 101.0, 10.0, 48228.0, 15.0, 328.0, -288.0, 0.0, 3.0, 0.0, 0.0]
2025-08-29 14:52:45,849 - INFO - [6.5, -4.13, -2.88, 6.5, -4.13, -2.88, 6.5, -4.13, -2.88, 100.0, 9.0, 48228.0, 16.0, 328.0, -374.0, 0.0, 3.0, 0.0, 0.0]
2025-08-29 14:52:45,849 - WARNING - Close to the right wall!
2025-08-29 14:52:45,972 - INFO - [8.06, -4.13, -2.81, 8.06, -4.13, -2.81, 8.06, -4.13, -2.81, 98.0, 9.0, 48228.0, 16.0, 328.0, -441.0, 0.0, 3.0, 0.0, 0.0]
2025-08-29 14:52:45,972 - WARNING - Close to the right wall!
2025-08-29 14:52:46,097 - INFO - [9.56, -4.19, -2.63, 9.56, -4.19, -2.63, 9.56, -4.19, -2.63, 96.0, 66.0, 48228.0, 16.0, 328.0, -506.0, 0.0, 3.0, 0.0, 0.0]
2025-08-29 14:52:46,221 - INFO - [11.56, -4.31, -2.81, 11.56, -4.31, -2.81, 11.56, -4.31, -2.81, 93.0, 70.0, 48228.0, 18.0, 328.0, -590.0, 0.0, 3.0, 0.0, 0.0]
2025-08-29 14:52:46,346 - INFO - [14.06, -4.44, -2.69, 14.06, -4.44, -2.69, 14.06, -4.44, -2.69, 91.0, 68.0, 48228.0, 19.0, 328.0, -684.0, 0.0, 3.0, 0.0, 0.0]
2025-08-29 14:52:46,470 - INFO - [16.75, -4.44, -2.56, 16.75, -4.44, -2.56, 16.75, -4.44, -2.56, 94.0, 68.0, 48228.0, 22.0, 328.0, -780.0, 0.0, 3.0, 0.0, 0.0]
2025-08-29 14:52:46,595 - INFO - [19.0, -4.5, -2.69, 19.0, -4.5, -2.69, 19.0, -4.5, -2.69, 89.0, 68.0, 48228.0, 23.0, 328.0, -872.0, 0.0, 3.0, 0.0, 0.0]
2025-08-29 14:52:46,719 - INFO - [21.19, -4.5, -2.69, 21.19, -4.5, -2.69, 21.19, -4.5, -2.69, 95.0, 66.0, 48228.0, 26.0, 328.0, -958.0, 0.0, 3.0, 0.0, 0.0]
2025-08-29 14:52:46,843 - INFO - [23.38, -4.56, -2.63, 23.38, -4.56, -2.63, 23.38, -4.56, -2.63, 92.0, 67.0, 48228.0, 27.0, 328.0, -1029.0, 0.0, 3.0, 0.0, 0.0]
2025-08-29 14:52:46,967 - INFO - [25.0, -4.5, -2.44, 25.0, -4.5, -2.44, 25.0, -4.5, -2.44, 85.0, 67.0, 48228.0, 29.0, 328.0, -1087.0, 0.0, 3.0, 0.0, 0.0]
2025-08-29 14:52:47,093 - INFO - [27.0, -4.69, -2.44, 27.0, -4.69, -2.44, 27.0, -4.69, -2.44, 89.0, 67.0, 48228.0, 32.0, 328.0, -1160.0, 0.0, 3.0, 0.0, 0.0]
2025-08-29 14:52:47,217 - INFO - [29.5, -4.81, -2.38, 29.5, -4.81, -2.38, 29.5, -4.81, -2.38, 85.0, 65.0, 48228.0, 35.0, 328.0, -1246.0, 0.0, 3.0, 0.0, 0.0]
2025-08-29 14:52:47,342 - INFO - [32.13, -4.81, -2.25, 32.13, -4.81, -2.25, 32.13, -4.81, -2.25, 91.0, 65.0, 48228.0, 38.0, 328.0, -1337.0, 0.0, 3.0, 0.0, 0.0]
2025-08-29 14:52:47,465 - INFO - [35.25, -4.88, -2.19, 35.25, -4.88, -2.19, 35.25, -4.88, -2.19, 93.0, 67.0, 48228.0, 44.0, 328.0, -1429.0, 0.0, 3.0, 0.0, 0.0]
2025-08-29 14:52:47,591 - INFO - [37.56, -4.88, -2.25, 37.56, -4.88, -2.25, 37.56, -4.88, -2.25, 0.0, 63.0, 48228.0, 46.0, 328.0, -1515.0, 0.0, 3.0, 0.0, 0.0]
2025-08-29 14:52:47,591 - WARNING - Might crash, too close
2025-08-29 14:52:47,716 - INFO - [40.19, -5.0, -2.13, 40.19, -5.0, -2.13, 40.19, -5.0, -2.13, 0.0, 63.0, 48228.0, 54.0, 328.0, -1599.0, 0.0, 3.0, 0.0, 0.0]
2025-08-29 14:52:47,716 - WARNING - Might crash, too close
2025-08-29 14:52:47,842 - INFO - [42.44, -5.06, -2.06, 42.44, -5.06, -2.06, 42.44, -5.06, -2.06, 0.0, 63.0, 48228.0, 57.0, 328.0, -1659.0, 0.0, 3.0, 0.0, 0.0]
2025-08-29 14:52:47,845 - WARNING - Might crash, too close
2025-08-29 14:52:47,966 - INFO - [44.31, -5.13, -1.81, 44.31, -5.13, -1.81, 44.31, -5.13, -1.81, 0.0, 65.0, 48228.0, 59.0, 328.0, -1718.0, 0.0, 3.0, 0.0, 0.0]
2025-08-29 14:52:47,966 - WARNING - Might crash, too close
2025-08-29 14:52:48,092 - INFO - [46.75, -5.38, -2.13, 46.75, -5.38, -2.13, 46.75, -5.38, -2.13, 0.0, 64.0, 48228.0, 69.0, 328.0, -1797.0, 0.0, 3.0, 0.0, 0.0]
2025-08-29 14:52:48,092 - WARNING - Might crash, too close
2025-08-29 14:52:48,217 - INFO - [49.31, -5.31, -2.13, 49.31, -5.31, -2.13, 49.31, -5.31, -2.13, 0.0, 66.0, 48228.0, 84.0, 328.0, -1885.0, 0.0, 3.0, 0.0, 0.0]
2025-08-29 14:52:48,217 - WARNING - Might crash, too close
2025-08-29 14:52:48,342 - INFO - [52.63, -5.38, -2.0, 52.63, -5.38, -2.0, 52.63, -5.38, -2.0, 120.0, 66.0, 48228.0, 61.0, 328.0, -1970.0, 0.0, 3.0, 0.0, 0.0]
2025-08-29 14:52:48,468 - INFO - [55.75, -5.31, -1.94, 55.75, -5.31, -1.94, 55.75, -5.31, -1.94, 123.0, 67.0, 48228.0, 67.0, 328.0, -2054.0, 0.0, 3.0, 0.0, 0.0]
2025-08-29 14:52:48,593 - INFO - [58.31, -5.44, -1.81, 58.31, -5.44, -1.81, 58.31, -5.44, -1.81, 144.0, 67.0, 48228.0, 47.0, 328.0, -2118.0, 0.0, 3.0, 0.0, 0.0]
2025-08-29 14:52:48,718 - INFO - [60.06, -5.44, -1.69, 60.06, -5.44, -1.69, 60.06, -5.44, -1.69, 150.0, 68.0, 48228.0, 53.0, 328.0, -2176.0, 0.0, 3.0, 0.0, 0.0]
2025-08-29 14:52:48,843 - INFO - [62.63, -5.44, -1.44, 62.63, -5.44, -1.44, 62.63, -5.44, -1.44, 162.0, 72.0, 48228.0, 58.0, 328.0, -2236.0, 0.0, 3.0, 0.0, 0.0]
2025-08-29 14:52:48,972 - INFO - [64.75, -5.38, -1.19, 64.75, -5.38, -1.19, 64.75, -5.38, -1.19, 179.0, 77.0, 48228.0, 60.0, 328.0, -2285.0, 0.0, 3.0, 0.0, 0.0]
2025-08-29 14:52:49,097 - INFO - [67.38, -5.38, -1.06, 67.38, -5.38, -1.06, 67.38, -5.38, -1.06, 178.0, 82.0, 48228.0, 61.0, 328.0, -2348.0, 0.0, 3.0, 0.0, 0.0]
2025-08-29 14:52:49,224 - INFO - [70.88, -5.63, -1.38, 70.88, -5.63, -1.38, 70.88, -5.63, -1.38, 21.0, 91.0, 48228.0, 58.0, 328.0, -2431.0, 0.0, 3.0, 0.0, 0.0]
2025-08-29 14:52:49,349 - INFO - [74.75, -5.63, -1.0, 74.75, -5.63, -1.0, 74.75, -5.63, -1.0, 20.0, 101.0, 48228.0, 57.0, 328.0, -2518.0, 0.0, 3.0, 0.0, 0.0]
2025-08-29 14:52:49,388 - INFO - Camera stopped
2025-08-29 14:52:50,998 - INFO - Camera closed successfully.
