2025-08-29 14:51:59,435 - INFO - Camera configuration has been adjusted!
2025-08-29 14:51:59,437 - INFO - Configuration successful!
2025-08-29 14:52:00,960 - INFO - Camera started
2025-08-29 14:52:01,072 - INFO - [177.38, -3.75, -3.13, 177.38, -3.75, -3.13, 177.38, -3.75, -3.13, 110.0, 78.0, 48228.0, 12.0, 6412.0, -12200.0, 3.0, 3.0, 0.0, 0.0]
2025-08-29 14:52:01,539 - INFO - [177.38, -3.75, -3.13, 177.38, -3.75, -3.13, 177.38, -3.75, -3.13, 110.0, 78.0, 48228.0, 10.0, 6412.0, -12200.0, 3.0, 3.0, 0.0, 0.0]
2025-08-29 14:52:01,780 - INFO - [177.38, -3.81, -3.13, 177.38, -3.81, -3.13, 177.38, -3.81, -3.13, 109.0, 77.0, 48228.0, 11.0, 6412.0, -12244.0, 3.0, 3.0, 0.0, 0.0]
2025-08-29 14:52:01,904 - INFO - [178.25, -3.88, -3.06, 178.25, -3.88, -3.06, 178.25, -3.88, -3.06, 107.0, 77.0, 48228.0, 12.0, 6412.0, -12316.0, 3.0, 3.0, 0.0, 0.0]
2025-08-29 14:52:02,029 - INFO - [180.38, -4.13, -3.19, 180.38, -4.13, -3.19, 180.38, -4.13, -3.19, 105.0, 71.0, 48228.0, 12.0, 6412.0, -12409.0, 3.0, 3.0, 0.0, 0.0]
2025-08-29 14:52:02,153 - INFO - [182.31, -4.25, -3.19, 182.31, -4.25, -3.19, 182.31, -4.25, -3.19, 102.0, 12.0, 48228.0, 13.0, 6412.0, -12496.0, 3.0, 3.0, 0.0, 0.0]
2025-08-29 14:52:02,278 - INFO - [184.06, -4.38, -3.06, 184.06, -4.38, -3.06, 184.06, -4.38, -3.06, 98.0, 11.0, 48228.0, 13.0, 6412.0, -12584.0, 3.0, 3.0, 0.0, 0.0]
2025-08-29 14:52:02,403 - INFO - [185.69, -4.19, -2.94, 185.69, -4.19, -2.94, 185.69, -4.19, -2.94, 97.0, 13.0, 48228.0, 14.0, 6412.0, -12649.0, 3.0, 3.0, 0.0, 0.0]
2025-08-29 14:52:02,526 - INFO - [187.06, -4.13, -2.88, 187.06, -4.13, -2.88, 187.06, -4.13, -2.88, 94.0, 72.0, 48228.0, 13.0, 6412.0, -12718.0, 2.0, 3.0, 0.0, 0.0]
2025-08-29 14:52:02,651 - INFO - [189.13, -4.25, -2.94, 189.13, -4.25, -2.94, 189.13, -4.25, -2.94, 92.0, 73.0, 48228.0, 17.0, 6412.0, -12803.0, 2.0, 3.0, 0.0, 0.0]
2025-08-29 14:52:02,776 - INFO - [191.56, -4.31, -2.81, 191.56, -4.31, -2.81, 191.56, -4.31, -2.81, 93.0, 73.0, 48228.0, 16.0, 6412.0, -12900.0, 2.0, 3.0, 0.0, 0.0]
2025-08-29 14:52:02,900 - INFO - [194.25, -4.38, -2.63, 194.25, -4.38, -2.63, 194.25, -4.38, -2.63, 89.0, 72.0, 48228.0, 16.0, 809.0, -12999.0, 2.0, 3.0, 0.0, 0.0]
2025-08-29 14:52:03,028 - INFO - [196.63, -4.5, -2.56, 196.63, -4.5, -2.56, 196.63, -4.5, -2.56, 83.0, 69.0, 48228.0, 21.0, 809.0, -13092.0, 1.0, 3.0, 0.0, 0.0]
2025-08-29 14:52:03,150 - INFO - [198.63, -4.69, -2.5, 198.63, -4.69, -2.5, 198.63, -4.69, -2.5, 84.0, 69.0, 48228.0, 21.0, 809.0, -13182.0, 1.0, 3.0, 0.0, 0.0]
2025-08-29 14:52:03,275 - INFO - [200.31, -4.5, -2.5, 200.31, -4.5, -2.5, 200.31, -4.5, -2.5, 87.0, 70.0, 48228.0, 24.0, 809.0, -13250.0, 1.0, 3.0, 0.0, 0.0]
2025-08-29 14:52:03,399 - INFO - [201.75, -4.56, -2.38, 201.75, -4.56, -2.38, 201.75, -4.56, -2.38, 77.0, 69.0, 48228.0, 25.0, 809.0, -13314.0, 1.0, 3.0, 0.0, 0.0]
2025-08-29 14:52:03,525 - INFO - [203.63, -4.56, -2.5, 203.63, -4.56, -2.5, 203.63, -4.56, -2.5, 89.0, 69.0, 48228.0, 27.0, 809.0, -13397.0, 1.0, 3.0, 0.0, 0.0]
2025-08-29 14:52:03,648 - INFO - [205.69, -4.63, -2.38, 205.69, -4.63, -2.38, 205.69, -4.63, -2.38, 86.0, 66.0, 48228.0, 29.0, 809.0, -13492.0, 1.0, 3.0, 0.0, 0.0]
2025-08-29 14:52:03,772 - INFO - [208.56, -4.75, -2.25, 208.56, -4.75, -2.25, 208.56, -4.75, -2.25, 86.0, 67.0, 48228.0, 34.0, 809.0, -13590.0, 1.0, 3.0, 0.0, 0.0]
2025-08-29 14:52:03,896 - INFO - [210.94, -4.75, -2.25, 210.94, -4.75, -2.25, 210.94, -4.75, -2.25, 72.0, 65.0, 48228.0, 37.0, 809.0, -13687.0, 1.0, 3.0, 0.0, 0.0]
2025-08-29 14:52:04,021 - INFO - [213.06, -4.81, -2.25, 213.06, -4.81, -2.25, 213.06, -4.81, -2.25, 79.0, 65.0, 48228.0, 40.0, 809.0, -13774.0, 1.0, 3.0, 0.0, 0.0]
2025-08-29 14:52:04,145 - INFO - [215.25, -4.81, -2.19, 215.25, -4.81, -2.19, 215.25, -4.81, -2.19, 83.0, 63.0, 48228.0, 45.0, 809.0, -13848.0, 1.0, 3.0, 0.0, 0.0]
2025-08-29 14:52:04,270 - INFO - [216.81, -4.69, -2.13, 216.81, -4.69, -2.13, 216.81, -4.69, -2.13, 92.0, 66.0, 48228.0, 46.0, 809.0, -13907.0, 1.0, 3.0, 0.0, 0.0]
2025-08-29 14:52:04,394 - INFO - [218.44, -4.75, -2.19, 218.44, -4.75, -2.19, 218.44, -4.75, -2.19, 85.0, 62.0, 48228.0, 52.0, 809.0, -13985.0, 1.0, 3.0, 0.0, 0.0]
2025-08-29 14:52:04,519 - INFO - [220.81, -4.81, -2.13, 220.81, -4.81, -2.13, 220.81, -4.81, -2.13, 0.0, 62.0, 48228.0, 55.0, 809.0, -14075.0, 1.0, 3.0, 0.0, 0.0]
2025-08-29 14:52:04,520 - WARNING - Might crash, too close
2025-08-29 14:52:04,645 - INFO - [223.06, -4.94, -2.06, 223.06, -4.94, -2.06, 223.06, -4.94, -2.06, 0.0, 63.0, 48228.0, 42.0, 809.0, -14172.0, 1.0, 3.0, 0.0, 0.0]
2025-08-29 14:52:04,646 - WARNING - Might crash, too close
2025-08-29 14:52:04,769 - INFO - [225.44, -4.94, -1.94, 225.44, -4.94, -1.94, 225.44, -4.94, -1.94, 91.0, 60.0, 48228.0, 76.0, 809.0, -14270.0, 1.0, 3.0, 0.0, 0.0]
2025-08-29 14:52:04,894 - INFO - [227.38, -5.0, -2.0, 227.38, -5.0, -2.0, 227.38, -5.0, -2.0, 0.0, 60.0, 48228.0, 52.0, 809.0, -14358.0, 1.0, 3.0, 0.0, 0.0]
2025-08-29 14:52:04,894 - WARNING - Might crash, too close
2025-08-29 14:52:05,018 - INFO - [229.38, -4.94, -1.94, 229.38, -4.94, -1.94, 229.38, -4.94, -1.94, 0.0, 58.0, 48228.0, 52.0, 809.0, -14439.0, 1.0, 3.0, 0.0, 0.0]
2025-08-29 14:52:05,018 - WARNING - Might crash, too close
2025-08-29 14:52:05,143 - INFO - [231.13, -4.81, -1.75, 231.13, -4.81, -1.75, 231.13, -4.81, -1.75, 0.0, 59.0, 48228.0, 48.0, 809.0, -14505.0, 1.0, 3.0, 0.0, 0.0]
2025-08-29 14:52:05,143 - WARNING - Might crash, too close
2025-08-29 14:52:05,268 - INFO - [232.94, -4.94, -1.56, 232.94, -4.94, -1.56, 232.94, -4.94, -1.56, 0.0, 57.0, 48228.0, 57.0, 809.0, -14576.0, 1.0, 3.0, 0.0, 0.0]
2025-08-29 14:52:05,268 - WARNING - Might crash, too close
2025-08-29 14:52:05,391 - INFO - [235.25, -4.94, -1.5, 235.25, -4.94, -1.5, 235.25, -4.94, -1.5, 87.0, 55.0, 48228.0, 49.0, 809.0, -14662.0, 1.0, 3.0, 0.0, 0.0]
2025-08-29 14:52:05,514 - INFO - [237.5, -4.94, -1.69, 237.5, -4.94, -1.69, 237.5, -4.94, -1.69, 28.0, 53.0, 48228.0, 50.0, 809.0, -14756.0, 1.0, 3.0, 0.0, 0.0]
2025-08-29 14:52:05,640 - INFO - [239.63, -5.13, -1.81, 239.63, -5.13, -1.81, 239.63, -5.13, -1.81, 25.0, 50.0, 48228.0, 44.0, 809.0, -14855.0, 1.0, 3.0, 0.0, 0.0]
2025-08-29 14:52:05,764 - INFO - [241.56, -5.06, -1.69, 241.56, -5.06, -1.69, 241.56, -5.06, -1.69, 21.0, 50.0, 48228.0, 41.0, 809.0, -14947.0, 1.0, 3.0, 0.0, 0.0]
2025-08-29 14:52:05,889 - INFO - [243.69, -5.25, -1.56, 243.69, -5.25, -1.56, 243.69, -5.25, -1.56, 21.0, 46.0, 48228.0, 39.0, 809.0, -15035.0, 1.0, 3.0, 0.0, 0.0]
2025-08-29 14:52:06,014 - INFO - [245.69, -5.25, -1.44, 245.69, -5.25, -1.44, 245.69, -5.25, -1.44, 145.0, 46.0, 48228.0, 40.0, 809.0, -15100.0, 1.0, 3.0, 0.0, 0.0]
2025-08-29 14:52:06,139 - INFO - [247.25, -5.25, -1.31, 247.25, -5.25, -1.31, 247.25, -5.25, -1.31, 156.0, 45.0, 48228.0, 45.0, 809.0, -15168.0, 1.0, 3.0, 0.0, 0.0]
2025-08-29 14:52:06,263 - INFO - [249.31, -5.25, -1.38, 249.31, -5.25, -1.38, 249.31, -5.25, -1.38, 191.0, 44.0, 48228.0, 45.0, 809.0, -15251.0, 1.0, 3.0, 0.0, 0.0]
2025-08-29 14:52:06,385 - INFO - [252.06, -5.25, -1.5, 252.06, -5.25, -1.5, 252.06, -5.25, -1.5, 217.0, 43.0, 48228.0, 45.0, 809.0, -15343.0, 1.0, 3.0, 0.0, 0.0]
2025-08-29 14:52:06,510 - INFO - [254.5, -5.25, -1.44, 254.5, -5.25, -1.44, 254.5, -5.25, -1.44, 222.0, 43.0, 48228.0, 46.0, 809.0, -15438.0, 1.0, 3.0, 0.0, 0.0]
2025-08-29 14:52:06,636 - INFO - [256.44, -5.25, -1.5, 256.44, -5.25, -1.5, 256.44, -5.25, -1.5, 211.0, 42.0, 48228.0, 47.0, 809.0, -15529.0, 1.0, 3.0, 0.0, 0.0]
2025-08-29 14:52:06,759 - INFO - [258.25, -5.38, -1.44, 258.25, -5.38, -1.44, 258.25, -5.38, -1.44, 209.0, 0.0, 48228.0, 46.0, 809.0, -15617.0, 1.0, 3.0, 0.0, 0.0]
2025-08-29 14:52:06,759 - WARNING - Close to the right wall!
2025-08-29 14:52:06,884 - INFO - [259.88, -5.38, -1.38, 259.88, -5.38, -1.38, 259.88, -5.38, -1.38, 204.0, 1.0, 48228.0, 46.0, 809.0, -15690.0, 1.0, 3.0, 0.0, 0.0]
2025-08-29 14:52:06,884 - WARNING - Close to the right wall!
2025-08-29 14:52:07,009 - INFO - [261.25, -5.31, -1.25, 261.25, -5.31, -1.25, 261.25, -5.31, -1.25, 202.0, 1.0, 48228.0, 47.0, 809.0, -15736.0, 1.0, 3.0, 0.0, 0.0]
2025-08-29 14:52:07,009 - WARNING - Close to the right wall!
2025-08-29 14:52:07,134 - INFO - [262.13, -5.44, -1.13, 262.13, -5.44, -1.13, 262.13, -5.44, -1.13, 200.0, 1.0, 48228.0, 47.0, 809.0, -15765.0, 1.0, 3.0, 0.0, 0.0]
2025-08-29 14:52:07,135 - WARNING - Close to the right wall!
2025-08-29 14:52:07,259 - INFO - [262.56, -5.38, -1.25, 262.56, -5.38, -1.25, 262.56, -5.38, -1.25, 200.0, 2.0, 48228.0, 47.0, 809.0, -15785.0, 1.0, 3.0, 0.0, 0.0]
2025-08-29 14:52:07,259 - WARNING - Close to the right wall!
2025-08-29 14:52:07,382 - INFO - [262.88, -5.38, -1.31, 262.88, -5.38, -1.31, 262.88, -5.38, -1.31, 199.0, 4.0, 48228.0, 47.0, 809.0, -15800.0, 1.0, 3.0, 0.0, 0.0]
2025-08-29 14:52:07,383 - WARNING - Close to the right wall!
2025-08-29 14:52:07,509 - INFO - [263.06, -5.06, -1.69, 263.06, -5.06, -1.69, 263.06, -5.06, -1.69, 199.0, 3.0, 48228.0, 47.0, 809.0, -15810.0, 1.0, 3.0, 0.0, 0.0]
2025-08-29 14:52:07,510 - WARNING - Close to the right wall!
2025-08-29 14:52:07,633 - INFO - [263.19, -4.94, -1.81, 263.19, -4.94, -1.81, 263.19, -4.94, -1.81, 198.0, 4.0, 48228.0, 47.0, 809.0, -15815.0, 1.0, 3.0, 0.0, 0.0]
2025-08-29 14:52:07,634 - WARNING - Close to the right wall!
2025-08-29 14:52:07,758 - INFO - [263.19, -4.88, -1.94, 263.19, -4.88, -1.94, 263.19, -4.88, -1.94, 197.0, 2.0, 48228.0, 47.0, 809.0, -15815.0, 1.0, 3.0, 0.0, 0.0]
2025-08-29 14:52:07,759 - WARNING - Close to the right wall!
2025-08-29 14:52:07,882 - INFO - [263.13, -4.81, -2.06, 263.13, -4.81, -2.06, 263.13, -4.81, -2.06, 197.0, 2.0, 48228.0, 47.0, 809.0, -15815.0, 1.0, 3.0, 0.0, 0.0]
2025-08-29 14:52:07,883 - WARNING - Close to the right wall!
2025-08-29 14:52:08,006 - INFO - [263.13, -4.75, -2.19, 263.13, -4.75, -2.19, 263.13, -4.75, -2.19, 197.0, 1.0, 48228.0, 47.0, 809.0, -15815.0, 1.0, 3.0, 0.0, 0.0]
2025-08-29 14:52:08,006 - WARNING - Close to the right wall!
2025-08-29 14:52:08,132 - INFO - [263.13, -4.75, -2.25, 263.13, -4.75, -2.25, 263.13, -4.75, -2.25, 198.0, 1.0, 48228.0, 47.0, 809.0, -15815.0, 1.0, 3.0, 0.0, 0.0]
2025-08-29 14:52:08,135 - WARNING - Close to the right wall!
2025-08-29 14:52:08,255 - INFO - [263.13, -4.69, -2.38, 263.13, -4.69, -2.38, 263.13, -4.69, -2.38, 198.0, 2.0, 48228.0, 47.0, 809.0, -15815.0, 1.0, 3.0, 0.0, 0.0]
2025-08-29 14:52:08,256 - WARNING - Close to the right wall!
2025-08-29 14:52:08,380 - INFO - [263.13, -4.69, -2.44, 263.13, -4.69, -2.44, 263.13, -4.69, -2.44, 197.0, 3.0, 48228.0, 47.0, 809.0, -15815.0, 1.0, 3.0, 0.0, 0.0]
2025-08-29 14:52:08,381 - WARNING - Close to the right wall!
2025-08-29 14:52:08,505 - INFO - [263.13, -4.63, -2.5, 263.13, -4.63, -2.5, 263.13, -4.63, -2.5, 198.0, 0.0, 48228.0, 47.0, 809.0, -15815.0, 1.0, 3.0, 0.0, 0.0]
2025-08-29 14:52:08,506 - WARNING - Close to the right wall!
2025-08-29 14:52:08,629 - INFO - [263.19, -4.63, -2.5, 263.19, -4.63, -2.5, 263.19, -4.63, -2.5, 197.0, 4.0, 48228.0, 47.0, 809.0, -15827.0, 1.0, 3.0, 0.0, 0.0]
2025-08-29 14:52:08,630 - WARNING - Close to the right wall!
2025-08-29 14:52:08,754 - INFO - [264.31, -5.0, -2.56, 264.31, -5.0, -2.56, 264.31, -5.0, -2.56, 196.0, 41.0, 48228.0, 48.0, 809.0, -15875.0, 1.0, 3.0, 0.0, 0.0]
2025-08-29 14:52:08,878 - INFO - [266.56, -5.06, -2.5, 266.56, -5.06, -2.5, 266.56, -5.06, -2.5, 193.0, 40.0, 48228.0, 48.0, 809.0, -15949.0, 1.0, 3.0, 0.0, 0.0]
2025-08-29 14:52:09,004 - INFO - [268.88, -5.13, -2.31, 268.88, -5.13, -2.31, 268.88, -5.13, -2.31, 191.0, 38.0, 48228.0, 49.0, 809.0, -16033.0, 1.0, 3.0, 0.0, 0.0]
2025-08-29 14:52:09,127 - INFO - [271.19, -5.19, -2.31, 271.19, -5.19, -2.31, 271.19, -5.19, -2.31, 190.0, 38.0, 48228.0, 51.0, 809.0, -16121.0, 1.0, 3.0, 0.0, 0.0]
2025-08-29 14:52:09,251 - INFO - [273.19, -5.25, -2.31, 273.19, -5.25, -2.31, 273.19, -5.25, -2.31, 189.0, 37.0, 48228.0, 51.0, 809.0, -16200.0, 1.0, 3.0, 0.0, 0.0]
2025-08-29 14:52:09,375 - INFO - [275.25, -5.38, -2.13, 275.25, -5.38, -2.13, 275.25, -5.38, -2.13, 189.0, 36.0, 48228.0, 53.0, 809.0, -16275.0, 1.0, 3.0, 0.0, 0.0]
2025-08-29 14:52:09,501 - INFO - [276.69, -5.0, -2.0, 276.69, -5.0, -2.0, 276.69, -5.0, -2.0, 189.0, 36.0, 48228.0, 52.0, 809.0, -16331.0, 1.0, 3.0, 0.0, 0.0]
2025-08-29 14:52:09,624 - INFO - [278.38, -5.06, -2.0, 278.38, -5.06, -2.0, 278.38, -5.06, -2.0, 186.0, 35.0, 48228.0, 54.0, 809.0, -16398.0, 1.0, 3.0, 0.0, 0.0]
2025-08-29 14:52:09,749 - INFO - [280.38, -5.13, -1.94, 280.38, -5.13, -1.94, 280.38, -5.13, -1.94, 190.0, 33.0, 48228.0, 54.0, 809.0, -16477.0, 1.0, 3.0, 0.0, 0.0]
2025-08-29 14:52:09,873 - INFO - [282.88, -5.06, -1.81, 282.88, -5.06, -1.81, 282.88, -5.06, -1.81, 191.0, 33.0, 48228.0, 55.0, 809.0, -16563.0, 1.0, 3.0, 0.0, 0.0]
2025-08-29 14:52:09,998 - INFO - [285.56, -5.0, -2.0, 285.56, -5.0, -2.0, 285.56, -5.0, -2.0, 184.0, 31.0, 48228.0, 57.0, 809.0, -16654.0, 1.0, 3.0, 0.0, 0.0]
2025-08-29 14:52:10,123 - INFO - [288.0, -5.06, -1.94, 288.0, -5.06, -1.94, 288.0, -5.06, -1.94, 200.0, 30.0, 48228.0, 63.0, 809.0, -16745.0, 1.0, 3.0, 0.0, 0.0]
2025-08-29 14:52:10,246 - INFO - [290.13, -5.13, -1.88, 290.13, -5.13, -1.88, 290.13, -5.13, -1.88, 198.0, 29.0, 48228.0, 65.0, 809.0, -16827.0, 1.0, 3.0, 0.0, 0.0]
2025-08-29 14:52:10,372 - INFO - [292.25, -5.19, -1.75, 292.25, -5.19, -1.75, 292.25, -5.19, -1.75, 69.0, 28.0, 48228.0, 67.0, 809.0, -16901.0, 1.0, 3.0, 0.0, 0.0]
2025-08-29 14:52:10,496 - INFO - [294.0, -5.13, -1.56, 294.0, -5.13, -1.56, 294.0, -5.13, -1.56, 61.0, 26.0, 48228.0, 69.0, 809.0, -16957.0, 1.0, 3.0, 0.0, 0.0]
2025-08-29 14:52:10,622 - INFO - [295.81, -5.19, -1.5, 295.81, -5.19, -1.5, 295.81, -5.19, -1.5, 54.0, 25.0, 48228.0, 71.0, 809.0, -17029.0, 1.0, 3.0, 0.0, 0.0]
2025-08-29 14:52:10,745 - INFO - [297.94, -5.25, -1.44, 297.94, -5.25, -1.44, 297.94, -5.25, -1.44, 45.0, 24.0, 48228.0, 72.0, 809.0, -17108.0, 1.0, 3.0, 0.0, 0.0]
2025-08-29 14:52:10,869 - INFO - [300.25, -5.13, -1.44, 300.25, -5.13, -1.44, 300.25, -5.13, -1.44, 39.0, 22.0, 48228.0, 76.0, 809.0, -17196.0, 1.0, 3.0, 0.0, 0.0]
2025-08-29 14:52:10,993 - INFO - [302.69, -5.13, -1.31, 302.69, -5.13, -1.31, 302.69, -5.13, -1.31, 33.0, 20.0, 48228.0, 83.0, 809.0, -17287.0, 1.0, 3.0, 0.0, 0.0]
2025-08-29 14:52:11,119 - INFO - [305.0, -5.19, -1.44, 305.0, -5.19, -1.44, 305.0, -5.19, -1.44, 28.0, 19.0, 48228.0, 87.0, 809.0, -17376.0, 1.0, 3.0, 0.0, 0.0]
2025-08-29 14:52:11,242 - INFO - [306.69, -5.25, -1.25, 306.69, -5.25, -1.25, 306.69, -5.25, -1.25, 23.0, 16.0, 48228.0, 94.0, 809.0, -17451.0, 1.0, 3.0, 0.0, 0.0]
2025-08-29 14:52:11,367 - INFO - [308.56, -5.25, -1.13, 308.56, -5.25, -1.13, 308.56, -5.25, -1.13, 18.0, 16.0, 48228.0, 103.0, 809.0, -17518.0, 1.0, 3.0, 0.0, 0.0]
2025-08-29 14:52:11,493 - INFO - [310.31, -5.25, -1.0, 310.31, -5.25, -1.0, 310.31, -5.25, -1.0, 17.0, 10.0, 48228.0, 102.0, 328.0, -17573.0, 1.0, 3.0, 0.0, 0.0]
2025-08-29 14:52:11,659 - INFO - Camera stopped
2025-08-29 14:52:11,862 - INFO - Camera closed successfully.
