2025-08-30 17:17:50,409 - INFO - Camera configuration has been adjusted!
2025-08-30 17:17:50,410 - INFO - Configuration successful!
2025-08-30 17:17:51,933 - INFO - Camera started
2025-08-30 17:17:52,012 - INFO - [97.88, -3.25, -2.25, 97.88, -3.25, -2.25, 97.88, -3.25, -2.25, 100.0, 14.0, 35.0, 13.0, 6448.0, -29332.0, 0.0, 3.0, 0.0, 0.0]
2025-08-30 17:17:52,283 - INFO - Steering -83.58000000000001; Speed 200
2025-08-30 17:17:52,571 - INFO - [97.88, -3.25, -2.25, 97.88, -3.25, -2.25, 97.88, -3.25, -2.25, 101.0, 13.0, 35.0, 13.0, 6448.0, -29332.0, 0.0, 3.0, 0.0, 0.0]
2025-08-30 17:17:52,710 - INFO - Steering 62.00624400000002; Speed 200
2025-08-30 17:17:52,857 - INFO - [97.94, -3.25, -2.19, 97.94, -3.25, -2.19, 97.94, -3.25, -2.19, 99.0, 13.0, 37.0, 13.0, 6448.0, -29397.0, 0.0, 3.0, 0.0, 0.0]
2025-08-30 17:17:52,882 - INFO - Steering 61.818566000000004; Speed 200
2025-08-30 17:17:53,006 - INFO - [96.63, -3.31, -2.31, 96.63, -3.31, -2.31, 96.63, -3.31, -2.31, 97.0, 209.0, 45.0, 12.0, 6448.0, -29479.0, 0.0, 3.0, 0.0, 0.0]
2025-08-30 17:17:53,022 - INFO - Steering 66.15018500000002; Speed 200
2025-08-30 17:17:53,157 - INFO - [94.06, -3.25, -2.31, 94.06, -3.25, -2.31, 94.06, -3.25, -2.31, 95.0, 281.0, 51.0, 11.0, 6448.0, -29552.0, 0.0, 3.0, 0.0, 0.0]
2025-08-30 17:17:53,174 - INFO - Steering 74.63646299999999; Speed 200
2025-08-30 17:17:53,307 - INFO - [92.56, -3.5, -2.38, 92.56, -3.5, -2.38, 92.56, -3.5, -2.38, 92.0, 281.0, 61.0, 10.0, 6448.0, -29638.0, 0.0, 3.0, 0.0, 0.0]
2025-08-30 17:17:53,325 - INFO - Steering 79.58979099999999; Speed 200
2025-08-30 17:17:53,457 - INFO - [91.5, -3.63, -2.44, 91.5, -3.63, -2.44, 91.5, -3.63, -2.44, 88.0, 285.0, 66.0, 10.0, 6448.0, -29748.0, 0.0, 3.0, 0.0, 0.0]
2025-08-30 17:17:53,475 - INFO - Steering 83.089741; Speed 200
2025-08-30 17:17:53,606 - INFO - [90.56, -3.75, -2.5, 90.56, -3.75, -2.5, 90.56, -3.75, -2.5, 86.0, 289.0, 70.0, 8.0, 6448.0, -29873.0, 0.0, 3.0, 0.0, 0.0]
2025-08-30 17:17:53,606 - WARNING - Close to the left wall!
2025-08-30 17:17:53,621 - INFO - Steering 86.19246899999999; Speed 200
2025-08-30 17:17:53,756 - INFO - [90.0, -3.56, -2.38, 90.0, -3.56, -2.38, 90.0, -3.56, -2.38, 83.0, 285.0, 72.0, 7.0, 6448.0, -29989.0, 0.0, 3.0, 0.0, 0.0]
2025-08-30 17:17:53,756 - WARNING - Close to the left wall!
2025-08-30 17:17:53,773 - INFO - Steering 90; Speed 200
2025-08-30 17:17:53,902 - INFO - [89.56, -3.69, -2.56, 89.56, -3.69, -2.56, 89.56, -3.69, -2.56, 76.0, 179.0, 77.0, 8.0, 6448.0, -30118.0, 0.0, 3.0, 0.0, 0.0]
2025-08-30 17:17:53,902 - WARNING - Close to the left wall!
2025-08-30 17:17:53,920 - INFO - Steering -70.38; Speed 200
2025-08-30 17:17:54,051 - INFO - [89.38, -3.88, -2.5, 89.38, -3.88, -2.5, 89.38, -3.88, -2.5, 70.0, 81.0, 88.0, 4.0, 6448.0, -30259.0, 0.0, 3.0, 0.0, 0.0]
2025-08-30 17:17:54,051 - WARNING - Close to the left wall!
2025-08-30 17:17:54,065 - INFO - Steering 91.58051000000002; Speed 200
2025-08-30 17:17:54,202 - INFO - [89.19, -3.75, -2.63, 89.19, -3.75, -2.63, 89.19, -3.75, -2.63, 65.0, 183.0, 93.0, 3.0, 6448.0, -30409.0, 0.0, 3.0, 0.0, 0.0]
2025-08-30 17:17:54,202 - WARNING - Close to the left wall!
2025-08-30 17:17:54,217 - INFO - Steering 92.05470000000001; Speed 200
2025-08-30 17:17:54,352 - INFO - [88.94, -3.75, -2.44, 88.94, -3.75, -2.44, 88.94, -3.75, -2.44, 61.0, 280.0, 104.0, 3.0, 6448.0, -30550.0, 0.0, 3.0, 0.0, 0.0]
2025-08-30 17:17:54,352 - WARNING - Close to the left wall!
2025-08-30 17:17:54,372 - INFO - Steering 92.67864; Speed 200
2025-08-30 17:17:54,501 - INFO - [86.94, -3.69, -2.5, 86.94, -3.69, -2.5, 86.94, -3.69, -2.5, 44.0, 292.0, 124.0, 0.0, 6448.0, -30670.0, 0.0, 3.0, 0.0, 0.0]
2025-08-30 17:17:54,501 - WARNING - Close to the left wall!
2025-08-30 17:17:54,517 - INFO - Steering 97.67558000000001; Speed 200
2025-08-30 17:17:54,651 - INFO - [85.81, -3.88, -2.56, 85.81, -3.88, -2.56, 85.81, -3.88, -2.56, 33.0, 285.0, 122.0, 0.0, 6448.0, -30796.0, 0.0, 3.0, 0.0, 0.0]
2025-08-30 17:17:54,651 - WARNING - Close to the left wall!
2025-08-30 17:17:54,674 - INFO - Steering 100.49638999999999; Speed 200
2025-08-30 17:17:54,800 - INFO - [85.81, -4.0, -2.5, 85.81, -4.0, -2.5, 85.81, -4.0, -2.5, 26.0, 249.0, 123.0, 0.0, 6448.0, -30938.0, 0.0, 3.0, 0.0, 0.0]
2025-08-30 17:17:54,800 - WARNING - Close to the left wall!
2025-08-30 17:17:54,817 - INFO - Steering 100.4922; Speed 200
2025-08-30 17:17:54,949 - INFO - [85.75, -3.88, -2.69, 85.75, -3.88, -2.69, 85.75, -3.88, -2.69, 26.0, 233.0, 124.0, 0.0, 6448.0, -31012.0, 0.0, 3.0, 0.0, 0.0]
2025-08-30 17:17:54,949 - WARNING - Close to the left wall!
2025-08-30 17:17:54,991 - INFO - Steering 100.63795; Speed 200
2025-08-30 17:17:55,098 - INFO - [86.0, -4.0, -2.38, 86.0, -4.0, -2.38, 86.0, -4.0, -2.38, 26.0, 237.0, 124.0, 0.0, 6448.0, -31031.0, 0.0, 3.0, 0.0, 0.0]
2025-08-30 17:17:55,099 - WARNING - Close to the left wall!
2025-08-30 17:17:55,134 - INFO - Steering -113.94; Speed 200
2025-08-30 17:17:55,246 - INFO - [86.06, -4.0, -2.44, 86.06, -4.0, -2.44, 86.06, -4.0, -2.44, 24.0, 235.0, 127.0, 0.0, 6448.0, -31031.0, 0.0, 3.0, 0.0, 0.0]
2025-08-30 17:17:55,246 - WARNING - Close to the left wall!
2025-08-30 17:17:55,262 - INFO - Steering 99.85901; Speed 200
2025-08-30 17:17:55,395 - INFO - [86.06, -4.06, -2.38, 86.06, -4.06, -2.38, 86.06, -4.06, -2.38, 25.0, 240.0, 125.0, 0.0, 6448.0, -31031.0, 0.0, 3.0, 0.0, 0.0]
2025-08-30 17:17:55,395 - WARNING - Close to the left wall!
2025-08-30 17:17:55,411 - INFO - Steering 99.85507; Speed 200
2025-08-30 17:17:55,543 - INFO - [86.38, -4.0, -2.38, 86.38, -4.0, -2.38, 86.38, -4.0, -2.38, 31.0, 510.0, 119.0, 0.0, 6448.0, -31038.0, 0.0, 3.0, 0.0, 0.0]
2025-08-30 17:17:55,543 - WARNING - Close to the left wall!
2025-08-30 17:17:55,560 - INFO - Steering 99.05145000000002; Speed 200
2025-08-30 17:17:55,692 - INFO - [87.75, -4.06, -2.31, 87.75, -4.06, -2.31, 87.75, -4.06, -2.31, 36.0, 273.0, 122.0, 0.0, 6448.0, -31052.0, 0.0, 3.0, 0.0, 0.0]
2025-08-30 17:17:55,692 - WARNING - Close to the left wall!
2025-08-30 17:17:55,708 - INFO - Steering 95.6242; Speed 200
2025-08-30 17:17:55,840 - INFO - [87.5, -3.94, -2.44, 87.5, -3.94, -2.44, 87.5, -3.94, -2.44, 34.0, 271.0, 120.0, 0.0, 6448.0, -31071.0, 0.0, 3.0, 0.0, 0.0]
2025-08-30 17:17:55,840 - WARNING - Close to the left wall!
2025-08-30 17:17:55,855 - INFO - Steering 96.2467; Speed 200
2025-08-30 17:17:55,987 - INFO - [87.69, -4.88, -2.06, 87.69, -4.88, -2.06, 87.69, -4.88, -2.06, 32.0, 263.0, 127.0, 0.0, 6448.0, -31127.0, 0.0, 3.0, 0.0, 0.0]
2025-08-30 17:17:55,987 - WARNING - Close to the left wall!
2025-08-30 17:17:56,008 - INFO - Steering 95.76939; Speed 200
2025-08-30 17:17:56,136 - INFO - [87.63, -4.38, -2.44, 87.63, -4.38, -2.44, 87.63, -4.38, -2.44, 32.0, 261.0, 120.0, 0.0, 6448.0, -31140.0, 0.0, 3.0, 0.0, 0.0]
2025-08-30 17:17:56,136 - WARNING - Close to the left wall!
2025-08-30 17:17:56,153 - INFO - Steering 95.91702000000001; Speed 200
2025-08-30 17:17:56,285 - INFO - [87.69, -4.5, -2.38, 87.69, -4.5, -2.38, 87.69, -4.5, -2.38, 33.0, 272.0, 121.0, 0.0, 6448.0, -31143.0, 0.0, 3.0, 0.0, 0.0]
2025-08-30 17:17:56,285 - WARNING - Close to the left wall!
2025-08-30 17:17:56,301 - INFO - Steering 95.76471000000001; Speed 200
2025-08-30 17:17:56,435 - INFO - [87.69, -4.5, -2.38, 87.69, -4.5, -2.38, 87.69, -4.5, -2.38, 33.0, 272.0, 121.0, 0.0, 6448.0, -31143.0, 0.0, 3.0, 0.0, 0.0]
2025-08-30 17:17:56,436 - WARNING - Close to the left wall!
2025-08-30 17:17:56,457 - INFO - Steering 95.7624; Speed 200
2025-08-30 17:17:56,584 - INFO - [87.69, -4.5, -2.38, 87.69, -4.5, -2.38, 87.69, -4.5, -2.38, 33.0, 267.0, 121.0, 0.0, 6448.0, -31143.0, 0.0, 3.0, 0.0, 0.0]
2025-08-30 17:17:56,585 - WARNING - Close to the left wall!
2025-08-30 17:17:56,601 - INFO - Steering 95.76009; Speed 200
2025-08-30 17:17:56,733 - INFO - [87.69, -4.5, -2.38, 87.69, -4.5, -2.38, 87.69, -4.5, -2.38, 33.0, 272.0, 122.0, 0.0, 6448.0, -31143.0, 0.0, 3.0, 0.0, 0.0]
2025-08-30 17:17:56,734 - WARNING - Close to the left wall!
2025-08-30 17:17:56,755 - INFO - Steering 95.75778000000001; Speed 200
2025-08-30 17:17:56,882 - INFO - [87.69, -4.5, -2.38, 87.69, -4.5, -2.38, 87.69, -4.5, -2.38, 33.0, 267.0, 123.0, 0.0, 6448.0, -31143.0, 0.0, 3.0, 0.0, 0.0]
2025-08-30 17:17:56,883 - WARNING - Close to the left wall!
2025-08-30 17:17:56,910 - INFO - Steering 95.75547; Speed 200
2025-08-30 17:17:57,032 - INFO - [87.69, -4.44, -2.38, 87.69, -4.44, -2.38, 87.69, -4.44, -2.38, 33.0, 266.0, 124.0, 0.0, 6448.0, -31143.0, 0.0, 3.0, 0.0, 0.0]
2025-08-30 17:17:57,032 - WARNING - Close to the left wall!
2025-08-30 17:17:57,048 - INFO - Steering -59.599999999999994; Speed 200
2025-08-30 17:17:57,181 - INFO - [87.69, -4.44, -2.38, 87.69, -4.44, -2.38, 87.69, -4.44, -2.38, 32.0, 271.0, 124.0, 0.0, 6448.0, -31143.0, 0.0, 3.0, 0.0, 0.0]
2025-08-30 17:17:57,181 - WARNING - Close to the left wall!
2025-08-30 17:17:57,194 - INFO - Steering 95.75316000000001; Speed 200
2025-08-30 17:17:57,330 - INFO - [87.69, -4.44, -2.31, 87.69, -4.44, -2.31, 87.69, -4.44, -2.31, 33.0, 263.0, 123.0, 0.0, 6448.0, -31144.0, 0.0, 3.0, 0.0, 0.0]
2025-08-30 17:17:57,332 - WARNING - Close to the left wall!
2025-08-30 17:17:57,349 - INFO - Steering 95.75085; Speed 200
2025-08-30 17:17:57,479 - INFO - [88.31, -4.38, -2.31, 88.31, -4.38, -2.31, 88.31, -4.38, -2.31, 41.0, 293.0, 105.0, 0.0, 6448.0, -31155.0, 0.0, 3.0, 0.0, 0.0]
2025-08-30 17:17:57,480 - WARNING - Close to the left wall!
2025-08-30 17:17:57,496 - INFO - Steering 94.19915999999999; Speed 200
2025-08-30 17:17:57,629 - INFO - [89.63, -4.44, -2.25, 89.63, -4.44, -2.25, 89.63, -4.44, -2.25, 40.0, 294.0, 104.0, 0.0, 6448.0, -31164.0, 0.0, 3.0, 0.0, 0.0]
2025-08-30 17:17:57,630 - WARNING - Close to the left wall!
2025-08-30 17:17:57,645 - INFO - Steering 90.89879; Speed 200
2025-08-30 17:17:57,778 - INFO - [89.38, -4.38, -2.38, 89.38, -4.38, -2.38, 89.38, -4.38, -2.38, 41.0, 291.0, 104.0, 0.0, 6448.0, -31177.0, 0.0, 3.0, 0.0, 0.0]
2025-08-30 17:17:57,779 - WARNING - Close to the left wall!
2025-08-30 17:17:57,797 - INFO - Steering 91.52317000000001; Speed 200
2025-08-30 17:17:57,927 - INFO - [89.38, -4.25, -2.25, 89.38, -4.25, -2.25, 89.38, -4.25, -2.25, 40.0, 288.0, 118.0, 0.0, 6448.0, -31231.0, 0.0, 3.0, 0.0, 0.0]
2025-08-30 17:17:57,927 - WARNING - Close to the left wall!
2025-08-30 17:17:57,941 - INFO - Steering -71.03999999999999; Speed 200
2025-08-30 17:17:58,078 - INFO - [89.44, -4.19, -2.19, 89.44, -4.19, -2.19, 89.44, -4.19, -2.19, 40.0, 294.0, 133.0, 0.0, 6448.0, -31270.0, 0.0, 3.0, 0.0, 0.0]
2025-08-30 17:17:58,078 - WARNING - Close to the left wall!
2025-08-30 17:17:58,097 - INFO - Steering 91.37261000000001; Speed 200
2025-08-30 17:17:58,228 - INFO - [89.38, -1.69, -2.25, 89.38, -1.69, -2.25, 89.38, -1.69, -2.25, 42.0, 292.0, 251.0, 0.0, 6448.0, -31374.0, 0.0, 3.0, 0.0, 0.0]
2025-08-30 17:17:58,229 - WARNING - Close to the left wall!
2025-08-30 17:17:58,244 - INFO - Steering -78.96000000000001; Speed 200
2025-08-30 17:17:58,377 - INFO - [88.81, 6.63, -2.81, 88.81, 6.63, -2.81, 88.81, 6.63, -2.81, 16.0, 295.0, 247.0, 0.0, 6448.0, -31548.0, 0.0, 3.0, 0.0, 0.0]
2025-08-30 17:17:58,377 - WARNING - Close to the left wall!
2025-08-30 17:17:58,401 - INFO - Steering 92.94641999999999; Speed 200
2025-08-30 17:17:58,526 - INFO - [91.63, 16.63, -2.56, 91.63, 16.63, -2.56, 91.63, 16.63, -2.56, 7.0, 169.0, 117.0, 7.0, 6448.0, -31704.0, 0.0, 3.0, 0.0, 0.0]
2025-08-30 17:17:58,526 - WARNING - Close to the left wall!
2025-08-30 17:17:58,546 - INFO - Steering -79.62; Speed 200
2025-08-30 17:17:58,675 - INFO - [83.94, 29.75, 5.56, 83.94, 29.75, 5.56, 83.94, 29.75, 5.56, 6.0, 28.0, 297.0, 0.0, 6448.0, -31856.0, 1.0, 3.0, 0.0, 0.0]
2025-08-30 17:17:58,675 - WARNING - Close to the left wall!
2025-08-30 17:17:58,687 - INFO - Steering 105.11536000000001; Speed 200
2025-08-30 17:17:58,825 - INFO - [76.63, 35.06, -0.06, 76.63, 35.06, -0.06, 76.63, 35.06, -0.06, 10.0, 139.0, 307.0, 0.0, 6448.0, -32018.0, 2.0, 3.0, 0.0, 0.0]
2025-08-30 17:17:58,826 - WARNING - Close to the left wall!
2025-08-30 17:17:58,840 - INFO - Steering -56.74000000000001; Speed 200
2025-08-30 17:17:58,975 - INFO - [81.88, 32.38, 4.06, 81.88, 32.38, 4.06, 81.88, 32.38, 4.06, 18.0, 87.0, 281.0, 136.0, 6448.0, -32193.0, 2.0, 3.0, 0.0, 0.0]
2025-08-30 17:17:58,994 - INFO - Steering 110.25724000000001; Speed 200
2025-08-30 17:17:59,126 - INFO - [82.25, 30.81, 4.38, 82.25, 30.81, 4.38, 82.25, 30.81, 4.38, 27.0, 146.0, 258.0, 130.0, 6448.0, -32349.0, 2.0, 3.0, 0.0, 0.0]
2025-08-30 17:17:59,139 - INFO - Steering 109.32449; Speed 200
2025-08-30 17:17:59,275 - INFO - [87.31, 27.81, 0.94, 87.31, 27.81, 0.94, 87.31, 27.81, 0.94, 49.0, 321.0, 236.0, 168.0, 6448.0, -32501.0, 2.0, 3.0, 0.0, 0.0]
2025-08-30 17:17:59,291 - INFO - Steering 96.67179999999999; Speed 200
2025-08-30 17:17:59,427 - INFO - [98.5, 19.19, 0.5, 98.5, 19.19, 0.5, 98.5, 19.19, 0.5, 3.0, 367.0, 231.0, 173.0, 6448.0, -32664.0, 2.0, 3.0, 0.0, 0.0]
2025-08-30 17:17:59,427 - WARNING - Might crash, too close
2025-08-30 17:17:59,444 - INFO - Steering 59.891890000000004; Speed 200
2025-08-30 17:17:59,577 - INFO - [107.5, 10.13, 5.75, 107.5, 10.13, 5.75, 107.5, 10.13, 5.75, 4.0, 199.0, 177.0, 98.0, 6448.0, -32839.0, 2.0, 3.0, 0.0, 1.0]
2025-08-30 17:17:59,578 - WARNING - Might crash, too close
2025-08-30 17:17:59,594 - INFO - Steering 30.214640000000003; Speed 200
2025-08-30 17:17:59,726 - INFO - [113.0, 1.19, 7.81, 113.0, 1.19, 7.81, 113.0, 1.19, 7.81, 5.0, 148.0, 214.0, 16.0, 6448.0, -32995.0, 1.0, 3.0, 0.0, 1.0]
2025-08-30 17:17:59,727 - WARNING - Might crash, too close
2025-08-30 17:17:59,741 - INFO - Steering 30; Speed 200
2025-08-30 17:17:59,874 - INFO - [116.44, -4.25, 5.69, 116.44, -4.25, 5.69, 116.44, -4.25, 5.69, 5.0, 186.0, 124.0, 21.0, 6448.0, -33151.0, 1.0, 3.0, 0.0, 1.0]
2025-08-30 17:17:59,875 - WARNING - Might crash, too close
2025-08-30 17:17:59,890 - INFO - Steering 30; Speed 200
2025-08-30 17:18:00,023 - INFO - [117.75, -7.88, 5.88, 117.75, -7.88, 5.88, 117.75, -7.88, 5.88, 3.0, 183.0, 176.0, 152.0, 6448.0, -33323.0, 0.0, 3.0, 0.0, 1.0]
2025-08-30 17:18:00,023 - WARNING - Might crash, too close
2025-08-30 17:18:00,041 - INFO - Steering 30; Speed 200
2025-08-30 17:18:00,171 - INFO - [112.69, -7.06, 5.44, 112.69, -7.06, 5.44, 112.69, -7.06, 5.44, 3.0, 86.0, 112.0, 30.0, 6448.0, -33490.0, 1.0, 3.0, 0.0, 1.0]
2025-08-30 17:18:00,171 - WARNING - Might crash, too close
2025-08-30 17:18:00,195 - INFO - Steering 30; Speed 200
2025-08-30 17:18:00,319 - INFO - [106.56, -4.0, 4.5, 106.56, -4.0, 4.5, 106.56, -4.0, 4.5, 2.0, 77.0, 56.0, 24.0, 6448.0, -33644.0, 2.0, 3.0, 0.0, 1.0]
2025-08-30 17:18:00,319 - WARNING - Might crash, too close
2025-08-30 17:18:00,335 - INFO - Steering 33.468011999999995; Speed 200
2025-08-30 17:18:00,468 - INFO - [103.75, -2.06, 6.13, 103.75, -2.06, 6.13, 103.75, -2.06, 6.13, 5.0, 13.0, 37.0, 23.0, 6448.0, -33805.0, 2.0, 3.0, 0.0, 1.0]
2025-08-30 17:18:00,468 - WARNING - Might crash, too close
2025-08-30 17:18:00,483 - INFO - Turn completed
2025-08-30 17:18:00,483 - INFO - Not going back
2025-08-30 17:18:00,483 - INFO - Steering 42.758887; Speed 200
2025-08-30 17:18:00,615 - INFO - [103.94, -3.13, 4.25, 103.94, -3.13, 4.25, 103.94, -3.13, 4.25, 5.0, 12.0, 36.0, 23.0, 6448.0, -33984.0, 3.0, 3.0, 0.0, 1.0]
2025-08-30 17:18:00,615 - WARNING - Might crash, too close
2025-08-30 17:18:00,665 - INFO - Camera stopped
2025-08-30 17:18:02,477 - INFO - Camera closed successfully.
