2025-08-28 16:43:21,855 - INFO - Camera configuration has been adjusted!
2025-08-28 16:43:21,857 - INFO - Configuration successful!
2025-08-28 16:43:23,381 - INFO - Camera started
2025-08-28 16:43:23,397 - INFO - [0.0, -3.94, -2.19, 0.0, -3.94, -2.19, 0.0, -3.94, -2.19, 98.0, 12.0, 44132.0, 36.0, 0.0, 0.0, 0.0, 3.0, 0.0, 0.0]
2025-08-28 16:43:23,931 - INFO - [0.0, -3.94, -2.19, 0.0, -3.94, -2.19, 0.0, -3.94, -2.19, 98.0, 12.0, 44132.0, 36.0, 0.0, 0.0, 0.0, 3.0, 0.0, 0.0]
2025-08-28 16:43:24,085 - INFO - [0.0, -4.0, -2.13, 0.0, -4.0, -2.13, 0.0, -4.0, -2.13, 97.0, 12.0, 44132.0, 26.0, 0.0, -34.0, 0.0, 3.0, 0.0, 0.0]
2025-08-28 16:43:24,190 - INFO - [0.25, -4.0, -2.25, 0.25, -4.0, -2.25, 0.25, -4.0, -2.25, 98.0, 12.0, 44132.0, 12.0, 0.0, -87.0, 0.0, 3.0, 0.0, 0.0]
2025-08-28 16:43:24,247 - INFO - [0.69, -4.06, -2.25, 0.69, -4.06, -2.25, 0.69, -4.06, -2.25, 97.0, 13.0, 44132.0, 12.0, 0.0, -121.0, 0.0, 3.0, 0.0, 0.0]
2025-08-28 16:43:24,308 - INFO - [1.5, -4.19, -2.19, 1.5, -4.19, -2.19, 1.5, -4.19, -2.19, 95.0, 15.0, 44132.0, 12.0, 0.0, -155.0, 0.0, 3.0, 0.0, 0.0]
2025-08-28 16:43:24,362 - INFO - [2.63, -4.19, -2.19, 2.63, -4.19, -2.19, 2.63, -4.19, -2.19, 91.0, 29.0, 44132.0, 12.0, 0.0, -192.0, 0.0, 3.0, 0.0, 0.0]
2025-08-28 16:43:24,420 - INFO - [3.88, -4.19, -2.25, 3.88, -4.19, -2.25, 3.88, -4.19, -2.25, 88.0, 35.0, 44132.0, 75.0, 0.0, -231.0, 0.0, 3.0, 0.0, 0.0]
2025-08-28 16:43:24,477 - INFO - [5.13, -4.13, -2.19, 5.13, -4.13, -2.19, 5.13, -4.13, -2.19, 84.0, 36.0, 44132.0, 77.0, 0.0, -270.0, 0.0, 3.0, 0.0, 0.0]
2025-08-28 16:43:24,535 - INFO - [6.44, -4.19, -2.06, 6.44, -4.19, -2.06, 6.44, -4.19, -2.06, 79.0, 37.0, 44132.0, 78.0, 0.0, -308.0, 0.0, 3.0, 0.0, 0.0]
2025-08-28 16:43:24,592 - INFO - [7.75, -4.19, -2.13, 7.75, -4.19, -2.13, 7.75, -4.19, -2.13, 77.0, 38.0, 44132.0, 78.0, 0.0, -347.0, 0.0, 3.0, 0.0, 0.0]
2025-08-28 16:43:24,649 - INFO - [9.0, -4.19, -2.13, 9.0, -4.19, -2.13, 9.0, -4.19, -2.13, 75.0, 39.0, 44132.0, 78.0, 0.0, -386.0, 0.0, 3.0, 0.0, 0.0]
2025-08-28 16:43:24,706 - INFO - [9.94, -4.25, -1.94, 9.94, -4.25, -1.94, 9.94, -4.25, -1.94, 78.0, 40.0, 44132.0, 80.0, 0.0, -426.0, 0.0, 3.0, 0.0, 0.0]
2025-08-28 16:43:24,765 - INFO - [11.25, -4.38, -1.81, 11.25, -4.38, -1.81, 11.25, -4.38, -1.81, 80.0, 40.0, 44132.0, 80.0, 0.0, -467.0, 0.0, 3.0, 0.0, 0.0]
2025-08-28 16:43:24,822 - INFO - [12.63, -4.38, -1.75, 12.63, -4.38, -1.75, 12.63, -4.38, -1.75, 78.0, 40.0, 44132.0, 81.0, 0.0, -508.0, 0.0, 3.0, 0.0, 0.0]
2025-08-28 16:43:24,880 - INFO - [14.0, -4.38, -1.69, 14.0, -4.38, -1.69, 14.0, -4.38, -1.69, 68.0, 40.0, 44132.0, 82.0, 0.0, -551.0, 0.0, 3.0, 0.0, 0.0]
2025-08-28 16:43:24,937 - INFO - [15.25, -4.44, -1.56, 15.25, -4.44, -1.56, 15.25, -4.44, -1.56, 24.0, 39.0, 44132.0, 83.0, 0.0, -593.0, 0.0, 3.0, 0.0, 0.0]
2025-08-28 16:43:24,983 - INFO - [16.81, -4.5, -1.5, 16.81, -4.5, -1.5, 16.81, -4.5, -1.5, 24.0, 65535.0, 44132.0, 576.0, 0.0, -626.0, 0.0, 3.0, 0.0, 0.0]
2025-08-28 16:43:25,041 - INFO - [18.06, -4.5, -1.44, 18.06, -4.5, -1.44, 18.06, -4.5, -1.44, 21.0, 39.0, 44132.0, 255.0, 0.0, -667.0, 0.0, 3.0, 0.0, 0.0]
2025-08-28 16:43:25,098 - INFO - [19.19, -4.56, -1.38, 19.19, -4.56, -1.38, 19.19, -4.56, -1.38, 19.0, 39.0, 44132.0, 85.0, 0.0, -707.0, 0.0, 3.0, 0.0, 0.0]
2025-08-28 16:43:25,156 - INFO - [20.38, -4.63, -1.31, 20.38, -4.63, -1.31, 20.38, -4.63, -1.31, 18.0, 39.0, 44132.0, 88.0, 0.0, -747.0, 0.0, 3.0, 0.0, 0.0]
2025-08-28 16:43:25,214 - INFO - [21.44, -4.63, -1.25, 21.44, -4.63, -1.25, 21.44, -4.63, -1.25, 17.0, 40.0, 44132.0, 576.0, 0.0, -786.0, 0.0, 3.0, 0.0, 0.0]
2025-08-28 16:43:26,233 - INFO - []
2025-08-28 16:43:26,262 - INFO - [22.5, -4.63, -1.38, 22.5, -4.63, -1.38, 22.5, -4.63, -1.38, 17.0, 65535.0, 44132.0, 83.0, 0.0, -1554.0, 0.0, 3.0, 0.0, 0.0]
2025-08-28 16:43:26,287 - INFO - Camera stopped
2025-08-28 16:43:28,096 - INFO - Camera closed successfully.
