2025-08-29 14:39:53,385 - INFO - Camera configuration has been adjusted!
2025-08-29 14:39:53,387 - INFO - Configuration successful!
2025-08-29 14:39:54,911 - INFO - Camera started
2025-08-29 14:39:55,004 - INFO - [359.94, -3.5, -2.44, 359.94, -3.5, -2.44, 359.94, -3.5, -2.44, 107.0, 13.0, 48228.0, 74.0, 6412.0, 0.0, 0.0, 3.0, 0.0, 0.0]
2025-08-29 14:39:56,045 - INFO - [0.0, -3.5, -2.63, 0.0, -3.5, -2.63, 0.0, -3.5, -2.63, 107.0, 14.0, 48228.0, 75.0, 6412.0, 0.0, 0.0, 3.0, 0.0, 0.0]
2025-08-29 14:39:56,283 - INFO - [359.94, -3.44, -2.63, 359.94, -3.44, -2.63, 359.94, -3.44, -2.63, 106.0, 13.0, 48228.0, 74.0, 6412.0, -41.0, 0.0, 3.0, 0.0, 0.0]
2025-08-29 14:39:56,407 - INFO - [359.38, -3.56, -2.56, 359.38, -3.56, -2.56, 359.38, -3.56, -2.56, 104.0, 14.0, 48228.0, 74.0, 6412.0, -118.0, 0.0, 3.0, 0.0, 0.0]
2025-08-29 14:39:56,531 - INFO - [357.38, -3.5, -2.63, 357.38, -3.5, -2.63, 357.38, -3.5, -2.63, 102.0, 15.0, 48228.0, 71.0, 6412.0, -199.0, 0.0, 3.0, 0.0, 0.0]
2025-08-29 14:39:56,655 - INFO - [355.25, -3.44, -2.56, 355.25, -3.44, -2.56, 355.25, -3.44, -2.56, 99.0, 206.0, 48228.0, 11.0, 6412.0, -278.0, 0.0, 3.0, 0.0, 0.0]
2025-08-29 14:39:56,779 - INFO - [352.94, -3.31, -2.81, 352.94, -3.31, -2.81, 352.94, -3.31, -2.81, 97.0, 220.0, 48228.0, 10.0, 6412.0, -362.0, 0.0, 3.0, 0.0, 0.0]
2025-08-29 14:39:56,905 - INFO - [350.06, -3.19, -2.81, 350.06, -3.19, -2.81, 350.06, -3.19, -2.81, 95.0, 222.0, 48228.0, 8.0, 6412.0, -450.0, 0.0, 3.0, 0.0, 0.0]
2025-08-29 14:39:56,905 - WARNING - Close to the left wall!
2025-08-29 14:39:57,029 - INFO - [347.69, -3.13, -2.81, 347.69, -3.13, -2.81, 347.69, -3.13, -2.81, 91.0, 209.0, 48228.0, 63.0, 6412.0, -541.0, 0.0, 3.0, 0.0, 0.0]
2025-08-29 14:39:57,156 - INFO - [345.31, -3.06, -2.88, 345.31, -3.06, -2.88, 345.31, -3.06, -2.88, 91.0, 124.0, 48228.0, 66.0, 6412.0, -634.0, 0.0, 3.0, 0.0, 0.0]
2025-08-29 14:39:57,278 - INFO - [342.94, -3.06, -2.94, 342.94, -3.06, -2.94, 342.94, -3.06, -2.94, 90.0, 0.0, 48228.0, 64.0, 6412.0, -722.0, 0.0, 3.0, 0.0, 0.0]
2025-08-29 14:39:57,279 - WARNING - Close to the right wall!
2025-08-29 14:39:57,401 - INFO - [340.69, -3.06, -2.88, 340.69, -3.06, -2.88, 340.69, -3.06, -2.88, 90.0, 0.0, 48228.0, 64.0, 6412.0, -798.0, 0.0, 3.0, 0.0, 0.0]
2025-08-29 14:39:57,402 - WARNING - Close to the right wall!
2025-08-29 14:39:57,525 - INFO - [338.75, -2.88, -2.81, 338.75, -2.88, -2.81, 338.75, -2.88, -2.81, 83.0, 237.0, 48228.0, 61.0, 6412.0, -865.0, 0.0, 3.0, 0.0, 0.0]
2025-08-29 14:39:57,649 - INFO - [336.75, -3.0, -2.88, 336.75, -3.0, -2.88, 336.75, -3.0, -2.88, 79.0, 0.0, 48228.0, 61.0, 6412.0, -945.0, 0.0, 3.0, 0.0, 0.0]
2025-08-29 14:39:57,650 - WARNING - Close to the right wall!
2025-08-29 14:39:57,773 - INFO - [334.5, -2.81, -2.88, 334.5, -2.81, -2.88, 334.5, -2.81, -2.88, 82.0, 0.0, 48228.0, 62.0, 6412.0, -1027.0, 0.0, 3.0, 0.0, 0.0]
2025-08-29 14:39:57,773 - WARNING - Close to the right wall!
2025-08-29 14:39:57,899 - INFO - [331.94, -2.63, -2.94, 331.94, -2.63, -2.94, 331.94, -2.63, -2.94, 85.0, 0.0, 48228.0, 61.0, 6412.0, -1113.0, 0.0, 3.0, 0.0, 0.0]
2025-08-29 14:39:57,899 - WARNING - Close to the right wall!
2025-08-29 14:39:58,024 - INFO - [330.81, -2.88, -3.0, 330.81, -2.88, -3.0, 330.81, -2.88, -3.0, 85.0, 0.0, 48228.0, 57.0, 6412.0, -1213.0, 0.0, 3.0, 0.0, 0.0]
2025-08-29 14:39:58,024 - WARNING - Close to the right wall!
2025-08-29 14:39:58,148 - INFO - [332.38, -3.19, -3.19, 332.38, -3.19, -3.19, 332.38, -3.19, -3.19, 77.0, 0.0, 48228.0, 54.0, 6412.0, -1321.0, 0.0, 3.0, 0.0, 0.0]
2025-08-29 14:39:58,148 - WARNING - Close to the right wall!
2025-08-29 14:39:58,273 - INFO - [335.25, -3.44, -3.06, 335.25, -3.44, -3.06, 335.25, -3.44, -3.06, 72.0, 0.0, 48228.0, 52.0, 6412.0, -1401.0, 0.0, 3.0, 0.0, 0.0]
2025-08-29 14:39:58,274 - WARNING - Close to the right wall!
2025-08-29 14:39:58,397 - INFO - [337.5, -3.5, -2.94, 337.5, -3.5, -2.94, 337.5, -3.5, -2.94, 65.0, 0.0, 48228.0, 54.0, 6412.0, -1465.0, 1.0, 3.0, 0.0, 0.0]
2025-08-29 14:39:58,397 - WARNING - Close to the right wall!
2025-08-29 14:39:58,522 - INFO - [339.88, -3.69, -3.0, 339.88, -3.69, -3.0, 339.88, -3.69, -3.0, 64.0, 0.0, 48228.0, 52.0, 6412.0, -1541.0, 1.0, 3.0, 0.0, 0.0]
2025-08-29 14:39:58,523 - WARNING - Close to the right wall!
2025-08-29 14:39:58,649 - INFO - [343.0, -3.81, -2.88, 343.0, -3.81, -2.88, 343.0, -3.81, -2.88, 58.0, 247.0, 48228.0, 52.0, 6412.0, -1627.0, 1.0, 3.0, 0.0, 0.0]
2025-08-29 14:39:58,772 - INFO - [346.38, -3.88, -2.81, 346.38, -3.88, -2.81, 346.38, -3.88, -2.81, 56.0, 247.0, 48228.0, 51.0, 6412.0, -1720.0, 1.0, 3.0, 0.0, 0.0]
2025-08-29 14:39:58,896 - INFO - [349.63, -4.06, -2.69, 349.63, -4.06, -2.69, 349.63, -4.06, -2.69, 53.0, 239.0, 48228.0, 53.0, 6412.0, -1817.0, 0.0, 3.0, 0.0, 0.0]
2025-08-29 14:39:59,020 - INFO - [352.63, -4.13, -2.75, 352.63, -4.13, -2.75, 352.63, -4.13, -2.75, 49.0, 234.0, 48228.0, 53.0, 6412.0, -1905.0, 0.0, 3.0, 0.0, 0.0]
2025-08-29 14:39:59,144 - INFO - [355.44, -4.25, -2.56, 355.44, -4.25, -2.56, 355.44, -4.25, -2.56, 47.0, 232.0, 48228.0, 54.0, 6412.0, -1983.0, 0.0, 3.0, 0.0, 0.0]
2025-08-29 14:39:59,270 - INFO - [357.63, -4.31, -2.44, 357.63, -4.31, -2.44, 357.63, -4.31, -2.44, 47.0, 230.0, 48228.0, 55.0, 6412.0, -2038.0, 0.0, 3.0, 0.0, 0.0]
2025-08-29 14:39:59,393 - INFO - [359.81, -4.44, -2.25, 359.81, -4.44, -2.25, 359.81, -4.44, -2.25, 43.0, 230.0, 48228.0, 55.0, 6412.0, -2101.0, 0.0, 3.0, 0.0, 0.0]
2025-08-29 14:39:59,518 - INFO - [2.69, -4.56, -2.25, 2.69, -4.56, -2.25, 2.69, -4.56, -2.25, 41.0, 218.0, 48228.0, 57.0, 6412.0, -2180.0, 0.0, 3.0, 0.0, 0.0]
2025-08-29 14:39:59,642 - INFO - [5.81, -4.56, -2.25, 5.81, -4.56, -2.25, 5.81, -4.56, -2.25, 40.0, 127.0, 48228.0, 58.0, 6412.0, -2267.0, 0.0, 3.0, 0.0, 0.0]
2025-08-29 14:39:59,767 - INFO - [9.0, -4.5, -2.13, 9.0, -4.5, -2.13, 9.0, -4.5, -2.13, 37.0, 174.0, 48228.0, 60.0, 6412.0, -2362.0, 0.0, 3.0, 0.0, 0.0]
2025-08-29 14:39:59,892 - INFO - [11.75, -4.56, -2.0, 11.75, -4.56, -2.0, 11.75, -4.56, -2.0, 35.0, 171.0, 48228.0, 62.0, 6412.0, -2457.0, 0.0, 3.0, 0.0, 0.0]
2025-08-29 14:40:00,015 - INFO - [14.56, -4.75, -1.88, 14.56, -4.75, -1.88, 14.56, -4.75, -1.88, 33.0, 55.0, 48228.0, 65.0, 6412.0, -2539.0, 0.0, 3.0, 0.0, 0.0]
2025-08-29 14:40:00,139 - INFO - [17.13, -4.81, -1.81, 17.13, -4.81, -1.81, 17.13, -4.81, -1.81, 31.0, 20.0, 48228.0, 66.0, 6412.0, -2611.0, 0.0, 3.0, 0.0, 0.0]
2025-08-29 14:40:00,265 - INFO - [19.13, -4.81, -1.56, 19.13, -4.81, -1.56, 19.13, -4.81, -1.56, 30.0, 19.0, 48228.0, 68.0, 6412.0, -2666.0, 0.0, 3.0, 0.0, 0.0]
2025-08-29 14:40:00,389 - INFO - [21.69, -4.94, -1.69, 21.69, -4.94, -1.69, 21.69, -4.94, -1.69, 29.0, 18.0, 48228.0, 71.0, 6412.0, -2738.0, 0.0, 3.0, 0.0, 0.0]
2025-08-29 14:40:00,514 - INFO - [24.75, -5.0, -1.63, 24.75, -5.0, -1.63, 24.75, -5.0, -1.63, 26.0, 16.0, 48228.0, 51.0, 6412.0, -2821.0, 0.0, 3.0, 0.0, 0.0]
2025-08-29 14:40:00,638 - INFO - [28.06, -5.0, -1.56, 28.06, -5.0, -1.56, 28.06, -5.0, -1.56, 23.0, 14.0, 48228.0, 42.0, 6412.0, -2912.0, 0.0, 3.0, 0.0, 0.0]
2025-08-29 14:40:00,766 - INFO - [31.75, -4.88, -1.88, 31.75, -4.88, -1.88, 31.75, -4.88, -1.88, 24.0, 15.0, 48228.0, 27.0, 6412.0, -3010.0, 0.0, 3.0, 0.0, 0.0]
2025-08-29 14:40:00,891 - INFO - [34.44, -5.06, -1.81, 34.44, -5.06, -1.81, 34.44, -5.06, -1.81, 24.0, 14.0, 48228.0, 30.0, 6412.0, -3102.0, 0.0, 3.0, 0.0, 0.0]
2025-08-29 14:40:01,014 - INFO - [36.63, -5.13, -1.56, 36.63, -5.13, -1.56, 36.63, -5.13, -1.56, 22.0, 102.0, 48228.0, 26.0, 6412.0, -3187.0, 0.0, 3.0, 0.0, 0.0]
2025-08-29 14:40:01,141 - INFO - [38.88, -5.06, -1.44, 38.88, -5.06, -1.44, 38.88, -5.06, -1.44, 22.0, 111.0, 48228.0, 20.0, 6412.0, -3252.0, 0.0, 3.0, 0.0, 0.0]
2025-08-29 14:40:01,263 - INFO - [41.38, -5.19, -1.25, 41.38, -5.19, -1.25, 41.38, -5.19, -1.25, 20.0, 111.0, 48228.0, 0.0, 6412.0, -3316.0, 0.0, 3.0, 0.0, 0.0]
2025-08-29 14:40:01,263 - WARNING - Close to the left wall!
2025-08-29 14:40:01,388 - INFO - [44.38, -5.31, -1.44, 44.38, -5.31, -1.44, 44.38, -5.31, -1.44, 21.0, 93.0, 48228.0, 12.0, 6412.0, -3399.0, 0.0, 3.0, 0.0, 0.0]
2025-08-29 14:40:01,511 - INFO - [47.69, -5.19, -1.63, 47.69, -5.19, -1.63, 47.69, -5.19, -1.63, 25.0, 98.0, 48228.0, 4.0, 6412.0, -3488.0, 0.0, 3.0, 0.0, 0.0]
2025-08-29 14:40:01,512 - WARNING - Close to the left wall!
2025-08-29 14:40:01,635 - INFO - [51.44, -5.06, -1.5, 51.44, -5.06, -1.5, 51.44, -5.06, -1.5, 24.0, 95.0, 48228.0, 7.0, 6412.0, -3582.0, 0.0, 3.0, 0.0, 0.0]
2025-08-29 14:40:01,635 - WARNING - Close to the left wall!
2025-08-29 14:40:01,760 - INFO - [54.56, -5.13, -1.38, 54.56, -5.13, -1.38, 54.56, -5.13, -1.38, 24.0, 93.0, 48228.0, 11.0, 6412.0, -3678.0, 0.0, 3.0, 0.0, 0.0]
2025-08-29 14:40:01,883 - INFO - [57.25, -5.19, -1.25, 57.25, -5.19, -1.25, 57.25, -5.19, -1.25, 27.0, 94.0, 48228.0, 0.0, 6412.0, -3761.0, 0.0, 3.0, 0.0, 0.0]
2025-08-29 14:40:01,883 - WARNING - Close to the left wall!
2025-08-29 14:40:02,007 - INFO - [59.63, -5.25, -1.13, 59.63, -5.25, -1.13, 59.63, -5.25, -1.13, 28.0, 90.0, 48228.0, 6.0, 6412.0, -3838.0, 0.0, 3.0, 0.0, 0.0]
2025-08-29 14:40:02,008 - WARNING - Close to the left wall!
2025-08-29 14:40:02,134 - INFO - [61.56, -5.25, -0.88, 61.56, -5.25, -0.88, 61.56, -5.25, -0.88, 31.0, 84.0, 48228.0, 5.0, 6412.0, -3899.0, 0.0, 3.0, 0.0, 0.0]
2025-08-29 14:40:02,134 - WARNING - Close to the left wall!
2025-08-29 14:40:02,256 - INFO - [64.38, -5.31, -0.81, 64.38, -5.31, -0.81, 64.38, -5.31, -0.81, 34.0, 88.0, 48228.0, 0.0, 6412.0, -3975.0, 0.0, 3.0, 0.0, 0.0]
2025-08-29 14:40:02,257 - WARNING - Close to the left wall!
2025-08-29 14:40:02,381 - INFO - [67.5, -5.31, -0.75, 67.5, -5.31, -0.75, 67.5, -5.31, -0.75, 38.0, 81.0, 48228.0, 4.0, 6412.0, -4064.0, 0.0, 3.0, 0.0, 0.0]
2025-08-29 14:40:02,382 - WARNING - Close to the left wall!
2025-08-29 14:40:02,505 - INFO - [71.0, -5.38, -0.5, 71.0, -5.38, -0.5, 71.0, -5.38, -0.5, 48.0, 84.0, 48228.0, 2.0, 6412.0, -4159.0, 0.0, 3.0, 0.0, 0.0]
2025-08-29 14:40:02,505 - WARNING - Close to the left wall!
2025-08-29 14:40:02,629 - INFO - [74.75, -5.25, -0.31, 74.75, -5.25, -0.31, 74.75, -5.25, -0.31, 65.0, 79.0, 48228.0, 12.0, 6412.0, -4257.0, 0.0, 3.0, 0.0, 0.0]
2025-08-29 14:40:02,754 - INFO - [77.56, -5.25, -0.31, 77.56, -5.25, -0.31, 77.56, -5.25, -0.31, 98.0, 79.0, 48228.0, 10.0, 6412.0, -4348.0, 0.0, 3.0, 0.0, 0.0]
2025-08-29 14:40:02,878 - INFO - [80.56, -5.38, 0.0, 80.56, -5.38, 0.0, 80.56, -5.38, 0.0, 160.0, 77.0, 48228.0, 12.0, 6412.0, -4428.0, 0.0, 3.0, 0.0, 0.0]
2025-08-29 14:40:02,895 - INFO - Turn completed
2025-08-29 14:40:03,002 - INFO - [82.81, -5.19, 0.0, 82.81, -5.19, 0.0, 82.81, -5.19, 0.0, 172.0, 77.0, 48228.0, 12.0, 6412.0, -4492.0, 0.0, 3.0, 0.0, 0.0]
2025-08-29 14:40:03,127 - INFO - [85.06, -5.13, 0.25, 85.06, -5.13, 0.25, 85.06, -5.13, 0.25, 168.0, 76.0, 48228.0, 13.0, 6412.0, -4551.0, 0.0, 3.0, 0.0, 0.0]
2025-08-29 14:40:03,251 - INFO - [87.06, -5.06, 0.25, 87.06, -5.06, 0.25, 87.06, -5.06, 0.25, 167.0, 75.0, 48228.0, 14.0, 6412.0, -4532.0, 0.0, 3.0, 0.0, 0.0]
2025-08-29 14:40:03,376 - INFO - [85.75, -5.0, 0.25, 85.75, -5.0, 0.25, 85.75, -5.0, 0.25, 170.0, 76.0, 48228.0, 13.0, 6412.0, -4470.0, 0.0, 3.0, 0.0, 0.0]
2025-08-29 14:40:03,501 - INFO - [85.06, -5.13, 0.19, 85.06, -5.13, 0.19, 85.06, -5.13, 0.19, 172.0, 76.0, 48228.0, 13.0, 6412.0, -4393.0, 0.0, 3.0, 0.0, 0.0]
2025-08-29 14:40:03,626 - INFO - [84.69, -4.63, -0.25, 84.69, -4.63, -0.25, 84.69, -4.63, -0.25, 175.0, 76.0, 48228.0, 12.0, 6412.0, -4304.0, 0.0, 3.0, 0.0, 0.0]
2025-08-29 14:40:03,751 - INFO - [84.31, -4.44, -0.5, 84.31, -4.44, -0.5, 84.31, -4.44, -0.5, 179.0, 76.0, 48228.0, 13.0, 6412.0, -4188.0, 0.0, 3.0, 0.0, 0.0]
2025-08-29 14:40:03,876 - INFO - [83.88, -4.19, -0.69, 83.88, -4.19, -0.69, 83.88, -4.19, -0.69, 183.0, 76.0, 48228.0, 13.0, 6412.0, -4060.0, 0.0, 3.0, 0.0, 0.0]
2025-08-29 14:40:03,876 - INFO - Going back
2025-08-29 14:40:04,001 - INFO - [83.5, -4.19, -0.88, 83.5, -4.19, -0.88, 83.5, -4.19, -0.88, 189.0, 75.0, 48228.0, 13.0, 6412.0, -3928.0, 0.0, 3.0, 0.0, 0.0]
2025-08-29 14:40:04,052 - INFO - Camera stopped
2025-08-29 14:40:05,662 - INFO - Camera closed successfully.
