2025-08-29 19:47:11,341 - INFO - Camera configuration has been adjusted!
2025-08-29 19:47:11,343 - INFO - Configuration successful!
2025-08-29 19:47:12,864 - INFO - Camera started
2025-08-29 19:47:12,925 - INFO - [0.13, -3.69, -2.56, 0.13, -3.69, -2.56, 0.13, -3.69, -2.56, 103.0, 14.0, 157.0, 73.0, 0.0, -4875.0, 0.0, 3.0, 0.0, 0.0, 0.0, 90.0, 0.0, 1.0]
2025-08-29 19:47:13,659 - INFO - [0.13, -3.69, -2.56, 0.13, -3.69, -2.56, 0.13, -3.69, -2.56, 103.0, 13.0, 156.0, 73.0, 0.0, -4875.0, 0.0, 3.0, 0.0, 0.0, 0.0, 90.0, 0.0, 1.0]
2025-08-29 19:47:13,906 - INFO - [0.13, -3.69, -2.56, 0.13, -3.69, -2.56, 0.13, -3.69, -2.56, 103.0, 14.0, 158.0, 73.0, 0.0, -4875.0, 0.0, 3.0, 0.0, 0.0, 200.0, 15.0, 0.0, 1.0]
2025-08-29 19:47:14,151 - INFO - [0.13, -3.69, -2.5, 0.13, -3.69, -2.5, 0.13, -3.69, -2.5, 103.0, 15.0, 147.0, 45.0, 0.0, -4947.0, 0.0, 3.0, 0.0, 0.0, 200.0, 15.0, 0.0, 1.0]
2025-08-29 19:47:14,397 - INFO - [357.94, -3.56, -2.44, 357.94, -3.56, -2.44, 357.94, -3.56, -2.44, 98.0, 215.0, 146.0, 11.0, 0.0, -5100.0, 0.0, 3.0, 0.0, 0.0, 200.0, 15.0, 0.0, 1.0]
2025-08-29 19:47:14,644 - INFO - [354.25, -3.38, -2.5, 354.25, -3.38, -2.5, 354.25, -3.38, -2.5, 93.0, 220.0, 138.0, 69.0, 0.0, -5256.0, 0.0, 3.0, 0.0, 0.0, 200.0, 15.0, 0.0, 1.0]
2025-08-29 19:47:14,890 - INFO - [350.25, -3.31, -2.56, 350.25, -3.31, -2.56, 350.25, -3.31, -2.56, 89.0, 229.0, 118.0, 51.0, 0.0, -5410.0, 0.0, 3.0, 0.0, 0.0, 200.0, 15.0, 0.0, 1.0]
2025-08-29 19:47:15,137 - INFO - [346.63, -3.19, -2.69, 346.63, -3.19, -2.69, 346.63, -3.19, -2.69, 85.0, 227.0, 79.0, 48.0, 0.0, -5564.0, 0.0, 3.0, 0.0, 0.0, 200.0, 15.0, 0.0, 1.0]
2025-08-29 19:47:15,384 - INFO - [343.13, -3.0, -2.56, 343.13, -3.0, -2.56, 343.13, -3.0, -2.56, 84.0, 127.0, 67.0, 48.0, 0.0, -5705.0, 0.0, 3.0, 0.0, 0.0, 200.0, 15.0, 0.0, 1.0]
2025-08-29 19:47:15,629 - INFO - [339.75, -2.94, -2.5, 339.75, -2.94, -2.5, 339.75, -2.94, -2.5, 80.0, 130.0, 60.0, 50.0, 0.0, -5853.0, 0.0, 3.0, 0.0, 0.0, 200.0, 15.0, 0.0, 1.0]
2025-08-29 19:47:15,875 - INFO - [335.75, -2.81, -2.56, 335.75, -2.81, -2.56, 335.75, -2.81, -2.56, 79.0, 28.0, 56.0, 51.0, 0.0, -5997.0, 0.0, 3.0, 0.0, 0.0, 200.0, 165.0, 0.0, 1.0]
2025-08-29 19:47:16,123 - INFO - [332.44, -2.81, -2.69, 332.44, -2.81, -2.69, 332.44, -2.81, -2.69, 70.0, 146.0, 55.0, 52.0, 0.0, -6147.0, 0.0, 3.0, 0.0, 0.0, 200.0, 165.0, 0.0, 1.0]
2025-08-29 19:47:16,367 - INFO - [332.38, -2.75, -2.69, 332.38, -2.75, -2.69, 332.38, -2.75, -2.69, 72.0, 139.0, 60.0, 56.0, 0.0, -6313.0, 0.0, 3.0, 0.0, 0.0, 200.0, 165.0, 0.0, 1.0]
2025-08-29 19:47:16,614 - INFO - [338.94, -3.13, -2.75, 338.94, -3.13, -2.75, 338.94, -3.13, -2.75, 62.0, 174.0, 86.0, 55.0, 0.0, -6488.0, 0.0, 3.0, 0.0, 0.0, 200.0, 165.0, 0.0, 1.0]
2025-08-29 19:47:16,860 - INFO - [345.0, -3.31, -2.69, 345.0, -3.31, -2.69, 345.0, -3.31, -2.69, 52.0, 250.0, 119.0, 53.0, 0.0, -6640.0, 0.0, 3.0, 0.0, 0.0, 200.0, 165.0, 0.0, 1.0]
2025-08-29 19:47:17,107 - INFO - [348.88, -3.5, -2.5, 348.88, -3.5, -2.5, 348.88, -3.5, -2.5, 47.0, 239.0, 138.0, 53.0, 0.0, -6766.0, 0.0, 3.0, 0.0, 0.0, 200.0, 165.0, 0.0, 1.0]
2025-08-29 19:47:17,354 - INFO - [352.19, -3.69, -2.31, 352.19, -3.69, -2.31, 352.19, -3.69, -2.31, 43.0, 236.0, 131.0, 54.0, 0.0, -6888.0, 0.0, 3.0, 0.0, 0.0, 200.0, 165.0, 0.0, 1.0]
2025-08-29 19:47:17,600 - INFO - [357.5, -3.75, -2.38, 357.5, -3.75, -2.38, 357.5, -3.75, -2.38, 40.0, 130.0, 153.0, 56.0, 0.0, -7060.0, 0.0, 3.0, 0.0, 0.0, 200.0, 165.0, 0.0, 1.0]
2025-08-29 19:47:17,846 - INFO - [4.0, -4.0, -2.19, 4.0, -4.0, -2.19, 4.0, -4.0, -2.19, 36.0, 231.0, 39.0, 59.0, 0.0, -7236.0, 0.0, 3.0, 0.0, 0.0, 200.0, 165.0, 0.0, 1.0]
2025-08-29 19:47:18,092 - INFO - [9.19, -4.19, -2.19, 9.19, -4.19, -2.19, 9.19, -4.19, -2.19, 28.0, 232.0, 89.0, 60.0, 0.0, -7380.0, 0.0, 3.0, 0.0, 0.0, 200.0, 165.0, 0.0, 1.0]
2025-08-29 19:47:18,337 - INFO - [12.88, -4.25, -1.94, 12.88, -4.25, -1.94, 12.88, -4.25, -1.94, 26.0, 0.0, 144.0, 63.0, 0.0, -7500.0, 0.0, 3.0, 0.0, 0.0, 200.0, 165.0, 0.0, 1.0]
2025-08-29 19:47:18,337 - WARNING - Close to the right wall!
2025-08-29 19:47:18,582 - INFO - [17.81, -4.38, -1.81, 17.81, -4.38, -1.81, 17.81, -4.38, -1.81, 23.0, 0.0, 114.0, 69.0, 0.0, -7646.0, 0.0, 3.0, 0.0, 0.0, 200.0, 165.0, 0.0, 1.0]
2025-08-29 19:47:18,583 - WARNING - Close to the right wall!
2025-08-29 19:47:18,827 - INFO - [23.19, -4.38, -1.5, 23.19, -4.38, -1.5, 23.19, -4.38, -1.5, 21.0, 0.0, 114.0, 38.0, 0.0, -7796.0, 0.0, 3.0, 0.0, 0.0, 200.0, 165.0, 0.0, 1.0]
2025-08-29 19:47:18,828 - WARNING - Close to the right wall!
2025-08-29 19:47:19,073 - INFO - [27.69, -4.38, -1.56, 27.69, -4.38, -1.56, 27.69, -4.38, -1.56, 19.0, 0.0, 113.0, 27.0, 0.0, -7944.0, 0.0, 3.0, 0.0, 0.0, 200.0, 165.0, 0.0, 1.0]
2025-08-29 19:47:19,074 - WARNING - Close to the right wall!
2025-08-29 19:47:19,320 - INFO - [32.06, -4.5, -1.19, 32.06, -4.5, -1.19, 32.06, -4.5, -1.19, 24.0, 0.0, 121.0, 5.0, 0.0, -8049.0, 0.0, 3.0, 0.0, 0.0, 200.0, 165.0, 0.0, 1.0]
2025-08-29 19:47:19,320 - WARNING - Close to the left wall!
2025-08-29 19:47:19,564 - INFO - [36.63, -4.5, -1.25, 36.63, -4.5, -1.25, 36.63, -4.5, -1.25, 0.0, 126.0, 85.0, 0.0, 0.0, -8201.0, 0.0, 3.0, 0.0, 0.0, 200.0, 165.0, 0.0, 1.0]
2025-08-29 19:47:19,565 - WARNING - Close to the left wall!
2025-08-29 19:47:19,810 - INFO - [42.81, -4.56, -0.94, 42.81, -4.56, -0.94, 42.81, -4.56, -0.94, 18.0, 122.0, 99.0, 0.0, 0.0, -8363.0, 0.0, 3.0, 0.0, 0.0, 200.0, 165.0, 0.0, 1.0]
2025-08-29 19:47:19,811 - WARNING - Close to the left wall!
2025-08-29 19:47:20,056 - INFO - [47.56, -4.5, -0.94, 47.56, -4.5, -0.94, 47.56, -4.5, -0.94, 0.0, 116.0, 104.0, 0.0, 0.0, -8513.0, 0.0, 3.0, 0.0, 0.0, 200.0, 165.0, 0.0, 1.0]
2025-08-29 19:47:20,057 - WARNING - Close to the left wall!
2025-08-29 19:47:20,302 - INFO - [51.44, -4.63, -0.63, 51.44, -4.63, -0.63, 51.44, -4.63, -0.63, 37.0, 110.0, 98.0, 0.0, 0.0, -8638.0, 0.0, 3.0, 0.0, 0.0, 200.0, 165.0, 0.0, 1.0]
2025-08-29 19:47:20,303 - WARNING - Close to the left wall!
2025-08-29 19:47:20,548 - INFO - [55.94, -4.63, -0.56, 55.94, -4.63, -0.56, 55.94, -4.63, -0.56, 6.0, 108.0, 96.0, 0.0, 0.0, -8781.0, 0.0, 3.0, 0.0, 0.0, 200.0, 165.0, 0.0, 1.0]
2025-08-29 19:47:20,548 - WARNING - Close to the left wall!
2025-08-29 19:47:20,793 - INFO - [61.81, -4.5, -0.5, 61.81, -4.5, -0.5, 61.81, -4.5, -0.5, 27.0, 100.0, 97.0, 0.0, 0.0, -8944.0, 0.0, 3.0, 0.0, 0.0, 200.0, 165.0, 0.0, 1.0]
2025-08-29 19:47:20,793 - WARNING - Close to the left wall!
2025-08-29 19:47:21,038 - INFO - [67.94, -4.5, -0.56, 67.94, -4.5, -0.56, 67.94, -4.5, -0.56, 20.0, 96.0, 95.0, 0.0, 0.0, -9098.0, 0.0, 3.0, 0.0, 0.0, 200.0, 165.0, 0.0, 1.0]
2025-08-29 19:47:21,038 - WARNING - Close to the left wall!
2025-08-29 19:47:21,284 - INFO - [72.06, -4.5, -0.56, 72.06, -4.5, -0.56, 72.06, -4.5, -0.56, 13.0, 91.0, 99.0, 0.0, 0.0, -9233.0, 0.0, 3.0, 0.0, 0.0, 200.0, 165.0, 0.0, 1.0]
2025-08-29 19:47:21,284 - WARNING - Close to the left wall!
2025-08-29 19:47:21,529 - INFO - [76.31, -4.5, -0.25, 76.31, -4.5, -0.25, 76.31, -4.5, -0.25, 27.0, 89.0, 99.0, 0.0, 0.0, -9377.0, 0.0, 3.0, 0.0, 0.0, 200.0, 165.0, 0.0, 1.0]
2025-08-29 19:47:21,529 - WARNING - Close to the left wall!
2025-08-29 19:47:21,775 - INFO - [82.0, -4.38, -0.13, 82.0, -4.38, -0.13, 82.0, -4.38, -0.13, 71.0, 86.0, 102.0, 0.0, 0.0, -9543.0, 0.0, 3.0, 0.0, 0.0, 200.0, 165.0, 0.0, 1.0]
2025-08-29 19:47:21,775 - WARNING - Close to the left wall!
2025-08-29 19:47:21,792 - INFO - Turn completed
2025-08-29 19:47:21,793 - INFO - Not going back
2025-08-29 19:47:22,020 - INFO - [87.94, -4.38, 0.06, 87.94, -4.38, 0.06, 87.94, -4.38, 0.06, 169.0, 84.0, 108.0, 7.0, 0.0, -9702.0, 0.0, 3.0, 0.0, 0.0, 200.0, 165.0, 0.0, 1.0]
2025-08-29 19:47:22,020 - WARNING - Close to the left wall!
2025-08-29 19:47:22,058 - INFO - Camera stopped
2025-08-29 19:47:23,871 - INFO - Camera closed successfully.
