2025-08-29 15:45:03,450 - INFO - Camera configuration has been adjusted!
2025-08-29 15:45:03,452 - INFO - Configuration successful!
2025-08-29 15:45:04,975 - INFO - Camera started
2025-08-29 15:45:05,029 - INFO - [359.88, -3.75, -3.0, 359.88, -3.75, -3.0, 359.88, -3.75, -3.0, 107.0, 72.0, 48228.0, 17.0, 0.0, 0.0, 0.0, 3.0, 0.0, 0.0]
2025-08-29 15:45:05,611 - INFO - [0.0, -3.81, -3.13, 0.0, -3.81, -3.13, 0.0, -3.81, -3.13, 107.0, 72.0, 48228.0, 17.0, 0.0, 0.0, 0.0, 3.0, 0.0, 0.0]
2025-08-29 15:45:05,850 - INFO - [0.0, -3.88, -3.13, 0.0, -3.88, -3.13, 0.0, -3.88, -3.13, 107.0, 72.0, 48228.0, 17.0, 0.0, -44.0, 0.0, 3.0, 0.0, 0.0]
2025-08-29 15:45:05,974 - INFO - [0.56, -4.0, -3.13, 0.56, -4.0, -3.13, 0.56, -4.0, -3.13, 104.0, 9.0, 48228.0, 17.0, 0.0, -118.0, 0.0, 3.0, 0.0, 0.0]
2025-08-29 15:45:05,974 - WARNING - Close to the right wall!
2025-08-29 15:45:06,098 - INFO - [3.0, -4.0, -3.06, 3.0, -4.0, -3.06, 3.0, -4.0, -3.06, 101.0, 8.0, 48228.0, 19.0, 0.0, -211.0, 0.0, 3.0, 0.0, 0.0]
2025-08-29 15:45:06,098 - WARNING - Close to the right wall!
2025-08-29 15:45:06,231 - INFO - [5.81, -4.13, -2.94, 5.81, -4.13, -2.94, 5.81, -4.13, -2.94, 99.0, 7.0, 48228.0, 18.0, 0.0, -310.0, 0.0, 3.0, 0.0, 0.0]
2025-08-29 15:45:06,233 - WARNING - Close to the right wall!
2025-08-29 15:45:06,348 - INFO - [8.56, -4.13, -3.06, 8.56, -4.13, -3.06, 8.56, -4.13, -3.06, 95.0, 67.0, 48228.0, 19.0, 0.0, -402.0, 0.0, 3.0, 0.0, 0.0]
2025-08-29 15:45:06,473 - INFO - [10.94, -4.19, -2.94, 10.94, -4.19, -2.94, 10.94, -4.19, -2.94, 95.0, 68.0, 48228.0, 22.0, 0.0, -486.0, 0.0, 3.0, 0.0, 0.0]
2025-08-29 15:45:06,596 - INFO - [13.19, -4.25, -2.75, 13.19, -4.25, -2.75, 13.19, -4.25, -2.75, 91.0, 67.0, 48228.0, 20.0, 0.0, -549.0, 0.0, 3.0, 0.0, 0.0]
2025-08-29 15:45:06,720 - INFO - [15.31, -4.44, -2.69, 15.31, -4.44, -2.69, 15.31, -4.44, -2.69, 91.0, 67.0, 48228.0, 22.0, 0.0, -620.0, 0.0, 3.0, 0.0, 0.0]
2025-08-29 15:45:06,846 - INFO - [17.88, -4.63, -2.75, 17.88, -4.63, -2.75, 17.88, -4.63, -2.75, 92.0, 66.0, 48228.0, 24.0, 0.0, -705.0, 0.0, 3.0, 0.0, 0.0]
2025-08-29 15:45:06,971 - INFO - [21.19, -4.69, -2.5, 21.19, -4.69, -2.5, 21.19, -4.69, -2.5, 99.0, 66.0, 48228.0, 27.0, 0.0, -796.0, 0.0, 3.0, 0.0, 0.0]
2025-08-29 15:45:07,096 - INFO - [24.0, -4.69, -2.38, 24.0, -4.69, -2.38, 24.0, -4.69, -2.38, 99.0, 66.0, 48228.0, 29.0, 0.0, -891.0, 0.0, 3.0, 0.0, 0.0]
2025-08-29 15:45:07,220 - INFO - [26.94, -4.75, -2.56, 26.94, -4.75, -2.56, 26.94, -4.75, -2.56, 97.0, 63.0, 48228.0, 31.0, 0.0, -979.0, 0.0, 3.0, 0.0, 0.0]
2025-08-29 15:45:07,345 - INFO - [29.44, -5.0, -2.31, 29.44, -5.0, -2.31, 29.44, -5.0, -2.31, 89.0, 63.0, 48228.0, 35.0, 0.0, -1062.0, 0.0, 3.0, 0.0, 0.0]
2025-08-29 15:45:07,469 - INFO - [31.81, -4.88, -2.25, 31.81, -4.88, -2.25, 31.81, -4.88, -2.25, 86.0, 60.0, 48228.0, 38.0, 0.0, -1126.0, 0.0, 3.0, 0.0, 0.0]
2025-08-29 15:45:07,594 - INFO - [33.75, -4.75, -2.13, 33.75, -4.75, -2.13, 33.75, -4.75, -2.13, 90.0, 62.0, 48228.0, 39.0, 0.0, -1179.0, 0.0, 3.0, 0.0, 0.0]
2025-08-29 15:45:07,717 - INFO - [36.25, -4.94, -2.13, 36.25, -4.94, -2.13, 36.25, -4.94, -2.13, 0.0, 65.0, 48228.0, 44.0, 0.0, -1253.0, 0.0, 3.0, 0.0, 0.0]
2025-08-29 15:45:07,718 - WARNING - Might crash, too close
2025-08-29 15:45:07,842 - INFO - [39.56, -5.0, -2.0, 39.56, -5.0, -2.0, 39.56, -5.0, -2.0, 0.0, 63.0, 48228.0, 48.0, 0.0, -1339.0, 0.0, 3.0, 0.0, 0.0]
2025-08-29 15:45:07,843 - WARNING - Might crash, too close
2025-08-29 15:45:07,966 - INFO - [43.19, -5.13, -1.81, 43.19, -5.13, -1.81, 43.19, -5.13, -1.81, 104.0, 63.0, 48228.0, 53.0, 0.0, -1431.0, 0.0, 3.0, 0.0, 0.0]
2025-08-29 15:45:08,091 - INFO - [46.5, -5.25, -1.81, 46.5, -5.25, -1.81, 46.5, -5.25, -1.81, 0.0, 64.0, 48228.0, 61.0, 0.0, -1526.0, 0.0, 3.0, 0.0, 0.0]
2025-08-29 15:45:08,091 - WARNING - Might crash, too close
2025-08-29 15:45:08,215 - INFO - [49.25, -5.06, -1.81, 49.25, -5.06, -1.81, 49.25, -5.06, -1.81, 0.0, 63.0, 48228.0, 68.0, 0.0, -1613.0, 0.0, 3.0, 0.0, 0.0]
2025-08-29 15:45:08,216 - WARNING - Might crash, too close
2025-08-29 15:45:08,342 - INFO - [51.63, -5.25, -1.5, 51.63, -5.25, -1.5, 51.63, -5.25, -1.5, 0.0, 62.0, 48228.0, 87.0, 0.0, -1694.0, 0.0, 3.0, 0.0, 0.0]
2025-08-29 15:45:08,343 - WARNING - Might crash, too close
2025-08-29 15:45:08,465 - INFO - [53.81, -5.19, -1.5, 53.81, -5.19, -1.5, 53.81, -5.19, -1.5, 114.0, 57.0, 48228.0, 64.0, 0.0, -1750.0, 0.0, 3.0, 0.0, 0.0]
2025-08-29 15:45:08,589 - INFO - [55.69, -5.06, -1.38, 55.69, -5.06, -1.38, 55.69, -5.06, -1.38, 130.0, 66.0, 48228.0, 56.0, 0.0, -1799.0, 0.0, 3.0, 0.0, 0.0]
2025-08-29 15:45:08,715 - INFO - [58.31, -5.19, -1.38, 58.31, -5.19, -1.38, 58.31, -5.19, -1.38, 134.0, 68.0, 48228.0, 70.0, 0.0, -1866.0, 0.0, 3.0, 0.0, 0.0]
2025-08-29 15:45:08,843 - INFO - [61.38, -5.13, -1.25, 61.38, -5.13, -1.25, 61.38, -5.13, -1.25, 160.0, 71.0, 48228.0, 58.0, 328.0, -1934.0, 0.0, 3.0, 0.0, 0.0]
2025-08-29 15:45:08,969 - INFO - [64.69, -5.0, -1.13, 64.69, -5.0, -1.13, 64.69, -5.0, -1.13, 156.0, 73.0, 48228.0, 67.0, 328.0, -2010.0, 0.0, 3.0, 0.0, 0.0]
2025-08-29 15:45:09,096 - INFO - [68.19, -5.13, -0.69, 68.19, -5.13, -0.69, 68.19, -5.13, -0.69, 26.0, 73.0, 48228.0, 60.0, 328.0, -2095.0, 0.0, 3.0, 0.0, 0.0]
2025-08-29 15:45:09,221 - INFO - [72.06, -5.13, -0.63, 72.06, -5.13, -0.63, 72.06, -5.13, -0.63, 25.0, 90.0, 48228.0, 62.0, 328.0, -2186.0, 0.0, 3.0, 0.0, 0.0]
2025-08-29 15:45:09,348 - INFO - [75.31, -5.19, -0.5, 75.31, -5.19, -0.5, 75.31, -5.19, -0.5, 24.0, 99.0, 48228.0, 64.0, 328.0, -2267.0, 0.0, 3.0, 0.0, 0.0]
2025-08-29 15:45:09,475 - INFO - [78.13, -5.19, -0.25, 78.13, -5.19, -0.25, 78.13, -5.19, -0.25, 227.0, 111.0, 48228.0, 64.0, 328.0, -2337.0, 0.0, 3.0, 0.0, 0.0]
2025-08-29 15:45:09,600 - INFO - [80.0, -5.25, -0.06, 80.0, -5.25, -0.06, 80.0, -5.25, -0.06, 228.0, 192.0, 48228.0, 64.0, 328.0, -2382.0, 0.0, 3.0, 0.0, 0.0]
2025-08-29 15:45:09,726 - INFO - [82.25, -5.38, 0.13, 82.25, -5.38, 0.13, 82.25, -5.38, 0.13, 226.0, 228.0, 48228.0, 65.0, 328.0, -2440.0, 0.0, 3.0, 0.0, 0.0]
2025-08-29 15:45:09,852 - INFO - [85.0, -5.25, 0.0, 85.0, -5.25, 0.0, 85.0, -5.25, 0.0, 219.0, 225.0, 48228.0, 65.0, 328.0, -2518.0, 0.0, 3.0, 0.0, 0.0]
2025-08-29 15:45:09,977 - INFO - [88.69, -5.25, 0.25, 88.69, -5.25, 0.25, 88.69, -5.25, 0.25, 215.0, 222.0, 48228.0, 68.0, 328.0, -2600.0, 0.0, 3.0, 0.0, 0.0]
2025-08-29 15:45:10,102 - INFO - [92.31, -5.06, 0.38, 92.31, -5.06, 0.38, 92.31, -5.06, 0.38, 214.0, 222.0, 48228.0, 69.0, 328.0, -2693.0, 0.0, 3.0, 0.0, 0.0]
2025-08-29 15:45:10,226 - INFO - [96.19, -5.0, 0.69, 96.19, -5.0, 0.69, 96.19, -5.0, 0.69, 215.0, 219.0, 48228.0, 70.0, 328.0, -2777.0, 0.0, 3.0, 0.0, 0.0]
2025-08-29 15:45:10,353 - INFO - [98.13, -5.0, 0.81, 98.13, -5.0, 0.81, 98.13, -5.0, 0.81, 212.0, 223.0, 48228.0, 71.0, 328.0, -2859.0, 0.0, 3.0, 0.0, 0.0]
2025-08-29 15:45:10,479 - INFO - [98.69, -5.13, 0.75, 98.69, -5.13, 0.75, 98.69, -5.13, 0.75, 211.0, 216.0, 48228.0, 11.0, 6412.0, -2954.0, 0.0, 3.0, 0.0, 0.0]
2025-08-29 15:45:10,605 - INFO - [98.75, -5.13, 0.69, 98.75, -5.13, 0.69, 98.75, -5.13, 0.69, 208.0, 220.0, 48228.0, 10.0, 6412.0, -3054.0, 0.0, 3.0, 0.0, 0.0]
2025-08-29 15:45:10,730 - INFO - [98.38, -5.06, 0.38, 98.38, -5.06, 0.38, 98.38, -5.06, 0.38, 203.0, 190.0, 48228.0, 71.0, 6412.0, -3171.0, 0.0, 3.0, 0.0, 0.0]
2025-08-29 15:45:10,856 - INFO - [97.5, -5.0, 0.44, 97.5, -5.0, 0.44, 97.5, -5.0, 0.44, 196.0, 17.0, 48228.0, 72.0, 6412.0, -3294.0, 0.0, 3.0, 0.0, 0.0]
2025-08-29 15:45:10,981 - INFO - [96.44, -5.06, 0.38, 96.44, -5.06, 0.38, 96.44, -5.06, 0.38, 190.0, 15.0, 48228.0, 72.0, 6412.0, -3416.0, 0.0, 3.0, 0.0, 0.0]
2025-08-29 15:45:11,016 - INFO - Camera stopped
2025-08-29 15:45:12,827 - INFO - Camera closed successfully.
