2025-08-29 11:22:01,123 - INFO - Camera configuration has been adjusted!
2025-08-29 11:22:01,126 - INFO - Configuration successful!
2025-08-29 11:22:02,648 - INFO - Camera started
2025-08-29 11:22:02,672 - INFO - [359.88, -3.5, -2.94, 359.88, -3.5, -2.94, 359.88, -3.5, -2.94, 103.0, 13.0, 48228.0, 75.0, 6412.0, 0.0, 0.0, 3.0, 0.0, 0.0]
2025-08-29 11:22:03,206 - INFO - [359.94, -3.56, -3.0, 359.94, -3.56, -3.0, 359.94, -3.56, -3.0, 104.0, 12.0, 48228.0, 75.0, 6412.0, 0.0, 0.0, 3.0, 0.0, 0.0]
2025-08-29 11:22:03,408 - INFO - [359.94, -3.56, -3.06, 359.94, -3.56, -3.06, 359.94, -3.56, -3.06, 104.0, 12.0, 48228.0, 74.0, 6412.0, -61.0, 0.0, 3.0, 0.0, 0.0]
2025-08-29 11:22:03,514 - INFO - [1.0, -3.69, -3.0, 1.0, -3.69, -3.0, 1.0, -3.69, -3.0, 102.0, 11.0, 48228.0, 14.0, 6412.0, -133.0, 0.0, 3.0, 0.0, 0.0]
2025-08-29 11:22:03,619 - INFO - [3.31, -3.81, -3.0, 3.31, -3.81, -3.0, 3.31, -3.81, -3.0, 97.0, 10.0, 48228.0, 14.0, 6412.0, -212.0, 0.0, 3.0, 0.0, 0.0]
2025-08-29 11:22:03,725 - INFO - [5.94, -4.06, -2.94, 5.94, -4.06, -2.94, 5.94, -4.06, -2.94, 94.0, 9.0, 48228.0, 75.0, 6412.0, -290.0, 0.0, 3.0, 0.0, 0.0]
2025-08-29 11:22:03,725 - WARNING - Close to the right wall!
2025-08-29 11:22:03,830 - INFO - [8.06, -4.13, -2.88, 8.06, -4.13, -2.88, 8.06, -4.13, -2.88, 95.0, 14.0, 48228.0, 79.0, 6412.0, -363.0, 0.0, 3.0, 0.0, 0.0]
2025-08-29 11:22:03,935 - INFO - [10.31, -4.13, -2.81, 10.31, -4.13, -2.81, 10.31, -4.13, -2.81, 89.0, 20.0, 48228.0, 79.0, 6412.0, -431.0, 0.0, 3.0, 0.0, 0.0]
2025-08-29 11:22:04,039 - INFO - [12.56, -4.06, -2.81, 12.56, -4.06, -2.81, 12.56, -4.06, -2.81, 58.0, 23.0, 48228.0, 83.0, 6412.0, -498.0, 0.0, 3.0, 0.0, 0.0]
2025-08-29 11:22:04,095 - INFO - [13.88, -4.13, -2.88, 13.88, -4.13, -2.88, 13.88, -4.13, -2.88, 27.0, 26.0, 48228.0, 85.0, 6412.0, -534.0, 0.0, 3.0, 0.0, 0.0]
2025-08-29 11:22:04,152 - INFO - [14.81, -4.19, -2.75, 14.81, -4.19, -2.75, 14.81, -4.19, -2.75, 24.0, 27.0, 48228.0, 84.0, 6412.0, -572.0, 0.0, 3.0, 0.0, 0.0]
2025-08-29 11:22:04,213 - INFO - [16.25, -4.31, -2.5, 16.25, -4.31, -2.5, 16.25, -4.31, -2.5, 24.0, 27.0, 48228.0, 87.0, 6412.0, -612.0, 0.0, 3.0, 0.0, 0.0]
2025-08-29 11:22:04,364 - INFO - [20.38, -4.38, -2.38, 20.38, -4.38, -2.38, 20.38, -4.38, -2.38, 22.0, 29.0, 48228.0, 88.0, 6412.0, -727.0, 0.0, 3.0, 0.0, 0.0]
2025-08-29 11:22:04,472 - INFO - [23.19, -4.38, -2.25, 23.19, -4.38, -2.25, 23.19, -4.38, -2.25, 91.0, 27.0, 48228.0, 90.0, 6412.0, -811.0, 0.0, 3.0, 0.0, 0.0]
2025-08-29 11:22:04,576 - INFO - [26.19, -4.56, -2.06, 26.19, -4.56, -2.06, 26.19, -4.56, -2.06, 88.0, 29.0, 48228.0, 98.0, 6412.0, -889.0, 0.0, 3.0, 0.0, 0.0]
2025-08-29 11:22:04,683 - INFO - [28.38, -4.63, -1.94, 28.38, -4.63, -1.94, 28.38, -4.63, -1.94, 89.0, 29.0, 48228.0, 101.0, 6412.0, -961.0, 0.0, 3.0, 0.0, 0.0]
2025-08-29 11:22:04,787 - INFO - [30.56, -4.63, -2.0, 30.56, -4.63, -2.0, 30.56, -4.63, -2.0, 80.0, 29.0, 48228.0, 105.0, 6412.0, -1030.0, 0.0, 3.0, 0.0, 0.0]
2025-08-29 11:22:04,892 - INFO - [32.38, -4.5, -1.88, 32.38, -4.5, -1.88, 32.38, -4.5, -1.88, 93.0, 29.0, 48228.0, 114.0, 6412.0, -1107.0, 0.0, 3.0, 0.0, 0.0]
2025-08-29 11:22:04,995 - INFO - [34.56, -4.56, -1.94, 34.56, -4.56, -1.94, 34.56, -4.56, -1.94, 92.0, 31.0, 48228.0, 122.0, 6412.0, -1168.0, 0.0, 3.0, 0.0, 0.0]
2025-08-29 11:22:05,099 - INFO - [36.63, -4.63, -1.63, 36.63, -4.63, -1.63, 36.63, -4.63, -1.63, 102.0, 29.0, 48228.0, 115.0, 6412.0, -1237.0, 0.0, 3.0, 0.0, 0.0]
2025-08-29 11:22:05,204 - INFO - [38.94, -4.75, -1.38, 38.94, -4.75, -1.38, 38.94, -4.75, -1.38, 95.0, 30.0, 48228.0, 111.0, 6412.0, -1309.0, 0.0, 3.0, 0.0, 0.0]
2025-08-29 11:22:05,309 - INFO - [41.38, -4.75, -1.25, 41.38, -4.75, -1.25, 41.38, -4.75, -1.25, 96.0, 30.0, 48228.0, 24.0, 328.0, -1391.0, 0.0, 3.0, 0.0, 0.0]
2025-08-29 11:22:05,367 - INFO - [43.13, -4.75, -1.31, 43.13, -4.75, -1.31, 43.13, -4.75, -1.31, 95.0, 29.0, 48228.0, 12.0, 328.0, -1436.0, 0.0, 3.0, 0.0, 0.0]
2025-08-29 11:22:05,425 - INFO - [44.88, -4.81, -1.25, 44.88, -4.81, -1.25, 44.88, -4.81, -1.25, 103.0, 29.0, 48228.0, 11.0, 328.0, -1481.0, 0.0, 3.0, 0.0, 0.0]
2025-08-29 11:22:05,530 - INFO - [47.56, -4.81, -1.19, 47.56, -4.81, -1.19, 47.56, -4.81, -1.19, 104.0, 28.0, 48228.0, 12.0, 328.0, -1559.0, 0.0, 3.0, 0.0, 0.0]
2025-08-29 11:22:05,588 - INFO - [48.81, -4.94, -1.0, 48.81, -4.94, -1.0, 48.81, -4.94, -1.0, 117.0, 28.0, 48228.0, 14.0, 328.0, -1598.0, 0.0, 3.0, 0.0, 0.0]
2025-08-29 11:22:05,692 - INFO - [51.13, -4.88, -1.0, 51.13, -4.88, -1.0, 51.13, -4.88, -1.0, 111.0, 28.0, 48228.0, 72.0, 328.0, -1666.0, 0.0, 3.0, 0.0, 0.0]
2025-08-29 11:22:05,797 - INFO - [53.69, -4.69, -0.88, 53.69, -4.69, -0.88, 53.69, -4.69, -0.88, 117.0, 28.0, 48228.0, 69.0, 328.0, -1736.0, 0.0, 3.0, 0.0, 0.0]
2025-08-29 11:22:05,901 - INFO - [56.0, -4.75, -0.88, 56.0, -4.75, -0.88, 56.0, -4.75, -0.88, 126.0, 27.0, 48228.0, 62.0, 328.0, -1804.0, 0.0, 3.0, 0.0, 0.0]
2025-08-29 11:22:06,006 - INFO - [58.56, -4.94, -0.56, 58.56, -4.94, -0.56, 58.56, -4.94, -0.56, 160.0, 27.0, 48228.0, 64.0, 328.0, -1877.0, 0.0, 3.0, 0.0, 0.0]
2025-08-29 11:22:06,110 - INFO - [60.75, -4.94, -0.44, 60.75, -4.94, -0.44, 60.75, -4.94, -0.44, 286.0, 26.0, 48228.0, 65.0, 328.0, -1955.0, 0.0, 3.0, 0.0, 0.0]
2025-08-29 11:22:06,168 - INFO - [62.44, -4.88, -0.25, 62.44, -4.88, -0.25, 62.44, -4.88, -0.25, 271.0, 26.0, 48228.0, 63.0, 328.0, -2001.0, 0.0, 3.0, 0.0, 0.0]
2025-08-29 11:22:06,226 - INFO - [64.06, -4.81, -0.25, 64.06, -4.81, -0.25, 64.06, -4.81, -0.25, 69.0, 25.0, 48228.0, 64.0, 328.0, -2048.0, 0.0, 3.0, 0.0, 0.0]
2025-08-29 11:22:06,283 - INFO - [65.25, -4.88, -0.19, 65.25, -4.88, -0.19, 65.25, -4.88, -0.19, 66.0, 25.0, 48228.0, 62.0, 6412.0, -2093.0, 0.0, 3.0, 0.0, 0.0]
2025-08-29 11:22:06,301 - INFO - Turn completed
2025-08-29 11:22:06,341 - INFO - [66.69, -4.88, -0.13, 66.69, -4.88, -0.13, 66.69, -4.88, -0.13, 66.0, 25.0, 48228.0, 65.0, 6412.0, -2135.0, 0.0, 3.0, 0.0, 0.0]
2025-08-29 11:22:06,398 - INFO - [68.25, -4.94, -0.06, 68.25, -4.94, -0.06, 68.25, -4.94, -0.06, 222.0, 24.0, 48228.0, 64.0, 6412.0, -2168.0, 0.0, 3.0, 0.0, 0.0]
2025-08-29 11:22:06,455 - INFO - [69.69, -4.88, 0.0, 69.69, -4.88, 0.0, 69.69, -4.88, 0.0, 226.0, 23.0, 48228.0, 62.0, 6412.0, -2130.0, 0.0, 3.0, 0.0, 0.0]
2025-08-29 11:22:06,513 - INFO - [70.44, -4.81, 0.0, 70.44, -4.81, 0.0, 70.44, -4.81, 0.0, 228.0, 24.0, 48228.0, 62.0, 6412.0, -2069.0, 0.0, 3.0, 0.0, 0.0]
2025-08-29 11:22:06,571 - INFO - [70.88, -4.88, 0.0, 70.88, -4.88, 0.0, 70.88, -4.88, 0.0, 227.0, 24.0, 48228.0, 63.0, 809.0, -2000.0, 0.0, 3.0, 0.0, 0.0]
2025-08-29 11:22:06,629 - INFO - [70.88, -4.88, 0.06, 70.88, -4.88, 0.06, 70.88, -4.88, 0.06, 226.0, 24.0, 48228.0, 64.0, 809.0, -1930.0, 0.0, 3.0, 0.0, 0.0]
2025-08-29 11:22:06,686 - INFO - [70.81, -4.75, 0.13, 70.81, -4.75, 0.13, 70.81, -4.75, 0.13, 227.0, 24.0, 48228.0, 62.0, 809.0, -1884.0, 0.0, 3.0, 0.0, 0.0]
2025-08-29 11:22:06,744 - INFO - [70.63, -4.88, 0.13, 70.63, -4.88, 0.13, 70.63, -4.88, 0.13, 216.0, 24.0, 48228.0, 63.0, 809.0, -1841.0, 0.0, 3.0, 0.0, 0.0]
2025-08-29 11:22:06,801 - INFO - [70.63, -4.88, 0.06, 70.63, -4.88, 0.06, 70.63, -4.88, 0.06, 229.0, 23.0, 48228.0, 65.0, 809.0, -1810.0, 0.0, 3.0, 0.0, 0.0]
2025-08-29 11:22:06,801 - INFO - Going back
2025-08-29 11:22:06,857 - INFO - [70.56, -4.75, 0.0, 70.56, -4.75, 0.0, 70.56, -4.75, 0.0, 229.0, 23.0, 48228.0, 63.0, 809.0, -1776.0, 0.0, 3.0, 0.0, 0.0]
2025-08-29 11:22:06,885 - INFO - Camera stopped
2025-08-29 11:22:08,701 - INFO - Camera closed successfully.
