2025-08-29 14:21:35,695 - INFO - Camera configuration has been adjusted!
2025-08-29 14:21:35,697 - INFO - Configuration successful!
2025-08-29 14:21:37,224 - INFO - Camera started
2025-08-29 14:21:37,241 - INFO - [357.13, -3.5, -3.06, 357.13, -3.5, -3.06, 357.13, -3.5, -3.06, 105.0, 14.0, 48228.0, 72.0, 6412.0, -7253.0, 0.0, 3.0, 0.0, 1.0]
2025-08-29 14:21:37,907 - INFO - [357.13, -3.5, -3.06, 357.13, -3.5, -3.06, 357.13, -3.5, -3.06, 105.0, 14.0, 48228.0, 72.0, 6412.0, -7253.0, 0.0, 3.0, 0.0, 1.0]
2025-08-29 14:21:38,131 - INFO - [357.0, -3.5, -3.13, 357.0, -3.5, -3.13, 357.0, -3.5, -3.13, 103.0, 14.0, 48228.0, 67.0, 6412.0, -7342.0, 0.0, 3.0, 0.0, 1.0]
2025-08-29 14:21:38,232 - INFO - [355.81, -3.56, -2.94, 355.81, -3.56, -2.94, 355.81, -3.56, -2.94, 101.0, 15.0, 48228.0, 12.0, 6412.0, -7416.0, 0.0, 3.0, 0.0, 1.0]
2025-08-29 14:21:38,299 - INFO - [354.75, -3.5, -3.0, 354.75, -3.5, -3.0, 354.75, -3.5, -3.0, 99.0, 15.0, 48228.0, 11.0, 6412.0, -7461.0, 0.0, 3.0, 0.0, 1.0]
2025-08-29 14:21:38,367 - INFO - [353.56, -3.38, -3.0, 353.56, -3.38, -3.0, 353.56, -3.38, -3.0, 97.0, 217.0, 48228.0, 11.0, 6412.0, -7502.0, 0.0, 3.0, 0.0, 1.0]
2025-08-29 14:21:38,452 - INFO - [352.19, -3.19, -2.94, 352.19, -3.19, -2.94, 352.19, -3.19, -2.94, 96.0, 219.0, 48228.0, 11.0, 6412.0, -7555.0, 0.0, 3.0, 0.0, 1.0]
2025-08-29 14:21:38,520 - INFO - [351.13, -3.19, -3.06, 351.13, -3.19, -3.06, 351.13, -3.19, -3.06, 93.0, 219.0, 48228.0, 12.0, 6412.0, -7601.0, 0.0, 3.0, 0.0, 1.0]
2025-08-29 14:21:38,569 - INFO - [350.31, -3.19, -3.19, 350.31, -3.19, -3.19, 350.31, -3.19, -3.19, 93.0, 221.0, 48228.0, 64.0, 6412.0, -7633.0, 0.0, 3.0, 0.0, 1.0]
2025-08-29 14:21:38,634 - INFO - [349.06, -3.06, -3.19, 349.06, -3.06, -3.19, 349.06, -3.06, -3.19, 91.0, 224.0, 48228.0, 68.0, 6412.0, -7679.0, 0.0, 3.0, 0.0, 1.0]
2025-08-29 14:21:38,702 - INFO - [347.88, -3.06, -3.13, 347.88, -3.06, -3.13, 347.88, -3.06, -3.13, 91.0, 219.0, 48228.0, 68.0, 6412.0, -7726.0, 0.0, 3.0, 0.0, 1.0]
2025-08-29 14:21:38,770 - INFO - [346.56, -3.06, -3.19, 346.56, -3.06, -3.19, 346.56, -3.06, -3.19, 89.0, 223.0, 48228.0, 68.0, 6412.0, -7773.0, 0.0, 3.0, 0.0, 1.0]
2025-08-29 14:21:38,837 - INFO - [345.25, -2.94, -3.19, 345.25, -2.94, -3.19, 345.25, -2.94, -3.19, 88.0, 228.0, 48228.0, 68.0, 6412.0, -7819.0, 0.0, 3.0, 0.0, 1.0]
2025-08-29 14:21:38,903 - INFO - [344.13, -2.94, -3.19, 344.13, -2.94, -3.19, 344.13, -2.94, -3.19, 86.0, 229.0, 48228.0, 67.0, 6412.0, -7867.0, 0.0, 3.0, 0.0, 1.0]
2025-08-29 14:21:38,971 - INFO - [342.88, -2.94, -3.19, 342.88, -2.94, -3.19, 342.88, -2.94, -3.19, 89.0, 229.0, 48228.0, 66.0, 6412.0, -7914.0, 0.0, 3.0, 0.0, 1.0]
2025-08-29 14:21:39,037 - INFO - [341.75, -2.88, -3.31, 341.75, -2.88, -3.31, 341.75, -2.88, -3.31, 84.0, 232.0, 48228.0, 67.0, 6412.0, -7960.0, 0.0, 3.0, 0.0, 1.0]
2025-08-29 14:21:39,106 - INFO - [340.75, -2.81, -3.25, 340.75, -2.81, -3.25, 340.75, -2.81, -3.25, 84.0, 0.0, 48228.0, 65.0, 6412.0, -8007.0, 0.0, 3.0, 0.0, 1.0]
2025-08-29 14:21:39,107 - WARNING - Close to the right wall!
2025-08-29 14:21:39,171 - INFO - [339.44, -2.81, -3.19, 339.44, -2.81, -3.19, 339.44, -2.81, -3.19, 86.0, 148.0, 48228.0, 64.0, 6412.0, -8052.0, 0.0, 3.0, 0.0, 1.0]
2025-08-29 14:21:39,238 - INFO - [338.31, -2.75, -3.19, 338.31, -2.75, -3.19, 338.31, -2.75, -3.19, 81.0, 129.0, 48228.0, 64.0, 6412.0, -8090.0, 0.0, 3.0, 0.0, 1.0]
2025-08-29 14:21:40,278 - INFO - [337.69, -2.69, -3.13, 337.69, -2.69, -3.13, 337.69, -2.69, -3.13, 83.0, 129.0, 48228.0, 63.0, 6412.0, -8772.0, 0.0, 3.0, 0.0, 1.0]
2025-08-29 14:21:41,317 - INFO - []
2025-08-29 14:21:42,319 - INFO - []
2025-08-29 14:21:42,362 - INFO - Camera stopped
2025-08-29 14:21:42,564 - INFO - Camera closed successfully.
